2022-07-04 11:01:39,146 [trainer.py] => config: ./exps/icarl.json
2022-07-04 11:01:39,146 [trainer.py] => prefix: reproduce
2022-07-04 11:01:39,146 [trainer.py] => dataset: cifar100
2022-07-04 11:01:39,146 [trainer.py] => memory_size: 2000
2022-07-04 11:01:39,146 [trainer.py] => memory_per_class: 20
2022-07-04 11:01:39,146 [trainer.py] => fixed_memory: False
2022-07-04 11:01:39,146 [trainer.py] => shuffle: True
2022-07-04 11:01:39,146 [trainer.py] => init_cls: 10
2022-07-04 11:01:39,146 [trainer.py] => increment: 10
2022-07-04 11:01:39,146 [trainer.py] => model_name: icarl
2022-07-04 11:01:39,146 [trainer.py] => convnet_type: resnet32
2022-07-04 11:01:39,147 [trainer.py] => device: [device(type='cuda', index=0)]
2022-07-04 11:01:39,147 [trainer.py] => seed: 1993
2022-07-04 11:01:40,145 [data_manager.py] => [68, 56, 78, 8, 23, 84, 90, 65, 74, 76, 40, 89, 3, 92, 55, 9, 26, 80, 43, 38, 58, 70, 77, 1, 85, 19, 17, 50, 28, 53, 13, 81, 45, 82, 6, 59, 83, 16, 15, 44, 91, 41, 72, 60, 79, 52, 20, 10, 31, 54, 37, 95, 14, 71, 96, 98, 97, 2, 64, 66, 42, 22, 35, 86, 24, 34, 87, 21, 99, 0, 88, 27, 18, 94, 11, 12, 47, 25, 30, 46, 62, 69, 36, 61, 7, 63, 75, 5, 32, 4, 51, 48, 73, 93, 39, 67, 29, 49, 57, 33]
2022-07-04 11:01:40,333 [trainer.py] => All params: 464154
2022-07-04 11:01:40,333 [trainer.py] => Trainable params: 464154
2022-07-04 11:01:40,333 [icarl.py] => Learning on 0-10
2022-07-04 11:06:53,393 [icarl.py] => Task 0, Epoch 200/200 => Loss 0.026, Train_accy 99.78, Test_accy 88.80
2022-07-04 11:06:53,394 [base.py] => Reducing exemplars...(200 per classes)
2022-07-04 11:06:53,394 [base.py] => Constructing exemplars...(200 per classes)
2022-07-04 11:06:56,410 [icarl.py] => Exemplar size: 2000
2022-07-04 11:06:56,410 [trainer.py] => CNN: {'total': 88.8, '00-09': 88.8, 'old': 0, 'new': 88.8}
2022-07-04 11:06:56,410 [trainer.py] => NME: {'total': 89.2, '00-09': 89.2, 'old': 0, 'new': 89.2}
2022-07-04 11:06:56,410 [trainer.py] => CNN top1 curve: [88.8]
2022-07-04 11:06:56,410 [trainer.py] => CNN top5 curve: [99.6]
2022-07-04 11:06:56,410 [trainer.py] => NME top1 curve: [89.2]
2022-07-04 11:06:56,410 [trainer.py] => NME top5 curve: [99.6]

2022-07-04 11:06:56,410 [trainer.py] => All params: 464804
2022-07-04 11:06:56,410 [trainer.py] => Trainable params: 464804
2022-07-04 11:06:56,411 [icarl.py] => Learning on 10-20
2022-07-04 11:13:00,163 [icarl.py] => Task 1, Epoch 170/170 => Loss 1.016, Train_accy 99.83
2022-07-04 11:13:00,164 [base.py] => Reducing exemplars...(100 per classes)
2022-07-04 11:13:01,160 [base.py] => Constructing exemplars...(100 per classes)
2022-07-04 11:13:04,277 [icarl.py] => Exemplar size: 2000
2022-07-04 11:13:04,277 [trainer.py] => CNN: {'total': 76.6, '00-09': 76.6, '10-19': 76.6, 'old': 76.6, 'new': 76.6}
2022-07-04 11:13:04,278 [trainer.py] => NME: {'total': 77.0, '00-09': 80.3, '10-19': 73.7, 'old': 80.3, 'new': 73.7}
2022-07-04 11:13:04,278 [trainer.py] => CNN top1 curve: [88.8, 76.6]
2022-07-04 11:13:04,278 [trainer.py] => CNN top5 curve: [99.6, 96.3]
2022-07-04 11:13:04,278 [trainer.py] => NME top1 curve: [89.2, 77.0]
2022-07-04 11:13:04,278 [trainer.py] => NME top5 curve: [99.6, 95.95]

2022-07-04 11:13:04,278 [trainer.py] => All params: 465454
2022-07-04 11:13:04,278 [trainer.py] => Trainable params: 465454
2022-07-04 11:13:04,278 [icarl.py] => Learning on 20-30
2022-07-04 11:19:04,457 [icarl.py] => Task 2, Epoch 170/170 => Loss 1.186, Train_accy 99.96
2022-07-04 11:19:04,458 [base.py] => Reducing exemplars...(66 per classes)
2022-07-04 11:19:06,443 [base.py] => Constructing exemplars...(66 per classes)
2022-07-04 11:19:09,608 [icarl.py] => Exemplar size: 1980
2022-07-04 11:19:09,608 [trainer.py] => CNN: {'total': 71.43, '00-09': 70.2, '10-19': 57.0, '20-29': 87.1, 'old': 63.6, 'new': 87.1}
2022-07-04 11:19:09,608 [trainer.py] => NME: {'total': 73.57, '00-09': 76.4, '10-19': 63.9, '20-29': 80.4, 'old': 70.15, 'new': 80.4}
2022-07-04 11:19:09,608 [trainer.py] => CNN top1 curve: [88.8, 76.6, 71.43]
2022-07-04 11:19:09,608 [trainer.py] => CNN top5 curve: [99.6, 96.3, 93.83]
2022-07-04 11:19:09,608 [trainer.py] => NME top1 curve: [89.2, 77.0, 73.57]
2022-07-04 11:19:09,608 [trainer.py] => NME top5 curve: [99.6, 95.95, 93.97]

2022-07-04 11:19:09,608 [trainer.py] => All params: 466104
2022-07-04 11:19:09,608 [trainer.py] => Trainable params: 466104
2022-07-04 11:19:09,609 [icarl.py] => Learning on 30-40
2022-07-04 11:25:11,256 [icarl.py] => Task 3, Epoch 170/170 => Loss 1.489, Train_accy 99.93
2022-07-04 11:25:11,257 [base.py] => Reducing exemplars...(50 per classes)
2022-07-04 11:25:14,025 [base.py] => Constructing exemplars...(50 per classes)
2022-07-04 11:25:17,224 [icarl.py] => Exemplar size: 2000
2022-07-04 11:25:17,224 [trainer.py] => CNN: {'total': 62.85, '00-09': 59.9, '10-19': 45.1, '20-29': 63.3, '30-39': 83.1, 'old': 56.1, 'new': 83.1}
2022-07-04 11:25:17,224 [trainer.py] => NME: {'total': 67.3, '00-09': 69.6, '10-19': 56.1, '20-29': 71.2, '30-39': 72.3, 'old': 65.63, 'new': 72.3}
2022-07-04 11:25:17,224 [trainer.py] => CNN top1 curve: [88.8, 76.6, 71.43, 62.85]
2022-07-04 11:25:17,224 [trainer.py] => CNN top5 curve: [99.6, 96.3, 93.83, 90.9]
2022-07-04 11:25:17,224 [trainer.py] => NME top1 curve: [89.2, 77.0, 73.57, 67.3]
2022-07-04 11:25:17,224 [trainer.py] => NME top5 curve: [99.6, 95.95, 93.97, 91.72]

2022-07-04 11:25:17,224 [trainer.py] => All params: 466754
2022-07-04 11:25:17,225 [trainer.py] => Trainable params: 466754
2022-07-04 11:25:17,225 [icarl.py] => Learning on 40-50
2022-07-04 11:31:21,632 [icarl.py] => Task 4, Epoch 170/170 => Loss 1.568, Train_accy 99.90
2022-07-04 11:31:21,632 [base.py] => Reducing exemplars...(40 per classes)
2022-07-04 11:31:25,326 [base.py] => Constructing exemplars...(40 per classes)
2022-07-04 11:31:28,629 [icarl.py] => Exemplar size: 2000
2022-07-04 11:31:28,629 [trainer.py] => CNN: {'total': 59.54, '00-09': 53.6, '10-19': 39.5, '20-29': 55.3, '30-39': 59.9, '40-49': 89.4, 'old': 52.08, 'new': 89.4}
2022-07-04 11:31:28,629 [trainer.py] => NME: {'total': 64.68, '00-09': 66.1, '10-19': 49.2, '20-29': 65.3, '30-39': 64.4, '40-49': 78.4, 'old': 61.25, 'new': 78.4}
2022-07-04 11:31:28,629 [trainer.py] => CNN top1 curve: [88.8, 76.6, 71.43, 62.85, 59.54]
2022-07-04 11:31:28,629 [trainer.py] => CNN top5 curve: [99.6, 96.3, 93.83, 90.9, 88.06]
2022-07-04 11:31:28,629 [trainer.py] => NME top1 curve: [89.2, 77.0, 73.57, 67.3, 64.68]
2022-07-04 11:31:28,629 [trainer.py] => NME top5 curve: [99.6, 95.95, 93.97, 91.72, 89.28]

2022-07-04 11:31:28,629 [trainer.py] => All params: 467404
2022-07-04 11:31:28,629 [trainer.py] => Trainable params: 467404
2022-07-04 11:31:28,630 [icarl.py] => Learning on 50-60
2022-07-04 11:37:33,803 [icarl.py] => Task 5, Epoch 170/170 => Loss 1.761, Train_accy 99.93
2022-07-04 11:37:33,803 [base.py] => Reducing exemplars...(33 per classes)
2022-07-04 11:37:38,378 [base.py] => Constructing exemplars...(33 per classes)
2022-07-04 11:37:41,665 [icarl.py] => Exemplar size: 1980
2022-07-04 11:37:41,666 [trainer.py] => CNN: {'total': 54.33, '00-09': 47.6, '10-19': 34.3, '20-29': 49.3, '30-39': 48.0, '40-49': 64.6, '50-59': 82.2, 'old': 48.76, 'new': 82.2}
2022-07-04 11:37:41,666 [trainer.py] => NME: {'total': 60.65, '00-09': 59.1, '10-19': 45.1, '20-29': 61.8, '30-39': 57.5, '40-49': 69.7, '50-59': 70.7, 'old': 58.64, 'new': 70.7}
2022-07-04 11:37:41,666 [trainer.py] => CNN top1 curve: [88.8, 76.6, 71.43, 62.85, 59.54, 54.33]
2022-07-04 11:37:41,666 [trainer.py] => CNN top5 curve: [99.6, 96.3, 93.83, 90.9, 88.06, 83.73]
2022-07-04 11:37:41,666 [trainer.py] => NME top1 curve: [89.2, 77.0, 73.57, 67.3, 64.68, 60.65]
2022-07-04 11:37:41,666 [trainer.py] => NME top5 curve: [99.6, 95.95, 93.97, 91.72, 89.28, 86.55]

2022-07-04 11:37:41,666 [trainer.py] => All params: 468054
2022-07-04 11:37:41,666 [trainer.py] => Trainable params: 468054
2022-07-04 11:37:41,666 [icarl.py] => Learning on 60-70
2022-07-04 11:43:48,096 [icarl.py] => Task 6, Epoch 170/170 => Loss 1.745, Train_accy 99.94
2022-07-04 11:43:48,096 [base.py] => Reducing exemplars...(28 per classes)
2022-07-04 11:43:53,710 [base.py] => Constructing exemplars...(28 per classes)
2022-07-04 11:43:57,174 [icarl.py] => Exemplar size: 1960
2022-07-04 11:43:57,174 [trainer.py] => CNN: {'total': 51.73, '00-09': 46.6, '10-19': 29.2, '20-29': 47.1, '30-39': 41.6, '40-49': 55.1, '50-59': 54.7, '60-69': 87.8, 'old': 45.72, 'new': 87.8}
2022-07-04 11:43:57,174 [trainer.py] => NME: {'total': 58.24, '00-09': 56.1, '10-19': 41.4, '20-29': 59.9, '30-39': 50.9, '40-49': 63.7, '50-59': 59.3, '60-69': 76.4, 'old': 55.22, 'new': 76.4}
2022-07-04 11:43:57,174 [trainer.py] => CNN top1 curve: [88.8, 76.6, 71.43, 62.85, 59.54, 54.33, 51.73]
2022-07-04 11:43:57,174 [trainer.py] => CNN top5 curve: [99.6, 96.3, 93.83, 90.9, 88.06, 83.73, 80.79]
2022-07-04 11:43:57,174 [trainer.py] => NME top1 curve: [89.2, 77.0, 73.57, 67.3, 64.68, 60.65, 58.24]
2022-07-04 11:43:57,174 [trainer.py] => NME top5 curve: [99.6, 95.95, 93.97, 91.72, 89.28, 86.55, 84.4]

2022-07-04 11:43:57,174 [trainer.py] => All params: 468704
2022-07-04 11:43:57,174 [trainer.py] => Trainable params: 468704
2022-07-04 11:43:57,175 [icarl.py] => Learning on 70-80
2022-07-04 11:50:04,646 [icarl.py] => Task 7, Epoch 170/170 => Loss 1.686, Train_accy 99.91
2022-07-04 11:50:04,646 [base.py] => Reducing exemplars...(25 per classes)
2022-07-04 11:50:11,113 [base.py] => Constructing exemplars...(25 per classes)
2022-07-04 11:50:14,651 [icarl.py] => Exemplar size: 2000
2022-07-04 11:50:14,652 [trainer.py] => CNN: {'total': 47.08, '00-09': 40.4, '10-19': 30.7, '20-29': 46.2, '30-39': 35.0, '40-49': 43.9, '50-59': 35.9, '60-69': 60.7, '70-79': 83.8, 'old': 41.83, 'new': 83.8}
2022-07-04 11:50:14,652 [trainer.py] => NME: {'total': 53.91, '00-09': 53.4, '10-19': 40.5, '20-29': 56.3, '30-39': 45.4, '40-49': 54.5, '50-59': 46.0, '60-69': 62.9, '70-79': 72.3, 'old': 51.29, 'new': 72.3}
2022-07-04 11:50:14,652 [trainer.py] => CNN top1 curve: [88.8, 76.6, 71.43, 62.85, 59.54, 54.33, 51.73, 47.08]
2022-07-04 11:50:14,652 [trainer.py] => CNN top5 curve: [99.6, 96.3, 93.83, 90.9, 88.06, 83.73, 80.79, 77.64]
2022-07-04 11:50:14,652 [trainer.py] => NME top1 curve: [89.2, 77.0, 73.57, 67.3, 64.68, 60.65, 58.24, 53.91]
2022-07-04 11:50:14,652 [trainer.py] => NME top5 curve: [99.6, 95.95, 93.97, 91.72, 89.28, 86.55, 84.4, 82.06]

2022-07-04 11:50:14,652 [trainer.py] => All params: 469354
2022-07-04 11:50:14,652 [trainer.py] => Trainable params: 469354
2022-07-04 11:50:14,653 [icarl.py] => Learning on 80-90
2022-07-04 11:56:24,767 [icarl.py] => Task 8, Epoch 170/170 => Loss 1.963, Train_accy 99.90
2022-07-04 11:56:24,767 [base.py] => Reducing exemplars...(22 per classes)
2022-07-04 11:56:32,224 [base.py] => Constructing exemplars...(22 per classes)
2022-07-04 11:56:35,833 [icarl.py] => Exemplar size: 1980
2022-07-04 11:56:35,833 [trainer.py] => CNN: {'total': 43.47, '00-09': 38.1, '10-19': 25.7, '20-29': 37.7, '30-39': 31.2, '40-49': 42.5, '50-59': 31.0, '60-69': 42.3, '70-79': 55.8, '80-89': 86.9, 'old': 38.04, 'new': 86.9}
2022-07-04 11:56:35,833 [trainer.py] => NME: {'total': 51.28, '00-09': 49.3, '10-19': 34.4, '20-29': 51.5, '30-39': 42.1, '40-49': 52.4, '50-59': 43.7, '60-69': 57.3, '70-79': 62.1, '80-89': 68.7, 'old': 49.1, 'new': 68.7}
2022-07-04 11:56:35,833 [trainer.py] => CNN top1 curve: [88.8, 76.6, 71.43, 62.85, 59.54, 54.33, 51.73, 47.08, 43.47]
2022-07-04 11:56:35,833 [trainer.py] => CNN top5 curve: [99.6, 96.3, 93.83, 90.9, 88.06, 83.73, 80.79, 77.64, 74.5]
2022-07-04 11:56:35,833 [trainer.py] => NME top1 curve: [89.2, 77.0, 73.57, 67.3, 64.68, 60.65, 58.24, 53.91, 51.28]
2022-07-04 11:56:35,833 [trainer.py] => NME top5 curve: [99.6, 95.95, 93.97, 91.72, 89.28, 86.55, 84.4, 82.06, 79.16]

2022-07-04 11:56:35,833 [trainer.py] => All params: 470004
2022-07-04 11:56:35,833 [trainer.py] => Trainable params: 470004
2022-07-04 11:56:35,834 [icarl.py] => Learning on 90-100
2022-07-04 12:02:47,468 [icarl.py] => Task 9, Epoch 170/170 => Loss 2.090, Train_accy 99.93
2022-07-04 12:02:47,469 [base.py] => Reducing exemplars...(20 per classes)
2022-07-04 12:02:55,818 [base.py] => Constructing exemplars...(20 per classes)
2022-07-04 12:02:59,579 [icarl.py] => Exemplar size: 2000
2022-07-04 12:02:59,579 [trainer.py] => CNN: {'total': 42.23, '00-09': 33.7, '10-19': 25.2, '20-29': 35.7, '30-39': 31.1, '40-49': 40.3, '50-59': 29.7, '60-69': 41.6, '70-79': 42.5, '80-89': 59.9, '90-99': 82.6, 'old': 37.74, 'new': 82.6}
2022-07-04 12:02:59,579 [trainer.py] => NME: {'total': 49.56, '00-09': 45.8, '10-19': 34.5, '20-29': 49.6, '30-39': 41.5, '40-49': 49.8, '50-59': 41.7, '60-69': 53.9, '70-79': 55.2, '80-89': 58.9, '90-99': 64.7, 'old': 47.88, 'new': 64.7}
2022-07-04 12:02:59,579 [trainer.py] => CNN top1 curve: [88.8, 76.6, 71.43, 62.85, 59.54, 54.33, 51.73, 47.08, 43.47, 42.23]
2022-07-04 12:02:59,579 [trainer.py] => CNN top5 curve: [99.6, 96.3, 93.83, 90.9, 88.06, 83.73, 80.79, 77.64, 74.5, 72.34]
2022-07-04 12:02:59,579 [trainer.py] => NME top1 curve: [89.2, 77.0, 73.57, 67.3, 64.68, 60.65, 58.24, 53.91, 51.28, 49.56]
2022-07-04 12:02:59,579 [trainer.py] => NME top5 curve: [99.6, 95.95, 93.97, 91.72, 89.28, 86.55, 84.4, 82.06, 79.16, 77.48]

2022-08-13 22:13:00,779 [trainer.py] => config: ./exps/icarl.json
2022-08-13 22:13:00,779 [trainer.py] => lr: 0.03
2022-08-13 22:13:00,779 [trainer.py] => warmup: 0
2022-08-13 22:13:00,779 [trainer.py] => wdecay: 0.0005
2022-08-13 22:13:00,779 [trainer.py] => nesterov: True
2022-08-13 22:13:00,779 [trainer.py] => ema_decay: 0.999
2022-08-13 22:13:00,779 [trainer.py] => gpu_id: 0
2022-08-13 22:13:00,779 [trainer.py] => prefix: reproduce
2022-08-13 22:13:00,779 [trainer.py] => dataset: cifar100
2022-08-13 22:13:00,779 [trainer.py] => memory_size: 2000
2022-08-13 22:13:00,779 [trainer.py] => memory_per_class: 20
2022-08-13 22:13:00,779 [trainer.py] => fixed_memory: False
2022-08-13 22:13:00,779 [trainer.py] => shuffle: True
2022-08-13 22:13:00,779 [trainer.py] => init_cls: 10
2022-08-13 22:13:00,779 [trainer.py] => increment: 10
2022-08-13 22:13:00,779 [trainer.py] => model_name: icarl
2022-08-13 22:13:00,779 [trainer.py] => convnet_type: resnet32
2022-08-13 22:13:00,779 [trainer.py] => device: [device(type='cuda', index=0)]
2022-08-13 22:13:00,779 [trainer.py] => seed: 1993
2022-08-13 22:13:01,879 [data_manager.py] => [68, 56, 78, 8, 23, 84, 90, 65, 74, 76, 40, 89, 3, 92, 55, 9, 26, 80, 43, 38, 58, 70, 77, 1, 85, 19, 17, 50, 28, 53, 13, 81, 45, 82, 6, 59, 83, 16, 15, 44, 91, 41, 72, 60, 79, 52, 20, 10, 31, 54, 37, 95, 14, 71, 96, 98, 97, 2, 64, 66, 42, 22, 35, 86, 24, 34, 87, 21, 99, 0, 88, 27, 18, 94, 11, 12, 47, 25, 30, 46, 62, 69, 36, 61, 7, 63, 75, 5, 32, 4, 51, 48, 73, 93, 39, 67, 29, 49, 57, 33]
2022-08-13 22:13:02,051 [wideresnet.py] => Model: WideResNet 28x2
2022-08-13 22:13:02,086 [trainer.py] => All params: 1466320
2022-08-13 22:13:02,086 [trainer.py] => Trainable params: 1466320
2022-08-13 22:13:02,086 [icarl.py] => Learning on 0-10
2022-08-13 22:13:29,936 [trainer.py] => config: ./exps/icarl.json
2022-08-13 22:13:29,937 [trainer.py] => lr: 0.03
2022-08-13 22:13:29,937 [trainer.py] => warmup: 0
2022-08-13 22:13:29,937 [trainer.py] => wdecay: 0.0005
2022-08-13 22:13:29,937 [trainer.py] => nesterov: True
2022-08-13 22:13:29,937 [trainer.py] => ema_decay: 0.999
2022-08-13 22:13:29,937 [trainer.py] => gpu_id: 0
2022-08-13 22:13:29,937 [trainer.py] => prefix: reproduce
2022-08-13 22:13:29,937 [trainer.py] => dataset: cifar100
2022-08-13 22:13:29,937 [trainer.py] => memory_size: 2000
2022-08-13 22:13:29,937 [trainer.py] => memory_per_class: 20
2022-08-13 22:13:29,937 [trainer.py] => fixed_memory: False
2022-08-13 22:13:29,937 [trainer.py] => shuffle: True
2022-08-13 22:13:29,937 [trainer.py] => init_cls: 10
2022-08-13 22:13:29,937 [trainer.py] => increment: 10
2022-08-13 22:13:29,937 [trainer.py] => model_name: icarl
2022-08-13 22:13:29,937 [trainer.py] => convnet_type: resnet32
2022-08-13 22:13:29,937 [trainer.py] => device: [device(type='cuda', index=0)]
2022-08-13 22:13:29,937 [trainer.py] => seed: 1993
2022-08-13 22:13:30,994 [data_manager.py] => [68, 56, 78, 8, 23, 84, 90, 65, 74, 76, 40, 89, 3, 92, 55, 9, 26, 80, 43, 38, 58, 70, 77, 1, 85, 19, 17, 50, 28, 53, 13, 81, 45, 82, 6, 59, 83, 16, 15, 44, 91, 41, 72, 60, 79, 52, 20, 10, 31, 54, 37, 95, 14, 71, 96, 98, 97, 2, 64, 66, 42, 22, 35, 86, 24, 34, 87, 21, 99, 0, 88, 27, 18, 94, 11, 12, 47, 25, 30, 46, 62, 69, 36, 61, 7, 63, 75, 5, 32, 4, 51, 48, 73, 93, 39, 67, 29, 49, 57, 33]
2022-08-13 22:13:31,166 [wideresnet.py] => Model: WideResNet 28x2
2022-08-13 22:13:31,855 [trainer.py] => All params: 1466320
2022-08-13 22:13:31,855 [trainer.py] => Trainable params: 1466320
2022-08-13 22:13:31,855 [icarl.py] => Learning on 0-10
2022-08-13 23:06:05,006 [trainer.py] => config: ./exps/icarl.json
2022-08-13 23:06:05,006 [trainer.py] => lr: 0.03
2022-08-13 23:06:05,006 [trainer.py] => warmup: 0
2022-08-13 23:06:05,006 [trainer.py] => wdecay: 0.0005
2022-08-13 23:06:05,006 [trainer.py] => nesterov: True
2022-08-13 23:06:05,006 [trainer.py] => ema_decay: 0.999
2022-08-13 23:06:05,006 [trainer.py] => gpu_id: 0
2022-08-13 23:06:05,006 [trainer.py] => prefix: reproduce
2022-08-13 23:06:05,006 [trainer.py] => dataset: cifar100
2022-08-13 23:06:05,006 [trainer.py] => memory_size: 2000
2022-08-13 23:06:05,006 [trainer.py] => memory_per_class: 20
2022-08-13 23:06:05,006 [trainer.py] => fixed_memory: False
2022-08-13 23:06:05,006 [trainer.py] => shuffle: True
2022-08-13 23:06:05,006 [trainer.py] => init_cls: 10
2022-08-13 23:06:05,006 [trainer.py] => increment: 10
2022-08-13 23:06:05,006 [trainer.py] => model_name: icarl
2022-08-13 23:06:05,006 [trainer.py] => convnet_type: resnet32
2022-08-13 23:06:05,006 [trainer.py] => device: [device(type='cuda', index=0)]
2022-08-13 23:06:05,006 [trainer.py] => seed: 1993
2022-08-13 23:06:06,053 [data_manager.py] => [68, 56, 78, 8, 23, 84, 90, 65, 74, 76, 40, 89, 3, 92, 55, 9, 26, 80, 43, 38, 58, 70, 77, 1, 85, 19, 17, 50, 28, 53, 13, 81, 45, 82, 6, 59, 83, 16, 15, 44, 91, 41, 72, 60, 79, 52, 20, 10, 31, 54, 37, 95, 14, 71, 96, 98, 97, 2, 64, 66, 42, 22, 35, 86, 24, 34, 87, 21, 99, 0, 88, 27, 18, 94, 11, 12, 47, 25, 30, 46, 62, 69, 36, 61, 7, 63, 75, 5, 32, 4, 51, 48, 73, 93, 39, 67, 29, 49, 57, 33]
2022-08-13 23:06:06,222 [wideresnet.py] => Model: WideResNet 28x2
2022-08-13 23:06:06,939 [trainer.py] => All params: 1466320
2022-08-13 23:06:06,939 [trainer.py] => Trainable params: 1466320
2022-08-13 23:06:06,939 [icarl.py] => Learning on 0-10
2022-08-13 23:06:27,490 [trainer.py] => config: ./exps/icarl.json
2022-08-13 23:06:27,490 [trainer.py] => lr: 0.03
2022-08-13 23:06:27,490 [trainer.py] => warmup: 0
2022-08-13 23:06:27,490 [trainer.py] => wdecay: 0.0005
2022-08-13 23:06:27,490 [trainer.py] => nesterov: True
2022-08-13 23:06:27,490 [trainer.py] => ema_decay: 0.999
2022-08-13 23:06:27,490 [trainer.py] => gpu_id: 0
2022-08-13 23:06:27,490 [trainer.py] => prefix: reproduce
2022-08-13 23:06:27,490 [trainer.py] => dataset: cifar100
2022-08-13 23:06:27,490 [trainer.py] => memory_size: 2000
2022-08-13 23:06:27,490 [trainer.py] => memory_per_class: 20
2022-08-13 23:06:27,490 [trainer.py] => fixed_memory: False
2022-08-13 23:06:27,490 [trainer.py] => shuffle: True
2022-08-13 23:06:27,490 [trainer.py] => init_cls: 10
2022-08-13 23:06:27,490 [trainer.py] => increment: 10
2022-08-13 23:06:27,490 [trainer.py] => model_name: icarl
2022-08-13 23:06:27,490 [trainer.py] => convnet_type: resnet32
2022-08-13 23:06:27,490 [trainer.py] => device: [device(type='cuda', index=0)]
2022-08-13 23:06:27,490 [trainer.py] => seed: 1993
2022-08-13 23:06:28,550 [data_manager.py] => [68, 56, 78, 8, 23, 84, 90, 65, 74, 76, 40, 89, 3, 92, 55, 9, 26, 80, 43, 38, 58, 70, 77, 1, 85, 19, 17, 50, 28, 53, 13, 81, 45, 82, 6, 59, 83, 16, 15, 44, 91, 41, 72, 60, 79, 52, 20, 10, 31, 54, 37, 95, 14, 71, 96, 98, 97, 2, 64, 66, 42, 22, 35, 86, 24, 34, 87, 21, 99, 0, 88, 27, 18, 94, 11, 12, 47, 25, 30, 46, 62, 69, 36, 61, 7, 63, 75, 5, 32, 4, 51, 48, 73, 93, 39, 67, 29, 49, 57, 33]
2022-08-13 23:06:28,720 [wideresnet.py] => Model: WideResNet 28x2
2022-08-13 23:06:29,443 [trainer.py] => All params: 1466320
2022-08-13 23:06:29,443 [trainer.py] => Trainable params: 1466320
2022-08-13 23:06:29,443 [icarl.py] => Learning on 0-10
2022-08-14 00:28:59,911 [base.py] => Reducing exemplars...(200 per classes)
2022-08-14 00:28:59,911 [base.py] => Constructing exemplars...(200 per classes)
2022-08-14 00:29:04,342 [icarl.py] => Exemplar size: 2000
2022-08-14 00:29:04,342 [trainer.py] => CNN: {'total': 90.2, '00-09': 90.2, 'old': 0, 'new': 90.2}
2022-08-14 00:29:04,342 [trainer.py] => NME: {'total': 91.1, '00-09': 91.1, 'old': 0, 'new': 91.1}
2022-08-14 00:29:04,342 [trainer.py] => CNN top1 curve: [90.2]
2022-08-14 00:29:04,342 [trainer.py] => CNN top5 curve: [100.0]
2022-08-14 00:29:04,342 [trainer.py] => NME top1 curve: [91.1]
2022-08-14 00:29:04,342 [trainer.py] => NME top5 curve: [99.8]

2022-08-14 00:29:04,342 [trainer.py] => All params: 1467610
2022-08-14 00:29:04,342 [trainer.py] => Trainable params: 1467610
2022-08-14 00:29:04,343 [icarl.py] => Learning on 10-20
2022-08-14 02:33:43,387 [base.py] => Reducing exemplars...(100 per classes)
2022-08-14 02:33:44,840 [base.py] => Constructing exemplars...(100 per classes)
2022-08-14 02:33:49,267 [icarl.py] => Exemplar size: 2000
2022-08-14 02:33:49,267 [trainer.py] => CNN: {'total': 38.7, '00-09': 0.1, '10-19': 77.3, 'old': 0.1, 'new': 77.3}
2022-08-14 02:33:49,267 [trainer.py] => NME: {'total': 64.5, '00-09': 79.8, '10-19': 49.2, 'old': 79.8, 'new': 49.2}
2022-08-14 02:33:49,267 [trainer.py] => CNN top1 curve: [90.2, 38.7]
2022-08-14 02:33:49,267 [trainer.py] => CNN top5 curve: [100.0, 70.8]
2022-08-14 02:33:49,267 [trainer.py] => NME top1 curve: [91.1, 64.5]
2022-08-14 02:33:49,267 [trainer.py] => NME top5 curve: [99.8, 94.3]

2022-08-14 02:33:49,267 [trainer.py] => All params: 1468900
2022-08-14 02:33:49,268 [trainer.py] => Trainable params: 1468900
2022-08-14 02:33:49,268 [icarl.py] => Learning on 20-30
2022-08-14 04:39:06,775 [base.py] => Reducing exemplars...(66 per classes)
2022-08-14 04:39:09,628 [base.py] => Constructing exemplars...(66 per classes)
2022-08-14 04:39:14,155 [icarl.py] => Exemplar size: 1980
2022-08-14 04:39:14,155 [trainer.py] => CNN: {'total': 31.13, '00-09': 0.0, '10-19': 3.0, '20-29': 90.4, 'old': 1.5, 'new': 90.4}
2022-08-14 04:39:14,155 [trainer.py] => NME: {'total': 53.2, '00-09': 56.8, '10-19': 46.1, '20-29': 56.7, 'old': 51.45, 'new': 56.7}
2022-08-14 04:39:14,155 [trainer.py] => CNN top1 curve: [90.2, 38.7, 31.13]
2022-08-14 04:39:14,155 [trainer.py] => CNN top5 curve: [100.0, 70.8, 42.7]
2022-08-14 04:39:14,155 [trainer.py] => NME top1 curve: [91.1, 64.5, 53.2]
2022-08-14 04:39:14,155 [trainer.py] => NME top5 curve: [99.8, 94.3, 86.63]

2022-08-14 04:39:14,155 [trainer.py] => All params: 1470190
2022-08-14 04:39:14,155 [trainer.py] => Trainable params: 1470190
2022-08-14 04:39:14,156 [icarl.py] => Learning on 30-40
2022-08-14 06:44:31,430 [base.py] => Reducing exemplars...(50 per classes)
2022-08-14 06:44:35,516 [base.py] => Constructing exemplars...(50 per classes)
2022-08-14 06:44:40,167 [icarl.py] => Exemplar size: 2000
2022-08-14 06:44:40,168 [trainer.py] => CNN: {'total': 21.3, '00-09': 0.0, '10-19': 0.0, '20-29': 1.4, '30-39': 83.8, 'old': 0.47, 'new': 83.8}
2022-08-14 06:44:40,168 [trainer.py] => NME: {'total': 40.05, '00-09': 45.4, '10-19': 25.5, '20-29': 50.3, '30-39': 39.0, 'old': 40.4, 'new': 39.0}
2022-08-14 06:44:40,168 [trainer.py] => CNN top1 curve: [90.2, 38.7, 31.13, 21.3]
2022-08-14 06:44:40,168 [trainer.py] => CNN top5 curve: [100.0, 70.8, 42.7, 31.75]
2022-08-14 06:44:40,168 [trainer.py] => NME top1 curve: [91.1, 64.5, 53.2, 40.05]
2022-08-14 06:44:40,168 [trainer.py] => NME top5 curve: [99.8, 94.3, 86.63, 76.05]

2022-08-14 06:44:40,168 [trainer.py] => All params: 1471480
2022-08-14 06:44:40,168 [trainer.py] => Trainable params: 1471480
2022-08-14 06:44:40,168 [icarl.py] => Learning on 40-50
2022-08-14 08:46:53,662 [base.py] => Reducing exemplars...(40 per classes)
2022-08-14 08:46:59,089 [base.py] => Constructing exemplars...(40 per classes)
2022-08-14 08:47:03,884 [icarl.py] => Exemplar size: 2000
2022-08-14 08:47:03,884 [trainer.py] => CNN: {'total': 17.72, '00-09': 0.0, '10-19': 0.0, '20-29': 0.0, '30-39': 1.3, '40-49': 87.3, 'old': 0.32, 'new': 87.3}
2022-08-14 08:47:03,884 [trainer.py] => NME: {'total': 32.86, '00-09': 29.3, '10-19': 19.5, '20-29': 30.1, '30-39': 35.8, '40-49': 49.6, 'old': 28.68, 'new': 49.6}
2022-08-14 08:47:03,884 [trainer.py] => CNN top1 curve: [90.2, 38.7, 31.13, 21.3, 17.72]
2022-08-14 08:47:03,884 [trainer.py] => CNN top5 curve: [100.0, 70.8, 42.7, 31.75, 24.22]
2022-08-14 08:47:03,884 [trainer.py] => NME top1 curve: [91.1, 64.5, 53.2, 40.05, 32.86]
2022-08-14 08:47:03,884 [trainer.py] => NME top5 curve: [99.8, 94.3, 86.63, 76.05, 69.42]

2022-08-14 08:47:03,884 [trainer.py] => All params: 1472770
2022-08-14 08:47:03,884 [trainer.py] => Trainable params: 1472770
2022-08-14 08:47:03,884 [icarl.py] => Learning on 50-60
2022-08-14 10:47:11,033 [base.py] => Reducing exemplars...(33 per classes)
2022-08-14 10:47:17,647 [base.py] => Constructing exemplars...(33 per classes)
2022-08-14 10:47:22,595 [icarl.py] => Exemplar size: 1980
2022-08-14 10:47:22,596 [trainer.py] => CNN: {'total': 13.02, '00-09': 0.0, '10-19': 0.0, '20-29': 0.0, '30-39': 0.0, '40-49': 0.0, '50-59': 78.1, 'old': 0.0, 'new': 78.1}
2022-08-14 10:47:22,596 [trainer.py] => NME: {'total': 23.68, '00-09': 14.3, '10-19': 10.8, '20-29': 18.5, '30-39': 15.2, '40-49': 26.2, '50-59': 57.1, 'old': 17.0, 'new': 57.1}
2022-08-14 10:47:22,596 [trainer.py] => CNN top1 curve: [90.2, 38.7, 31.13, 21.3, 17.72, 13.02]
2022-08-14 10:47:22,596 [trainer.py] => CNN top5 curve: [100.0, 70.8, 42.7, 31.75, 24.22, 16.93]
2022-08-14 10:47:22,596 [trainer.py] => NME top1 curve: [91.1, 64.5, 53.2, 40.05, 32.86, 23.68]
2022-08-14 10:47:22,596 [trainer.py] => NME top5 curve: [99.8, 94.3, 86.63, 76.05, 69.42, 53.83]

2022-08-14 10:47:22,596 [trainer.py] => All params: 1474060
2022-08-14 10:47:22,596 [trainer.py] => Trainable params: 1474060
2022-08-14 10:47:22,596 [icarl.py] => Learning on 60-70
2022-08-14 12:47:43,151 [base.py] => Reducing exemplars...(28 per classes)
2022-08-14 12:47:51,081 [base.py] => Constructing exemplars...(28 per classes)
2022-08-14 12:47:56,246 [icarl.py] => Exemplar size: 1960
2022-08-14 12:47:56,246 [trainer.py] => CNN: {'total': 12.09, '00-09': 0.0, '10-19': 0.0, '20-29': 0.0, '30-39': 0.0, '40-49': 0.0, '50-59': 0.2, '60-69': 84.4, 'old': 0.03, 'new': 84.4}
2022-08-14 12:47:56,246 [trainer.py] => NME: {'total': 23.06, '00-09': 16.3, '10-19': 10.4, '20-29': 12.3, '30-39': 14.2, '40-49': 21.5, '50-59': 36.4, '60-69': 50.3, 'old': 18.52, 'new': 50.3}
2022-08-14 12:47:56,246 [trainer.py] => CNN top1 curve: [90.2, 38.7, 31.13, 21.3, 17.72, 13.02, 12.09]
2022-08-14 12:47:56,246 [trainer.py] => CNN top5 curve: [100.0, 70.8, 42.7, 31.75, 24.22, 16.93, 14.81]
2022-08-14 12:47:56,246 [trainer.py] => NME top1 curve: [91.1, 64.5, 53.2, 40.05, 32.86, 23.68, 23.06]
2022-08-14 12:47:56,246 [trainer.py] => NME top5 curve: [99.8, 94.3, 86.63, 76.05, 69.42, 53.83, 50.41]

2022-08-14 12:47:56,247 [trainer.py] => All params: 1475350
2022-08-14 12:47:56,247 [trainer.py] => Trainable params: 1475350
2022-08-14 12:47:56,247 [icarl.py] => Learning on 70-80
2022-08-14 14:48:40,586 [base.py] => Reducing exemplars...(25 per classes)
2022-08-14 14:48:49,834 [base.py] => Constructing exemplars...(25 per classes)
2022-08-14 14:48:55,180 [icarl.py] => Exemplar size: 2000
2022-08-14 14:48:55,180 [trainer.py] => CNN: {'total': 10.09, '00-09': 0.0, '10-19': 0.0, '20-29': 0.0, '30-39': 0.0, '40-49': 0.0, '50-59': 0.0, '60-69': 0.9, '70-79': 79.8, 'old': 0.13, 'new': 79.8}
2022-08-14 14:48:55,180 [trainer.py] => NME: {'total': 22.78, '00-09': 17.4, '10-19': 12.9, '20-29': 20.1, '30-39': 14.8, '40-49': 24.5, '50-59': 18.7, '60-69': 34.2, '70-79': 39.6, 'old': 20.37, 'new': 39.6}
2022-08-14 14:48:55,180 [trainer.py] => CNN top1 curve: [90.2, 38.7, 31.13, 21.3, 17.72, 13.02, 12.09, 10.09]
2022-08-14 14:48:55,180 [trainer.py] => CNN top5 curve: [100.0, 70.8, 42.7, 31.75, 24.22, 16.93, 14.81, 14.8]
2022-08-14 14:48:55,180 [trainer.py] => NME top1 curve: [91.1, 64.5, 53.2, 40.05, 32.86, 23.68, 23.06, 22.78]
2022-08-14 14:48:55,180 [trainer.py] => NME top5 curve: [99.8, 94.3, 86.63, 76.05, 69.42, 53.83, 50.41, 53.14]

2022-08-14 14:48:55,181 [trainer.py] => All params: 1476640
2022-08-14 14:48:55,181 [trainer.py] => Trainable params: 1476640
2022-08-14 14:48:55,181 [icarl.py] => Learning on 80-90
2022-08-14 16:49:33,535 [base.py] => Reducing exemplars...(22 per classes)
2022-08-14 16:49:44,070 [base.py] => Constructing exemplars...(22 per classes)
2022-08-14 16:49:49,701 [icarl.py] => Exemplar size: 1980
2022-08-14 16:49:49,702 [trainer.py] => CNN: {'total': 9.46, '00-09': 0.0, '10-19': 0.0, '20-29': 0.0, '30-39': 0.0, '40-49': 0.0, '50-59': 0.0, '60-69': 0.0, '70-79': 0.8, '80-89': 84.3, 'old': 0.1, 'new': 84.3}
2022-08-14 16:49:49,702 [trainer.py] => NME: {'total': 18.99, '00-09': 15.6, '10-19': 9.5, '20-29': 14.5, '30-39': 10.7, '40-49': 21.5, '50-59': 13.6, '60-69': 20.2, '70-79': 28.4, '80-89': 36.9, 'old': 16.75, 'new': 36.9}
2022-08-14 16:49:49,702 [trainer.py] => CNN top1 curve: [90.2, 38.7, 31.13, 21.3, 17.72, 13.02, 12.09, 10.09, 9.46]
2022-08-14 16:49:49,702 [trainer.py] => CNN top5 curve: [100.0, 70.8, 42.7, 31.75, 24.22, 16.93, 14.81, 14.8, 12.43]
2022-08-14 16:49:49,702 [trainer.py] => NME top1 curve: [91.1, 64.5, 53.2, 40.05, 32.86, 23.68, 23.06, 22.78, 18.99]
2022-08-14 16:49:49,702 [trainer.py] => NME top5 curve: [99.8, 94.3, 86.63, 76.05, 69.42, 53.83, 50.41, 53.14, 44.56]

2022-08-14 16:49:49,702 [trainer.py] => All params: 1477930
2022-08-14 16:49:49,702 [trainer.py] => Trainable params: 1477930
2022-08-14 16:49:49,702 [icarl.py] => Learning on 90-100
2022-08-14 18:50:04,591 [base.py] => Reducing exemplars...(20 per classes)
2022-08-14 18:50:16,446 [base.py] => Constructing exemplars...(20 per classes)
2022-08-14 18:50:22,224 [icarl.py] => Exemplar size: 2000
2022-08-14 18:50:22,224 [trainer.py] => CNN: {'total': 8.06, '00-09': 0.0, '10-19': 0.0, '20-29': 0.0, '30-39': 0.0, '40-49': 0.0, '50-59': 0.0, '60-69': 0.0, '70-79': 0.0, '80-89': 3.3, '90-99': 77.3, 'old': 0.37, 'new': 77.3}
2022-08-14 18:50:22,224 [trainer.py] => NME: {'total': 18.04, '00-09': 11.0, '10-19': 6.8, '20-29': 18.7, '30-39': 11.2, '40-49': 22.9, '50-59': 13.8, '60-69': 19.4, '70-79': 19.5, '80-89': 22.6, '90-99': 34.5, 'old': 16.21, 'new': 34.5}
2022-08-14 18:50:22,224 [trainer.py] => CNN top1 curve: [90.2, 38.7, 31.13, 21.3, 17.72, 13.02, 12.09, 10.09, 9.46, 8.06]
2022-08-14 18:50:22,224 [trainer.py] => CNN top5 curve: [100.0, 70.8, 42.7, 31.75, 24.22, 16.93, 14.81, 14.8, 12.43, 11.24]
2022-08-14 18:50:22,224 [trainer.py] => NME top1 curve: [91.1, 64.5, 53.2, 40.05, 32.86, 23.68, 23.06, 22.78, 18.99, 18.04]
2022-08-14 18:50:22,224 [trainer.py] => NME top5 curve: [99.8, 94.3, 86.63, 76.05, 69.42, 53.83, 50.41, 53.14, 44.56, 42.68]

2022-08-15 14:46:41,552 [trainer.py] => config: ./exps/icarl.json
2022-08-15 14:46:41,552 [trainer.py] => lr: 0.03
2022-08-15 14:46:41,552 [trainer.py] => warmup: 0
2022-08-15 14:46:41,552 [trainer.py] => wdecay: 0.0005
2022-08-15 14:46:41,552 [trainer.py] => nesterov: True
2022-08-15 14:46:41,552 [trainer.py] => ema_decay: 0.999
2022-08-15 14:46:41,552 [trainer.py] => gpu_id: 0
2022-08-15 14:46:41,552 [trainer.py] => prefix: reproduce
2022-08-15 14:46:41,553 [trainer.py] => dataset: cifar100
2022-08-15 14:46:41,553 [trainer.py] => memory_size: 2000
2022-08-15 14:46:41,553 [trainer.py] => memory_per_class: 20
2022-08-15 14:46:41,553 [trainer.py] => fixed_memory: False
2022-08-15 14:46:41,553 [trainer.py] => shuffle: True
2022-08-15 14:46:41,553 [trainer.py] => init_cls: 10
2022-08-15 14:46:41,553 [trainer.py] => increment: 10
2022-08-15 14:46:41,553 [trainer.py] => model_name: icarl
2022-08-15 14:46:41,553 [trainer.py] => convnet_type: resnet32
2022-08-15 14:46:41,553 [trainer.py] => device: [device(type='cuda', index=0)]
2022-08-15 14:46:41,553 [trainer.py] => seed: 1993
2022-08-15 14:46:42,610 [data_manager.py] => [68, 56, 78, 8, 23, 84, 90, 65, 74, 76, 40, 89, 3, 92, 55, 9, 26, 80, 43, 38, 58, 70, 77, 1, 85, 19, 17, 50, 28, 53, 13, 81, 45, 82, 6, 59, 83, 16, 15, 44, 91, 41, 72, 60, 79, 52, 20, 10, 31, 54, 37, 95, 14, 71, 96, 98, 97, 2, 64, 66, 42, 22, 35, 86, 24, 34, 87, 21, 99, 0, 88, 27, 18, 94, 11, 12, 47, 25, 30, 46, 62, 69, 36, 61, 7, 63, 75, 5, 32, 4, 51, 48, 73, 93, 39, 67, 29, 49, 57, 33]
2022-08-15 14:46:42,780 [wideresnet.py] => Model: WideResNet 28x2
2022-08-15 14:46:43,501 [trainer.py] => All params: 1466320
2022-08-15 14:46:43,501 [trainer.py] => Trainable params: 1466320
2022-08-15 14:46:43,501 [icarl.py] => Learning on 0-10
2022-08-15 16:09:43,544 [base.py] => Reducing exemplars...(200 per classes)
2022-08-15 16:09:43,544 [base.py] => Constructing exemplars...(200 per classes)
2022-08-15 16:09:47,910 [icarl.py] => Exemplar size: 2000
2022-08-15 16:09:47,910 [trainer.py] => CNN: {'total': 90.2, '00-09': 90.2, 'old': 0, 'new': 90.2}
2022-08-15 16:09:47,910 [trainer.py] => NME: {'total': 91.1, '00-09': 91.1, 'old': 0, 'new': 91.1}
2022-08-15 16:09:47,910 [trainer.py] => CNN top1 curve: [90.2]
2022-08-15 16:09:47,910 [trainer.py] => CNN top5 curve: [100.0]
2022-08-15 16:09:47,911 [trainer.py] => NME top1 curve: [91.1]
2022-08-15 16:09:47,911 [trainer.py] => NME top5 curve: [99.8]

2022-08-15 16:09:47,911 [trainer.py] => All params: 1467610
2022-08-15 16:09:47,911 [trainer.py] => Trainable params: 1467610
2022-08-15 16:09:47,911 [icarl.py] => Learning on 10-20
2022-08-15 16:14:09,892 [trainer.py] => config: ./exps/icarl.json
2022-08-15 16:14:09,892 [trainer.py] => lr: 0.03
2022-08-15 16:14:09,892 [trainer.py] => warmup: 0
2022-08-15 16:14:09,892 [trainer.py] => wdecay: 0.0005
2022-08-15 16:14:09,893 [trainer.py] => nesterov: True
2022-08-15 16:14:09,893 [trainer.py] => ema_decay: 0.999
2022-08-15 16:14:09,893 [trainer.py] => gpu_id: 0
2022-08-15 16:14:09,893 [trainer.py] => prefix: reproduce
2022-08-15 16:14:09,893 [trainer.py] => dataset: cifar100
2022-08-15 16:14:09,893 [trainer.py] => memory_size: 2000
2022-08-15 16:14:09,893 [trainer.py] => memory_per_class: 20
2022-08-15 16:14:09,893 [trainer.py] => fixed_memory: False
2022-08-15 16:14:09,893 [trainer.py] => shuffle: True
2022-08-15 16:14:09,893 [trainer.py] => init_cls: 10
2022-08-15 16:14:09,893 [trainer.py] => increment: 10
2022-08-15 16:14:09,893 [trainer.py] => model_name: icarl
2022-08-15 16:14:09,893 [trainer.py] => convnet_type: resnet32
2022-08-15 16:14:09,893 [trainer.py] => device: [device(type='cuda', index=0)]
2022-08-15 16:14:09,893 [trainer.py] => seed: 1993
2022-08-15 16:14:10,943 [data_manager.py] => [68, 56, 78, 8, 23, 84, 90, 65, 74, 76, 40, 89, 3, 92, 55, 9, 26, 80, 43, 38, 58, 70, 77, 1, 85, 19, 17, 50, 28, 53, 13, 81, 45, 82, 6, 59, 83, 16, 15, 44, 91, 41, 72, 60, 79, 52, 20, 10, 31, 54, 37, 95, 14, 71, 96, 98, 97, 2, 64, 66, 42, 22, 35, 86, 24, 34, 87, 21, 99, 0, 88, 27, 18, 94, 11, 12, 47, 25, 30, 46, 62, 69, 36, 61, 7, 63, 75, 5, 32, 4, 51, 48, 73, 93, 39, 67, 29, 49, 57, 33]
2022-08-15 16:14:11,113 [wideresnet.py] => Model: WideResNet 28x2
2022-08-15 16:14:11,859 [trainer.py] => All params: 1466320
2022-08-15 16:14:11,860 [trainer.py] => Trainable params: 1466320
2022-08-15 16:14:11,860 [icarl.py] => Learning on 0-10
2022-08-15 17:39:31,926 [base.py] => Reducing exemplars...(200 per classes)
2022-08-15 17:39:31,926 [base.py] => Constructing exemplars...(200 per classes)
2022-08-15 17:39:36,453 [icarl.py] => Exemplar size: 2000
2022-08-15 17:39:36,453 [trainer.py] => CNN: {'total': 90.2, '00-09': 90.2, 'old': 0, 'new': 90.2}
2022-08-15 17:39:36,453 [trainer.py] => NME: {'total': 91.1, '00-09': 91.1, 'old': 0, 'new': 91.1}
2022-08-15 17:39:36,453 [trainer.py] => CNN top1 curve: [90.2]
2022-08-15 17:39:36,453 [trainer.py] => CNN top5 curve: [100.0]
2022-08-15 17:39:36,453 [trainer.py] => NME top1 curve: [91.1]
2022-08-15 17:39:36,453 [trainer.py] => NME top5 curve: [99.8]

2022-08-15 17:39:36,453 [trainer.py] => All params: 1467610
2022-08-15 17:39:36,454 [trainer.py] => Trainable params: 1467610
2022-08-15 17:39:36,454 [icarl.py] => Learning on 10-20
2022-08-15 19:45:13,960 [base.py] => Reducing exemplars...(100 per classes)
2022-08-15 19:45:15,421 [base.py] => Constructing exemplars...(100 per classes)
2022-08-15 19:45:20,004 [icarl.py] => Exemplar size: 2000
2022-08-15 19:45:20,004 [trainer.py] => CNN: {'total': 77.8, '00-09': 86.4, '10-19': 69.2, 'old': 86.4, 'new': 69.2}
2022-08-15 19:45:20,004 [trainer.py] => NME: {'total': 77.4, '00-09': 86.9, '10-19': 67.9, 'old': 86.9, 'new': 67.9}
2022-08-15 19:45:20,004 [trainer.py] => CNN top1 curve: [90.2, 77.8]
2022-08-15 19:45:20,004 [trainer.py] => CNN top5 curve: [100.0, 95.05]
2022-08-15 19:45:20,004 [trainer.py] => NME top1 curve: [91.1, 77.4]
2022-08-15 19:45:20,005 [trainer.py] => NME top5 curve: [99.8, 95.6]

2022-08-15 19:45:20,005 [trainer.py] => All params: 1468900
2022-08-15 19:45:20,005 [trainer.py] => Trainable params: 1468900
2022-08-15 19:45:20,005 [icarl.py] => Learning on 20-30
2022-08-15 21:52:50,376 [base.py] => Reducing exemplars...(66 per classes)
2022-08-15 21:52:53,309 [base.py] => Constructing exemplars...(66 per classes)
2022-08-15 21:52:57,981 [icarl.py] => Exemplar size: 1980
2022-08-15 21:52:57,981 [trainer.py] => CNN: {'total': 73.03, '00-09': 77.9, '10-19': 60.2, '20-29': 81.0, 'old': 69.05, 'new': 81.0}
2022-08-15 21:52:57,981 [trainer.py] => NME: {'total': 72.6, '00-09': 80.3, '10-19': 63.6, '20-29': 73.9, 'old': 71.95, 'new': 73.9}
2022-08-15 21:52:57,981 [trainer.py] => CNN top1 curve: [90.2, 77.8, 73.03]
2022-08-15 21:52:57,981 [trainer.py] => CNN top5 curve: [100.0, 95.05, 91.3]
2022-08-15 21:52:57,981 [trainer.py] => NME top1 curve: [91.1, 77.4, 72.6]
2022-08-15 21:52:57,981 [trainer.py] => NME top5 curve: [99.8, 95.6, 92.93]

2022-08-15 21:52:57,981 [trainer.py] => All params: 1470190
2022-08-15 21:52:57,982 [trainer.py] => Trainable params: 1470190
2022-08-15 21:52:57,982 [icarl.py] => Learning on 30-40
2022-08-16 00:08:15,542 [base.py] => Reducing exemplars...(50 per classes)
2022-08-16 00:08:19,681 [base.py] => Constructing exemplars...(50 per classes)
2022-08-16 00:08:24,406 [icarl.py] => Exemplar size: 2000
2022-08-16 00:08:24,406 [trainer.py] => CNN: {'total': 64.12, '00-09': 65.6, '10-19': 50.1, '20-29': 65.1, '30-39': 75.7, 'old': 60.27, 'new': 75.7}
2022-08-16 00:08:24,406 [trainer.py] => NME: {'total': 64.3, '00-09': 70.3, '10-19': 56.7, '20-29': 72.5, '30-39': 57.7, 'old': 66.5, 'new': 57.7}
2022-08-16 00:08:24,406 [trainer.py] => CNN top1 curve: [90.2, 77.8, 73.03, 64.12]
2022-08-16 00:08:24,406 [trainer.py] => CNN top5 curve: [100.0, 95.05, 91.3, 85.32]
2022-08-16 00:08:24,407 [trainer.py] => NME top1 curve: [91.1, 77.4, 72.6, 64.3]
2022-08-16 00:08:24,407 [trainer.py] => NME top5 curve: [99.8, 95.6, 92.93, 89.45]

2022-08-16 00:08:24,407 [trainer.py] => All params: 1471480
2022-08-16 00:08:24,407 [trainer.py] => Trainable params: 1471480
2022-08-16 00:08:24,407 [icarl.py] => Learning on 40-50
2022-08-16 02:13:09,436 [base.py] => Reducing exemplars...(40 per classes)
2022-08-16 02:13:14,917 [base.py] => Constructing exemplars...(40 per classes)
2022-08-16 02:13:19,788 [icarl.py] => Exemplar size: 2000
2022-08-16 02:13:19,788 [trainer.py] => CNN: {'total': 56.9, '00-09': 54.0, '10-19': 38.6, '20-29': 53.5, '30-39': 55.6, '40-49': 82.8, 'old': 50.42, 'new': 82.8}
2022-08-16 02:13:19,788 [trainer.py] => NME: {'total': 59.98, '00-09': 61.9, '10-19': 45.8, '20-29': 63.5, '30-39': 58.8, '40-49': 69.9, 'old': 57.5, 'new': 69.9}
2022-08-16 02:13:19,788 [trainer.py] => CNN top1 curve: [90.2, 77.8, 73.03, 64.12, 56.9]
2022-08-16 02:13:19,788 [trainer.py] => CNN top5 curve: [100.0, 95.05, 91.3, 85.32, 80.22]
2022-08-16 02:13:19,788 [trainer.py] => NME top1 curve: [91.1, 77.4, 72.6, 64.3, 59.98]
2022-08-16 02:13:19,788 [trainer.py] => NME top5 curve: [99.8, 95.6, 92.93, 89.45, 85.72]

2022-08-16 02:13:19,788 [trainer.py] => All params: 1472770
2022-08-16 02:13:19,788 [trainer.py] => Trainable params: 1472770
2022-08-16 02:13:19,789 [icarl.py] => Learning on 50-60
2022-08-16 04:18:47,919 [base.py] => Reducing exemplars...(33 per classes)
2022-08-16 04:18:54,633 [base.py] => Constructing exemplars...(33 per classes)
2022-08-16 04:18:59,665 [icarl.py] => Exemplar size: 1980
2022-08-16 04:18:59,665 [trainer.py] => CNN: {'total': 50.78, '00-09': 45.2, '10-19': 30.6, '20-29': 47.8, '30-39': 42.9, '40-49': 63.0, '50-59': 75.2, 'old': 45.9, 'new': 75.2}
2022-08-16 04:18:59,665 [trainer.py] => NME: {'total': 54.33, '00-09': 53.0, '10-19': 38.1, '20-29': 56.4, '30-39': 51.8, '40-49': 67.1, '50-59': 59.6, 'old': 53.28, 'new': 59.6}
2022-08-16 04:18:59,665 [trainer.py] => CNN top1 curve: [90.2, 77.8, 73.03, 64.12, 56.9, 50.78]
2022-08-16 04:18:59,665 [trainer.py] => CNN top5 curve: [100.0, 95.05, 91.3, 85.32, 80.22, 74.78]
2022-08-16 04:18:59,665 [trainer.py] => NME top1 curve: [91.1, 77.4, 72.6, 64.3, 59.98, 54.33]
2022-08-16 04:18:59,665 [trainer.py] => NME top5 curve: [99.8, 95.6, 92.93, 89.45, 85.72, 80.98]

2022-08-16 04:18:59,666 [trainer.py] => All params: 1474060
2022-08-16 04:18:59,666 [trainer.py] => Trainable params: 1474060
2022-08-16 04:18:59,666 [icarl.py] => Learning on 60-70
2022-08-16 06:24:52,009 [base.py] => Reducing exemplars...(28 per classes)
2022-08-16 06:25:00,064 [base.py] => Constructing exemplars...(28 per classes)
2022-08-16 06:25:05,266 [icarl.py] => Exemplar size: 1960
2022-08-16 06:25:05,266 [trainer.py] => CNN: {'total': 46.13, '00-09': 44.2, '10-19': 20.2, '20-29': 41.5, '30-39': 35.8, '40-49': 52.4, '50-59': 46.0, '60-69': 82.8, 'old': 40.02, 'new': 82.8}
2022-08-16 06:25:05,266 [trainer.py] => NME: {'total': 50.21, '00-09': 49.7, '10-19': 28.9, '20-29': 51.0, '30-39': 42.0, '40-49': 61.1, '50-59': 52.7, '60-69': 66.1, 'old': 47.57, 'new': 66.1}
2022-08-16 06:25:05,266 [trainer.py] => CNN top1 curve: [90.2, 77.8, 73.03, 64.12, 56.9, 50.78, 46.13]
2022-08-16 06:25:05,266 [trainer.py] => CNN top5 curve: [100.0, 95.05, 91.3, 85.32, 80.22, 74.78, 68.31]
2022-08-16 06:25:05,266 [trainer.py] => NME top1 curve: [91.1, 77.4, 72.6, 64.3, 59.98, 54.33, 50.21]
2022-08-16 06:25:05,266 [trainer.py] => NME top5 curve: [99.8, 95.6, 92.93, 89.45, 85.72, 80.98, 77.49]

2022-08-16 06:25:05,266 [trainer.py] => All params: 1475350
2022-08-16 06:25:05,267 [trainer.py] => Trainable params: 1475350
2022-08-16 06:25:05,267 [icarl.py] => Learning on 70-80
2022-08-16 08:29:00,432 [base.py] => Reducing exemplars...(25 per classes)
2022-08-16 08:29:09,785 [base.py] => Constructing exemplars...(25 per classes)
2022-08-16 08:29:15,165 [icarl.py] => Exemplar size: 2000
2022-08-16 08:29:15,165 [trainer.py] => CNN: {'total': 39.06, '00-09': 37.1, '10-19': 18.1, '20-29': 36.5, '30-39': 24.4, '40-49': 43.3, '50-59': 26.2, '60-69': 51.4, '70-79': 75.5, 'old': 33.86, 'new': 75.5}
2022-08-16 08:29:15,165 [trainer.py] => NME: {'total': 44.68, '00-09': 44.8, '10-19': 24.8, '20-29': 45.2, '30-39': 34.2, '40-49': 51.5, '50-59': 37.0, '60-69': 59.3, '70-79': 60.6, 'old': 42.4, 'new': 60.6}
2022-08-16 08:29:15,165 [trainer.py] => CNN top1 curve: [90.2, 77.8, 73.03, 64.12, 56.9, 50.78, 46.13, 39.06]
2022-08-16 08:29:15,165 [trainer.py] => CNN top5 curve: [100.0, 95.05, 91.3, 85.32, 80.22, 74.78, 68.31, 62.61]
2022-08-16 08:29:15,165 [trainer.py] => NME top1 curve: [91.1, 77.4, 72.6, 64.3, 59.98, 54.33, 50.21, 44.68]
2022-08-16 08:29:15,165 [trainer.py] => NME top5 curve: [99.8, 95.6, 92.93, 89.45, 85.72, 80.98, 77.49, 73.01]

2022-08-16 08:29:15,165 [trainer.py] => All params: 1476640
2022-08-16 08:29:15,166 [trainer.py] => Trainable params: 1476640
2022-08-16 08:29:15,166 [icarl.py] => Learning on 80-90
2022-08-16 10:34:18,931 [base.py] => Reducing exemplars...(22 per classes)
2022-08-16 10:34:29,669 [base.py] => Constructing exemplars...(22 per classes)
2022-08-16 10:34:35,347 [icarl.py] => Exemplar size: 1980
2022-08-16 10:34:35,347 [trainer.py] => CNN: {'total': 35.98, '00-09': 31.4, '10-19': 16.2, '20-29': 27.9, '30-39': 23.1, '40-49': 37.1, '50-59': 23.7, '60-69': 33.2, '70-79': 51.4, '80-89': 79.8, 'old': 30.5, 'new': 79.8}
2022-08-16 10:34:35,347 [trainer.py] => NME: {'total': 41.64, '00-09': 39.6, '10-19': 21.7, '20-29': 41.4, '30-39': 33.6, '40-49': 46.5, '50-59': 32.6, '60-69': 50.3, '70-79': 55.4, '80-89': 53.7, 'old': 40.14, 'new': 53.7}
2022-08-16 10:34:35,347 [trainer.py] => CNN top1 curve: [90.2, 77.8, 73.03, 64.12, 56.9, 50.78, 46.13, 39.06, 35.98]
2022-08-16 10:34:35,347 [trainer.py] => CNN top5 curve: [100.0, 95.05, 91.3, 85.32, 80.22, 74.78, 68.31, 62.61, 57.2]
2022-08-16 10:34:35,347 [trainer.py] => NME top1 curve: [91.1, 77.4, 72.6, 64.3, 59.98, 54.33, 50.21, 44.68, 41.64]
2022-08-16 10:34:35,347 [trainer.py] => NME top5 curve: [99.8, 95.6, 92.93, 89.45, 85.72, 80.98, 77.49, 73.01, 69.29]

2022-08-16 10:34:35,347 [trainer.py] => All params: 1477930
2022-08-16 10:34:35,347 [trainer.py] => Trainable params: 1477930
2022-08-16 10:34:35,348 [icarl.py] => Learning on 90-100
2022-08-16 12:37:19,545 [base.py] => Reducing exemplars...(20 per classes)
2022-08-16 12:37:31,406 [base.py] => Constructing exemplars...(20 per classes)
2022-08-16 12:37:37,224 [icarl.py] => Exemplar size: 2000
2022-08-16 12:37:37,224 [trainer.py] => CNN: {'total': 34.36, '00-09': 26.9, '10-19': 12.0, '20-29': 25.7, '30-39': 20.8, '40-49': 32.9, '50-59': 18.3, '60-69': 34.1, '70-79': 39.3, '80-89': 57.2, '90-99': 76.4, 'old': 29.69, 'new': 76.4}
2022-08-16 12:37:37,224 [trainer.py] => NME: {'total': 40.38, '00-09': 38.3, '10-19': 20.8, '20-29': 41.0, '30-39': 31.1, '40-49': 43.5, '50-59': 29.2, '60-69': 45.2, '70-79': 49.7, '80-89': 55.7, '90-99': 49.3, 'old': 39.39, 'new': 49.3}
2022-08-16 12:37:37,224 [trainer.py] => CNN top1 curve: [90.2, 77.8, 73.03, 64.12, 56.9, 50.78, 46.13, 39.06, 35.98, 34.36]
2022-08-16 12:37:37,224 [trainer.py] => CNN top5 curve: [100.0, 95.05, 91.3, 85.32, 80.22, 74.78, 68.31, 62.61, 57.2, 54.3]
2022-08-16 12:37:37,224 [trainer.py] => NME top1 curve: [91.1, 77.4, 72.6, 64.3, 59.98, 54.33, 50.21, 44.68, 41.64, 40.38]
2022-08-16 12:37:37,224 [trainer.py] => NME top5 curve: [99.8, 95.6, 92.93, 89.45, 85.72, 80.98, 77.49, 73.01, 69.29, 68.89]

2022-08-24 22:31:15,229 [trainer.py] => config: ./exps/icarl.json
2022-08-24 22:31:15,229 [trainer.py] => lr: 0.03
2022-08-24 22:31:15,229 [trainer.py] => warmup: 0
2022-08-24 22:31:15,229 [trainer.py] => wdecay: 0.0005
2022-08-24 22:31:15,229 [trainer.py] => nesterov: True
2022-08-24 22:31:15,229 [trainer.py] => ema_decay: 0.999
2022-08-24 22:31:15,229 [trainer.py] => gpu_id: 0
2022-08-24 22:31:15,229 [trainer.py] => prefix: reproduce
2022-08-24 22:31:15,229 [trainer.py] => dataset: cifar100
2022-08-24 22:31:15,229 [trainer.py] => memory_size: 2000
2022-08-24 22:31:15,229 [trainer.py] => memory_per_class: 20
2022-08-24 22:31:15,229 [trainer.py] => fixed_memory: False
2022-08-24 22:31:15,229 [trainer.py] => shuffle: True
2022-08-24 22:31:15,229 [trainer.py] => init_cls: 10
2022-08-24 22:31:15,229 [trainer.py] => increment: 10
2022-08-24 22:31:15,229 [trainer.py] => model_name: icarl
2022-08-24 22:31:15,229 [trainer.py] => convnet_type: resnet32
2022-08-24 22:31:15,229 [trainer.py] => device: [device(type='cuda', index=0)]
2022-08-24 22:31:15,229 [trainer.py] => seed: 1993
2022-08-24 22:31:16,220 [data_manager.py] => [68, 56, 78, 8, 23, 84, 90, 65, 74, 76, 40, 89, 3, 92, 55, 9, 26, 80, 43, 38, 58, 70, 77, 1, 85, 19, 17, 50, 28, 53, 13, 81, 45, 82, 6, 59, 83, 16, 15, 44, 91, 41, 72, 60, 79, 52, 20, 10, 31, 54, 37, 95, 14, 71, 96, 98, 97, 2, 64, 66, 42, 22, 35, 86, 24, 34, 87, 21, 99, 0, 88, 27, 18, 94, 11, 12, 47, 25, 30, 46, 62, 69, 36, 61, 7, 63, 75, 5, 32, 4, 51, 48, 73, 93, 39, 67, 29, 49, 57, 33]
2022-08-24 22:31:16,389 [wideresnet.py] => Model: WideResNet 28x2
2022-08-24 22:31:17,054 [trainer.py] => All params: 1466320
2022-08-24 22:31:17,055 [trainer.py] => Trainable params: 1466320
2022-08-24 22:31:17,055 [icarl.py] => Learning on 0-10
2022-08-24 23:50:16,365 [base.py] => Reducing exemplars...(200 per classes)
2022-08-24 23:50:16,366 [base.py] => Constructing exemplars...(200 per classes)
2022-08-24 23:50:19,751 [icarl.py] => Exemplar size: 2000
2022-08-24 23:50:19,751 [trainer.py] => CNN: {'total': 90.2, '00-09': 90.2, 'old': 0, 'new': 90.2}
2022-08-24 23:50:19,751 [trainer.py] => NME: {'total': 91.1, '00-09': 91.1, 'old': 0, 'new': 91.1}
2022-08-24 23:50:19,751 [trainer.py] => CNN top1 curve: [90.2]
2022-08-24 23:50:19,751 [trainer.py] => CNN top5 curve: [100.0]
2022-08-24 23:50:19,751 [trainer.py] => NME top1 curve: [91.1]
2022-08-24 23:50:19,751 [trainer.py] => NME top5 curve: [99.8]

2022-08-24 23:50:19,751 [trainer.py] => All params: 1467610
2022-08-24 23:50:19,752 [trainer.py] => Trainable params: 1467610
2022-08-24 23:50:19,752 [icarl.py] => Learning on 10-20
2022-08-25 01:53:16,435 [base.py] => Reducing exemplars...(100 per classes)
2022-08-25 01:53:17,421 [base.py] => Constructing exemplars...(100 per classes)
2022-08-25 01:53:20,850 [icarl.py] => Exemplar size: 2000
2022-08-25 01:53:20,851 [trainer.py] => CNN: {'total': 73.15, '00-09': 82.5, '10-19': 63.8, 'old': 82.5, 'new': 63.8}
2022-08-25 01:53:20,851 [trainer.py] => NME: {'total': 72.9, '00-09': 84.2, '10-19': 61.6, 'old': 84.2, 'new': 61.6}
2022-08-25 01:53:20,851 [trainer.py] => CNN top1 curve: [90.2, 73.15]
2022-08-25 01:53:20,851 [trainer.py] => CNN top5 curve: [100.0, 93.9]
2022-08-25 01:53:20,851 [trainer.py] => NME top1 curve: [91.1, 72.9]
2022-08-25 01:53:20,851 [trainer.py] => NME top5 curve: [99.8, 94.9]

2022-08-25 01:53:20,851 [trainer.py] => All params: 1468900
2022-08-25 01:53:20,851 [trainer.py] => Trainable params: 1468900
2022-08-25 01:53:20,851 [icarl.py] => Learning on 20-30
2022-08-25 03:56:29,164 [base.py] => Reducing exemplars...(66 per classes)
2022-08-25 03:56:31,190 [base.py] => Constructing exemplars...(66 per classes)
2022-08-25 03:56:34,732 [icarl.py] => Exemplar size: 1980
2022-08-25 03:56:34,732 [trainer.py] => CNN: {'total': 67.27, '00-09': 77.4, '10-19': 56.9, '20-29': 67.5, 'old': 67.15, 'new': 67.5}
2022-08-25 03:56:34,732 [trainer.py] => NME: {'total': 67.0, '00-09': 76.1, '10-19': 62.4, '20-29': 62.5, 'old': 69.25, 'new': 62.5}
2022-08-25 03:56:34,732 [trainer.py] => CNN top1 curve: [90.2, 73.15, 67.27]
2022-08-25 03:56:34,732 [trainer.py] => CNN top5 curve: [100.0, 93.9, 89.53]
2022-08-25 03:56:34,733 [trainer.py] => NME top1 curve: [91.1, 72.9, 67.0]
2022-08-25 03:56:34,733 [trainer.py] => NME top5 curve: [99.8, 94.9, 91.67]

2022-08-25 03:56:34,733 [trainer.py] => All params: 1470190
2022-08-25 03:56:34,733 [trainer.py] => Trainable params: 1470190
2022-08-25 03:56:34,733 [icarl.py] => Learning on 30-40
2022-08-25 05:59:20,403 [base.py] => Reducing exemplars...(50 per classes)
2022-08-25 05:59:23,184 [base.py] => Constructing exemplars...(50 per classes)
2022-08-25 05:59:26,847 [icarl.py] => Exemplar size: 2000
2022-08-25 05:59:26,847 [trainer.py] => CNN: {'total': 54.82, '00-09': 60.9, '10-19': 46.5, '20-29': 58.2, '30-39': 53.7, 'old': 55.2, 'new': 53.7}
2022-08-25 05:59:26,847 [trainer.py] => NME: {'total': 56.02, '00-09': 64.0, '10-19': 47.4, '20-29': 63.9, '30-39': 48.8, 'old': 58.43, 'new': 48.8}
2022-08-25 05:59:26,847 [trainer.py] => CNN top1 curve: [90.2, 73.15, 67.27, 54.82]
2022-08-25 05:59:26,847 [trainer.py] => CNN top5 curve: [100.0, 93.9, 89.53, 83.68]
2022-08-25 05:59:26,847 [trainer.py] => NME top1 curve: [91.1, 72.9, 67.0, 56.02]
2022-08-25 05:59:26,847 [trainer.py] => NME top5 curve: [99.8, 94.9, 91.67, 86.78]

2022-08-25 05:59:26,848 [trainer.py] => All params: 1471480
2022-08-25 05:59:26,848 [trainer.py] => Trainable params: 1471480
2022-08-25 05:59:26,848 [icarl.py] => Learning on 40-50
2022-08-25 08:02:07,894 [base.py] => Reducing exemplars...(40 per classes)
2022-08-25 08:02:11,539 [base.py] => Constructing exemplars...(40 per classes)
2022-08-25 08:02:15,295 [icarl.py] => Exemplar size: 2000
2022-08-25 08:02:15,295 [trainer.py] => CNN: {'total': 50.06, '00-09': 54.6, '10-19': 40.5, '20-29': 51.5, '30-39': 40.1, '40-49': 63.6, 'old': 46.68, 'new': 63.6}
2022-08-25 08:02:15,295 [trainer.py] => NME: {'total': 52.28, '00-09': 59.5, '10-19': 42.2, '20-29': 57.1, '30-39': 45.5, '40-49': 57.1, 'old': 51.08, 'new': 57.1}
2022-08-25 08:02:15,295 [trainer.py] => CNN top1 curve: [90.2, 73.15, 67.27, 54.82, 50.06]
2022-08-25 08:02:15,295 [trainer.py] => CNN top5 curve: [100.0, 93.9, 89.53, 83.68, 80.16]
2022-08-25 08:02:15,295 [trainer.py] => NME top1 curve: [91.1, 72.9, 67.0, 56.02, 52.28]
2022-08-25 08:02:15,295 [trainer.py] => NME top5 curve: [99.8, 94.9, 91.67, 86.78, 84.06]

2022-08-25 08:02:15,295 [trainer.py] => All params: 1472770
2022-08-25 08:02:15,296 [trainer.py] => Trainable params: 1472770
2022-08-25 08:02:15,296 [icarl.py] => Learning on 50-60
2022-08-25 10:03:23,636 [base.py] => Reducing exemplars...(33 per classes)
2022-08-25 10:03:28,184 [base.py] => Constructing exemplars...(33 per classes)
2022-08-25 10:03:32,143 [icarl.py] => Exemplar size: 1980
2022-08-25 10:03:32,143 [trainer.py] => CNN: {'total': 44.13, '00-09': 46.6, '10-19': 30.8, '20-29': 45.8, '30-39': 39.9, '40-49': 49.4, '50-59': 52.3, 'old': 42.5, 'new': 52.3}
2022-08-25 10:03:32,143 [trainer.py] => NME: {'total': 46.85, '00-09': 51.7, '10-19': 37.6, '20-29': 50.9, '30-39': 41.0, '40-49': 54.3, '50-59': 45.6, 'old': 47.1, 'new': 45.6}
2022-08-25 10:03:32,144 [trainer.py] => CNN top1 curve: [90.2, 73.15, 67.27, 54.82, 50.06, 44.13]
2022-08-25 10:03:32,144 [trainer.py] => CNN top5 curve: [100.0, 93.9, 89.53, 83.68, 80.16, 73.9]
2022-08-25 10:03:32,144 [trainer.py] => NME top1 curve: [91.1, 72.9, 67.0, 56.02, 52.28, 46.85]
2022-08-25 10:03:32,144 [trainer.py] => NME top5 curve: [99.8, 94.9, 91.67, 86.78, 84.06, 78.95]

2022-08-25 10:03:32,144 [trainer.py] => All params: 1474060
2022-08-25 10:03:32,144 [trainer.py] => Trainable params: 1474060
2022-08-25 10:03:32,144 [icarl.py] => Learning on 60-70
2022-08-25 12:04:56,288 [base.py] => Reducing exemplars...(28 per classes)
2022-08-25 12:05:01,805 [base.py] => Constructing exemplars...(28 per classes)
2022-08-25 12:05:06,012 [icarl.py] => Exemplar size: 1960
2022-08-25 12:05:06,013 [trainer.py] => CNN: {'total': 41.44, '00-09': 42.8, '10-19': 33.0, '20-29': 39.7, '30-39': 34.2, '40-49': 44.6, '50-59': 36.8, '60-69': 59.0, 'old': 38.52, 'new': 59.0}
2022-08-25 12:05:06,013 [trainer.py] => NME: {'total': 42.94, '00-09': 44.3, '10-19': 32.2, '20-29': 46.7, '30-39': 33.2, '40-49': 50.9, '50-59': 42.1, '60-69': 51.2, 'old': 41.57, 'new': 51.2}
2022-08-25 12:05:06,013 [trainer.py] => CNN top1 curve: [90.2, 73.15, 67.27, 54.82, 50.06, 44.13, 41.44]
2022-08-25 12:05:06,013 [trainer.py] => CNN top5 curve: [100.0, 93.9, 89.53, 83.68, 80.16, 73.9, 70.5]
2022-08-25 12:05:06,013 [trainer.py] => NME top1 curve: [91.1, 72.9, 67.0, 56.02, 52.28, 46.85, 42.94]
2022-08-25 12:05:06,013 [trainer.py] => NME top5 curve: [99.8, 94.9, 91.67, 86.78, 84.06, 78.95, 75.33]

2022-08-25 12:05:06,013 [trainer.py] => All params: 1475350
2022-08-25 12:05:06,013 [trainer.py] => Trainable params: 1475350
2022-08-25 12:05:06,013 [icarl.py] => Learning on 70-80
2022-08-25 14:06:21,598 [base.py] => Reducing exemplars...(25 per classes)
2022-08-25 14:06:27,877 [base.py] => Constructing exemplars...(25 per classes)
2022-08-25 14:06:32,233 [icarl.py] => Exemplar size: 2000
2022-08-25 14:06:32,233 [trainer.py] => CNN: {'total': 35.11, '00-09': 39.7, '10-19': 26.7, '20-29': 30.1, '30-39': 22.7, '40-49': 36.2, '50-59': 31.1, '60-69': 43.8, '70-79': 50.6, 'old': 32.9, 'new': 50.6}
2022-08-25 14:06:32,233 [trainer.py] => NME: {'total': 39.5, '00-09': 42.4, '10-19': 28.8, '20-29': 40.7, '30-39': 29.6, '40-49': 43.9, '50-59': 35.9, '60-69': 47.3, '70-79': 47.4, 'old': 38.37, 'new': 47.4}
2022-08-25 14:06:32,233 [trainer.py] => CNN top1 curve: [90.2, 73.15, 67.27, 54.82, 50.06, 44.13, 41.44, 35.11]
2022-08-25 14:06:32,233 [trainer.py] => CNN top5 curve: [100.0, 93.9, 89.53, 83.68, 80.16, 73.9, 70.5, 65.18]
2022-08-25 14:06:32,233 [trainer.py] => NME top1 curve: [91.1, 72.9, 67.0, 56.02, 52.28, 46.85, 42.94, 39.5]
2022-08-25 14:06:32,233 [trainer.py] => NME top5 curve: [99.8, 94.9, 91.67, 86.78, 84.06, 78.95, 75.33, 72.28]

2022-08-25 14:06:32,234 [trainer.py] => All params: 1476640
2022-08-25 14:06:32,234 [trainer.py] => Trainable params: 1476640
2022-08-25 14:06:32,234 [icarl.py] => Learning on 80-90
2022-08-25 16:08:15,366 [base.py] => Reducing exemplars...(22 per classes)
2022-08-25 16:08:22,658 [base.py] => Constructing exemplars...(22 per classes)
2022-08-25 16:08:27,235 [icarl.py] => Exemplar size: 1980
2022-08-25 16:08:27,235 [trainer.py] => CNN: {'total': 32.17, '00-09': 33.2, '10-19': 21.0, '20-29': 27.5, '30-39': 21.3, '40-49': 32.8, '50-59': 24.4, '60-69': 36.6, '70-79': 37.8, '80-89': 54.9, 'old': 29.32, 'new': 54.9}
2022-08-25 16:08:27,235 [trainer.py] => NME: {'total': 35.67, '00-09': 38.8, '10-19': 23.6, '20-29': 36.2, '30-39': 28.2, '40-49': 40.7, '50-59': 31.1, '60-69': 43.8, '70-79': 39.8, '80-89': 38.8, 'old': 35.28, 'new': 38.8}
2022-08-25 16:08:27,235 [trainer.py] => CNN top1 curve: [90.2, 73.15, 67.27, 54.82, 50.06, 44.13, 41.44, 35.11, 32.17]
2022-08-25 16:08:27,235 [trainer.py] => CNN top5 curve: [100.0, 93.9, 89.53, 83.68, 80.16, 73.9, 70.5, 65.18, 60.91]
2022-08-25 16:08:27,235 [trainer.py] => NME top1 curve: [91.1, 72.9, 67.0, 56.02, 52.28, 46.85, 42.94, 39.5, 35.67]
2022-08-25 16:08:27,235 [trainer.py] => NME top5 curve: [99.8, 94.9, 91.67, 86.78, 84.06, 78.95, 75.33, 72.28, 67.91]

2022-08-25 16:08:27,235 [trainer.py] => All params: 1477930
2022-08-25 16:08:27,235 [trainer.py] => Trainable params: 1477930
2022-08-25 16:08:27,236 [icarl.py] => Learning on 90-100
2022-08-25 18:10:01,187 [base.py] => Reducing exemplars...(20 per classes)
2022-08-25 18:10:09,208 [base.py] => Constructing exemplars...(20 per classes)
2022-08-25 18:10:14,072 [icarl.py] => Exemplar size: 2000
2022-08-25 18:10:14,073 [trainer.py] => CNN: {'total': 28.31, '00-09': 28.9, '10-19': 17.6, '20-29': 22.0, '30-39': 24.0, '40-49': 30.1, '50-59': 17.6, '60-69': 31.0, '70-79': 30.2, '80-89': 34.0, '90-99': 47.7, 'old': 26.16, 'new': 47.7}
2022-08-25 18:10:14,073 [trainer.py] => NME: {'total': 33.12, '00-09': 35.6, '10-19': 23.7, '20-29': 33.1, '30-39': 26.6, '40-49': 39.3, '50-59': 26.4, '60-69': 39.8, '70-79': 34.3, '80-89': 34.8, '90-99': 37.6, 'old': 32.62, 'new': 37.6}
2022-08-25 18:10:14,073 [trainer.py] => CNN top1 curve: [90.2, 73.15, 67.27, 54.82, 50.06, 44.13, 41.44, 35.11, 32.17, 28.31]
2022-08-25 18:10:14,073 [trainer.py] => CNN top5 curve: [100.0, 93.9, 89.53, 83.68, 80.16, 73.9, 70.5, 65.18, 60.91, 57.18]
2022-08-25 18:10:14,073 [trainer.py] => NME top1 curve: [91.1, 72.9, 67.0, 56.02, 52.28, 46.85, 42.94, 39.5, 35.67, 33.12]
2022-08-25 18:10:14,073 [trainer.py] => NME top5 curve: [99.8, 94.9, 91.67, 86.78, 84.06, 78.95, 75.33, 72.28, 67.91, 64.08]

2022-08-31 14:58:49,907 [trainer.py] => config: ./exps/icarl.json
2022-08-31 14:58:49,907 [trainer.py] => lr: 0.03
2022-08-31 14:58:49,907 [trainer.py] => warmup: 0
2022-08-31 14:58:49,907 [trainer.py] => wdecay: 0.0005
2022-08-31 14:58:49,907 [trainer.py] => nesterov: True
2022-08-31 14:58:49,907 [trainer.py] => ema_decay: 0.999
2022-08-31 14:58:49,907 [trainer.py] => gpu_id: 0
2022-08-31 14:58:49,907 [trainer.py] => prefix: reproduce
2022-08-31 14:58:49,907 [trainer.py] => dataset: cifar100
2022-08-31 14:58:49,907 [trainer.py] => memory_size: 2000
2022-08-31 14:58:49,907 [trainer.py] => memory_per_class: 20
2022-08-31 14:58:49,907 [trainer.py] => fixed_memory: False
2022-08-31 14:58:49,907 [trainer.py] => shuffle: True
2022-08-31 14:58:49,907 [trainer.py] => init_cls: 10
2022-08-31 14:58:49,907 [trainer.py] => increment: 10
2022-08-31 14:58:49,907 [trainer.py] => model_name: icarl
2022-08-31 14:58:49,907 [trainer.py] => convnet_type: resnet32
2022-08-31 14:58:49,907 [trainer.py] => device: [device(type='cuda', index=0)]
2022-08-31 14:58:49,907 [trainer.py] => seed: 1993
2022-08-31 14:58:50,961 [data_manager.py] => [68, 56, 78, 8, 23, 84, 90, 65, 74, 76, 40, 89, 3, 92, 55, 9, 26, 80, 43, 38, 58, 70, 77, 1, 85, 19, 17, 50, 28, 53, 13, 81, 45, 82, 6, 59, 83, 16, 15, 44, 91, 41, 72, 60, 79, 52, 20, 10, 31, 54, 37, 95, 14, 71, 96, 98, 97, 2, 64, 66, 42, 22, 35, 86, 24, 34, 87, 21, 99, 0, 88, 27, 18, 94, 11, 12, 47, 25, 30, 46, 62, 69, 36, 61, 7, 63, 75, 5, 32, 4, 51, 48, 73, 93, 39, 67, 29, 49, 57, 33]
2022-08-31 14:58:51,130 [wideresnet.py] => Model: WideResNet 28x2
2022-08-31 14:58:52,753 [trainer.py] => All params: 1466320
2022-08-31 14:58:52,753 [trainer.py] => Trainable params: 1466320
2022-08-31 14:58:52,753 [icarl.py] => Learning on 0-10
2022-08-31 16:14:22,319 [base.py] => Reducing exemplars...(200 per classes)
2022-08-31 16:14:22,319 [base.py] => Constructing exemplars...(200 per classes)
2022-08-31 16:14:26,459 [icarl.py] => Exemplar size: 2000
2022-08-31 16:14:26,459 [trainer.py] => CNN: {'total': 90.1, '00-09': 90.1, 'old': 0, 'new': 90.1}
2022-08-31 16:14:26,459 [trainer.py] => NME: {'total': 90.5, '00-09': 90.5, 'old': 0, 'new': 90.5}
2022-08-31 16:14:26,460 [trainer.py] => CNN top1 curve: [90.1]
2022-08-31 16:14:26,460 [trainer.py] => CNN top5 curve: [99.6]
2022-08-31 16:14:26,460 [trainer.py] => NME top1 curve: [90.5]
2022-08-31 16:14:26,460 [trainer.py] => NME top5 curve: [99.7]

2022-08-31 16:14:26,460 [trainer.py] => All params: 1467610
2022-08-31 16:14:26,460 [trainer.py] => Trainable params: 1467610
2022-08-31 16:14:26,460 [icarl.py] => Learning on 10-20
2022-08-31 18:07:51,515 [base.py] => Reducing exemplars...(100 per classes)
2022-08-31 18:07:52,845 [base.py] => Constructing exemplars...(100 per classes)
2022-08-31 18:07:56,892 [icarl.py] => Exemplar size: 2000
2022-08-31 18:07:56,892 [trainer.py] => CNN: {'total': 56.75, '00-09': 83.2, '10-19': 30.3, 'old': 83.2, 'new': 30.3}
2022-08-31 18:07:56,892 [trainer.py] => NME: {'total': 64.75, '00-09': 79.5, '10-19': 50.0, 'old': 79.5, 'new': 50.0}
2022-08-31 18:07:56,892 [trainer.py] => CNN top1 curve: [90.1, 56.75]
2022-08-31 18:07:56,892 [trainer.py] => CNN top5 curve: [99.6, 89.95]
2022-08-31 18:07:56,892 [trainer.py] => NME top1 curve: [90.5, 64.75]
2022-08-31 18:07:56,892 [trainer.py] => NME top5 curve: [99.7, 93.05]

2022-08-31 18:07:56,892 [trainer.py] => All params: 1468900
2022-08-31 18:07:56,892 [trainer.py] => Trainable params: 1468900
2022-08-31 18:07:56,893 [icarl.py] => Learning on 20-30
2022-09-01 14:20:53,525 [trainer.py] => config: ./exps/icarl.json
2022-09-01 14:20:53,525 [trainer.py] => lr: 0.03
2022-09-01 14:20:53,525 [trainer.py] => warmup: 0
2022-09-01 14:20:53,525 [trainer.py] => wdecay: 0.0005
2022-09-01 14:20:53,525 [trainer.py] => nesterov: True
2022-09-01 14:20:53,525 [trainer.py] => ema_decay: 0.999
2022-09-01 14:20:53,525 [trainer.py] => gpu_id: 0
2022-09-01 14:20:53,525 [trainer.py] => prefix: reproduce
2022-09-01 14:20:53,525 [trainer.py] => dataset: cifar100
2022-09-01 14:20:53,525 [trainer.py] => memory_size: 2000
2022-09-01 14:20:53,525 [trainer.py] => memory_per_class: 20
2022-09-01 14:20:53,525 [trainer.py] => fixed_memory: False
2022-09-01 14:20:53,525 [trainer.py] => shuffle: True
2022-09-01 14:20:53,525 [trainer.py] => init_cls: 10
2022-09-01 14:20:53,525 [trainer.py] => increment: 10
2022-09-01 14:20:53,525 [trainer.py] => model_name: icarl
2022-09-01 14:20:53,526 [trainer.py] => convnet_type: resnet32
2022-09-01 14:20:53,526 [trainer.py] => device: [device(type='cuda', index=0)]
2022-09-01 14:20:53,526 [trainer.py] => seed: 1993
2022-09-01 14:20:55,692 [data_manager.py] => [68, 56, 78, 8, 23, 84, 90, 65, 74, 76, 40, 89, 3, 92, 55, 9, 26, 80, 43, 38, 58, 70, 77, 1, 85, 19, 17, 50, 28, 53, 13, 81, 45, 82, 6, 59, 83, 16, 15, 44, 91, 41, 72, 60, 79, 52, 20, 10, 31, 54, 37, 95, 14, 71, 96, 98, 97, 2, 64, 66, 42, 22, 35, 86, 24, 34, 87, 21, 99, 0, 88, 27, 18, 94, 11, 12, 47, 25, 30, 46, 62, 69, 36, 61, 7, 63, 75, 5, 32, 4, 51, 48, 73, 93, 39, 67, 29, 49, 57, 33]
2022-09-01 14:20:55,756 [wideresnet.py] => Model: WideResNet 28x2
2022-09-01 14:21:11,106 [trainer.py] => All params: 1466320
2022-09-01 14:21:11,108 [trainer.py] => Trainable params: 1466320
2022-09-01 14:21:11,116 [icarl.py] => Learning on 0-10
2022-09-01 14:28:08,991 [trainer.py] => config: ./exps/icarl.json
2022-09-01 14:28:08,991 [trainer.py] => lr: 0.03
2022-09-01 14:28:08,991 [trainer.py] => warmup: 0
2022-09-01 14:28:08,991 [trainer.py] => wdecay: 0.0005
2022-09-01 14:28:08,991 [trainer.py] => nesterov: True
2022-09-01 14:28:08,991 [trainer.py] => ema_decay: 0.999
2022-09-01 14:28:08,991 [trainer.py] => gpu_id: 0
2022-09-01 14:28:08,991 [trainer.py] => prefix: reproduce
2022-09-01 14:28:08,991 [trainer.py] => dataset: cifar100
2022-09-01 14:28:08,991 [trainer.py] => memory_size: 2000
2022-09-01 14:28:08,991 [trainer.py] => memory_per_class: 20
2022-09-01 14:28:08,991 [trainer.py] => fixed_memory: False
2022-09-01 14:28:08,992 [trainer.py] => shuffle: True
2022-09-01 14:28:08,992 [trainer.py] => init_cls: 10
2022-09-01 14:28:08,992 [trainer.py] => increment: 10
2022-09-01 14:28:08,992 [trainer.py] => model_name: icarl
2022-09-01 14:28:08,992 [trainer.py] => convnet_type: resnet32
2022-09-01 14:28:08,992 [trainer.py] => device: [device(type='cuda', index=0)]
2022-09-01 14:28:08,992 [trainer.py] => seed: 1993
2022-09-01 14:28:10,019 [data_manager.py] => [68, 56, 78, 8, 23, 84, 90, 65, 74, 76, 40, 89, 3, 92, 55, 9, 26, 80, 43, 38, 58, 70, 77, 1, 85, 19, 17, 50, 28, 53, 13, 81, 45, 82, 6, 59, 83, 16, 15, 44, 91, 41, 72, 60, 79, 52, 20, 10, 31, 54, 37, 95, 14, 71, 96, 98, 97, 2, 64, 66, 42, 22, 35, 86, 24, 34, 87, 21, 99, 0, 88, 27, 18, 94, 11, 12, 47, 25, 30, 46, 62, 69, 36, 61, 7, 63, 75, 5, 32, 4, 51, 48, 73, 93, 39, 67, 29, 49, 57, 33]
2022-09-01 14:28:10,073 [wideresnet.py] => Model: WideResNet 28x2
2022-09-01 14:28:11,198 [trainer.py] => All params: 1466320
2022-09-01 14:28:11,198 [trainer.py] => Trainable params: 1466320
2022-09-01 14:28:11,198 [icarl.py] => Learning on 0-10
2022-09-01 14:47:35,279 [base.py] => Reducing exemplars...(200 per classes)
2022-09-01 14:47:35,279 [base.py] => Constructing exemplars...(200 per classes)
2022-09-01 14:47:39,833 [icarl.py] => Exemplar size: 2000
2022-09-01 14:47:39,833 [trainer.py] => CNN: {'total': 85.3, '00-09': 85.3, 'old': 0, 'new': 85.3}
2022-09-01 14:47:39,833 [trainer.py] => NME: {'total': 86.5, '00-09': 86.5, 'old': 0, 'new': 86.5}
2022-09-01 14:47:39,833 [trainer.py] => CNN top1 curve: [85.3]
2022-09-01 14:47:39,833 [trainer.py] => CNN top5 curve: [98.8]
2022-09-01 14:47:39,833 [trainer.py] => NME top1 curve: [86.5]
2022-09-01 14:47:39,833 [trainer.py] => NME top5 curve: [98.9]

2022-09-01 14:47:39,833 [trainer.py] => All params: 1467610
2022-09-01 14:47:39,833 [trainer.py] => Trainable params: 1467610
2022-09-01 14:47:39,834 [icarl.py] => Learning on 10-20
