2022-08-15 21:57:31,622 [trainer.py] => config: ./exps/simsam.json
2022-08-15 21:57:31,622 [trainer.py] => lr: 0.03
2022-08-15 21:57:31,623 [trainer.py] => warmup: 0
2022-08-15 21:57:31,623 [trainer.py] => wdecay: 0.0005
2022-08-15 21:57:31,623 [trainer.py] => nesterov: True
2022-08-15 21:57:31,623 [trainer.py] => ema_decay: 0.999
2022-08-15 21:57:31,623 [trainer.py] => gpu_id: 0
2022-08-15 21:57:31,623 [trainer.py] => prefix: reproduce
2022-08-15 21:57:31,623 [trainer.py] => dataset: cifar100
2022-08-15 21:57:31,623 [trainer.py] => memory_size: 2000
2022-08-15 21:57:31,623 [trainer.py] => memory_per_class: 20
2022-08-15 21:57:31,623 [trainer.py] => fixed_memory: False
2022-08-15 21:57:31,623 [trainer.py] => shuffle: True
2022-08-15 21:57:31,623 [trainer.py] => init_cls: 10
2022-08-15 21:57:31,623 [trainer.py] => increment: 10
2022-08-15 21:57:31,623 [trainer.py] => model_name: simsam
2022-08-15 21:57:31,623 [trainer.py] => convnet_type: resnet32
2022-08-15 21:57:31,623 [trainer.py] => device: [device(type='cuda', index=0)]
2022-08-15 21:57:31,623 [trainer.py] => seed: 1993
2022-08-15 21:57:32,707 [data_manager.py] => [68, 56, 78, 8, 23, 84, 90, 65, 74, 76, 40, 89, 3, 92, 55, 9, 26, 80, 43, 38, 58, 70, 77, 1, 85, 19, 17, 50, 28, 53, 13, 81, 45, 82, 6, 59, 83, 16, 15, 44, 91, 41, 72, 60, 79, 52, 20, 10, 31, 54, 37, 95, 14, 71, 96, 98, 97, 2, 64, 66, 42, 22, 35, 86, 24, 34, 87, 21, 99, 0, 88, 27, 18, 94, 11, 12, 47, 25, 30, 46, 62, 69, 36, 61, 7, 63, 75, 5, 32, 4, 51, 48, 73, 93, 39, 67, 29, 49, 57, 33]
2022-08-15 21:57:32,897 [wideresnet.py] => Model: WideResNet 28x2
2022-08-15 21:57:34,370 [trainer.py] => All params: 1466320
2022-08-15 21:57:34,370 [trainer.py] => Trainable params: 1466320
2022-08-15 21:57:34,371 [cassle.py] => Learning on 0-10
2022-08-15 22:01:09,870 [trainer.py] => config: ./exps/simsam.json
2022-08-15 22:01:09,870 [trainer.py] => lr: 0.03
2022-08-15 22:01:09,870 [trainer.py] => warmup: 0
2022-08-15 22:01:09,870 [trainer.py] => wdecay: 0.0005
2022-08-15 22:01:09,870 [trainer.py] => nesterov: True
2022-08-15 22:01:09,870 [trainer.py] => ema_decay: 0.999
2022-08-15 22:01:09,870 [trainer.py] => gpu_id: 0
2022-08-15 22:01:09,870 [trainer.py] => prefix: reproduce
2022-08-15 22:01:09,870 [trainer.py] => dataset: cifar100
2022-08-15 22:01:09,870 [trainer.py] => memory_size: 2000
2022-08-15 22:01:09,870 [trainer.py] => memory_per_class: 20
2022-08-15 22:01:09,870 [trainer.py] => fixed_memory: False
2022-08-15 22:01:09,870 [trainer.py] => shuffle: True
2022-08-15 22:01:09,870 [trainer.py] => init_cls: 10
2022-08-15 22:01:09,870 [trainer.py] => increment: 10
2022-08-15 22:01:09,870 [trainer.py] => model_name: simsam
2022-08-15 22:01:09,870 [trainer.py] => convnet_type: resnet32
2022-08-15 22:01:09,870 [trainer.py] => device: [device(type='cuda', index=0)]
2022-08-15 22:01:09,870 [trainer.py] => seed: 1993
2022-08-15 22:01:10,961 [data_manager.py] => [68, 56, 78, 8, 23, 84, 90, 65, 74, 76, 40, 89, 3, 92, 55, 9, 26, 80, 43, 38, 58, 70, 77, 1, 85, 19, 17, 50, 28, 53, 13, 81, 45, 82, 6, 59, 83, 16, 15, 44, 91, 41, 72, 60, 79, 52, 20, 10, 31, 54, 37, 95, 14, 71, 96, 98, 97, 2, 64, 66, 42, 22, 35, 86, 24, 34, 87, 21, 99, 0, 88, 27, 18, 94, 11, 12, 47, 25, 30, 46, 62, 69, 36, 61, 7, 63, 75, 5, 32, 4, 51, 48, 73, 93, 39, 67, 29, 49, 57, 33]
2022-08-15 22:01:11,157 [wideresnet.py] => Model: WideResNet 28x2
2022-08-15 22:01:12,746 [trainer.py] => All params: 1466320
2022-08-15 22:01:12,746 [trainer.py] => Trainable params: 1466320
2022-08-15 22:01:12,747 [cassle.py] => Learning on 0-10
2022-08-15 22:03:24,945 [trainer.py] => config: ./exps/simsam.json
2022-08-15 22:03:24,945 [trainer.py] => lr: 0.03
2022-08-15 22:03:24,945 [trainer.py] => warmup: 0
2022-08-15 22:03:24,945 [trainer.py] => wdecay: 0.0005
2022-08-15 22:03:24,945 [trainer.py] => nesterov: True
2022-08-15 22:03:24,945 [trainer.py] => ema_decay: 0.999
2022-08-15 22:03:24,945 [trainer.py] => gpu_id: 0
2022-08-15 22:03:24,945 [trainer.py] => prefix: reproduce
2022-08-15 22:03:24,945 [trainer.py] => dataset: cifar100
2022-08-15 22:03:24,945 [trainer.py] => memory_size: 2000
2022-08-15 22:03:24,945 [trainer.py] => memory_per_class: 20
2022-08-15 22:03:24,945 [trainer.py] => fixed_memory: False
2022-08-15 22:03:24,945 [trainer.py] => shuffle: True
2022-08-15 22:03:24,945 [trainer.py] => init_cls: 10
2022-08-15 22:03:24,945 [trainer.py] => increment: 10
2022-08-15 22:03:24,945 [trainer.py] => model_name: simsam
2022-08-15 22:03:24,945 [trainer.py] => convnet_type: resnet32
2022-08-15 22:03:24,945 [trainer.py] => device: [device(type='cuda', index=0)]
2022-08-15 22:03:24,945 [trainer.py] => seed: 1993
2022-08-15 22:03:26,019 [data_manager.py] => [68, 56, 78, 8, 23, 84, 90, 65, 74, 76, 40, 89, 3, 92, 55, 9, 26, 80, 43, 38, 58, 70, 77, 1, 85, 19, 17, 50, 28, 53, 13, 81, 45, 82, 6, 59, 83, 16, 15, 44, 91, 41, 72, 60, 79, 52, 20, 10, 31, 54, 37, 95, 14, 71, 96, 98, 97, 2, 64, 66, 42, 22, 35, 86, 24, 34, 87, 21, 99, 0, 88, 27, 18, 94, 11, 12, 47, 25, 30, 46, 62, 69, 36, 61, 7, 63, 75, 5, 32, 4, 51, 48, 73, 93, 39, 67, 29, 49, 57, 33]
2022-08-15 22:03:26,213 [wideresnet.py] => Model: WideResNet 28x2
2022-08-15 22:03:27,403 [trainer.py] => All params: 1466320
2022-08-15 22:03:27,404 [trainer.py] => Trainable params: 1466320
2022-08-15 22:03:27,405 [cassle.py] => Learning on 0-10
2022-08-15 22:04:48,637 [trainer.py] => config: ./exps/simsam.json
2022-08-15 22:04:48,637 [trainer.py] => lr: 0.03
2022-08-15 22:04:48,637 [trainer.py] => warmup: 0
2022-08-15 22:04:48,638 [trainer.py] => wdecay: 0.0005
2022-08-15 22:04:48,638 [trainer.py] => nesterov: True
2022-08-15 22:04:48,638 [trainer.py] => ema_decay: 0.999
2022-08-15 22:04:48,638 [trainer.py] => gpu_id: 0
2022-08-15 22:04:48,638 [trainer.py] => prefix: reproduce
2022-08-15 22:04:48,638 [trainer.py] => dataset: cifar100
2022-08-15 22:04:48,638 [trainer.py] => memory_size: 2000
2022-08-15 22:04:48,638 [trainer.py] => memory_per_class: 20
2022-08-15 22:04:48,638 [trainer.py] => fixed_memory: False
2022-08-15 22:04:48,638 [trainer.py] => shuffle: True
2022-08-15 22:04:48,638 [trainer.py] => init_cls: 10
2022-08-15 22:04:48,638 [trainer.py] => increment: 10
2022-08-15 22:04:48,638 [trainer.py] => model_name: simsam
2022-08-15 22:04:48,638 [trainer.py] => convnet_type: resnet32
2022-08-15 22:04:48,638 [trainer.py] => device: [device(type='cuda', index=0)]
2022-08-15 22:04:48,638 [trainer.py] => seed: 1993
2022-08-15 22:04:49,710 [data_manager.py] => [68, 56, 78, 8, 23, 84, 90, 65, 74, 76, 40, 89, 3, 92, 55, 9, 26, 80, 43, 38, 58, 70, 77, 1, 85, 19, 17, 50, 28, 53, 13, 81, 45, 82, 6, 59, 83, 16, 15, 44, 91, 41, 72, 60, 79, 52, 20, 10, 31, 54, 37, 95, 14, 71, 96, 98, 97, 2, 64, 66, 42, 22, 35, 86, 24, 34, 87, 21, 99, 0, 88, 27, 18, 94, 11, 12, 47, 25, 30, 46, 62, 69, 36, 61, 7, 63, 75, 5, 32, 4, 51, 48, 73, 93, 39, 67, 29, 49, 57, 33]
2022-08-15 22:04:49,901 [wideresnet.py] => Model: WideResNet 28x2
2022-08-15 22:04:51,524 [trainer.py] => All params: 1466320
2022-08-15 22:04:51,524 [trainer.py] => Trainable params: 1466320
2022-08-15 22:04:51,525 [cassle.py] => Learning on 0-10
2022-08-15 22:05:45,457 [trainer.py] => No NME accuracy.
2022-08-15 22:05:45,457 [trainer.py] => CNN: {'total': 10.3, '00-09': 10.3, 'old': 0, 'new': 10.3}
2022-08-15 22:05:45,457 [trainer.py] => CNN top1 curve: [10.3]
2022-08-15 22:05:45,457 [trainer.py] => CNN top5 curve: [60.9]

2022-08-15 22:05:45,457 [trainer.py] => All params: 1467610
2022-08-15 22:05:45,457 [trainer.py] => Trainable params: 1467610
2022-08-15 22:05:45,458 [cassle.py] => Learning on 10-20
2022-08-15 22:08:52,232 [trainer.py] => config: ./exps/simsam.json
2022-08-15 22:08:52,232 [trainer.py] => lr: 0.03
2022-08-15 22:08:52,232 [trainer.py] => warmup: 0
2022-08-15 22:08:52,232 [trainer.py] => wdecay: 0.0005
2022-08-15 22:08:52,232 [trainer.py] => nesterov: True
2022-08-15 22:08:52,232 [trainer.py] => ema_decay: 0.999
2022-08-15 22:08:52,232 [trainer.py] => gpu_id: 0
2022-08-15 22:08:52,232 [trainer.py] => prefix: reproduce
2022-08-15 22:08:52,232 [trainer.py] => dataset: cifar100
2022-08-15 22:08:52,232 [trainer.py] => memory_size: 2000
2022-08-15 22:08:52,232 [trainer.py] => memory_per_class: 20
2022-08-15 22:08:52,232 [trainer.py] => fixed_memory: False
2022-08-15 22:08:52,232 [trainer.py] => shuffle: True
2022-08-15 22:08:52,232 [trainer.py] => init_cls: 10
2022-08-15 22:08:52,232 [trainer.py] => increment: 10
2022-08-15 22:08:52,232 [trainer.py] => model_name: simsam
2022-08-15 22:08:52,232 [trainer.py] => convnet_type: resnet32
2022-08-15 22:08:52,232 [trainer.py] => device: [device(type='cuda', index=0)]
2022-08-15 22:08:52,232 [trainer.py] => seed: 1993
2022-08-15 22:08:53,352 [data_manager.py] => [68, 56, 78, 8, 23, 84, 90, 65, 74, 76, 40, 89, 3, 92, 55, 9, 26, 80, 43, 38, 58, 70, 77, 1, 85, 19, 17, 50, 28, 53, 13, 81, 45, 82, 6, 59, 83, 16, 15, 44, 91, 41, 72, 60, 79, 52, 20, 10, 31, 54, 37, 95, 14, 71, 96, 98, 97, 2, 64, 66, 42, 22, 35, 86, 24, 34, 87, 21, 99, 0, 88, 27, 18, 94, 11, 12, 47, 25, 30, 46, 62, 69, 36, 61, 7, 63, 75, 5, 32, 4, 51, 48, 73, 93, 39, 67, 29, 49, 57, 33]
2022-08-15 22:08:53,545 [wideresnet.py] => Model: WideResNet 28x2
2022-08-15 22:08:54,944 [trainer.py] => All params: 1466320
2022-08-15 22:08:54,944 [trainer.py] => Trainable params: 1466320
2022-08-15 22:08:54,945 [cassle.py] => Learning on 0-10
2022-08-15 22:09:47,782 [trainer.py] => No NME accuracy.
2022-08-15 22:09:47,782 [trainer.py] => CNN: {'total': 10.3, '00-09': 10.3, 'old': 0, 'new': 10.3}
2022-08-15 22:09:47,782 [trainer.py] => CNN top1 curve: [10.3]
2022-08-15 22:09:47,782 [trainer.py] => CNN top5 curve: [60.9]

2022-08-15 22:09:47,782 [trainer.py] => All params: 1467610
2022-08-15 22:09:47,782 [trainer.py] => Trainable params: 1467610
2022-08-15 22:09:47,783 [cassle.py] => Learning on 10-20
2022-08-15 22:10:41,343 [trainer.py] => config: ./exps/simsam.json
2022-08-15 22:10:41,344 [trainer.py] => lr: 0.03
2022-08-15 22:10:41,344 [trainer.py] => warmup: 0
2022-08-15 22:10:41,344 [trainer.py] => wdecay: 0.0005
2022-08-15 22:10:41,344 [trainer.py] => nesterov: True
2022-08-15 22:10:41,344 [trainer.py] => ema_decay: 0.999
2022-08-15 22:10:41,344 [trainer.py] => gpu_id: 0
2022-08-15 22:10:41,344 [trainer.py] => prefix: reproduce
2022-08-15 22:10:41,344 [trainer.py] => dataset: cifar100
2022-08-15 22:10:41,344 [trainer.py] => memory_size: 2000
2022-08-15 22:10:41,344 [trainer.py] => memory_per_class: 20
2022-08-15 22:10:41,344 [trainer.py] => fixed_memory: False
2022-08-15 22:10:41,344 [trainer.py] => shuffle: True
2022-08-15 22:10:41,344 [trainer.py] => init_cls: 10
2022-08-15 22:10:41,344 [trainer.py] => increment: 10
2022-08-15 22:10:41,344 [trainer.py] => model_name: simsam
2022-08-15 22:10:41,344 [trainer.py] => convnet_type: resnet32
2022-08-15 22:10:41,344 [trainer.py] => device: [device(type='cuda', index=0)]
2022-08-15 22:10:41,344 [trainer.py] => seed: 1993
2022-08-15 22:10:42,409 [data_manager.py] => [68, 56, 78, 8, 23, 84, 90, 65, 74, 76, 40, 89, 3, 92, 55, 9, 26, 80, 43, 38, 58, 70, 77, 1, 85, 19, 17, 50, 28, 53, 13, 81, 45, 82, 6, 59, 83, 16, 15, 44, 91, 41, 72, 60, 79, 52, 20, 10, 31, 54, 37, 95, 14, 71, 96, 98, 97, 2, 64, 66, 42, 22, 35, 86, 24, 34, 87, 21, 99, 0, 88, 27, 18, 94, 11, 12, 47, 25, 30, 46, 62, 69, 36, 61, 7, 63, 75, 5, 32, 4, 51, 48, 73, 93, 39, 67, 29, 49, 57, 33]
2022-08-15 22:10:42,605 [wideresnet.py] => Model: WideResNet 28x2
2022-08-15 22:10:43,861 [trainer.py] => All params: 1466320
2022-08-15 22:10:43,861 [trainer.py] => Trainable params: 1466320
2022-08-15 22:10:43,861 [cassle.py] => Learning on 0-10
2022-08-15 22:11:37,746 [trainer.py] => No NME accuracy.
2022-08-15 22:11:37,746 [trainer.py] => CNN: {'total': 10.3, '00-09': 10.3, 'old': 0, 'new': 10.3}
2022-08-15 22:11:37,746 [trainer.py] => CNN top1 curve: [10.3]
2022-08-15 22:11:37,746 [trainer.py] => CNN top5 curve: [60.9]

2022-08-15 22:11:37,746 [trainer.py] => All params: 1467610
2022-08-15 22:11:37,746 [trainer.py] => Trainable params: 1467610
2022-08-15 22:11:37,749 [cassle.py] => Learning on 10-20
2022-08-15 22:18:07,050 [trainer.py] => config: ./exps/simsam.json
2022-08-15 22:18:07,050 [trainer.py] => lr: 0.03
2022-08-15 22:18:07,050 [trainer.py] => warmup: 0
2022-08-15 22:18:07,051 [trainer.py] => wdecay: 0.0005
2022-08-15 22:18:07,051 [trainer.py] => nesterov: True
2022-08-15 22:18:07,051 [trainer.py] => ema_decay: 0.999
2022-08-15 22:18:07,051 [trainer.py] => gpu_id: 0
2022-08-15 22:18:07,051 [trainer.py] => prefix: reproduce
2022-08-15 22:18:07,051 [trainer.py] => dataset: cifar100
2022-08-15 22:18:07,051 [trainer.py] => memory_size: 2000
2022-08-15 22:18:07,051 [trainer.py] => memory_per_class: 20
2022-08-15 22:18:07,051 [trainer.py] => fixed_memory: False
2022-08-15 22:18:07,051 [trainer.py] => shuffle: True
2022-08-15 22:18:07,051 [trainer.py] => init_cls: 10
2022-08-15 22:18:07,051 [trainer.py] => increment: 10
2022-08-15 22:18:07,051 [trainer.py] => model_name: simsam
2022-08-15 22:18:07,051 [trainer.py] => convnet_type: resnet32
2022-08-15 22:18:07,051 [trainer.py] => device: [device(type='cuda', index=0)]
2022-08-15 22:18:07,051 [trainer.py] => seed: 1993
2022-08-15 22:18:08,218 [data_manager.py] => [68, 56, 78, 8, 23, 84, 90, 65, 74, 76, 40, 89, 3, 92, 55, 9, 26, 80, 43, 38, 58, 70, 77, 1, 85, 19, 17, 50, 28, 53, 13, 81, 45, 82, 6, 59, 83, 16, 15, 44, 91, 41, 72, 60, 79, 52, 20, 10, 31, 54, 37, 95, 14, 71, 96, 98, 97, 2, 64, 66, 42, 22, 35, 86, 24, 34, 87, 21, 99, 0, 88, 27, 18, 94, 11, 12, 47, 25, 30, 46, 62, 69, 36, 61, 7, 63, 75, 5, 32, 4, 51, 48, 73, 93, 39, 67, 29, 49, 57, 33]
2022-08-15 22:18:08,517 [wideresnet.py] => Model: WideResNet 28x2
2022-08-15 22:18:10,171 [trainer.py] => All params: 1466320
2022-08-15 22:18:10,171 [trainer.py] => Trainable params: 1466320
2022-08-15 22:18:10,171 [cassle.py] => Learning on 0-10
2022-08-15 22:19:03,533 [trainer.py] => No NME accuracy.
2022-08-15 22:19:03,533 [trainer.py] => CNN: {'total': 10.3, '00-09': 10.3, 'old': 0, 'new': 10.3}
2022-08-15 22:19:03,533 [trainer.py] => CNN top1 curve: [10.3]
2022-08-15 22:19:03,533 [trainer.py] => CNN top5 curve: [60.9]

2022-08-15 22:19:03,533 [trainer.py] => All params: 1467610
2022-08-15 22:19:03,533 [trainer.py] => Trainable params: 1467610
2022-08-15 22:19:03,533 [cassle.py] => Learning on 10-20
2022-08-15 22:22:07,343 [trainer.py] => config: ./exps/simsam.json
2022-08-15 22:22:07,343 [trainer.py] => lr: 0.03
2022-08-15 22:22:07,343 [trainer.py] => warmup: 0
2022-08-15 22:22:07,343 [trainer.py] => wdecay: 0.0005
2022-08-15 22:22:07,343 [trainer.py] => nesterov: True
2022-08-15 22:22:07,343 [trainer.py] => ema_decay: 0.999
2022-08-15 22:22:07,343 [trainer.py] => gpu_id: 0
2022-08-15 22:22:07,343 [trainer.py] => prefix: reproduce
2022-08-15 22:22:07,343 [trainer.py] => dataset: cifar100
2022-08-15 22:22:07,343 [trainer.py] => memory_size: 2000
2022-08-15 22:22:07,343 [trainer.py] => memory_per_class: 20
2022-08-15 22:22:07,343 [trainer.py] => fixed_memory: False
2022-08-15 22:22:07,343 [trainer.py] => shuffle: True
2022-08-15 22:22:07,343 [trainer.py] => init_cls: 10
2022-08-15 22:22:07,343 [trainer.py] => increment: 10
2022-08-15 22:22:07,343 [trainer.py] => model_name: simsam
2022-08-15 22:22:07,343 [trainer.py] => convnet_type: resnet32
2022-08-15 22:22:07,344 [trainer.py] => device: [device(type='cuda', index=0)]
2022-08-15 22:22:07,344 [trainer.py] => seed: 1993
2022-08-15 22:22:08,414 [data_manager.py] => [68, 56, 78, 8, 23, 84, 90, 65, 74, 76, 40, 89, 3, 92, 55, 9, 26, 80, 43, 38, 58, 70, 77, 1, 85, 19, 17, 50, 28, 53, 13, 81, 45, 82, 6, 59, 83, 16, 15, 44, 91, 41, 72, 60, 79, 52, 20, 10, 31, 54, 37, 95, 14, 71, 96, 98, 97, 2, 64, 66, 42, 22, 35, 86, 24, 34, 87, 21, 99, 0, 88, 27, 18, 94, 11, 12, 47, 25, 30, 46, 62, 69, 36, 61, 7, 63, 75, 5, 32, 4, 51, 48, 73, 93, 39, 67, 29, 49, 57, 33]
2022-08-15 22:22:08,613 [wideresnet.py] => Model: WideResNet 28x2
2022-08-15 22:22:10,197 [trainer.py] => All params: 1466320
2022-08-15 22:22:10,200 [trainer.py] => Trainable params: 1466320
2022-08-15 22:22:10,200 [cassle.py] => Learning on 0-10
2022-08-15 22:22:15,222 [trainer.py] => No NME accuracy.
2022-08-15 22:22:15,222 [trainer.py] => CNN: {'total': 9.8, '00-09': 9.8, 'old': 0, 'new': 9.8}
2022-08-15 22:22:15,222 [trainer.py] => CNN top1 curve: [9.8]
2022-08-15 22:22:15,222 [trainer.py] => CNN top5 curve: [50.3]

2022-08-15 22:22:15,222 [trainer.py] => All params: 1467610
2022-08-15 22:22:15,222 [trainer.py] => Trainable params: 1467610
2022-08-15 22:22:15,223 [cassle.py] => Learning on 10-20
2022-08-15 22:23:13,080 [trainer.py] => config: ./exps/simsam.json
2022-08-15 22:23:13,080 [trainer.py] => lr: 0.03
2022-08-15 22:23:13,080 [trainer.py] => warmup: 0
2022-08-15 22:23:13,080 [trainer.py] => wdecay: 0.0005
2022-08-15 22:23:13,080 [trainer.py] => nesterov: True
2022-08-15 22:23:13,080 [trainer.py] => ema_decay: 0.999
2022-08-15 22:23:13,080 [trainer.py] => gpu_id: 0
2022-08-15 22:23:13,080 [trainer.py] => prefix: reproduce
2022-08-15 22:23:13,080 [trainer.py] => dataset: cifar100
2022-08-15 22:23:13,080 [trainer.py] => memory_size: 2000
2022-08-15 22:23:13,080 [trainer.py] => memory_per_class: 20
2022-08-15 22:23:13,081 [trainer.py] => fixed_memory: False
2022-08-15 22:23:13,081 [trainer.py] => shuffle: True
2022-08-15 22:23:13,081 [trainer.py] => init_cls: 10
2022-08-15 22:23:13,081 [trainer.py] => increment: 10
2022-08-15 22:23:13,081 [trainer.py] => model_name: simsam
2022-08-15 22:23:13,081 [trainer.py] => convnet_type: resnet32
2022-08-15 22:23:13,081 [trainer.py] => device: [device(type='cuda', index=0)]
2022-08-15 22:23:13,081 [trainer.py] => seed: 1993
2022-08-15 22:23:14,162 [data_manager.py] => [68, 56, 78, 8, 23, 84, 90, 65, 74, 76, 40, 89, 3, 92, 55, 9, 26, 80, 43, 38, 58, 70, 77, 1, 85, 19, 17, 50, 28, 53, 13, 81, 45, 82, 6, 59, 83, 16, 15, 44, 91, 41, 72, 60, 79, 52, 20, 10, 31, 54, 37, 95, 14, 71, 96, 98, 97, 2, 64, 66, 42, 22, 35, 86, 24, 34, 87, 21, 99, 0, 88, 27, 18, 94, 11, 12, 47, 25, 30, 46, 62, 69, 36, 61, 7, 63, 75, 5, 32, 4, 51, 48, 73, 93, 39, 67, 29, 49, 57, 33]
2022-08-15 22:23:14,353 [wideresnet.py] => Model: WideResNet 28x2
2022-08-15 22:23:15,576 [trainer.py] => All params: 1466320
2022-08-15 22:23:15,576 [trainer.py] => Trainable params: 1466320
2022-08-15 22:23:15,576 [cassle.py] => Learning on 0-10
2022-08-15 22:23:20,488 [trainer.py] => No NME accuracy.
2022-08-15 22:23:20,488 [trainer.py] => CNN: {'total': 9.8, '00-09': 9.8, 'old': 0, 'new': 9.8}
2022-08-15 22:23:20,488 [trainer.py] => CNN top1 curve: [9.8]
2022-08-15 22:23:20,488 [trainer.py] => CNN top5 curve: [50.3]

2022-08-15 22:23:20,488 [trainer.py] => All params: 1467610
2022-08-15 22:23:20,488 [trainer.py] => Trainable params: 1467610
2022-08-15 22:23:20,490 [cassle.py] => Learning on 10-20
2022-08-15 22:23:38,721 [trainer.py] => config: ./exps/simsam.json
2022-08-15 22:23:38,721 [trainer.py] => lr: 0.03
2022-08-15 22:23:38,721 [trainer.py] => warmup: 0
2022-08-15 22:23:38,721 [trainer.py] => wdecay: 0.0005
2022-08-15 22:23:38,721 [trainer.py] => nesterov: True
2022-08-15 22:23:38,721 [trainer.py] => ema_decay: 0.999
2022-08-15 22:23:38,721 [trainer.py] => gpu_id: 0
2022-08-15 22:23:38,721 [trainer.py] => prefix: reproduce
2022-08-15 22:23:38,721 [trainer.py] => dataset: cifar100
2022-08-15 22:23:38,721 [trainer.py] => memory_size: 2000
2022-08-15 22:23:38,721 [trainer.py] => memory_per_class: 20
2022-08-15 22:23:38,721 [trainer.py] => fixed_memory: False
2022-08-15 22:23:38,721 [trainer.py] => shuffle: True
2022-08-15 22:23:38,721 [trainer.py] => init_cls: 10
2022-08-15 22:23:38,721 [trainer.py] => increment: 10
2022-08-15 22:23:38,721 [trainer.py] => model_name: simsam
2022-08-15 22:23:38,721 [trainer.py] => convnet_type: resnet32
2022-08-15 22:23:38,721 [trainer.py] => device: [device(type='cuda', index=0)]
2022-08-15 22:23:38,721 [trainer.py] => seed: 1993
2022-08-15 22:23:39,888 [data_manager.py] => [68, 56, 78, 8, 23, 84, 90, 65, 74, 76, 40, 89, 3, 92, 55, 9, 26, 80, 43, 38, 58, 70, 77, 1, 85, 19, 17, 50, 28, 53, 13, 81, 45, 82, 6, 59, 83, 16, 15, 44, 91, 41, 72, 60, 79, 52, 20, 10, 31, 54, 37, 95, 14, 71, 96, 98, 97, 2, 64, 66, 42, 22, 35, 86, 24, 34, 87, 21, 99, 0, 88, 27, 18, 94, 11, 12, 47, 25, 30, 46, 62, 69, 36, 61, 7, 63, 75, 5, 32, 4, 51, 48, 73, 93, 39, 67, 29, 49, 57, 33]
2022-08-15 22:23:40,153 [wideresnet.py] => Model: WideResNet 28x2
2022-08-15 22:23:41,745 [trainer.py] => All params: 1466320
2022-08-15 22:23:41,745 [trainer.py] => Trainable params: 1466320
2022-08-15 22:23:41,745 [cassle.py] => Learning on 0-10
2022-08-15 22:23:46,533 [trainer.py] => No NME accuracy.
2022-08-15 22:23:46,533 [trainer.py] => CNN: {'total': 9.8, '00-09': 9.8, 'old': 0, 'new': 9.8}
2022-08-15 22:23:46,533 [trainer.py] => CNN top1 curve: [9.8]
2022-08-15 22:23:46,533 [trainer.py] => CNN top5 curve: [50.3]

2022-08-15 22:23:46,534 [trainer.py] => All params: 1467610
2022-08-15 22:23:46,534 [trainer.py] => Trainable params: 1467610
2022-08-15 22:23:46,536 [cassle.py] => Learning on 10-20
2022-08-15 22:24:05,194 [trainer.py] => config: ./exps/simsam.json
2022-08-15 22:24:05,195 [trainer.py] => lr: 0.03
2022-08-15 22:24:05,195 [trainer.py] => warmup: 0
2022-08-15 22:24:05,195 [trainer.py] => wdecay: 0.0005
2022-08-15 22:24:05,195 [trainer.py] => nesterov: True
2022-08-15 22:24:05,195 [trainer.py] => ema_decay: 0.999
2022-08-15 22:24:05,195 [trainer.py] => gpu_id: 0
2022-08-15 22:24:05,195 [trainer.py] => prefix: reproduce
2022-08-15 22:24:05,195 [trainer.py] => dataset: cifar100
2022-08-15 22:24:05,195 [trainer.py] => memory_size: 2000
2022-08-15 22:24:05,195 [trainer.py] => memory_per_class: 20
2022-08-15 22:24:05,195 [trainer.py] => fixed_memory: False
2022-08-15 22:24:05,195 [trainer.py] => shuffle: True
2022-08-15 22:24:05,195 [trainer.py] => init_cls: 10
2022-08-15 22:24:05,195 [trainer.py] => increment: 10
2022-08-15 22:24:05,195 [trainer.py] => model_name: simsam
2022-08-15 22:24:05,195 [trainer.py] => convnet_type: resnet32
2022-08-15 22:24:05,195 [trainer.py] => device: [device(type='cuda', index=0)]
2022-08-15 22:24:05,195 [trainer.py] => seed: 1993
2022-08-15 22:24:06,272 [data_manager.py] => [68, 56, 78, 8, 23, 84, 90, 65, 74, 76, 40, 89, 3, 92, 55, 9, 26, 80, 43, 38, 58, 70, 77, 1, 85, 19, 17, 50, 28, 53, 13, 81, 45, 82, 6, 59, 83, 16, 15, 44, 91, 41, 72, 60, 79, 52, 20, 10, 31, 54, 37, 95, 14, 71, 96, 98, 97, 2, 64, 66, 42, 22, 35, 86, 24, 34, 87, 21, 99, 0, 88, 27, 18, 94, 11, 12, 47, 25, 30, 46, 62, 69, 36, 61, 7, 63, 75, 5, 32, 4, 51, 48, 73, 93, 39, 67, 29, 49, 57, 33]
2022-08-15 22:24:06,465 [wideresnet.py] => Model: WideResNet 28x2
2022-08-15 22:24:07,928 [trainer.py] => All params: 1466320
2022-08-15 22:24:07,929 [trainer.py] => Trainable params: 1466320
2022-08-15 22:24:07,930 [cassle.py] => Learning on 0-10
2022-08-15 22:24:13,114 [trainer.py] => No NME accuracy.
2022-08-15 22:24:13,114 [trainer.py] => CNN: {'total': 9.8, '00-09': 9.8, 'old': 0, 'new': 9.8}
2022-08-15 22:24:13,114 [trainer.py] => CNN top1 curve: [9.8]
2022-08-15 22:24:13,114 [trainer.py] => CNN top5 curve: [50.3]

2022-08-15 22:24:13,114 [trainer.py] => All params: 1467610
2022-08-15 22:24:13,114 [trainer.py] => Trainable params: 1467610
2022-08-15 22:24:13,115 [cassle.py] => Learning on 10-20
2022-08-15 22:25:05,596 [trainer.py] => config: ./exps/simsam.json
2022-08-15 22:25:05,596 [trainer.py] => lr: 0.03
2022-08-15 22:25:05,596 [trainer.py] => warmup: 0
2022-08-15 22:25:05,596 [trainer.py] => wdecay: 0.0005
2022-08-15 22:25:05,596 [trainer.py] => nesterov: True
2022-08-15 22:25:05,596 [trainer.py] => ema_decay: 0.999
2022-08-15 22:25:05,596 [trainer.py] => gpu_id: 0
2022-08-15 22:25:05,596 [trainer.py] => prefix: reproduce
2022-08-15 22:25:05,596 [trainer.py] => dataset: cifar100
2022-08-15 22:25:05,596 [trainer.py] => memory_size: 2000
2022-08-15 22:25:05,596 [trainer.py] => memory_per_class: 20
2022-08-15 22:25:05,596 [trainer.py] => fixed_memory: False
2022-08-15 22:25:05,596 [trainer.py] => shuffle: True
2022-08-15 22:25:05,596 [trainer.py] => init_cls: 10
2022-08-15 22:25:05,596 [trainer.py] => increment: 10
2022-08-15 22:25:05,596 [trainer.py] => model_name: simsam
2022-08-15 22:25:05,597 [trainer.py] => convnet_type: resnet32
2022-08-15 22:25:05,597 [trainer.py] => device: [device(type='cuda', index=0)]
2022-08-15 22:25:05,597 [trainer.py] => seed: 1993
2022-08-15 22:25:06,667 [data_manager.py] => [68, 56, 78, 8, 23, 84, 90, 65, 74, 76, 40, 89, 3, 92, 55, 9, 26, 80, 43, 38, 58, 70, 77, 1, 85, 19, 17, 50, 28, 53, 13, 81, 45, 82, 6, 59, 83, 16, 15, 44, 91, 41, 72, 60, 79, 52, 20, 10, 31, 54, 37, 95, 14, 71, 96, 98, 97, 2, 64, 66, 42, 22, 35, 86, 24, 34, 87, 21, 99, 0, 88, 27, 18, 94, 11, 12, 47, 25, 30, 46, 62, 69, 36, 61, 7, 63, 75, 5, 32, 4, 51, 48, 73, 93, 39, 67, 29, 49, 57, 33]
2022-08-15 22:25:06,869 [wideresnet.py] => Model: WideResNet 28x2
2022-08-15 22:25:08,288 [trainer.py] => All params: 1466320
2022-08-15 22:25:08,288 [trainer.py] => Trainable params: 1466320
2022-08-15 22:25:08,289 [cassle.py] => Learning on 0-10
2022-08-15 22:25:13,284 [trainer.py] => No NME accuracy.
2022-08-15 22:25:13,284 [trainer.py] => CNN: {'total': 9.8, '00-09': 9.8, 'old': 0, 'new': 9.8}
2022-08-15 22:25:13,284 [trainer.py] => CNN top1 curve: [9.8]
2022-08-15 22:25:13,284 [trainer.py] => CNN top5 curve: [50.3]

2022-08-15 22:25:13,284 [trainer.py] => All params: 1467610
2022-08-15 22:25:13,285 [trainer.py] => Trainable params: 1467610
2022-08-15 22:25:13,287 [cassle.py] => Learning on 10-20
2022-08-15 22:25:48,531 [trainer.py] => config: ./exps/simsam.json
2022-08-15 22:25:48,531 [trainer.py] => lr: 0.03
2022-08-15 22:25:48,531 [trainer.py] => warmup: 0
2022-08-15 22:25:48,531 [trainer.py] => wdecay: 0.0005
2022-08-15 22:25:48,531 [trainer.py] => nesterov: True
2022-08-15 22:25:48,531 [trainer.py] => ema_decay: 0.999
2022-08-15 22:25:48,531 [trainer.py] => gpu_id: 0
2022-08-15 22:25:48,531 [trainer.py] => prefix: reproduce
2022-08-15 22:25:48,531 [trainer.py] => dataset: cifar100
2022-08-15 22:25:48,531 [trainer.py] => memory_size: 2000
2022-08-15 22:25:48,531 [trainer.py] => memory_per_class: 20
2022-08-15 22:25:48,531 [trainer.py] => fixed_memory: False
2022-08-15 22:25:48,531 [trainer.py] => shuffle: True
2022-08-15 22:25:48,531 [trainer.py] => init_cls: 10
2022-08-15 22:25:48,531 [trainer.py] => increment: 10
2022-08-15 22:25:48,531 [trainer.py] => model_name: simsam
2022-08-15 22:25:48,531 [trainer.py] => convnet_type: resnet32
2022-08-15 22:25:48,532 [trainer.py] => device: [device(type='cuda', index=0)]
2022-08-15 22:25:48,532 [trainer.py] => seed: 1993
2022-08-15 22:25:49,700 [data_manager.py] => [68, 56, 78, 8, 23, 84, 90, 65, 74, 76, 40, 89, 3, 92, 55, 9, 26, 80, 43, 38, 58, 70, 77, 1, 85, 19, 17, 50, 28, 53, 13, 81, 45, 82, 6, 59, 83, 16, 15, 44, 91, 41, 72, 60, 79, 52, 20, 10, 31, 54, 37, 95, 14, 71, 96, 98, 97, 2, 64, 66, 42, 22, 35, 86, 24, 34, 87, 21, 99, 0, 88, 27, 18, 94, 11, 12, 47, 25, 30, 46, 62, 69, 36, 61, 7, 63, 75, 5, 32, 4, 51, 48, 73, 93, 39, 67, 29, 49, 57, 33]
2022-08-15 22:25:49,902 [wideresnet.py] => Model: WideResNet 28x2
2022-08-15 22:25:51,385 [trainer.py] => All params: 1466320
2022-08-15 22:25:51,386 [trainer.py] => Trainable params: 1466320
2022-08-15 22:25:51,387 [cassle.py] => Learning on 0-10
2022-08-15 22:25:56,043 [trainer.py] => No NME accuracy.
2022-08-15 22:25:56,043 [trainer.py] => CNN: {'total': 9.8, '00-09': 9.8, 'old': 0, 'new': 9.8}
2022-08-15 22:25:56,043 [trainer.py] => CNN top1 curve: [9.8]
2022-08-15 22:25:56,043 [trainer.py] => CNN top5 curve: [50.3]

2022-08-15 22:25:56,043 [trainer.py] => All params: 1467610
2022-08-15 22:25:56,043 [trainer.py] => Trainable params: 1467610
2022-08-15 22:25:56,046 [cassle.py] => Learning on 10-20
2022-08-15 22:30:38,751 [trainer.py] => config: ./exps/simsam.json
2022-08-15 22:30:38,751 [trainer.py] => lr: 0.03
2022-08-15 22:30:38,751 [trainer.py] => warmup: 0
2022-08-15 22:30:38,751 [trainer.py] => wdecay: 0.0005
2022-08-15 22:30:38,751 [trainer.py] => nesterov: True
2022-08-15 22:30:38,751 [trainer.py] => ema_decay: 0.999
2022-08-15 22:30:38,751 [trainer.py] => gpu_id: 0
2022-08-15 22:30:38,751 [trainer.py] => prefix: reproduce
2022-08-15 22:30:38,751 [trainer.py] => dataset: cifar100
2022-08-15 22:30:38,751 [trainer.py] => memory_size: 2000
2022-08-15 22:30:38,751 [trainer.py] => memory_per_class: 20
2022-08-15 22:30:38,752 [trainer.py] => fixed_memory: False
2022-08-15 22:30:38,752 [trainer.py] => shuffle: True
2022-08-15 22:30:38,752 [trainer.py] => init_cls: 10
2022-08-15 22:30:38,752 [trainer.py] => increment: 10
2022-08-15 22:30:38,752 [trainer.py] => model_name: simsam
2022-08-15 22:30:38,752 [trainer.py] => convnet_type: resnet32
2022-08-15 22:30:38,752 [trainer.py] => device: [device(type='cuda', index=0)]
2022-08-15 22:30:38,752 [trainer.py] => seed: 1993
2022-08-15 22:30:39,820 [data_manager.py] => [68, 56, 78, 8, 23, 84, 90, 65, 74, 76, 40, 89, 3, 92, 55, 9, 26, 80, 43, 38, 58, 70, 77, 1, 85, 19, 17, 50, 28, 53, 13, 81, 45, 82, 6, 59, 83, 16, 15, 44, 91, 41, 72, 60, 79, 52, 20, 10, 31, 54, 37, 95, 14, 71, 96, 98, 97, 2, 64, 66, 42, 22, 35, 86, 24, 34, 87, 21, 99, 0, 88, 27, 18, 94, 11, 12, 47, 25, 30, 46, 62, 69, 36, 61, 7, 63, 75, 5, 32, 4, 51, 48, 73, 93, 39, 67, 29, 49, 57, 33]
2022-08-15 22:30:40,037 [wideresnet.py] => Model: WideResNet 28x2
2022-08-15 22:30:41,259 [trainer.py] => All params: 1466320
2022-08-15 22:30:41,259 [trainer.py] => Trainable params: 1466320
2022-08-15 22:30:41,259 [cassle.py] => Learning on 0-10
2022-08-15 22:30:46,094 [trainer.py] => No NME accuracy.
2022-08-15 22:30:46,094 [trainer.py] => CNN: {'total': 9.8, '00-09': 9.8, 'old': 0, 'new': 9.8}
2022-08-15 22:30:46,094 [trainer.py] => CNN top1 curve: [9.8]
2022-08-15 22:30:46,094 [trainer.py] => CNN top5 curve: [50.3]

2022-08-15 22:30:46,095 [trainer.py] => All params: 1467610
2022-08-15 22:30:46,095 [trainer.py] => Trainable params: 1467610
2022-08-15 22:30:46,096 [cassle.py] => Learning on 10-20
2022-08-15 22:31:40,166 [trainer.py] => config: ./exps/simsam.json
2022-08-15 22:31:40,166 [trainer.py] => lr: 0.03
2022-08-15 22:31:40,166 [trainer.py] => warmup: 0
2022-08-15 22:31:40,166 [trainer.py] => wdecay: 0.0005
2022-08-15 22:31:40,166 [trainer.py] => nesterov: True
2022-08-15 22:31:40,166 [trainer.py] => ema_decay: 0.999
2022-08-15 22:31:40,166 [trainer.py] => gpu_id: 0
2022-08-15 22:31:40,166 [trainer.py] => prefix: reproduce
2022-08-15 22:31:40,166 [trainer.py] => dataset: cifar100
2022-08-15 22:31:40,166 [trainer.py] => memory_size: 2000
2022-08-15 22:31:40,166 [trainer.py] => memory_per_class: 20
2022-08-15 22:31:40,166 [trainer.py] => fixed_memory: False
2022-08-15 22:31:40,166 [trainer.py] => shuffle: True
2022-08-15 22:31:40,166 [trainer.py] => init_cls: 10
2022-08-15 22:31:40,166 [trainer.py] => increment: 10
2022-08-15 22:31:40,166 [trainer.py] => model_name: simsam
2022-08-15 22:31:40,166 [trainer.py] => convnet_type: resnet32
2022-08-15 22:31:40,166 [trainer.py] => device: [device(type='cuda', index=0)]
2022-08-15 22:31:40,166 [trainer.py] => seed: 1993
2022-08-15 22:31:41,237 [data_manager.py] => [68, 56, 78, 8, 23, 84, 90, 65, 74, 76, 40, 89, 3, 92, 55, 9, 26, 80, 43, 38, 58, 70, 77, 1, 85, 19, 17, 50, 28, 53, 13, 81, 45, 82, 6, 59, 83, 16, 15, 44, 91, 41, 72, 60, 79, 52, 20, 10, 31, 54, 37, 95, 14, 71, 96, 98, 97, 2, 64, 66, 42, 22, 35, 86, 24, 34, 87, 21, 99, 0, 88, 27, 18, 94, 11, 12, 47, 25, 30, 46, 62, 69, 36, 61, 7, 63, 75, 5, 32, 4, 51, 48, 73, 93, 39, 67, 29, 49, 57, 33]
2022-08-15 22:31:41,429 [wideresnet.py] => Model: WideResNet 28x2
2022-08-15 22:31:43,010 [trainer.py] => All params: 1466320
2022-08-15 22:31:43,010 [trainer.py] => Trainable params: 1466320
2022-08-15 22:31:43,010 [cassle.py] => Learning on 0-10
2022-08-15 22:32:35,589 [trainer.py] => No NME accuracy.
2022-08-15 22:32:35,589 [trainer.py] => CNN: {'total': 10.3, '00-09': 10.3, 'old': 0, 'new': 10.3}
2022-08-15 22:32:35,589 [trainer.py] => CNN top1 curve: [10.3]
2022-08-15 22:32:35,589 [trainer.py] => CNN top5 curve: [60.9]

2022-08-15 22:32:35,590 [trainer.py] => All params: 1467610
2022-08-15 22:32:35,590 [trainer.py] => Trainable params: 1467610
2022-08-15 22:32:35,591 [cassle.py] => Learning on 10-20
2022-08-15 22:33:38,985 [trainer.py] => config: ./exps/simsam.json
2022-08-15 22:33:38,985 [trainer.py] => lr: 0.03
2022-08-15 22:33:38,985 [trainer.py] => warmup: 0
2022-08-15 22:33:38,985 [trainer.py] => wdecay: 0.0005
2022-08-15 22:33:38,985 [trainer.py] => nesterov: True
2022-08-15 22:33:38,985 [trainer.py] => ema_decay: 0.999
2022-08-15 22:33:38,985 [trainer.py] => gpu_id: 0
2022-08-15 22:33:38,985 [trainer.py] => prefix: reproduce
2022-08-15 22:33:38,985 [trainer.py] => dataset: cifar100
2022-08-15 22:33:38,985 [trainer.py] => memory_size: 2000
2022-08-15 22:33:38,985 [trainer.py] => memory_per_class: 20
2022-08-15 22:33:38,985 [trainer.py] => fixed_memory: False
2022-08-15 22:33:38,985 [trainer.py] => shuffle: True
2022-08-15 22:33:38,985 [trainer.py] => init_cls: 10
2022-08-15 22:33:38,985 [trainer.py] => increment: 10
2022-08-15 22:33:38,985 [trainer.py] => model_name: simsam
2022-08-15 22:33:38,985 [trainer.py] => convnet_type: resnet32
2022-08-15 22:33:38,985 [trainer.py] => device: [device(type='cuda', index=0)]
2022-08-15 22:33:38,985 [trainer.py] => seed: 1993
2022-08-15 22:33:40,066 [data_manager.py] => [68, 56, 78, 8, 23, 84, 90, 65, 74, 76, 40, 89, 3, 92, 55, 9, 26, 80, 43, 38, 58, 70, 77, 1, 85, 19, 17, 50, 28, 53, 13, 81, 45, 82, 6, 59, 83, 16, 15, 44, 91, 41, 72, 60, 79, 52, 20, 10, 31, 54, 37, 95, 14, 71, 96, 98, 97, 2, 64, 66, 42, 22, 35, 86, 24, 34, 87, 21, 99, 0, 88, 27, 18, 94, 11, 12, 47, 25, 30, 46, 62, 69, 36, 61, 7, 63, 75, 5, 32, 4, 51, 48, 73, 93, 39, 67, 29, 49, 57, 33]
2022-08-15 22:33:40,257 [wideresnet.py] => Model: WideResNet 28x2
2022-08-15 22:33:41,730 [trainer.py] => All params: 1466320
2022-08-15 22:33:41,731 [trainer.py] => Trainable params: 1466320
2022-08-15 22:33:41,731 [cassle.py] => Learning on 0-10
2022-08-15 22:34:34,428 [trainer.py] => No NME accuracy.
2022-08-15 22:34:34,428 [trainer.py] => CNN: {'total': 10.3, '00-09': 10.3, 'old': 0, 'new': 10.3}
2022-08-15 22:34:34,428 [trainer.py] => CNN top1 curve: [10.3]
2022-08-15 22:34:34,428 [trainer.py] => CNN top5 curve: [60.9]

2022-08-15 22:34:34,428 [trainer.py] => All params: 1467610
2022-08-15 22:34:34,428 [trainer.py] => Trainable params: 1467610
2022-08-15 22:34:34,430 [cassle.py] => Learning on 10-20
2022-08-15 22:35:51,363 [trainer.py] => config: ./exps/simsam.json
2022-08-15 22:35:51,363 [trainer.py] => lr: 0.03
2022-08-15 22:35:51,363 [trainer.py] => warmup: 0
2022-08-15 22:35:51,363 [trainer.py] => wdecay: 0.0005
2022-08-15 22:35:51,363 [trainer.py] => nesterov: True
2022-08-15 22:35:51,363 [trainer.py] => ema_decay: 0.999
2022-08-15 22:35:51,364 [trainer.py] => gpu_id: 0
2022-08-15 22:35:51,364 [trainer.py] => prefix: reproduce
2022-08-15 22:35:51,364 [trainer.py] => dataset: cifar100
2022-08-15 22:35:51,364 [trainer.py] => memory_size: 2000
2022-08-15 22:35:51,364 [trainer.py] => memory_per_class: 20
2022-08-15 22:35:51,364 [trainer.py] => fixed_memory: False
2022-08-15 22:35:51,364 [trainer.py] => shuffle: True
2022-08-15 22:35:51,364 [trainer.py] => init_cls: 10
2022-08-15 22:35:51,364 [trainer.py] => increment: 10
2022-08-15 22:35:51,364 [trainer.py] => model_name: simsam
2022-08-15 22:35:51,364 [trainer.py] => convnet_type: resnet32
2022-08-15 22:35:51,364 [trainer.py] => device: [device(type='cuda', index=0)]
2022-08-15 22:35:51,364 [trainer.py] => seed: 1993
2022-08-15 22:35:52,440 [data_manager.py] => [68, 56, 78, 8, 23, 84, 90, 65, 74, 76, 40, 89, 3, 92, 55, 9, 26, 80, 43, 38, 58, 70, 77, 1, 85, 19, 17, 50, 28, 53, 13, 81, 45, 82, 6, 59, 83, 16, 15, 44, 91, 41, 72, 60, 79, 52, 20, 10, 31, 54, 37, 95, 14, 71, 96, 98, 97, 2, 64, 66, 42, 22, 35, 86, 24, 34, 87, 21, 99, 0, 88, 27, 18, 94, 11, 12, 47, 25, 30, 46, 62, 69, 36, 61, 7, 63, 75, 5, 32, 4, 51, 48, 73, 93, 39, 67, 29, 49, 57, 33]
2022-08-15 22:35:52,633 [wideresnet.py] => Model: WideResNet 28x2
2022-08-15 22:35:54,253 [trainer.py] => All params: 1466320
2022-08-15 22:35:54,253 [trainer.py] => Trainable params: 1466320
2022-08-15 22:35:54,254 [cassle.py] => Learning on 0-10
2022-08-15 22:36:47,548 [trainer.py] => No NME accuracy.
2022-08-15 22:36:47,548 [trainer.py] => CNN: {'total': 10.3, '00-09': 10.3, 'old': 0, 'new': 10.3}
2022-08-15 22:36:47,548 [trainer.py] => CNN top1 curve: [10.3]
2022-08-15 22:36:47,548 [trainer.py] => CNN top5 curve: [60.9]

2022-08-15 22:36:47,548 [trainer.py] => All params: 1467610
2022-08-15 22:36:47,549 [trainer.py] => Trainable params: 1467610
2022-08-15 22:36:47,551 [cassle.py] => Learning on 10-20
2022-08-15 22:37:09,022 [trainer.py] => config: ./exps/simsam.json
2022-08-15 22:37:09,022 [trainer.py] => lr: 0.03
2022-08-15 22:37:09,022 [trainer.py] => warmup: 0
2022-08-15 22:37:09,022 [trainer.py] => wdecay: 0.0005
2022-08-15 22:37:09,022 [trainer.py] => nesterov: True
2022-08-15 22:37:09,022 [trainer.py] => ema_decay: 0.999
2022-08-15 22:37:09,022 [trainer.py] => gpu_id: 0
2022-08-15 22:37:09,022 [trainer.py] => prefix: reproduce
2022-08-15 22:37:09,022 [trainer.py] => dataset: cifar100
2022-08-15 22:37:09,022 [trainer.py] => memory_size: 2000
2022-08-15 22:37:09,022 [trainer.py] => memory_per_class: 20
2022-08-15 22:37:09,022 [trainer.py] => fixed_memory: False
2022-08-15 22:37:09,022 [trainer.py] => shuffle: True
2022-08-15 22:37:09,022 [trainer.py] => init_cls: 10
2022-08-15 22:37:09,022 [trainer.py] => increment: 10
2022-08-15 22:37:09,022 [trainer.py] => model_name: simsam
2022-08-15 22:37:09,022 [trainer.py] => convnet_type: resnet32
2022-08-15 22:37:09,022 [trainer.py] => device: [device(type='cuda', index=0)]
2022-08-15 22:37:09,022 [trainer.py] => seed: 1993
2022-08-15 22:37:10,088 [data_manager.py] => [68, 56, 78, 8, 23, 84, 90, 65, 74, 76, 40, 89, 3, 92, 55, 9, 26, 80, 43, 38, 58, 70, 77, 1, 85, 19, 17, 50, 28, 53, 13, 81, 45, 82, 6, 59, 83, 16, 15, 44, 91, 41, 72, 60, 79, 52, 20, 10, 31, 54, 37, 95, 14, 71, 96, 98, 97, 2, 64, 66, 42, 22, 35, 86, 24, 34, 87, 21, 99, 0, 88, 27, 18, 94, 11, 12, 47, 25, 30, 46, 62, 69, 36, 61, 7, 63, 75, 5, 32, 4, 51, 48, 73, 93, 39, 67, 29, 49, 57, 33]
2022-08-15 22:37:10,285 [wideresnet.py] => Model: WideResNet 28x2
2022-08-15 22:37:11,577 [trainer.py] => All params: 1466320
2022-08-15 22:37:11,577 [trainer.py] => Trainable params: 1466320
2022-08-15 22:37:11,578 [cassle.py] => Learning on 0-10
2022-08-15 22:38:06,000 [trainer.py] => No NME accuracy.
2022-08-15 22:38:06,001 [trainer.py] => CNN: {'total': 10.3, '00-09': 10.3, 'old': 0, 'new': 10.3}
2022-08-15 22:38:06,001 [trainer.py] => CNN top1 curve: [10.3]
2022-08-15 22:38:06,001 [trainer.py] => CNN top5 curve: [60.9]

2022-08-15 22:38:06,001 [trainer.py] => All params: 1467610
2022-08-15 22:38:06,001 [trainer.py] => Trainable params: 1467610
2022-08-15 22:38:06,002 [cassle.py] => Learning on 10-20
2022-08-15 22:43:27,359 [trainer.py] => config: ./exps/simsam.json
2022-08-15 22:43:27,359 [trainer.py] => lr: 0.03
2022-08-15 22:43:27,359 [trainer.py] => warmup: 0
2022-08-15 22:43:27,359 [trainer.py] => wdecay: 0.0005
2022-08-15 22:43:27,359 [trainer.py] => nesterov: True
2022-08-15 22:43:27,359 [trainer.py] => ema_decay: 0.999
2022-08-15 22:43:27,359 [trainer.py] => gpu_id: 0
2022-08-15 22:43:27,359 [trainer.py] => prefix: reproduce
2022-08-15 22:43:27,359 [trainer.py] => dataset: cifar100
2022-08-15 22:43:27,359 [trainer.py] => memory_size: 2000
2022-08-15 22:43:27,359 [trainer.py] => memory_per_class: 20
2022-08-15 22:43:27,359 [trainer.py] => fixed_memory: False
2022-08-15 22:43:27,359 [trainer.py] => shuffle: True
2022-08-15 22:43:27,359 [trainer.py] => init_cls: 10
2022-08-15 22:43:27,359 [trainer.py] => increment: 10
2022-08-15 22:43:27,359 [trainer.py] => model_name: simsam
2022-08-15 22:43:27,359 [trainer.py] => convnet_type: resnet32
2022-08-15 22:43:27,359 [trainer.py] => device: [device(type='cuda', index=0)]
2022-08-15 22:43:27,359 [trainer.py] => seed: 1993
2022-08-15 22:43:28,456 [data_manager.py] => [68, 56, 78, 8, 23, 84, 90, 65, 74, 76, 40, 89, 3, 92, 55, 9, 26, 80, 43, 38, 58, 70, 77, 1, 85, 19, 17, 50, 28, 53, 13, 81, 45, 82, 6, 59, 83, 16, 15, 44, 91, 41, 72, 60, 79, 52, 20, 10, 31, 54, 37, 95, 14, 71, 96, 98, 97, 2, 64, 66, 42, 22, 35, 86, 24, 34, 87, 21, 99, 0, 88, 27, 18, 94, 11, 12, 47, 25, 30, 46, 62, 69, 36, 61, 7, 63, 75, 5, 32, 4, 51, 48, 73, 93, 39, 67, 29, 49, 57, 33]
2022-08-15 22:43:28,668 [wideresnet.py] => Model: WideResNet 28x2
2022-08-15 22:43:30,013 [trainer.py] => All params: 1466320
2022-08-15 22:43:30,014 [trainer.py] => Trainable params: 1466320
2022-08-15 22:43:30,014 [cassle.py] => Learning on 0-10
2022-08-15 22:44:23,874 [trainer.py] => No NME accuracy.
2022-08-15 22:44:23,874 [trainer.py] => CNN: {'total': 16.5, '00-09': 16.5, 'old': 0, 'new': 16.5}
2022-08-15 22:44:23,874 [trainer.py] => CNN top1 curve: [16.5]
2022-08-15 22:44:23,874 [trainer.py] => CNN top5 curve: [53.1]

2022-08-15 22:44:23,875 [trainer.py] => All params: 1467610
2022-08-15 22:44:23,875 [trainer.py] => Trainable params: 1467610
2022-08-15 22:44:23,877 [cassle.py] => Learning on 10-20
2022-08-15 22:45:12,880 [trainer.py] => config: ./exps/simsam.json
2022-08-15 22:45:12,880 [trainer.py] => lr: 0.03
2022-08-15 22:45:12,880 [trainer.py] => warmup: 0
2022-08-15 22:45:12,880 [trainer.py] => wdecay: 0.0005
2022-08-15 22:45:12,880 [trainer.py] => nesterov: True
2022-08-15 22:45:12,880 [trainer.py] => ema_decay: 0.999
2022-08-15 22:45:12,880 [trainer.py] => gpu_id: 0
2022-08-15 22:45:12,880 [trainer.py] => prefix: reproduce
2022-08-15 22:45:12,880 [trainer.py] => dataset: cifar100
2022-08-15 22:45:12,880 [trainer.py] => memory_size: 2000
2022-08-15 22:45:12,880 [trainer.py] => memory_per_class: 20
2022-08-15 22:45:12,880 [trainer.py] => fixed_memory: False
2022-08-15 22:45:12,880 [trainer.py] => shuffle: True
2022-08-15 22:45:12,880 [trainer.py] => init_cls: 10
2022-08-15 22:45:12,880 [trainer.py] => increment: 10
2022-08-15 22:45:12,880 [trainer.py] => model_name: simsam
2022-08-15 22:45:12,880 [trainer.py] => convnet_type: resnet32
2022-08-15 22:45:12,880 [trainer.py] => device: [device(type='cuda', index=0)]
2022-08-15 22:45:12,880 [trainer.py] => seed: 1993
2022-08-15 22:45:13,955 [data_manager.py] => [68, 56, 78, 8, 23, 84, 90, 65, 74, 76, 40, 89, 3, 92, 55, 9, 26, 80, 43, 38, 58, 70, 77, 1, 85, 19, 17, 50, 28, 53, 13, 81, 45, 82, 6, 59, 83, 16, 15, 44, 91, 41, 72, 60, 79, 52, 20, 10, 31, 54, 37, 95, 14, 71, 96, 98, 97, 2, 64, 66, 42, 22, 35, 86, 24, 34, 87, 21, 99, 0, 88, 27, 18, 94, 11, 12, 47, 25, 30, 46, 62, 69, 36, 61, 7, 63, 75, 5, 32, 4, 51, 48, 73, 93, 39, 67, 29, 49, 57, 33]
2022-08-15 22:45:14,134 [wideresnet.py] => Model: WideResNet 28x2
2022-08-15 22:45:15,596 [trainer.py] => All params: 1466320
2022-08-15 22:45:15,598 [trainer.py] => Trainable params: 1466320
2022-08-15 22:45:15,598 [cassle.py] => Learning on 0-10
2022-08-15 22:46:09,010 [trainer.py] => No NME accuracy.
2022-08-15 22:46:09,010 [trainer.py] => CNN: {'total': 16.5, '00-09': 16.5, 'old': 0, 'new': 16.5}
2022-08-15 22:46:09,010 [trainer.py] => CNN top1 curve: [16.5]
2022-08-15 22:46:09,010 [trainer.py] => CNN top5 curve: [53.1]

2022-08-15 22:46:09,010 [trainer.py] => All params: 1467610
2022-08-15 22:46:09,010 [trainer.py] => Trainable params: 1467610
2022-08-15 22:46:09,011 [cassle.py] => Learning on 10-20
2022-08-15 22:51:18,793 [trainer.py] => config: ./exps/simsam.json
2022-08-15 22:51:18,793 [trainer.py] => lr: 0.03
2022-08-15 22:51:18,793 [trainer.py] => warmup: 0
2022-08-15 22:51:18,793 [trainer.py] => wdecay: 0.0005
2022-08-15 22:51:18,793 [trainer.py] => nesterov: True
2022-08-15 22:51:18,793 [trainer.py] => ema_decay: 0.999
2022-08-15 22:51:18,793 [trainer.py] => gpu_id: 0
2022-08-15 22:51:18,793 [trainer.py] => prefix: reproduce
2022-08-15 22:51:18,793 [trainer.py] => dataset: cifar100
2022-08-15 22:51:18,793 [trainer.py] => memory_size: 2000
2022-08-15 22:51:18,793 [trainer.py] => memory_per_class: 20
2022-08-15 22:51:18,793 [trainer.py] => fixed_memory: False
2022-08-15 22:51:18,793 [trainer.py] => shuffle: True
2022-08-15 22:51:18,793 [trainer.py] => init_cls: 10
2022-08-15 22:51:18,793 [trainer.py] => increment: 10
2022-08-15 22:51:18,793 [trainer.py] => model_name: simsam
2022-08-15 22:51:18,793 [trainer.py] => convnet_type: resnet32
2022-08-15 22:51:18,793 [trainer.py] => device: [device(type='cuda', index=0)]
2022-08-15 22:51:18,793 [trainer.py] => seed: 1993
2022-08-15 22:51:19,871 [data_manager.py] => [68, 56, 78, 8, 23, 84, 90, 65, 74, 76, 40, 89, 3, 92, 55, 9, 26, 80, 43, 38, 58, 70, 77, 1, 85, 19, 17, 50, 28, 53, 13, 81, 45, 82, 6, 59, 83, 16, 15, 44, 91, 41, 72, 60, 79, 52, 20, 10, 31, 54, 37, 95, 14, 71, 96, 98, 97, 2, 64, 66, 42, 22, 35, 86, 24, 34, 87, 21, 99, 0, 88, 27, 18, 94, 11, 12, 47, 25, 30, 46, 62, 69, 36, 61, 7, 63, 75, 5, 32, 4, 51, 48, 73, 93, 39, 67, 29, 49, 57, 33]
2022-08-15 22:51:20,043 [wideresnet.py] => Model: WideResNet 28x2
2022-08-15 22:51:21,399 [trainer.py] => All params: 1466320
2022-08-15 22:51:21,399 [trainer.py] => Trainable params: 1466320
2022-08-15 22:51:21,400 [cassle.py] => Learning on 0-10
2022-08-15 22:56:28,365 [trainer.py] => config: ./exps/simsam.json
2022-08-15 22:56:28,366 [trainer.py] => lr: 0.03
2022-08-15 22:56:28,366 [trainer.py] => warmup: 0
2022-08-15 22:56:28,366 [trainer.py] => wdecay: 0.0005
2022-08-15 22:56:28,366 [trainer.py] => nesterov: True
2022-08-15 22:56:28,366 [trainer.py] => ema_decay: 0.999
2022-08-15 22:56:28,366 [trainer.py] => gpu_id: 0
2022-08-15 22:56:28,366 [trainer.py] => prefix: reproduce
2022-08-15 22:56:28,366 [trainer.py] => dataset: cifar100
2022-08-15 22:56:28,366 [trainer.py] => memory_size: 2000
2022-08-15 22:56:28,366 [trainer.py] => memory_per_class: 20
2022-08-15 22:56:28,366 [trainer.py] => fixed_memory: False
2022-08-15 22:56:28,366 [trainer.py] => shuffle: True
2022-08-15 22:56:28,366 [trainer.py] => init_cls: 10
2022-08-15 22:56:28,366 [trainer.py] => increment: 10
2022-08-15 22:56:28,366 [trainer.py] => model_name: simsam
2022-08-15 22:56:28,366 [trainer.py] => convnet_type: resnet32
2022-08-15 22:56:28,366 [trainer.py] => device: [device(type='cuda', index=0)]
2022-08-15 22:56:28,366 [trainer.py] => seed: 1993
2022-08-15 22:56:29,431 [data_manager.py] => [68, 56, 78, 8, 23, 84, 90, 65, 74, 76, 40, 89, 3, 92, 55, 9, 26, 80, 43, 38, 58, 70, 77, 1, 85, 19, 17, 50, 28, 53, 13, 81, 45, 82, 6, 59, 83, 16, 15, 44, 91, 41, 72, 60, 79, 52, 20, 10, 31, 54, 37, 95, 14, 71, 96, 98, 97, 2, 64, 66, 42, 22, 35, 86, 24, 34, 87, 21, 99, 0, 88, 27, 18, 94, 11, 12, 47, 25, 30, 46, 62, 69, 36, 61, 7, 63, 75, 5, 32, 4, 51, 48, 73, 93, 39, 67, 29, 49, 57, 33]
2022-08-15 22:56:29,601 [wideresnet.py] => Model: WideResNet 28x2
2022-08-15 22:56:31,165 [trainer.py] => All params: 1466320
2022-08-15 22:56:31,166 [trainer.py] => Trainable params: 1466320
2022-08-15 22:56:31,166 [cassle.py] => Learning on 0-10
2022-08-15 22:57:25,487 [trainer.py] => No NME accuracy.
2022-08-15 22:57:25,487 [trainer.py] => CNN: {'total': 16.5, '00-09': 16.5, 'old': 0, 'new': 16.5}
2022-08-15 22:57:25,488 [trainer.py] => CNN top1 curve: [16.5]
2022-08-15 22:57:25,488 [trainer.py] => CNN top5 curve: [53.1]

2022-08-15 22:57:25,488 [trainer.py] => All params: 1467610
2022-08-15 22:57:25,488 [trainer.py] => Trainable params: 1467610
2022-08-15 22:57:25,489 [cassle.py] => Learning on 10-20
2022-08-16 14:34:49,830 [trainer.py] => config: ./exps/simsam.json
2022-08-16 14:34:49,831 [trainer.py] => lr: 0.03
2022-08-16 14:34:49,831 [trainer.py] => warmup: 0
2022-08-16 14:34:49,831 [trainer.py] => wdecay: 0.0005
2022-08-16 14:34:49,831 [trainer.py] => nesterov: True
2022-08-16 14:34:49,831 [trainer.py] => ema_decay: 0.999
2022-08-16 14:34:49,831 [trainer.py] => gpu_id: 0
2022-08-16 14:34:49,831 [trainer.py] => prefix: reproduce
2022-08-16 14:34:49,831 [trainer.py] => dataset: cifar100
2022-08-16 14:34:49,831 [trainer.py] => memory_size: 2000
2022-08-16 14:34:49,831 [trainer.py] => memory_per_class: 20
2022-08-16 14:34:49,831 [trainer.py] => fixed_memory: False
2022-08-16 14:34:49,831 [trainer.py] => shuffle: True
2022-08-16 14:34:49,831 [trainer.py] => init_cls: 10
2022-08-16 14:34:49,831 [trainer.py] => increment: 10
2022-08-16 14:34:49,831 [trainer.py] => model_name: simsam
2022-08-16 14:34:49,831 [trainer.py] => convnet_type: resnet32
2022-08-16 14:34:49,831 [trainer.py] => device: [device(type='cuda', index=0)]
2022-08-16 14:34:49,831 [trainer.py] => seed: 1993
2022-08-16 14:34:50,889 [data_manager.py] => [68, 56, 78, 8, 23, 84, 90, 65, 74, 76, 40, 89, 3, 92, 55, 9, 26, 80, 43, 38, 58, 70, 77, 1, 85, 19, 17, 50, 28, 53, 13, 81, 45, 82, 6, 59, 83, 16, 15, 44, 91, 41, 72, 60, 79, 52, 20, 10, 31, 54, 37, 95, 14, 71, 96, 98, 97, 2, 64, 66, 42, 22, 35, 86, 24, 34, 87, 21, 99, 0, 88, 27, 18, 94, 11, 12, 47, 25, 30, 46, 62, 69, 36, 61, 7, 63, 75, 5, 32, 4, 51, 48, 73, 93, 39, 67, 29, 49, 57, 33]
2022-08-16 14:34:51,058 [wideresnet.py] => Model: WideResNet 28x2
2022-08-16 14:34:51,797 [trainer.py] => All params: 1466320
2022-08-16 14:34:51,797 [trainer.py] => Trainable params: 1466320
2022-08-16 14:34:51,798 [cassle.py] => Learning on 0-10
2022-08-16 15:58:02,300 [trainer.py] => No NME accuracy.
2022-08-16 15:58:02,300 [trainer.py] => CNN: {'total': 90.2, '00-09': 90.2, 'old': 0, 'new': 90.2}
2022-08-16 15:58:02,300 [trainer.py] => CNN top1 curve: [90.2]
2022-08-16 15:58:02,300 [trainer.py] => CNN top5 curve: [100.0]

2022-08-16 15:58:02,301 [trainer.py] => All params: 1467610
2022-08-16 15:58:02,301 [trainer.py] => Trainable params: 1467610
2022-08-16 15:58:02,301 [cassle.py] => Learning on 10-20
2022-08-16 17:38:19,052 [trainer.py] => No NME accuracy.
2022-08-16 17:38:19,052 [trainer.py] => CNN: {'total': 40.05, '00-09': 0.0, '10-19': 80.1, 'old': 0.0, 'new': 80.1}
2022-08-16 17:38:19,052 [trainer.py] => CNN top1 curve: [90.2, 40.05]
2022-08-16 17:38:19,052 [trainer.py] => CNN top5 curve: [100.0, 57.5]

2022-08-16 17:38:19,052 [trainer.py] => All params: 1468900
2022-08-16 17:38:19,052 [trainer.py] => Trainable params: 1468900
2022-08-16 17:38:19,053 [cassle.py] => Learning on 20-30
2022-08-16 19:17:04,995 [trainer.py] => No NME accuracy.
2022-08-16 19:17:04,995 [trainer.py] => CNN: {'total': 31.67, '00-09': 0.0, '10-19': 0.0, '20-29': 95.0, 'old': 0.0, 'new': 95.0}
2022-08-16 19:17:04,995 [trainer.py] => CNN top1 curve: [90.2, 40.05, 31.67]
2022-08-16 19:17:04,995 [trainer.py] => CNN top5 curve: [100.0, 57.5, 37.73]

2022-08-16 19:17:04,995 [trainer.py] => All params: 1470190
2022-08-16 19:17:04,996 [trainer.py] => Trainable params: 1470190
2022-08-16 19:17:04,996 [cassle.py] => Learning on 30-40
