2022-11-08 22:39:15,512 [trainer.py] => config: ./exps/coil.json
2022-11-08 22:39:15,512 [trainer.py] => lr: 0.03
2022-11-08 22:39:15,513 [trainer.py] => warmup: 0
2022-11-08 22:39:15,513 [trainer.py] => wdecay: 0.0005
2022-11-08 22:39:15,513 [trainer.py] => nesterov: True
2022-11-08 22:39:15,513 [trainer.py] => ema_decay: 0.999
2022-11-08 22:39:15,513 [trainer.py] => gpu_id: 0
2022-11-08 22:39:15,513 [trainer.py] => prefix: reproduce
2022-11-08 22:39:15,513 [trainer.py] => dataset: cifar100
2022-11-08 22:39:15,513 [trainer.py] => memory_size: 2000
2022-11-08 22:39:15,513 [trainer.py] => memory_per_class: 20
2022-11-08 22:39:15,513 [trainer.py] => fixed_memory: False
2022-11-08 22:39:15,513 [trainer.py] => shuffle: True
2022-11-08 22:39:15,513 [trainer.py] => init_cls: 5
2022-11-08 22:39:15,513 [trainer.py] => increment: 5
2022-11-08 22:39:15,513 [trainer.py] => sinkhorn: 0.464
2022-11-08 22:39:15,513 [trainer.py] => calibration_term: 1.5
2022-11-08 22:39:15,513 [trainer.py] => norm_term: 3.0
2022-11-08 22:39:15,513 [trainer.py] => reg_term: 0.001
2022-11-08 22:39:15,513 [trainer.py] => model_name: coil
2022-11-08 22:39:15,513 [trainer.py] => convnet_type: cosine_resnet32
2022-11-08 22:39:15,513 [trainer.py] => device: [device(type='cuda', index=0), device(type='cuda', index=1), device(type='cuda', index=2), device(type='cuda', index=3)]
2022-11-08 22:39:15,513 [trainer.py] => seed: 1993
2022-11-08 22:39:16,552 [data_manager.py] => [68, 56, 78, 8, 23, 84, 90, 65, 74, 76, 40, 89, 3, 92, 55, 9, 26, 80, 43, 38, 58, 70, 77, 1, 85, 19, 17, 50, 28, 53, 13, 81, 45, 82, 6, 59, 83, 16, 15, 44, 91, 41, 72, 60, 79, 52, 20, 10, 31, 54, 37, 95, 14, 71, 96, 98, 97, 2, 64, 66, 42, 22, 35, 86, 24, 34, 87, 21, 99, 0, 88, 27, 18, 94, 11, 12, 47, 25, 30, 46, 62, 69, 36, 61, 7, 63, 75, 5, 32, 4, 51, 48, 73, 93, 39, 67, 29, 49, 57, 33]
2022-11-08 22:39:18,403 [trainer.py] => All params: 466256
2022-11-08 22:39:18,403 [trainer.py] => Trainable params: 466256
2022-11-08 22:43:23,153 [trainer.py] => config: ./exps/coil.json
2022-11-08 22:43:23,154 [trainer.py] => lr: 0.03
2022-11-08 22:43:23,154 [trainer.py] => warmup: 0
2022-11-08 22:43:23,154 [trainer.py] => wdecay: 0.0005
2022-11-08 22:43:23,154 [trainer.py] => nesterov: True
2022-11-08 22:43:23,154 [trainer.py] => ema_decay: 0.999
2022-11-08 22:43:23,154 [trainer.py] => gpu_id: 0
2022-11-08 22:43:23,154 [trainer.py] => prefix: reproduce
2022-11-08 22:43:23,154 [trainer.py] => dataset: cifar100
2022-11-08 22:43:23,154 [trainer.py] => memory_size: 2000
2022-11-08 22:43:23,154 [trainer.py] => memory_per_class: 20
2022-11-08 22:43:23,154 [trainer.py] => fixed_memory: False
2022-11-08 22:43:23,154 [trainer.py] => shuffle: True
2022-11-08 22:43:23,154 [trainer.py] => init_cls: 5
2022-11-08 22:43:23,154 [trainer.py] => increment: 5
2022-11-08 22:43:23,154 [trainer.py] => sinkhorn: 0.464
2022-11-08 22:43:23,154 [trainer.py] => calibration_term: 1.5
2022-11-08 22:43:23,154 [trainer.py] => norm_term: 3.0
2022-11-08 22:43:23,154 [trainer.py] => reg_term: 0.001
2022-11-08 22:43:23,154 [trainer.py] => model_name: coil
2022-11-08 22:43:23,154 [trainer.py] => convnet_type: cosine_resnet32
2022-11-08 22:43:23,154 [trainer.py] => device: [device(type='cuda', index=0), device(type='cuda', index=1), device(type='cuda', index=2), device(type='cuda', index=3)]
2022-11-08 22:43:23,154 [trainer.py] => seed: 1993
2022-11-08 22:43:24,231 [data_manager.py] => [68, 56, 78, 8, 23, 84, 90, 65, 74, 76, 40, 89, 3, 92, 55, 9, 26, 80, 43, 38, 58, 70, 77, 1, 85, 19, 17, 50, 28, 53, 13, 81, 45, 82, 6, 59, 83, 16, 15, 44, 91, 41, 72, 60, 79, 52, 20, 10, 31, 54, 37, 95, 14, 71, 96, 98, 97, 2, 64, 66, 42, 22, 35, 86, 24, 34, 87, 21, 99, 0, 88, 27, 18, 94, 11, 12, 47, 25, 30, 46, 62, 69, 36, 61, 7, 63, 75, 5, 32, 4, 51, 48, 73, 93, 39, 67, 29, 49, 57, 33]
2022-11-08 22:43:25,797 [trainer.py] => All params: 466256
2022-11-08 22:43:25,797 [trainer.py] => Trainable params: 466256
2022-11-08 22:44:37,326 [trainer.py] => config: ./exps/coil.json
2022-11-08 22:44:37,326 [trainer.py] => lr: 0.03
2022-11-08 22:44:37,326 [trainer.py] => warmup: 0
2022-11-08 22:44:37,326 [trainer.py] => wdecay: 0.0005
2022-11-08 22:44:37,326 [trainer.py] => nesterov: True
2022-11-08 22:44:37,326 [trainer.py] => ema_decay: 0.999
2022-11-08 22:44:37,326 [trainer.py] => gpu_id: 0
2022-11-08 22:44:37,326 [trainer.py] => prefix: reproduce
2022-11-08 22:44:37,327 [trainer.py] => dataset: cifar100
2022-11-08 22:44:37,327 [trainer.py] => memory_size: 2000
2022-11-08 22:44:37,327 [trainer.py] => memory_per_class: 20
2022-11-08 22:44:37,327 [trainer.py] => fixed_memory: False
2022-11-08 22:44:37,327 [trainer.py] => shuffle: True
2022-11-08 22:44:37,327 [trainer.py] => init_cls: 5
2022-11-08 22:44:37,327 [trainer.py] => increment: 5
2022-11-08 22:44:37,327 [trainer.py] => sinkhorn: 0.464
2022-11-08 22:44:37,327 [trainer.py] => calibration_term: 1.5
2022-11-08 22:44:37,327 [trainer.py] => norm_term: 3.0
2022-11-08 22:44:37,327 [trainer.py] => reg_term: 0.001
2022-11-08 22:44:37,327 [trainer.py] => model_name: coil
2022-11-08 22:44:37,327 [trainer.py] => convnet_type: cosine_resnet32
2022-11-08 22:44:37,327 [trainer.py] => device: [device(type='cuda', index=0), device(type='cuda', index=1), device(type='cuda', index=2), device(type='cuda', index=3)]
2022-11-08 22:44:37,327 [trainer.py] => seed: 1993
2022-11-08 22:44:38,452 [data_manager.py] => [68, 56, 78, 8, 23, 84, 90, 65, 74, 76, 40, 89, 3, 92, 55, 9, 26, 80, 43, 38, 58, 70, 77, 1, 85, 19, 17, 50, 28, 53, 13, 81, 45, 82, 6, 59, 83, 16, 15, 44, 91, 41, 72, 60, 79, 52, 20, 10, 31, 54, 37, 95, 14, 71, 96, 98, 97, 2, 64, 66, 42, 22, 35, 86, 24, 34, 87, 21, 99, 0, 88, 27, 18, 94, 11, 12, 47, 25, 30, 46, 62, 69, 36, 61, 7, 63, 75, 5, 32, 4, 51, 48, 73, 93, 39, 67, 29, 49, 57, 33]
2022-11-08 22:44:40,051 [trainer.py] => All params: 466256
2022-11-08 22:44:40,052 [trainer.py] => Trainable params: 466256
