2022-08-25 18:36:18,407 [trainer.py] => config: ./exps/wa.json
2022-08-25 18:36:18,407 [trainer.py] => lr: 0.03
2022-08-25 18:36:18,407 [trainer.py] => warmup: 0
2022-08-25 18:36:18,407 [trainer.py] => wdecay: 0.0005
2022-08-25 18:36:18,407 [trainer.py] => nesterov: True
2022-08-25 18:36:18,407 [trainer.py] => ema_decay: 0.999
2022-08-25 18:36:18,407 [trainer.py] => gpu_id: 0
2022-08-25 18:36:18,407 [trainer.py] => prefix: reproduce
2022-08-25 18:36:18,407 [trainer.py] => dataset: cifar100
2022-08-25 18:36:18,407 [trainer.py] => memory_size: 2000
2022-08-25 18:36:18,408 [trainer.py] => memory_per_class: 20
2022-08-25 18:36:18,408 [trainer.py] => fixed_memory: False
2022-08-25 18:36:18,408 [trainer.py] => shuffle: True
2022-08-25 18:36:18,408 [trainer.py] => init_cls: 10
2022-08-25 18:36:18,408 [trainer.py] => increment: 10
2022-08-25 18:36:18,408 [trainer.py] => model_name: wa
2022-08-25 18:36:18,408 [trainer.py] => convnet_type: resnet32
2022-08-25 18:36:18,408 [trainer.py] => device: [device(type='cuda', index=0)]
2022-08-25 18:36:18,408 [trainer.py] => seed: 1993
2022-08-25 18:36:19,402 [data_manager.py] => [68, 56, 78, 8, 23, 84, 90, 65, 74, 76, 40, 89, 3, 92, 55, 9, 26, 80, 43, 38, 58, 70, 77, 1, 85, 19, 17, 50, 28, 53, 13, 81, 45, 82, 6, 59, 83, 16, 15, 44, 91, 41, 72, 60, 79, 52, 20, 10, 31, 54, 37, 95, 14, 71, 96, 98, 97, 2, 64, 66, 42, 22, 35, 86, 24, 34, 87, 21, 99, 0, 88, 27, 18, 94, 11, 12, 47, 25, 30, 46, 62, 69, 36, 61, 7, 63, 75, 5, 32, 4, 51, 48, 73, 93, 39, 67, 29, 49, 57, 33]
2022-08-25 18:36:19,571 [wideresnet.py] => Model: WideResNet 28x2
2022-08-25 18:36:20,247 [trainer.py] => All params: 1466320
2022-08-25 18:36:20,247 [trainer.py] => Trainable params: 1466320
2022-08-25 18:36:20,247 [wa.py] => Learning on 0-10
2022-08-25 19:54:48,438 [base.py] => Reducing exemplars...(200 per classes)
2022-08-25 19:54:48,438 [base.py] => Constructing exemplars...(200 per classes)
2022-08-25 19:54:51,986 [trainer.py] => CNN: {'total': 90.2, '00-09': 90.2, 'old': 0, 'new': 90.2}
2022-08-25 19:54:51,986 [trainer.py] => NME: {'total': 91.1, '00-09': 91.1, 'old': 0, 'new': 91.1}
2022-08-25 19:54:51,986 [trainer.py] => CNN top1 curve: [90.2]
2022-08-25 19:54:51,986 [trainer.py] => CNN top5 curve: [100.0]
2022-08-25 19:54:51,986 [trainer.py] => NME top1 curve: [91.1]
2022-08-25 19:54:51,986 [trainer.py] => NME top5 curve: [99.8]

2022-08-25 19:54:51,986 [trainer.py] => All params: 1467610
2022-08-25 19:54:51,987 [trainer.py] => Trainable params: 1467610
2022-08-25 19:54:51,987 [wa.py] => Learning on 10-20
2022-08-25 21:55:59,639 [base.py] => Reducing exemplars...(100 per classes)
2022-08-25 21:56:00,670 [base.py] => Constructing exemplars...(100 per classes)
2022-08-25 21:56:04,199 [trainer.py] => CNN: {'total': 73.15, '00-09': 82.5, '10-19': 63.8, 'old': 82.5, 'new': 63.8}
2022-08-25 21:56:04,199 [trainer.py] => NME: {'total': 72.9, '00-09': 84.2, '10-19': 61.6, 'old': 84.2, 'new': 61.6}
2022-08-25 21:56:04,199 [trainer.py] => CNN top1 curve: [90.2, 73.15]
2022-08-25 21:56:04,199 [trainer.py] => CNN top5 curve: [100.0, 93.9]
2022-08-25 21:56:04,199 [trainer.py] => NME top1 curve: [91.1, 72.9]
2022-08-25 21:56:04,199 [trainer.py] => NME top5 curve: [99.8, 94.9]

2022-08-25 21:56:04,200 [trainer.py] => All params: 1468900
2022-08-25 21:56:04,200 [trainer.py] => Trainable params: 1468900
2022-08-25 21:56:04,200 [wa.py] => Learning on 20-30
2022-08-25 23:58:25,337 [base.py] => Reducing exemplars...(66 per classes)
2022-08-25 23:58:27,470 [base.py] => Constructing exemplars...(66 per classes)
2022-08-25 23:58:31,159 [trainer.py] => CNN: {'total': 65.6, '00-09': 71.0, '10-19': 59.8, '20-29': 66.0, 'old': 65.4, 'new': 66.0}
2022-08-25 23:58:31,160 [trainer.py] => NME: {'total': 66.7, '00-09': 75.3, '10-19': 63.9, '20-29': 60.9, 'old': 69.6, 'new': 60.9}
2022-08-25 23:58:31,160 [trainer.py] => CNN top1 curve: [90.2, 73.15, 65.6]
2022-08-25 23:58:31,160 [trainer.py] => CNN top5 curve: [100.0, 93.9, 88.1]
2022-08-25 23:58:31,160 [trainer.py] => NME top1 curve: [91.1, 72.9, 66.7]
2022-08-25 23:58:31,160 [trainer.py] => NME top5 curve: [99.8, 94.9, 91.1]

2022-08-25 23:58:31,160 [trainer.py] => All params: 1470190
2022-08-25 23:58:31,160 [trainer.py] => Trainable params: 1470190
2022-08-25 23:58:31,160 [wa.py] => Learning on 30-40
2022-08-26 02:02:00,411 [base.py] => Reducing exemplars...(50 per classes)
2022-08-26 02:02:03,386 [base.py] => Constructing exemplars...(50 per classes)
2022-08-26 02:02:07,203 [trainer.py] => CNN: {'total': 54.98, '00-09': 61.6, '10-19': 49.6, '20-29': 60.5, '30-39': 48.2, 'old': 57.23, 'new': 48.2}
2022-08-26 02:02:07,203 [trainer.py] => NME: {'total': 56.3, '00-09': 64.7, '10-19': 50.4, '20-29': 63.0, '30-39': 47.1, 'old': 59.37, 'new': 47.1}
2022-08-26 02:02:07,203 [trainer.py] => CNN top1 curve: [90.2, 73.15, 65.6, 54.98]
2022-08-26 02:02:07,203 [trainer.py] => CNN top5 curve: [100.0, 93.9, 88.1, 85.02]
2022-08-26 02:02:07,203 [trainer.py] => NME top1 curve: [91.1, 72.9, 66.7, 56.3]
2022-08-26 02:02:07,203 [trainer.py] => NME top5 curve: [99.8, 94.9, 91.1, 87.98]

2022-08-26 02:02:07,203 [trainer.py] => All params: 1471480
2022-08-26 02:02:07,204 [trainer.py] => Trainable params: 1471480
2022-08-26 02:02:07,204 [wa.py] => Learning on 40-50
2022-08-26 04:05:29,624 [base.py] => Reducing exemplars...(40 per classes)
2022-08-26 04:05:33,437 [base.py] => Constructing exemplars...(40 per classes)
2022-08-26 04:05:37,328 [trainer.py] => CNN: {'total': 47.18, '00-09': 50.2, '10-19': 37.3, '20-29': 48.9, '30-39': 38.9, '40-49': 60.6, 'old': 43.82, 'new': 60.6}
2022-08-26 04:05:37,328 [trainer.py] => NME: {'total': 49.92, '00-09': 56.3, '10-19': 41.3, '20-29': 51.9, '30-39': 45.2, '40-49': 54.9, 'old': 48.68, 'new': 54.9}
2022-08-26 04:05:37,328 [trainer.py] => CNN top1 curve: [90.2, 73.15, 65.6, 54.98, 47.18]
2022-08-26 04:05:37,328 [trainer.py] => CNN top5 curve: [100.0, 93.9, 88.1, 85.02, 77.9]
2022-08-26 04:05:37,328 [trainer.py] => NME top1 curve: [91.1, 72.9, 66.7, 56.3, 49.92]
2022-08-26 04:05:37,328 [trainer.py] => NME top5 curve: [99.8, 94.9, 91.1, 87.98, 83.3]

2022-08-26 04:05:37,328 [trainer.py] => All params: 1472770
2022-08-26 04:05:37,328 [trainer.py] => Trainable params: 1472770
2022-08-26 04:05:37,328 [wa.py] => Learning on 50-60
2022-08-26 06:08:49,818 [base.py] => Reducing exemplars...(33 per classes)
2022-08-26 06:08:54,593 [base.py] => Constructing exemplars...(33 per classes)
2022-08-26 06:08:58,713 [trainer.py] => CNN: {'total': 43.52, '00-09': 45.4, '10-19': 33.4, '20-29': 44.7, '30-39': 39.0, '40-49': 46.2, '50-59': 52.4, 'old': 41.74, 'new': 52.4}
2022-08-26 06:08:58,713 [trainer.py] => NME: {'total': 46.32, '00-09': 51.9, '10-19': 36.7, '20-29': 49.8, '30-39': 39.1, '40-49': 52.5, '50-59': 47.9, 'old': 46.0, 'new': 47.9}
2022-08-26 06:08:58,713 [trainer.py] => CNN top1 curve: [90.2, 73.15, 65.6, 54.98, 47.18, 43.52]
2022-08-26 06:08:58,713 [trainer.py] => CNN top5 curve: [100.0, 93.9, 88.1, 85.02, 77.9, 73.5]
2022-08-26 06:08:58,713 [trainer.py] => NME top1 curve: [91.1, 72.9, 66.7, 56.3, 49.92, 46.32]
2022-08-26 06:08:58,713 [trainer.py] => NME top5 curve: [99.8, 94.9, 91.1, 87.98, 83.3, 79.12]

2022-08-26 06:08:58,713 [trainer.py] => All params: 1474060
2022-08-26 06:08:58,713 [trainer.py] => Trainable params: 1474060
2022-08-26 06:08:58,714 [wa.py] => Learning on 60-70
2022-08-26 08:11:09,738 [base.py] => Reducing exemplars...(28 per classes)
2022-08-26 08:11:15,405 [base.py] => Constructing exemplars...(28 per classes)
2022-08-26 08:11:19,681 [trainer.py] => CNN: {'total': 38.96, '00-09': 40.2, '10-19': 26.9, '20-29': 40.1, '30-39': 30.6, '40-49': 41.0, '50-59': 38.9, '60-69': 55.0, 'old': 36.28, 'new': 55.0}
2022-08-26 08:11:19,681 [trainer.py] => NME: {'total': 42.51, '00-09': 45.0, '10-19': 28.8, '20-29': 43.8, '30-39': 35.4, '40-49': 48.7, '50-59': 43.4, '60-69': 52.5, 'old': 40.85, 'new': 52.5}
2022-08-26 08:11:19,681 [trainer.py] => CNN top1 curve: [90.2, 73.15, 65.6, 54.98, 47.18, 43.52, 38.96]
2022-08-26 08:11:19,681 [trainer.py] => CNN top5 curve: [100.0, 93.9, 88.1, 85.02, 77.9, 73.5, 69.27]
2022-08-26 08:11:19,681 [trainer.py] => NME top1 curve: [91.1, 72.9, 66.7, 56.3, 49.92, 46.32, 42.51]
2022-08-26 08:11:19,681 [trainer.py] => NME top5 curve: [99.8, 94.9, 91.1, 87.98, 83.3, 79.12, 74.86]

2022-08-26 08:11:19,681 [trainer.py] => All params: 1475350
2022-08-26 08:11:19,681 [trainer.py] => Trainable params: 1475350
2022-08-26 08:11:19,682 [wa.py] => Learning on 70-80
2022-08-26 10:11:47,558 [base.py] => Reducing exemplars...(25 per classes)
2022-08-26 10:11:54,265 [base.py] => Constructing exemplars...(25 per classes)
2022-08-26 10:11:58,681 [trainer.py] => CNN: {'total': 34.99, '00-09': 36.0, '10-19': 26.0, '20-29': 36.3, '30-39': 27.5, '40-49': 39.7, '50-59': 29.3, '60-69': 33.5, '70-79': 51.6, 'old': 32.61, 'new': 51.6}
2022-08-26 10:11:58,682 [trainer.py] => NME: {'total': 39.4, '00-09': 40.8, '10-19': 27.7, '20-29': 41.3, '30-39': 32.7, '40-49': 47.0, '50-59': 37.1, '60-69': 43.4, '70-79': 45.2, 'old': 38.57, 'new': 45.2}
2022-08-26 10:11:58,682 [trainer.py] => CNN top1 curve: [90.2, 73.15, 65.6, 54.98, 47.18, 43.52, 38.96, 34.99]
2022-08-26 10:11:58,682 [trainer.py] => CNN top5 curve: [100.0, 93.9, 88.1, 85.02, 77.9, 73.5, 69.27, 64.68]
2022-08-26 10:11:58,682 [trainer.py] => NME top1 curve: [91.1, 72.9, 66.7, 56.3, 49.92, 46.32, 42.51, 39.4]
2022-08-26 10:11:58,682 [trainer.py] => NME top5 curve: [99.8, 94.9, 91.1, 87.98, 83.3, 79.12, 74.86, 72.64]

2022-08-26 10:11:58,682 [trainer.py] => All params: 1476640
2022-08-26 10:11:58,682 [trainer.py] => Trainable params: 1476640
2022-08-26 10:11:58,682 [wa.py] => Learning on 80-90
2022-08-26 12:11:58,368 [base.py] => Reducing exemplars...(22 per classes)
2022-08-26 12:12:06,019 [base.py] => Constructing exemplars...(22 per classes)
2022-08-26 12:12:10,772 [trainer.py] => CNN: {'total': 30.73, '00-09': 32.8, '10-19': 17.6, '20-29': 34.6, '30-39': 18.9, '40-49': 32.8, '50-59': 24.9, '60-69': 30.3, '70-79': 29.3, '80-89': 55.4, 'old': 27.65, 'new': 55.4}
2022-08-26 12:12:10,772 [trainer.py] => NME: {'total': 35.88, '00-09': 37.8, '10-19': 27.2, '20-29': 37.4, '30-39': 27.1, '40-49': 41.7, '50-59': 32.4, '60-69': 39.5, '70-79': 38.0, '80-89': 41.8, 'old': 35.14, 'new': 41.8}
2022-08-26 12:12:10,772 [trainer.py] => CNN top1 curve: [90.2, 73.15, 65.6, 54.98, 47.18, 43.52, 38.96, 34.99, 30.73]
2022-08-26 12:12:10,772 [trainer.py] => CNN top5 curve: [100.0, 93.9, 88.1, 85.02, 77.9, 73.5, 69.27, 64.68, 58.52]
2022-08-26 12:12:10,773 [trainer.py] => NME top1 curve: [91.1, 72.9, 66.7, 56.3, 49.92, 46.32, 42.51, 39.4, 35.88]
2022-08-26 12:12:10,773 [trainer.py] => NME top5 curve: [99.8, 94.9, 91.1, 87.98, 83.3, 79.12, 74.86, 72.64, 67.94]

2022-08-26 12:12:10,773 [trainer.py] => All params: 1477930
2022-08-26 12:12:10,773 [trainer.py] => Trainable params: 1477930
2022-08-26 12:12:10,773 [wa.py] => Learning on 90-100
2022-08-26 14:12:40,727 [base.py] => Reducing exemplars...(20 per classes)
2022-08-26 14:12:49,410 [base.py] => Constructing exemplars...(20 per classes)
2022-08-26 14:12:54,281 [trainer.py] => CNN: {'total': 27.22, '00-09': 28.5, '10-19': 19.1, '20-29': 29.8, '30-39': 15.5, '40-49': 36.4, '50-59': 19.3, '60-69': 29.2, '70-79': 25.7, '80-89': 20.5, '90-99': 48.2, 'old': 24.89, 'new': 48.2}
2022-08-26 14:12:54,281 [trainer.py] => NME: {'total': 32.56, '00-09': 33.7, '10-19': 22.9, '20-29': 34.4, '30-39': 24.8, '40-49': 41.5, '50-59': 26.9, '60-69': 37.2, '70-79': 35.3, '80-89': 31.7, '90-99': 37.2, 'old': 32.04, 'new': 37.2}
2022-08-26 14:12:54,281 [trainer.py] => CNN top1 curve: [90.2, 73.15, 65.6, 54.98, 47.18, 43.52, 38.96, 34.99, 30.73, 27.22]
2022-08-26 14:12:54,281 [trainer.py] => CNN top5 curve: [100.0, 93.9, 88.1, 85.02, 77.9, 73.5, 69.27, 64.68, 58.52, 55.27]
2022-08-26 14:12:54,281 [trainer.py] => NME top1 curve: [91.1, 72.9, 66.7, 56.3, 49.92, 46.32, 42.51, 39.4, 35.88, 32.56]
2022-08-26 14:12:54,281 [trainer.py] => NME top5 curve: [99.8, 94.9, 91.1, 87.98, 83.3, 79.12, 74.86, 72.64, 67.94, 65.22]

2022-11-01 19:34:46,634 [trainer.py] => config: ./exps/wa.json
2022-11-01 19:34:46,634 [trainer.py] => lr: 0.03
2022-11-01 19:34:46,634 [trainer.py] => warmup: 0
2022-11-01 19:34:46,634 [trainer.py] => wdecay: 0.0005
2022-11-01 19:34:46,634 [trainer.py] => nesterov: True
2022-11-01 19:34:46,634 [trainer.py] => ema_decay: 0.999
2022-11-01 19:34:46,634 [trainer.py] => gpu_id: 0
2022-11-01 19:34:46,634 [trainer.py] => prefix: reproduce
2022-11-01 19:34:46,634 [trainer.py] => dataset: cifar100
2022-11-01 19:34:46,634 [trainer.py] => memory_size: 2000
2022-11-01 19:34:46,634 [trainer.py] => memory_per_class: 20
2022-11-01 19:34:46,634 [trainer.py] => fixed_memory: False
2022-11-01 19:34:46,634 [trainer.py] => shuffle: True
2022-11-01 19:34:46,634 [trainer.py] => init_cls: 10
2022-11-01 19:34:46,634 [trainer.py] => increment: 10
2022-11-01 19:34:46,634 [trainer.py] => model_name: wa
2022-11-01 19:34:46,634 [trainer.py] => convnet_type: resnet32
2022-11-01 19:34:46,634 [trainer.py] => device: [device(type='cuda', index=0)]
2022-11-01 19:34:46,634 [trainer.py] => seed: 1993
2022-11-01 19:34:47,636 [data_manager.py] => [68, 56, 78, 8, 23, 84, 90, 65, 74, 76, 40, 89, 3, 92, 55, 9, 26, 80, 43, 38, 58, 70, 77, 1, 85, 19, 17, 50, 28, 53, 13, 81, 45, 82, 6, 59, 83, 16, 15, 44, 91, 41, 72, 60, 79, 52, 20, 10, 31, 54, 37, 95, 14, 71, 96, 98, 97, 2, 64, 66, 42, 22, 35, 86, 24, 34, 87, 21, 99, 0, 88, 27, 18, 94, 11, 12, 47, 25, 30, 46, 62, 69, 36, 61, 7, 63, 75, 5, 32, 4, 51, 48, 73, 93, 39, 67, 29, 49, 57, 33]
2022-11-01 19:34:47,692 [wideresnet.py] => Model: WideResNet 28x2
2022-11-01 19:34:49,597 [trainer.py] => All params: 1466320
2022-11-01 19:34:49,597 [trainer.py] => Trainable params: 1466320
2022-11-01 19:34:49,597 [wa.py] => Learning on 0-10
2022-11-01 19:35:01,518 [base.py] => Reducing exemplars...(200 per classes)
2022-11-01 19:35:01,518 [base.py] => Constructing exemplars...(200 per classes)
