2022-07-04 14:34:19,387 [trainer.py] => config: ./exps/ewc.json
2022-07-04 14:34:19,387 [trainer.py] => prefix: reproduce
2022-07-04 14:34:19,387 [trainer.py] => dataset: cifar100
2022-07-04 14:34:19,388 [trainer.py] => memory_size: 2000
2022-07-04 14:34:19,388 [trainer.py] => memory_per_class: 20
2022-07-04 14:34:19,388 [trainer.py] => fixed_memory: False
2022-07-04 14:34:19,388 [trainer.py] => shuffle: True
2022-07-04 14:34:19,388 [trainer.py] => init_cls: 10
2022-07-04 14:34:19,388 [trainer.py] => increment: 10
2022-07-04 14:34:19,388 [trainer.py] => model_name: ewc
2022-07-04 14:34:19,388 [trainer.py] => convnet_type: resnet32
2022-07-04 14:34:19,388 [trainer.py] => device: [device(type='cuda', index=0)]
2022-07-04 14:34:19,388 [trainer.py] => seed: 1993
2022-07-04 14:34:20,389 [data_manager.py] => [68, 56, 78, 8, 23, 84, 90, 65, 74, 76, 40, 89, 3, 92, 55, 9, 26, 80, 43, 38, 58, 70, 77, 1, 85, 19, 17, 50, 28, 53, 13, 81, 45, 82, 6, 59, 83, 16, 15, 44, 91, 41, 72, 60, 79, 52, 20, 10, 31, 54, 37, 95, 14, 71, 96, 98, 97, 2, 64, 66, 42, 22, 35, 86, 24, 34, 87, 21, 99, 0, 88, 27, 18, 94, 11, 12, 47, 25, 30, 46, 62, 69, 36, 61, 7, 63, 75, 5, 32, 4, 51, 48, 73, 93, 39, 67, 29, 49, 57, 33]
2022-07-04 14:34:20,574 [trainer.py] => All params: 464154
2022-07-04 14:34:20,574 [trainer.py] => Trainable params: 464154
2022-07-04 14:34:20,574 [ewc.py] => Learning on 0-10
2022-07-04 14:39:08,462 [ewc.py] => Task 0, Epoch 200/200 => Loss 0.023, Train_accy 99.70, Test_accy 89.50
2022-07-04 14:39:09,873 [trainer.py] => No NME accuracy.
2022-07-04 14:39:09,873 [trainer.py] => CNN: {'total': 89.8, '00-09': 89.8, 'old': 0, 'new': 89.8}
2022-07-04 14:39:09,873 [trainer.py] => CNN top1 curve: [89.8]
2022-07-04 14:39:09,873 [trainer.py] => CNN top5 curve: [99.4]

2022-07-04 14:39:09,873 [trainer.py] => All params: 464804
2022-07-04 14:39:09,873 [trainer.py] => Trainable params: 464804
2022-07-04 14:39:09,874 [ewc.py] => Learning on 10-20
2022-07-04 14:44:00,573 [ewc.py] => Task 1, Epoch 180/180 => Loss 0.238, Train_accy 98.24
2022-07-04 14:44:02,031 [trainer.py] => No NME accuracy.
2022-07-04 14:44:02,031 [trainer.py] => CNN: {'total': 42.45, '00-09': 8.3, '10-19': 76.6, 'old': 8.3, 'new': 76.6}
2022-07-04 14:44:02,031 [trainer.py] => CNN top1 curve: [89.8, 42.45]
2022-07-04 14:44:02,031 [trainer.py] => CNN top5 curve: [99.4, 80.95]

2022-07-04 14:44:02,031 [trainer.py] => All params: 465454
2022-07-04 14:44:02,031 [trainer.py] => Trainable params: 465454
2022-07-04 14:44:02,032 [ewc.py] => Learning on 20-30
2022-07-04 14:48:54,513 [ewc.py] => Task 2, Epoch 180/180 => Loss 0.169, Train_accy 94.54
2022-07-04 14:48:56,008 [trainer.py] => No NME accuracy.
2022-07-04 14:48:56,008 [trainer.py] => CNN: {'total': 37.9, '00-09': 5.4, '10-19': 25.3, '20-29': 83.0, 'old': 15.35, 'new': 83.0}
2022-07-04 14:48:56,008 [trainer.py] => CNN top1 curve: [89.8, 42.45, 37.9]
2022-07-04 14:48:56,008 [trainer.py] => CNN top5 curve: [99.4, 80.95, 71.1]

2022-07-04 14:48:56,008 [trainer.py] => All params: 466104
2022-07-04 14:48:56,008 [trainer.py] => Trainable params: 466104
2022-07-04 14:48:56,009 [ewc.py] => Learning on 30-40
2022-07-04 14:53:44,524 [ewc.py] => Task 3, Epoch 180/180 => Loss 0.214, Train_accy 77.16
2022-07-04 14:53:46,064 [trainer.py] => No NME accuracy.
2022-07-04 14:53:46,064 [trainer.py] => CNN: {'total': 28.02, '00-09': 1.8, '10-19': 11.9, '20-29': 34.7, '30-39': 63.7, 'old': 16.13, 'new': 63.7}
2022-07-04 14:53:46,064 [trainer.py] => CNN top1 curve: [89.8, 42.45, 37.9, 28.02]
2022-07-04 14:53:46,064 [trainer.py] => CNN top5 curve: [99.4, 80.95, 71.1, 61.62]

2022-07-04 14:53:46,064 [trainer.py] => All params: 466754
2022-07-04 14:53:46,064 [trainer.py] => Trainable params: 466754
2022-07-04 14:53:46,065 [ewc.py] => Learning on 40-50
2022-07-04 14:58:42,348 [ewc.py] => Task 4, Epoch 180/180 => Loss 0.167, Train_accy 87.32
2022-07-04 14:58:43,957 [trainer.py] => No NME accuracy.
2022-07-04 14:58:43,957 [trainer.py] => CNN: {'total': 28.48, '00-09': 1.7, '10-19': 7.8, '20-29': 22.6, '30-39': 29.2, '40-49': 81.1, 'old': 15.32, 'new': 81.1}
2022-07-04 14:58:43,957 [trainer.py] => CNN top1 curve: [89.8, 42.45, 37.9, 28.02, 28.48]
2022-07-04 14:58:43,957 [trainer.py] => CNN top5 curve: [99.4, 80.95, 71.1, 61.62, 60.96]

2022-07-04 14:58:43,958 [trainer.py] => All params: 467404
2022-07-04 14:58:43,958 [trainer.py] => Trainable params: 467404
2022-07-04 14:58:43,958 [ewc.py] => Learning on 50-60
2022-07-04 15:03:37,864 [ewc.py] => Task 5, Epoch 180/180 => Loss 0.213, Train_accy 78.70
2022-07-04 15:03:39,494 [trainer.py] => No NME accuracy.
2022-07-04 15:03:39,495 [trainer.py] => CNN: {'total': 22.82, '00-09': 1.4, '10-19': 13.5, '20-29': 13.2, '30-39': 13.0, '40-49': 33.5, '50-59': 62.3, 'old': 14.92, 'new': 62.3}
2022-07-04 15:03:39,495 [trainer.py] => CNN top1 curve: [89.8, 42.45, 37.9, 28.02, 28.48, 22.82]
2022-07-04 15:03:39,495 [trainer.py] => CNN top5 curve: [99.4, 80.95, 71.1, 61.62, 60.96, 53.98]

2022-07-04 15:03:39,495 [trainer.py] => All params: 468054
2022-07-04 15:03:39,495 [trainer.py] => Trainable params: 468054
2022-07-04 15:03:39,496 [ewc.py] => Learning on 60-70
2022-07-04 15:08:34,712 [ewc.py] => Task 6, Epoch 180/180 => Loss 0.195, Train_accy 82.38
2022-07-04 15:08:36,382 [trainer.py] => No NME accuracy.
2022-07-04 15:08:36,382 [trainer.py] => CNN: {'total': 21.83, '00-09': 2.5, '10-19': 8.6, '20-29': 9.2, '30-39': 10.3, '40-49': 23.0, '50-59': 26.9, '60-69': 72.3, 'old': 13.42, 'new': 72.3}
2022-07-04 15:08:36,383 [trainer.py] => CNN top1 curve: [89.8, 42.45, 37.9, 28.02, 28.48, 22.82, 21.83]
2022-07-04 15:08:36,383 [trainer.py] => CNN top5 curve: [99.4, 80.95, 71.1, 61.62, 60.96, 53.98, 50.94]

2022-07-04 15:08:36,383 [trainer.py] => All params: 468704
2022-07-04 15:08:36,383 [trainer.py] => Trainable params: 468704
2022-07-04 15:08:36,383 [ewc.py] => Learning on 70-80
2022-07-04 15:13:31,349 [ewc.py] => Task 7, Epoch 180/180 => Loss 0.233, Train_accy 66.04
2022-07-04 15:13:33,057 [trainer.py] => No NME accuracy.
2022-07-04 15:13:33,057 [trainer.py] => CNN: {'total': 18.5, '00-09': 3.0, '10-19': 7.3, '20-29': 7.3, '30-39': 6.1, '40-49': 17.9, '50-59': 21.8, '60-69': 29.1, '70-79': 55.5, 'old': 13.21, 'new': 55.5}
2022-07-04 15:13:33,057 [trainer.py] => CNN top1 curve: [89.8, 42.45, 37.9, 28.02, 28.48, 22.82, 21.83, 18.5]
2022-07-04 15:13:33,057 [trainer.py] => CNN top5 curve: [99.4, 80.95, 71.1, 61.62, 60.96, 53.98, 50.94, 48.09]

2022-07-04 15:13:33,057 [trainer.py] => All params: 469354
2022-07-04 15:13:33,057 [trainer.py] => Trainable params: 469354
2022-07-04 15:13:33,058 [ewc.py] => Learning on 80-90
2022-07-04 15:18:30,338 [ewc.py] => Task 8, Epoch 180/180 => Loss 0.228, Train_accy 66.80
2022-07-04 15:18:32,099 [trainer.py] => No NME accuracy.
2022-07-04 15:18:32,099 [trainer.py] => CNN: {'total': 16.26, '00-09': 2.4, '10-19': 10.2, '20-29': 4.8, '30-39': 4.5, '40-49': 17.9, '50-59': 10.6, '60-69': 18.7, '70-79': 20.3, '80-89': 56.9, 'old': 11.18, 'new': 56.9}
2022-07-04 15:18:32,099 [trainer.py] => CNN top1 curve: [89.8, 42.45, 37.9, 28.02, 28.48, 22.82, 21.83, 18.5, 16.26]
2022-07-04 15:18:32,099 [trainer.py] => CNN top5 curve: [99.4, 80.95, 71.1, 61.62, 60.96, 53.98, 50.94, 48.09, 45.59]

2022-07-04 15:18:32,100 [trainer.py] => All params: 470004
2022-07-04 15:18:32,100 [trainer.py] => Trainable params: 470004
2022-07-04 15:18:32,101 [ewc.py] => Learning on 90-100
2022-07-04 15:23:30,820 [ewc.py] => Task 9, Epoch 180/180 => Loss 0.279, Train_accy 71.58
2022-07-04 15:23:32,635 [trainer.py] => No NME accuracy.
2022-07-04 15:23:32,636 [trainer.py] => CNN: {'total': 14.89, '00-09': 2.9, '10-19': 9.5, '20-29': 6.3, '30-39': 5.1, '40-49': 11.1, '50-59': 9.4, '60-69': 10.1, '70-79': 13.2, '80-89': 22.9, '90-99': 58.4, 'old': 10.06, 'new': 58.4}
2022-07-04 15:23:32,636 [trainer.py] => CNN top1 curve: [89.8, 42.45, 37.9, 28.02, 28.48, 22.82, 21.83, 18.5, 16.26, 14.89]
2022-07-04 15:23:32,636 [trainer.py] => CNN top5 curve: [99.4, 80.95, 71.1, 61.62, 60.96, 53.98, 50.94, 48.09, 45.59, 40.47]

