2022-11-20 21:23:07,838 [trainer.py] => config: ./exps/unlabel.json
2022-11-20 21:23:07,838 [trainer.py] => lr: 0.03
2022-11-20 21:23:07,838 [trainer.py] => warmup: 0
2022-11-20 21:23:07,838 [trainer.py] => wdecay: 0.0005
2022-11-20 21:23:07,838 [trainer.py] => nesterov: True
2022-11-20 21:23:07,838 [trainer.py] => ema_decay: 0.999
2022-11-20 21:23:07,838 [trainer.py] => gpu_id: 0
2022-11-20 21:23:07,838 [trainer.py] => prefix: reproduce
2022-11-20 21:23:07,838 [trainer.py] => dataset: cifar100
2022-11-20 21:23:07,838 [trainer.py] => memory_size: 2000
2022-11-20 21:23:07,838 [trainer.py] => memory_per_class: 20
2022-11-20 21:23:07,838 [trainer.py] => fixed_memory: False
2022-11-20 21:23:07,838 [trainer.py] => shuffle: True
2022-11-20 21:23:07,838 [trainer.py] => init_cls: 10
2022-11-20 21:23:07,838 [trainer.py] => increment: 10
2022-11-20 21:23:07,838 [trainer.py] => model_name: unlabel
2022-11-20 21:23:07,838 [trainer.py] => convnet_type: resnet32
2022-11-20 21:23:07,838 [trainer.py] => device: [device(type='cuda', index=0)]
2022-11-20 21:23:07,838 [trainer.py] => seed: 1993
2022-11-20 21:23:08,830 [data_manager.py] => [68, 56, 78, 8, 23, 84, 90, 65, 74, 76, 40, 89, 3, 92, 55, 9, 26, 80, 43, 38, 58, 70, 77, 1, 85, 19, 17, 50, 28, 53, 13, 81, 45, 82, 6, 59, 83, 16, 15, 44, 91, 41, 72, 60, 79, 52, 20, 10, 31, 54, 37, 95, 14, 71, 96, 98, 97, 2, 64, 66, 42, 22, 35, 86, 24, 34, 87, 21, 99, 0, 88, 27, 18, 94, 11, 12, 47, 25, 30, 46, 62, 69, 36, 61, 7, 63, 75, 5, 32, 4, 51, 48, 73, 93, 39, 67, 29, 49, 57, 33]
2022-11-20 21:23:08,884 [wideresnet.py] => Model: WideResNet 28x2
2022-11-20 21:23:09,766 [trainer.py] => All params: 1466320
2022-11-20 21:23:09,767 [trainer.py] => Trainable params: 1466320
2022-11-20 21:23:09,767 [unlabel.py] => Learning on 0-10
2022-11-20 21:23:35,185 [base.py] => Reducing exemplars...(200 per classes)
2022-11-20 21:23:35,185 [base.py] => Constructing exemplars...(200 per classes)
2022-11-20 21:23:38,131 [base.py] => Reducing exemplars...(200 per classes)
2022-11-20 21:23:38,133 [base.py] => Constructing exemplars...(200 per classes)
2022-11-20 21:23:41,631 [unlabel.py] => Exemplar size: 2000
2022-11-20 21:23:41,631 [trainer.py] => CNN: {'total': 10.0, '00-09': 10.0, 'old': 0, 'new': 10.0}
2022-11-20 21:23:41,632 [trainer.py] => NME: {'total': 21.9, '00-09': 21.9, 'old': 0, 'new': 21.9}
2022-11-20 21:23:41,632 [trainer.py] => CNN top1 curve: [10.0]
2022-11-20 21:23:41,632 [trainer.py] => CNN top5 curve: [50.0]
2022-11-20 21:23:41,632 [trainer.py] => NME top1 curve: [21.9]
2022-11-20 21:23:41,632 [trainer.py] => NME top5 curve: [71.6]

2022-11-20 21:23:41,632 [trainer.py] => All params: 1467610
2022-11-20 21:23:41,632 [trainer.py] => Trainable params: 1467610
2022-11-20 21:23:41,633 [unlabel.py] => Learning on 10-20
2022-11-20 21:27:26,220 [trainer.py] => config: ./exps/unlabel.json
2022-11-20 21:27:26,220 [trainer.py] => lr: 0.03
2022-11-20 21:27:26,220 [trainer.py] => warmup: 0
2022-11-20 21:27:26,220 [trainer.py] => wdecay: 0.0005
2022-11-20 21:27:26,220 [trainer.py] => nesterov: True
2022-11-20 21:27:26,220 [trainer.py] => ema_decay: 0.999
2022-11-20 21:27:26,220 [trainer.py] => gpu_id: 0
2022-11-20 21:27:26,220 [trainer.py] => prefix: reproduce
2022-11-20 21:27:26,220 [trainer.py] => dataset: cifar100
2022-11-20 21:27:26,220 [trainer.py] => memory_size: 2000
2022-11-20 21:27:26,220 [trainer.py] => memory_per_class: 20
2022-11-20 21:27:26,220 [trainer.py] => fixed_memory: False
2022-11-20 21:27:26,220 [trainer.py] => shuffle: True
2022-11-20 21:27:26,220 [trainer.py] => init_cls: 10
2022-11-20 21:27:26,220 [trainer.py] => increment: 10
2022-11-20 21:27:26,220 [trainer.py] => model_name: unlabel
2022-11-20 21:27:26,220 [trainer.py] => convnet_type: resnet32
2022-11-20 21:27:26,220 [trainer.py] => device: [device(type='cuda', index=0)]
2022-11-20 21:27:26,220 [trainer.py] => seed: 1993
2022-11-20 21:27:27,208 [data_manager.py] => [68, 56, 78, 8, 23, 84, 90, 65, 74, 76, 40, 89, 3, 92, 55, 9, 26, 80, 43, 38, 58, 70, 77, 1, 85, 19, 17, 50, 28, 53, 13, 81, 45, 82, 6, 59, 83, 16, 15, 44, 91, 41, 72, 60, 79, 52, 20, 10, 31, 54, 37, 95, 14, 71, 96, 98, 97, 2, 64, 66, 42, 22, 35, 86, 24, 34, 87, 21, 99, 0, 88, 27, 18, 94, 11, 12, 47, 25, 30, 46, 62, 69, 36, 61, 7, 63, 75, 5, 32, 4, 51, 48, 73, 93, 39, 67, 29, 49, 57, 33]
2022-11-20 21:27:27,262 [wideresnet.py] => Model: WideResNet 28x2
2022-11-20 21:27:28,242 [trainer.py] => All params: 1466320
2022-11-20 21:27:28,243 [trainer.py] => Trainable params: 1466320
2022-11-20 21:27:28,243 [unlabel.py] => Learning on 0-10
2022-11-20 21:27:53,619 [base.py] => Reducing exemplars...(200 per classes)
2022-11-20 21:27:53,619 [base.py] => Constructing exemplars...(200 per classes)
2022-11-20 21:27:56,456 [base.py] => Reducing exemplars...(200 per classes)
2022-11-20 21:27:56,457 [base.py] => Constructing exemplars...(200 per classes)
2022-11-20 21:27:59,908 [unlabel.py] => Exemplar size: 2000
2022-11-20 21:27:59,908 [trainer.py] => CNN: {'total': 10.0, '00-09': 10.0, 'old': 0, 'new': 10.0}
2022-11-20 21:27:59,908 [trainer.py] => NME: {'total': 21.9, '00-09': 21.9, 'old': 0, 'new': 21.9}
2022-11-20 21:27:59,908 [trainer.py] => CNN top1 curve: [10.0]
2022-11-20 21:27:59,908 [trainer.py] => CNN top5 curve: [50.0]
2022-11-20 21:27:59,908 [trainer.py] => NME top1 curve: [21.9]
2022-11-20 21:27:59,908 [trainer.py] => NME top5 curve: [71.6]

2022-11-20 21:27:59,908 [trainer.py] => All params: 1467610
2022-11-20 21:27:59,908 [trainer.py] => Trainable params: 1467610
2022-11-20 21:27:59,908 [unlabel.py] => Learning on 10-20
2022-11-20 21:36:27,806 [trainer.py] => config: ./exps/unlabel.json
2022-11-20 21:36:27,806 [trainer.py] => lr: 0.03
2022-11-20 21:36:27,806 [trainer.py] => warmup: 0
2022-11-20 21:36:27,806 [trainer.py] => wdecay: 0.0005
2022-11-20 21:36:27,806 [trainer.py] => nesterov: True
2022-11-20 21:36:27,806 [trainer.py] => ema_decay: 0.999
2022-11-20 21:36:27,806 [trainer.py] => gpu_id: 0
2022-11-20 21:36:27,806 [trainer.py] => prefix: reproduce
2022-11-20 21:36:27,806 [trainer.py] => dataset: cifar100
2022-11-20 21:36:27,806 [trainer.py] => memory_size: 2000
2022-11-20 21:36:27,806 [trainer.py] => memory_per_class: 20
2022-11-20 21:36:27,807 [trainer.py] => fixed_memory: False
2022-11-20 21:36:27,807 [trainer.py] => shuffle: True
2022-11-20 21:36:27,807 [trainer.py] => init_cls: 10
2022-11-20 21:36:27,807 [trainer.py] => increment: 10
2022-11-20 21:36:27,807 [trainer.py] => model_name: unlabel
2022-11-20 21:36:27,807 [trainer.py] => convnet_type: resnet32
2022-11-20 21:36:27,807 [trainer.py] => device: [device(type='cuda', index=0)]
2022-11-20 21:36:27,807 [trainer.py] => seed: 1993
2022-11-20 21:36:28,797 [data_manager.py] => [68, 56, 78, 8, 23, 84, 90, 65, 74, 76, 40, 89, 3, 92, 55, 9, 26, 80, 43, 38, 58, 70, 77, 1, 85, 19, 17, 50, 28, 53, 13, 81, 45, 82, 6, 59, 83, 16, 15, 44, 91, 41, 72, 60, 79, 52, 20, 10, 31, 54, 37, 95, 14, 71, 96, 98, 97, 2, 64, 66, 42, 22, 35, 86, 24, 34, 87, 21, 99, 0, 88, 27, 18, 94, 11, 12, 47, 25, 30, 46, 62, 69, 36, 61, 7, 63, 75, 5, 32, 4, 51, 48, 73, 93, 39, 67, 29, 49, 57, 33]
2022-11-20 21:36:28,852 [wideresnet.py] => Model: WideResNet 28x2
2022-11-20 21:36:29,730 [trainer.py] => All params: 1466320
2022-11-20 21:36:29,730 [trainer.py] => Trainable params: 1466320
2022-11-20 21:36:29,730 [unlabel.py] => Learning on 0-10
2022-11-20 21:37:06,585 [trainer.py] => config: ./exps/unlabel.json
2022-11-20 21:37:06,585 [trainer.py] => lr: 0.03
2022-11-20 21:37:06,585 [trainer.py] => warmup: 0
2022-11-20 21:37:06,585 [trainer.py] => wdecay: 0.0005
2022-11-20 21:37:06,585 [trainer.py] => nesterov: True
2022-11-20 21:37:06,585 [trainer.py] => ema_decay: 0.999
2022-11-20 21:37:06,585 [trainer.py] => gpu_id: 0
2022-11-20 21:37:06,585 [trainer.py] => prefix: reproduce
2022-11-20 21:37:06,585 [trainer.py] => dataset: cifar100
2022-11-20 21:37:06,585 [trainer.py] => memory_size: 2000
2022-11-20 21:37:06,585 [trainer.py] => memory_per_class: 20
2022-11-20 21:37:06,585 [trainer.py] => fixed_memory: False
2022-11-20 21:37:06,585 [trainer.py] => shuffle: True
2022-11-20 21:37:06,585 [trainer.py] => init_cls: 10
2022-11-20 21:37:06,585 [trainer.py] => increment: 10
2022-11-20 21:37:06,585 [trainer.py] => model_name: unlabel
2022-11-20 21:37:06,585 [trainer.py] => convnet_type: resnet32
2022-11-20 21:37:06,585 [trainer.py] => device: [device(type='cuda', index=0)]
2022-11-20 21:37:06,585 [trainer.py] => seed: 1993
2022-11-20 21:37:07,580 [data_manager.py] => [68, 56, 78, 8, 23, 84, 90, 65, 74, 76, 40, 89, 3, 92, 55, 9, 26, 80, 43, 38, 58, 70, 77, 1, 85, 19, 17, 50, 28, 53, 13, 81, 45, 82, 6, 59, 83, 16, 15, 44, 91, 41, 72, 60, 79, 52, 20, 10, 31, 54, 37, 95, 14, 71, 96, 98, 97, 2, 64, 66, 42, 22, 35, 86, 24, 34, 87, 21, 99, 0, 88, 27, 18, 94, 11, 12, 47, 25, 30, 46, 62, 69, 36, 61, 7, 63, 75, 5, 32, 4, 51, 48, 73, 93, 39, 67, 29, 49, 57, 33]
2022-11-20 21:37:07,635 [wideresnet.py] => Model: WideResNet 28x2
2022-11-20 21:37:08,512 [trainer.py] => All params: 1466320
2022-11-20 21:37:08,512 [trainer.py] => Trainable params: 1466320
2022-11-20 21:37:08,513 [unlabel.py] => Learning on 0-10
2022-11-20 21:37:33,783 [base.py] => Reducing exemplars...(200 per classes)
2022-11-20 21:37:33,783 [base.py] => Constructing exemplars...(200 per classes)
2022-11-20 21:37:36,655 [base.py] => Reducing exemplars...(200 per classes)
2022-11-20 21:37:36,656 [base.py] => Constructing exemplars...(200 per classes)
2022-11-20 21:37:40,100 [unlabel.py] => Exemplar size: 2000
2022-11-20 21:37:40,100 [trainer.py] => CNN: {'total': 16.5, '00-09': 16.5, 'old': 0, 'new': 16.5}
2022-11-20 21:37:40,100 [trainer.py] => NME: {'total': 29.2, '00-09': 29.2, 'old': 0, 'new': 29.2}
2022-11-20 21:37:40,100 [trainer.py] => CNN top1 curve: [16.5]
2022-11-20 21:37:40,100 [trainer.py] => CNN top5 curve: [53.1]
2022-11-20 21:37:40,100 [trainer.py] => NME top1 curve: [29.2]
2022-11-20 21:37:40,100 [trainer.py] => NME top5 curve: [80.1]

2022-11-20 21:37:40,101 [trainer.py] => All params: 1467610
2022-11-20 21:37:40,101 [trainer.py] => Trainable params: 1467610
2022-11-20 21:37:40,101 [unlabel.py] => Learning on 10-20
2022-11-20 21:38:29,391 [trainer.py] => config: ./exps/unlabel.json
2022-11-20 21:38:29,391 [trainer.py] => lr: 0.03
2022-11-20 21:38:29,391 [trainer.py] => warmup: 0
2022-11-20 21:38:29,391 [trainer.py] => wdecay: 0.0005
2022-11-20 21:38:29,391 [trainer.py] => nesterov: True
2022-11-20 21:38:29,391 [trainer.py] => ema_decay: 0.999
2022-11-20 21:38:29,391 [trainer.py] => gpu_id: 0
2022-11-20 21:38:29,391 [trainer.py] => prefix: reproduce
2022-11-20 21:38:29,391 [trainer.py] => dataset: cifar100
2022-11-20 21:38:29,391 [trainer.py] => memory_size: 2000
2022-11-20 21:38:29,391 [trainer.py] => memory_per_class: 20
2022-11-20 21:38:29,391 [trainer.py] => fixed_memory: False
2022-11-20 21:38:29,391 [trainer.py] => shuffle: True
2022-11-20 21:38:29,391 [trainer.py] => init_cls: 10
2022-11-20 21:38:29,391 [trainer.py] => increment: 10
2022-11-20 21:38:29,391 [trainer.py] => model_name: unlabel
2022-11-20 21:38:29,391 [trainer.py] => convnet_type: resnet32
2022-11-20 21:38:29,391 [trainer.py] => device: [device(type='cuda', index=0)]
2022-11-20 21:38:29,391 [trainer.py] => seed: 1993
2022-11-20 21:38:30,392 [data_manager.py] => [68, 56, 78, 8, 23, 84, 90, 65, 74, 76, 40, 89, 3, 92, 55, 9, 26, 80, 43, 38, 58, 70, 77, 1, 85, 19, 17, 50, 28, 53, 13, 81, 45, 82, 6, 59, 83, 16, 15, 44, 91, 41, 72, 60, 79, 52, 20, 10, 31, 54, 37, 95, 14, 71, 96, 98, 97, 2, 64, 66, 42, 22, 35, 86, 24, 34, 87, 21, 99, 0, 88, 27, 18, 94, 11, 12, 47, 25, 30, 46, 62, 69, 36, 61, 7, 63, 75, 5, 32, 4, 51, 48, 73, 93, 39, 67, 29, 49, 57, 33]
2022-11-20 21:38:30,446 [wideresnet.py] => Model: WideResNet 28x2
2022-11-20 21:38:31,316 [trainer.py] => All params: 1466320
2022-11-20 21:38:31,316 [trainer.py] => Trainable params: 1466320
2022-11-20 21:38:31,316 [unlabel.py] => Learning on 0-10
2022-11-20 21:38:56,660 [base.py] => Reducing exemplars...(200 per classes)
2022-11-20 21:38:56,660 [base.py] => Constructing exemplars...(200 per classes)
2022-11-20 21:38:59,584 [base.py] => Reducing exemplars...(200 per classes)
2022-11-20 21:38:59,585 [base.py] => Constructing exemplars...(200 per classes)
2022-11-20 21:39:03,070 [unlabel.py] => Exemplar size: 2000
2022-11-20 21:39:03,070 [trainer.py] => CNN: {'total': 16.5, '00-09': 16.5, 'old': 0, 'new': 16.5}
2022-11-20 21:39:03,070 [trainer.py] => NME: {'total': 29.2, '00-09': 29.2, 'old': 0, 'new': 29.2}
2022-11-20 21:39:03,070 [trainer.py] => CNN top1 curve: [16.5]
2022-11-20 21:39:03,070 [trainer.py] => CNN top5 curve: [53.1]
2022-11-20 21:39:03,070 [trainer.py] => NME top1 curve: [29.2]
2022-11-20 21:39:03,070 [trainer.py] => NME top5 curve: [80.1]

2022-11-20 21:39:03,070 [trainer.py] => All params: 1467610
2022-11-20 21:39:03,070 [trainer.py] => Trainable params: 1467610
2022-11-20 21:39:03,071 [unlabel.py] => Learning on 10-20
2022-11-20 21:40:34,883 [trainer.py] => config: ./exps/unlabel.json
2022-11-20 21:40:34,883 [trainer.py] => lr: 0.03
2022-11-20 21:40:34,883 [trainer.py] => warmup: 0
2022-11-20 21:40:34,883 [trainer.py] => wdecay: 0.0005
2022-11-20 21:40:34,883 [trainer.py] => nesterov: True
2022-11-20 21:40:34,883 [trainer.py] => ema_decay: 0.999
2022-11-20 21:40:34,883 [trainer.py] => gpu_id: 0
2022-11-20 21:40:34,883 [trainer.py] => prefix: reproduce
2022-11-20 21:40:34,883 [trainer.py] => dataset: cifar100
2022-11-20 21:40:34,883 [trainer.py] => memory_size: 2000
2022-11-20 21:40:34,883 [trainer.py] => memory_per_class: 20
2022-11-20 21:40:34,883 [trainer.py] => fixed_memory: False
2022-11-20 21:40:34,883 [trainer.py] => shuffle: True
2022-11-20 21:40:34,883 [trainer.py] => init_cls: 10
2022-11-20 21:40:34,883 [trainer.py] => increment: 10
2022-11-20 21:40:34,883 [trainer.py] => model_name: unlabel
2022-11-20 21:40:34,883 [trainer.py] => convnet_type: resnet32
2022-11-20 21:40:34,884 [trainer.py] => device: [device(type='cuda', index=0)]
2022-11-20 21:40:34,884 [trainer.py] => seed: 1993
2022-11-20 21:40:35,884 [data_manager.py] => [68, 56, 78, 8, 23, 84, 90, 65, 74, 76, 40, 89, 3, 92, 55, 9, 26, 80, 43, 38, 58, 70, 77, 1, 85, 19, 17, 50, 28, 53, 13, 81, 45, 82, 6, 59, 83, 16, 15, 44, 91, 41, 72, 60, 79, 52, 20, 10, 31, 54, 37, 95, 14, 71, 96, 98, 97, 2, 64, 66, 42, 22, 35, 86, 24, 34, 87, 21, 99, 0, 88, 27, 18, 94, 11, 12, 47, 25, 30, 46, 62, 69, 36, 61, 7, 63, 75, 5, 32, 4, 51, 48, 73, 93, 39, 67, 29, 49, 57, 33]
2022-11-20 21:40:35,938 [wideresnet.py] => Model: WideResNet 28x2
2022-11-20 21:40:36,813 [trainer.py] => All params: 1466320
2022-11-20 21:40:36,813 [trainer.py] => Trainable params: 1466320
2022-11-20 21:40:36,813 [unlabel.py] => Learning on 0-10
2022-11-20 21:41:02,134 [base.py] => Reducing exemplars...(200 per classes)
2022-11-20 21:41:02,134 [base.py] => Constructing exemplars...(200 per classes)
2022-11-20 21:41:05,076 [base.py] => Reducing exemplars...(200 per classes)
2022-11-20 21:41:05,077 [base.py] => Constructing exemplars...(200 per classes)
2022-11-20 21:41:08,561 [unlabel.py] => Exemplar size: 2000
2022-11-20 21:41:08,561 [trainer.py] => CNN: {'total': 16.5, '00-09': 16.5, 'old': 0, 'new': 16.5}
2022-11-20 21:41:08,561 [trainer.py] => NME: {'total': 29.2, '00-09': 29.2, 'old': 0, 'new': 29.2}
2022-11-20 21:41:08,561 [trainer.py] => CNN top1 curve: [16.5]
2022-11-20 21:41:08,561 [trainer.py] => CNN top5 curve: [53.1]
2022-11-20 21:41:08,561 [trainer.py] => NME top1 curve: [29.2]
2022-11-20 21:41:08,561 [trainer.py] => NME top5 curve: [80.1]

2022-11-20 21:41:08,561 [trainer.py] => All params: 1467610
2022-11-20 21:41:08,561 [trainer.py] => Trainable params: 1467610
2022-11-20 21:41:08,562 [unlabel.py] => Learning on 10-20
2022-11-20 21:41:41,888 [trainer.py] => config: ./exps/unlabel.json
2022-11-20 21:41:41,888 [trainer.py] => lr: 0.03
2022-11-20 21:41:41,888 [trainer.py] => warmup: 0
2022-11-20 21:41:41,888 [trainer.py] => wdecay: 0.0005
2022-11-20 21:41:41,888 [trainer.py] => nesterov: True
2022-11-20 21:41:41,888 [trainer.py] => ema_decay: 0.999
2022-11-20 21:41:41,888 [trainer.py] => gpu_id: 0
2022-11-20 21:41:41,888 [trainer.py] => prefix: reproduce
2022-11-20 21:41:41,888 [trainer.py] => dataset: cifar100
2022-11-20 21:41:41,888 [trainer.py] => memory_size: 2000
2022-11-20 21:41:41,888 [trainer.py] => memory_per_class: 20
2022-11-20 21:41:41,888 [trainer.py] => fixed_memory: False
2022-11-20 21:41:41,888 [trainer.py] => shuffle: True
2022-11-20 21:41:41,888 [trainer.py] => init_cls: 10
2022-11-20 21:41:41,888 [trainer.py] => increment: 10
2022-11-20 21:41:41,888 [trainer.py] => model_name: unlabel
2022-11-20 21:41:41,888 [trainer.py] => convnet_type: resnet32
2022-11-20 21:41:41,888 [trainer.py] => device: [device(type='cuda', index=0)]
2022-11-20 21:41:41,888 [trainer.py] => seed: 1993
2022-11-20 21:41:42,885 [data_manager.py] => [68, 56, 78, 8, 23, 84, 90, 65, 74, 76, 40, 89, 3, 92, 55, 9, 26, 80, 43, 38, 58, 70, 77, 1, 85, 19, 17, 50, 28, 53, 13, 81, 45, 82, 6, 59, 83, 16, 15, 44, 91, 41, 72, 60, 79, 52, 20, 10, 31, 54, 37, 95, 14, 71, 96, 98, 97, 2, 64, 66, 42, 22, 35, 86, 24, 34, 87, 21, 99, 0, 88, 27, 18, 94, 11, 12, 47, 25, 30, 46, 62, 69, 36, 61, 7, 63, 75, 5, 32, 4, 51, 48, 73, 93, 39, 67, 29, 49, 57, 33]
2022-11-20 21:41:42,940 [wideresnet.py] => Model: WideResNet 28x2
2022-11-20 21:41:43,814 [trainer.py] => All params: 1466320
2022-11-20 21:41:43,814 [trainer.py] => Trainable params: 1466320
2022-11-20 21:41:43,814 [unlabel.py] => Learning on 0-10
2022-11-20 23:03:50,053 [base.py] => Reducing exemplars...(200 per classes)
2022-11-20 23:03:50,053 [base.py] => Constructing exemplars...(200 per classes)
2022-11-20 23:03:52,982 [base.py] => Reducing exemplars...(200 per classes)
2022-11-20 23:03:52,983 [base.py] => Constructing exemplars...(200 per classes)
2022-11-20 23:03:56,534 [unlabel.py] => Exemplar size: 2000
2022-11-20 23:03:56,535 [trainer.py] => CNN: {'total': 90.2, '00-09': 90.2, 'old': 0, 'new': 90.2}
2022-11-20 23:03:56,535 [trainer.py] => NME: {'total': 91.1, '00-09': 91.1, 'old': 0, 'new': 91.1}
2022-11-20 23:03:56,535 [trainer.py] => CNN top1 curve: [90.2]
2022-11-20 23:03:56,535 [trainer.py] => CNN top5 curve: [100.0]
2022-11-20 23:03:56,535 [trainer.py] => NME top1 curve: [91.1]
2022-11-20 23:03:56,535 [trainer.py] => NME top5 curve: [99.8]

2022-11-20 23:03:56,535 [trainer.py] => All params: 1467610
2022-11-20 23:03:56,535 [trainer.py] => Trainable params: 1467610
2022-11-20 23:03:56,535 [unlabel.py] => Learning on 10-20
2022-11-21 00:11:22,619 [base.py] => Reducing exemplars...(100 per classes)
2022-11-21 00:11:23,678 [base.py] => Constructing exemplars...(100 per classes)
2022-11-21 00:11:26,414 [base.py] => Reducing exemplars...(100 per classes)
2022-11-21 00:11:27,484 [base.py] => Constructing exemplars...(100 per classes)
2022-11-21 00:11:30,981 [unlabel.py] => Exemplar size: 2000
2022-11-21 00:11:30,982 [trainer.py] => CNN: {'total': 66.75, '00-09': 71.0, '10-19': 62.5, 'old': 71.0, 'new': 62.5}
2022-11-21 00:11:30,982 [trainer.py] => NME: {'total': 69.9, '00-09': 72.6, '10-19': 67.2, 'old': 72.6, 'new': 67.2}
2022-11-21 00:11:30,982 [trainer.py] => CNN top1 curve: [90.2, 66.75]
2022-11-21 00:11:30,982 [trainer.py] => CNN top5 curve: [100.0, 91.8]
2022-11-21 00:11:30,982 [trainer.py] => NME top1 curve: [91.1, 69.9]
2022-11-21 00:11:30,982 [trainer.py] => NME top5 curve: [99.8, 93.5]

2022-11-21 00:11:30,982 [trainer.py] => All params: 1468900
2022-11-21 00:11:30,982 [trainer.py] => Trainable params: 1468900
2022-11-21 00:11:30,982 [unlabel.py] => Learning on 20-30
2022-11-21 01:18:48,664 [base.py] => Reducing exemplars...(66 per classes)
2022-11-21 01:18:50,716 [base.py] => Constructing exemplars...(66 per classes)
2022-11-21 01:18:53,353 [base.py] => Reducing exemplars...(66 per classes)
2022-11-21 01:18:55,405 [base.py] => Constructing exemplars...(66 per classes)
2022-11-21 01:18:59,075 [unlabel.py] => Exemplar size: 1980
2022-11-21 01:18:59,076 [trainer.py] => CNN: {'total': 65.8, '00-09': 65.2, '10-19': 51.3, '20-29': 80.9, 'old': 58.25, 'new': 80.9}
2022-11-21 01:18:59,076 [trainer.py] => NME: {'total': 67.63, '00-09': 68.7, '10-19': 56.1, '20-29': 78.1, 'old': 62.4, 'new': 78.1}
2022-11-21 01:18:59,076 [trainer.py] => CNN top1 curve: [90.2, 66.75, 65.8]
2022-11-21 01:18:59,076 [trainer.py] => CNN top5 curve: [100.0, 91.8, 89.8]
2022-11-21 01:18:59,076 [trainer.py] => NME top1 curve: [91.1, 69.9, 67.63]
2022-11-21 01:18:59,076 [trainer.py] => NME top5 curve: [99.8, 93.5, 91.77]

2022-11-21 01:18:59,076 [trainer.py] => All params: 1470190
2022-11-21 01:18:59,076 [trainer.py] => Trainable params: 1470190
2022-11-21 01:18:59,076 [unlabel.py] => Learning on 30-40
2022-11-21 02:26:18,856 [base.py] => Reducing exemplars...(50 per classes)
2022-11-21 02:26:21,813 [base.py] => Constructing exemplars...(50 per classes)
2022-11-21 02:26:24,488 [base.py] => Reducing exemplars...(50 per classes)
2022-11-21 02:26:27,498 [base.py] => Constructing exemplars...(50 per classes)
2022-11-21 02:26:31,259 [unlabel.py] => Exemplar size: 2000
2022-11-21 02:26:31,259 [trainer.py] => CNN: {'total': 58.3, '00-09': 60.2, '10-19': 47.4, '20-29': 53.2, '30-39': 72.4, 'old': 53.6, 'new': 72.4}
2022-11-21 02:26:31,259 [trainer.py] => NME: {'total': 61.65, '00-09': 64.4, '10-19': 50.3, '20-29': 63.7, '30-39': 68.2, 'old': 59.47, 'new': 68.2}
2022-11-21 02:26:31,259 [trainer.py] => CNN top1 curve: [90.2, 66.75, 65.8, 58.3]
2022-11-21 02:26:31,259 [trainer.py] => CNN top5 curve: [100.0, 91.8, 89.8, 86.4]
2022-11-21 02:26:31,259 [trainer.py] => NME top1 curve: [91.1, 69.9, 67.63, 61.65]
2022-11-21 02:26:31,259 [trainer.py] => NME top5 curve: [99.8, 93.5, 91.77, 88.52]

2022-11-21 02:26:31,259 [trainer.py] => All params: 1471480
2022-11-21 02:26:31,259 [trainer.py] => Trainable params: 1471480
2022-11-21 02:26:31,259 [unlabel.py] => Learning on 40-50
2022-11-21 03:33:47,630 [base.py] => Reducing exemplars...(40 per classes)
2022-11-21 03:33:51,520 [base.py] => Constructing exemplars...(40 per classes)
2022-11-21 03:33:54,121 [base.py] => Reducing exemplars...(40 per classes)
2022-11-21 03:33:57,968 [base.py] => Constructing exemplars...(40 per classes)
2022-11-21 03:34:01,961 [unlabel.py] => Exemplar size: 2000
2022-11-21 03:34:01,961 [trainer.py] => CNN: {'total': 53.16, '00-09': 53.7, '10-19': 35.7, '20-29': 53.8, '30-39': 41.5, '40-49': 81.1, 'old': 46.18, 'new': 81.1}
2022-11-21 03:34:01,961 [trainer.py] => NME: {'total': 58.3, '00-09': 61.5, '10-19': 42.5, '20-29': 61.3, '30-39': 53.0, '40-49': 73.2, 'old': 54.58, 'new': 73.2}
2022-11-21 03:34:01,961 [trainer.py] => CNN top1 curve: [90.2, 66.75, 65.8, 58.3, 53.16]
2022-11-21 03:34:01,961 [trainer.py] => CNN top5 curve: [100.0, 91.8, 89.8, 86.4, 82.56]
2022-11-21 03:34:01,961 [trainer.py] => NME top1 curve: [91.1, 69.9, 67.63, 61.65, 58.3]
2022-11-21 03:34:01,961 [trainer.py] => NME top5 curve: [99.8, 93.5, 91.77, 88.52, 86.5]

2022-11-21 03:34:01,961 [trainer.py] => All params: 1472770
2022-11-21 03:34:01,962 [trainer.py] => Trainable params: 1472770
2022-11-21 03:34:01,962 [unlabel.py] => Learning on 50-60
2022-11-21 04:41:19,652 [base.py] => Reducing exemplars...(33 per classes)
2022-11-21 04:41:24,392 [base.py] => Constructing exemplars...(33 per classes)
2022-11-21 04:41:26,942 [base.py] => Reducing exemplars...(33 per classes)
2022-11-21 04:41:31,680 [base.py] => Constructing exemplars...(33 per classes)
2022-11-21 04:41:35,778 [unlabel.py] => Exemplar size: 1980
2022-11-21 04:41:35,778 [trainer.py] => CNN: {'total': 48.58, '00-09': 50.1, '10-19': 32.6, '20-29': 43.7, '30-39': 38.9, '40-49': 49.5, '50-59': 76.7, 'old': 42.96, 'new': 76.7}
2022-11-21 04:41:35,778 [trainer.py] => NME: {'total': 54.22, '00-09': 55.2, '10-19': 42.0, '20-29': 54.8, '30-39': 45.8, '40-49': 58.3, '50-59': 69.2, 'old': 51.22, 'new': 69.2}
2022-11-21 04:41:35,778 [trainer.py] => CNN top1 curve: [90.2, 66.75, 65.8, 58.3, 53.16, 48.58]
2022-11-21 04:41:35,778 [trainer.py] => CNN top5 curve: [100.0, 91.8, 89.8, 86.4, 82.56, 78.03]
2022-11-21 04:41:35,778 [trainer.py] => NME top1 curve: [91.1, 69.9, 67.63, 61.65, 58.3, 54.22]
2022-11-21 04:41:35,778 [trainer.py] => NME top5 curve: [99.8, 93.5, 91.77, 88.52, 86.5, 82.52]

2022-11-21 04:41:35,779 [trainer.py] => All params: 1474060
2022-11-21 04:41:35,779 [trainer.py] => Trainable params: 1474060
2022-11-21 04:41:35,779 [unlabel.py] => Learning on 60-70
2022-11-21 05:49:02,729 [base.py] => Reducing exemplars...(28 per classes)
2022-11-21 05:49:08,564 [base.py] => Constructing exemplars...(28 per classes)
2022-11-21 05:49:11,115 [base.py] => Reducing exemplars...(28 per classes)
2022-11-21 05:49:16,817 [base.py] => Constructing exemplars...(28 per classes)
2022-11-21 05:49:21,207 [unlabel.py] => Exemplar size: 1960
2022-11-21 05:49:21,207 [trainer.py] => CNN: {'total': 45.34, '00-09': 51.7, '10-19': 26.0, '20-29': 43.7, '30-39': 35.0, '40-49': 45.4, '50-59': 38.6, '60-69': 77.0, 'old': 40.07, 'new': 77.0}
2022-11-21 05:49:21,207 [trainer.py] => NME: {'total': 49.43, '00-09': 53.5, '10-19': 34.9, '20-29': 50.9, '30-39': 40.2, '40-49': 52.2, '50-59': 45.0, '60-69': 69.3, 'old': 46.12, 'new': 69.3}
2022-11-21 05:49:21,207 [trainer.py] => CNN top1 curve: [90.2, 66.75, 65.8, 58.3, 53.16, 48.58, 45.34]
2022-11-21 05:49:21,207 [trainer.py] => CNN top5 curve: [100.0, 91.8, 89.8, 86.4, 82.56, 78.03, 74.49]
2022-11-21 05:49:21,207 [trainer.py] => NME top1 curve: [91.1, 69.9, 67.63, 61.65, 58.3, 54.22, 49.43]
2022-11-21 05:49:21,207 [trainer.py] => NME top5 curve: [99.8, 93.5, 91.77, 88.52, 86.5, 82.52, 78.73]

2022-11-21 05:49:21,208 [trainer.py] => All params: 1475350
2022-11-21 05:49:21,208 [trainer.py] => Trainable params: 1475350
2022-11-21 05:49:21,208 [unlabel.py] => Learning on 70-80
2022-11-21 06:56:43,504 [base.py] => Reducing exemplars...(25 per classes)
2022-11-21 06:56:50,120 [base.py] => Constructing exemplars...(25 per classes)
2022-11-21 06:56:52,710 [base.py] => Reducing exemplars...(25 per classes)
2022-11-21 06:56:59,365 [base.py] => Constructing exemplars...(25 per classes)
2022-11-21 06:57:03,840 [unlabel.py] => Exemplar size: 2000
2022-11-21 06:57:03,840 [trainer.py] => CNN: {'total': 41.1, '00-09': 42.6, '10-19': 21.5, '20-29': 42.5, '30-39': 31.5, '40-49': 42.2, '50-59': 31.0, '60-69': 44.6, '70-79': 72.9, 'old': 36.56, 'new': 72.9}
2022-11-21 06:57:03,840 [trainer.py] => NME: {'total': 46.7, '00-09': 48.8, '10-19': 29.0, '20-29': 51.9, '30-39': 38.4, '40-49': 49.9, '50-59': 40.7, '60-69': 49.8, '70-79': 65.1, 'old': 44.07, 'new': 65.1}
2022-11-21 06:57:03,840 [trainer.py] => CNN top1 curve: [90.2, 66.75, 65.8, 58.3, 53.16, 48.58, 45.34, 41.1]
2022-11-21 06:57:03,840 [trainer.py] => CNN top5 curve: [100.0, 91.8, 89.8, 86.4, 82.56, 78.03, 74.49, 71.96]
2022-11-21 06:57:03,840 [trainer.py] => NME top1 curve: [91.1, 69.9, 67.63, 61.65, 58.3, 54.22, 49.43, 46.7]
2022-11-21 06:57:03,840 [trainer.py] => NME top5 curve: [99.8, 93.5, 91.77, 88.52, 86.5, 82.52, 78.73, 76.44]

2022-11-21 06:57:03,840 [trainer.py] => All params: 1476640
2022-11-21 06:57:03,841 [trainer.py] => Trainable params: 1476640
2022-11-21 06:57:03,841 [unlabel.py] => Learning on 80-90
2022-11-21 08:04:12,328 [base.py] => Reducing exemplars...(22 per classes)
2022-11-21 08:04:19,890 [base.py] => Constructing exemplars...(22 per classes)
2022-11-21 08:04:22,433 [base.py] => Reducing exemplars...(22 per classes)
2022-11-21 08:04:29,977 [base.py] => Constructing exemplars...(22 per classes)
2022-11-21 08:04:34,707 [unlabel.py] => Exemplar size: 1980
2022-11-21 08:04:34,708 [trainer.py] => CNN: {'total': 39.66, '00-09': 37.9, '10-19': 23.1, '20-29': 39.9, '30-39': 30.4, '40-49': 39.7, '50-59': 32.8, '60-69': 35.9, '70-79': 38.7, '80-89': 78.5, 'old': 34.8, 'new': 78.5}
2022-11-21 08:04:34,708 [trainer.py] => NME: {'total': 45.86, '00-09': 45.8, '10-19': 30.6, '20-29': 50.5, '30-39': 39.2, '40-49': 49.7, '50-59': 37.9, '60-69': 46.1, '70-79': 46.5, '80-89': 66.4, 'old': 43.29, 'new': 66.4}
2022-11-21 08:04:34,708 [trainer.py] => CNN top1 curve: [90.2, 66.75, 65.8, 58.3, 53.16, 48.58, 45.34, 41.1, 39.66]
2022-11-21 08:04:34,708 [trainer.py] => CNN top5 curve: [100.0, 91.8, 89.8, 86.4, 82.56, 78.03, 74.49, 71.96, 69.97]
2022-11-21 08:04:34,708 [trainer.py] => NME top1 curve: [91.1, 69.9, 67.63, 61.65, 58.3, 54.22, 49.43, 46.7, 45.86]
2022-11-21 08:04:34,708 [trainer.py] => NME top5 curve: [99.8, 93.5, 91.77, 88.52, 86.5, 82.52, 78.73, 76.44, 75.33]

2022-11-21 08:04:34,708 [trainer.py] => All params: 1477930
2022-11-21 08:04:34,708 [trainer.py] => Trainable params: 1477930
2022-11-21 08:04:34,708 [unlabel.py] => Learning on 90-100
2022-11-21 09:11:58,478 [base.py] => Reducing exemplars...(20 per classes)
2022-11-21 09:12:07,698 [base.py] => Constructing exemplars...(20 per classes)
2022-11-21 09:12:10,229 [base.py] => Reducing exemplars...(20 per classes)
2022-11-21 09:12:18,872 [base.py] => Constructing exemplars...(20 per classes)
2022-11-21 09:12:23,784 [unlabel.py] => Exemplar size: 2000
2022-11-21 09:12:23,784 [trainer.py] => CNN: {'total': 31.49, '00-09': 27.3, '10-19': 14.1, '20-29': 33.2, '30-39': 25.1, '40-49': 35.1, '50-59': 24.9, '60-69': 31.3, '70-79': 29.6, '80-89': 28.4, '90-99': 65.9, 'old': 27.67, 'new': 65.9}
2022-11-21 09:12:23,784 [trainer.py] => NME: {'total': 35.85, '00-09': 33.2, '10-19': 20.4, '20-29': 38.0, '30-39': 28.6, '40-49': 42.0, '50-59': 32.1, '60-69': 39.9, '70-79': 33.5, '80-89': 36.2, '90-99': 54.6, 'old': 33.77, 'new': 54.6}
2022-11-21 09:12:23,784 [trainer.py] => CNN top1 curve: [90.2, 66.75, 65.8, 58.3, 53.16, 48.58, 45.34, 41.1, 39.66, 31.49]
2022-11-21 09:12:23,784 [trainer.py] => CNN top5 curve: [100.0, 91.8, 89.8, 86.4, 82.56, 78.03, 74.49, 71.96, 69.97, 61.97]
2022-11-21 09:12:23,784 [trainer.py] => NME top1 curve: [91.1, 69.9, 67.63, 61.65, 58.3, 54.22, 49.43, 46.7, 45.86, 35.85]
2022-11-21 09:12:23,784 [trainer.py] => NME top5 curve: [99.8, 93.5, 91.77, 88.52, 86.5, 82.52, 78.73, 76.44, 75.33, 67.35]

2022-11-21 09:16:11,899 [trainer.py] => config: ./exps/unlabel.json
2022-11-21 09:16:11,899 [trainer.py] => lr: 0.03
2022-11-21 09:16:11,899 [trainer.py] => warmup: 0
2022-11-21 09:16:11,899 [trainer.py] => wdecay: 0.0005
2022-11-21 09:16:11,899 [trainer.py] => nesterov: True
2022-11-21 09:16:11,899 [trainer.py] => ema_decay: 0.999
2022-11-21 09:16:11,899 [trainer.py] => gpu_id: 0
2022-11-21 09:16:11,899 [trainer.py] => prefix: reproduce
2022-11-21 09:16:11,899 [trainer.py] => dataset: cifar100
2022-11-21 09:16:11,899 [trainer.py] => memory_size: 2000
2022-11-21 09:16:11,899 [trainer.py] => memory_per_class: 20
2022-11-21 09:16:11,899 [trainer.py] => fixed_memory: False
2022-11-21 09:16:11,899 [trainer.py] => shuffle: True
2022-11-21 09:16:11,899 [trainer.py] => init_cls: 10
2022-11-21 09:16:11,899 [trainer.py] => increment: 10
2022-11-21 09:16:11,899 [trainer.py] => model_name: unlabel
2022-11-21 09:16:11,899 [trainer.py] => convnet_type: resnet32
2022-11-21 09:16:11,899 [trainer.py] => device: [device(type='cuda', index=0)]
2022-11-21 09:16:11,899 [trainer.py] => seed: 1993
2022-11-21 09:16:12,897 [data_manager.py] => [68, 56, 78, 8, 23, 84, 90, 65, 74, 76, 40, 89, 3, 92, 55, 9, 26, 80, 43, 38, 58, 70, 77, 1, 85, 19, 17, 50, 28, 53, 13, 81, 45, 82, 6, 59, 83, 16, 15, 44, 91, 41, 72, 60, 79, 52, 20, 10, 31, 54, 37, 95, 14, 71, 96, 98, 97, 2, 64, 66, 42, 22, 35, 86, 24, 34, 87, 21, 99, 0, 88, 27, 18, 94, 11, 12, 47, 25, 30, 46, 62, 69, 36, 61, 7, 63, 75, 5, 32, 4, 51, 48, 73, 93, 39, 67, 29, 49, 57, 33]
2022-11-21 09:16:12,951 [wideresnet.py] => Model: WideResNet 28x2
2022-11-21 09:16:13,832 [trainer.py] => All params: 1466320
2022-11-21 09:16:13,832 [trainer.py] => Trainable params: 1466320
2022-11-21 09:16:13,833 [unlabel.py] => Learning on 0-10
2022-11-21 09:16:39,309 [base.py] => Reducing exemplars...(200 per classes)
2022-11-21 09:16:39,309 [base.py] => Constructing exemplars...(200 per classes)
2022-11-21 09:16:42,390 [base.py] => Reducing exemplars...(200 per classes)
2022-11-21 09:16:42,392 [base.py] => Constructing exemplars...(200 per classes)
2022-11-21 09:16:46,068 [unlabel.py] => Exemplar size: 2000
2022-11-21 09:16:46,068 [trainer.py] => CNN: {'total': 16.5, '00-09': 16.5, 'old': 0, 'new': 16.5}
2022-11-21 09:16:46,068 [trainer.py] => NME: {'total': 29.2, '00-09': 29.2, 'old': 0, 'new': 29.2}
2022-11-21 09:16:46,068 [trainer.py] => CNN top1 curve: [16.5]
2022-11-21 09:16:46,068 [trainer.py] => CNN top5 curve: [53.1]
2022-11-21 09:16:46,068 [trainer.py] => NME top1 curve: [29.2]
2022-11-21 09:16:46,068 [trainer.py] => NME top5 curve: [80.1]

2022-11-21 09:16:46,068 [trainer.py] => All params: 1467610
2022-11-21 09:16:46,069 [trainer.py] => Trainable params: 1467610
2022-11-21 09:16:46,069 [unlabel.py] => Learning on 10-20
2022-11-21 09:22:12,301 [trainer.py] => config: ./exps/unlabel.json
2022-11-21 09:22:12,301 [trainer.py] => lr: 0.03
2022-11-21 09:22:12,301 [trainer.py] => warmup: 0
2022-11-21 09:22:12,301 [trainer.py] => wdecay: 0.0005
2022-11-21 09:22:12,302 [trainer.py] => nesterov: True
2022-11-21 09:22:12,302 [trainer.py] => ema_decay: 0.999
2022-11-21 09:22:12,302 [trainer.py] => gpu_id: 0
2022-11-21 09:22:12,302 [trainer.py] => prefix: reproduce
2022-11-21 09:22:12,302 [trainer.py] => dataset: cifar100
2022-11-21 09:22:12,302 [trainer.py] => memory_size: 2000
2022-11-21 09:22:12,302 [trainer.py] => memory_per_class: 20
2022-11-21 09:22:12,302 [trainer.py] => fixed_memory: False
2022-11-21 09:22:12,302 [trainer.py] => shuffle: True
2022-11-21 09:22:12,302 [trainer.py] => init_cls: 10
2022-11-21 09:22:12,302 [trainer.py] => increment: 10
2022-11-21 09:22:12,302 [trainer.py] => model_name: unlabel
2022-11-21 09:22:12,302 [trainer.py] => convnet_type: resnet32
2022-11-21 09:22:12,302 [trainer.py] => device: [device(type='cuda', index=0)]
2022-11-21 09:22:12,302 [trainer.py] => seed: 1993
2022-11-21 09:22:13,297 [data_manager.py] => [68, 56, 78, 8, 23, 84, 90, 65, 74, 76, 40, 89, 3, 92, 55, 9, 26, 80, 43, 38, 58, 70, 77, 1, 85, 19, 17, 50, 28, 53, 13, 81, 45, 82, 6, 59, 83, 16, 15, 44, 91, 41, 72, 60, 79, 52, 20, 10, 31, 54, 37, 95, 14, 71, 96, 98, 97, 2, 64, 66, 42, 22, 35, 86, 24, 34, 87, 21, 99, 0, 88, 27, 18, 94, 11, 12, 47, 25, 30, 46, 62, 69, 36, 61, 7, 63, 75, 5, 32, 4, 51, 48, 73, 93, 39, 67, 29, 49, 57, 33]
2022-11-21 09:22:13,352 [wideresnet.py] => Model: WideResNet 28x2
2022-11-21 09:22:14,233 [trainer.py] => All params: 1466320
2022-11-21 09:22:14,233 [trainer.py] => Trainable params: 1466320
2022-11-21 09:22:14,233 [unlabel.py] => Learning on 0-10
2022-11-21 09:22:39,781 [base.py] => Reducing exemplars...(200 per classes)
2022-11-21 09:22:39,781 [base.py] => Constructing exemplars...(200 per classes)
2022-11-21 09:22:42,880 [base.py] => Reducing exemplars...(200 per classes)
2022-11-21 09:22:42,882 [base.py] => Constructing exemplars...(200 per classes)
2022-11-21 09:22:46,630 [unlabel.py] => Exemplar size: 2000
2022-11-21 09:22:46,630 [trainer.py] => CNN: {'total': 16.5, '00-09': 16.5, 'old': 0, 'new': 16.5}
2022-11-21 09:22:46,630 [trainer.py] => NME: {'total': 29.2, '00-09': 29.2, 'old': 0, 'new': 29.2}
2022-11-21 09:22:46,630 [trainer.py] => CNN top1 curve: [16.5]
2022-11-21 09:22:46,630 [trainer.py] => CNN top5 curve: [53.1]
2022-11-21 09:22:46,630 [trainer.py] => NME top1 curve: [29.2]
2022-11-21 09:22:46,630 [trainer.py] => NME top5 curve: [80.1]

2022-11-21 09:22:46,630 [trainer.py] => All params: 1467610
2022-11-21 09:22:46,630 [trainer.py] => Trainable params: 1467610
2022-11-21 09:22:46,630 [unlabel.py] => Learning on 10-20
2022-11-21 09:25:04,877 [trainer.py] => config: ./exps/unlabel.json
2022-11-21 09:25:04,877 [trainer.py] => lr: 0.03
2022-11-21 09:25:04,877 [trainer.py] => warmup: 0
2022-11-21 09:25:04,877 [trainer.py] => wdecay: 0.0005
2022-11-21 09:25:04,877 [trainer.py] => nesterov: True
2022-11-21 09:25:04,877 [trainer.py] => ema_decay: 0.999
2022-11-21 09:25:04,878 [trainer.py] => gpu_id: 0
2022-11-21 09:25:04,878 [trainer.py] => prefix: reproduce
2022-11-21 09:25:04,878 [trainer.py] => dataset: cifar100
2022-11-21 09:25:04,878 [trainer.py] => memory_size: 2000
2022-11-21 09:25:04,878 [trainer.py] => memory_per_class: 20
2022-11-21 09:25:04,878 [trainer.py] => fixed_memory: False
2022-11-21 09:25:04,878 [trainer.py] => shuffle: True
2022-11-21 09:25:04,878 [trainer.py] => init_cls: 10
2022-11-21 09:25:04,878 [trainer.py] => increment: 10
2022-11-21 09:25:04,878 [trainer.py] => model_name: unlabel
2022-11-21 09:25:04,878 [trainer.py] => convnet_type: resnet32
2022-11-21 09:25:04,878 [trainer.py] => device: [device(type='cuda', index=0)]
2022-11-21 09:25:04,878 [trainer.py] => seed: 1993
2022-11-21 09:25:05,884 [data_manager.py] => [68, 56, 78, 8, 23, 84, 90, 65, 74, 76, 40, 89, 3, 92, 55, 9, 26, 80, 43, 38, 58, 70, 77, 1, 85, 19, 17, 50, 28, 53, 13, 81, 45, 82, 6, 59, 83, 16, 15, 44, 91, 41, 72, 60, 79, 52, 20, 10, 31, 54, 37, 95, 14, 71, 96, 98, 97, 2, 64, 66, 42, 22, 35, 86, 24, 34, 87, 21, 99, 0, 88, 27, 18, 94, 11, 12, 47, 25, 30, 46, 62, 69, 36, 61, 7, 63, 75, 5, 32, 4, 51, 48, 73, 93, 39, 67, 29, 49, 57, 33]
2022-11-21 09:25:05,939 [wideresnet.py] => Model: WideResNet 28x2
2022-11-21 09:25:06,818 [trainer.py] => All params: 1466320
2022-11-21 09:25:06,818 [trainer.py] => Trainable params: 1466320
2022-11-21 09:25:06,818 [unlabel.py] => Learning on 0-10
2022-11-21 10:47:29,794 [base.py] => Reducing exemplars...(200 per classes)
2022-11-21 10:47:29,795 [base.py] => Constructing exemplars...(200 per classes)
2022-11-21 10:47:32,922 [base.py] => Reducing exemplars...(200 per classes)
2022-11-21 10:47:32,924 [base.py] => Constructing exemplars...(200 per classes)
2022-11-21 10:47:36,702 [unlabel.py] => Exemplar size: 2000
2022-11-21 10:47:36,702 [trainer.py] => CNN: {'total': 90.2, '00-09': 90.2, 'old': 0, 'new': 90.2}
2022-11-21 10:47:36,702 [trainer.py] => NME: {'total': 91.1, '00-09': 91.1, 'old': 0, 'new': 91.1}
2022-11-21 10:47:36,702 [trainer.py] => CNN top1 curve: [90.2]
2022-11-21 10:47:36,702 [trainer.py] => CNN top5 curve: [100.0]
2022-11-21 10:47:36,702 [trainer.py] => NME top1 curve: [91.1]
2022-11-21 10:47:36,702 [trainer.py] => NME top5 curve: [99.8]

2022-11-21 10:47:36,702 [trainer.py] => All params: 1467610
2022-11-21 10:47:36,702 [trainer.py] => Trainable params: 1467610
2022-11-21 10:47:36,703 [unlabel.py] => Learning on 10-20
2022-11-21 12:18:23,025 [base.py] => Reducing exemplars...(100 per classes)
2022-11-21 12:18:24,221 [base.py] => Constructing exemplars...(100 per classes)
2022-11-21 12:18:27,183 [base.py] => Reducing exemplars...(100 per classes)
2022-11-21 12:18:28,356 [base.py] => Constructing exemplars...(100 per classes)
2022-11-21 12:18:32,211 [unlabel.py] => Exemplar size: 2000
2022-11-21 12:18:32,211 [trainer.py] => CNN: {'total': 74.4, '00-09': 77.0, '10-19': 71.8, 'old': 77.0, 'new': 71.8}
2022-11-21 12:18:32,211 [trainer.py] => NME: {'total': 76.9, '00-09': 78.7, '10-19': 75.1, 'old': 78.7, 'new': 75.1}
2022-11-21 12:18:32,211 [trainer.py] => CNN top1 curve: [90.2, 74.4]
2022-11-21 12:18:32,211 [trainer.py] => CNN top5 curve: [100.0, 94.25]
2022-11-21 12:18:32,211 [trainer.py] => NME top1 curve: [91.1, 76.9]
2022-11-21 12:18:32,211 [trainer.py] => NME top5 curve: [99.8, 95.65]

2022-11-21 12:18:32,212 [trainer.py] => All params: 1468900
2022-11-21 12:18:32,212 [trainer.py] => Trainable params: 1468900
2022-11-21 12:18:32,212 [unlabel.py] => Learning on 20-30
2022-11-21 13:49:53,183 [base.py] => Reducing exemplars...(66 per classes)
2022-11-21 13:49:55,521 [base.py] => Constructing exemplars...(66 per classes)
2022-11-21 13:49:58,500 [base.py] => Reducing exemplars...(66 per classes)
2022-11-21 13:50:00,826 [base.py] => Constructing exemplars...(66 per classes)
2022-11-21 13:50:04,775 [unlabel.py] => Exemplar size: 1980
2022-11-21 13:50:04,775 [trainer.py] => CNN: {'total': 71.87, '00-09': 77.5, '10-19': 59.1, '20-29': 79.0, 'old': 68.3, 'new': 79.0}
2022-11-21 13:50:04,775 [trainer.py] => NME: {'total': 74.17, '00-09': 77.8, '10-19': 65.1, '20-29': 79.6, 'old': 71.45, 'new': 79.6}
2022-11-21 13:50:04,775 [trainer.py] => CNN top1 curve: [90.2, 74.4, 71.87]
2022-11-21 13:50:04,775 [trainer.py] => CNN top5 curve: [100.0, 94.25, 92.13]
2022-11-21 13:50:04,775 [trainer.py] => NME top1 curve: [91.1, 76.9, 74.17]
2022-11-21 13:50:04,775 [trainer.py] => NME top5 curve: [99.8, 95.65, 94.13]

2022-11-21 13:50:04,775 [trainer.py] => All params: 1470190
2022-11-21 13:50:04,775 [trainer.py] => Trainable params: 1470190
2022-11-21 13:50:04,775 [unlabel.py] => Learning on 30-40
2022-11-21 15:21:37,307 [base.py] => Reducing exemplars...(50 per classes)
2022-11-21 15:21:40,693 [base.py] => Constructing exemplars...(50 per classes)
2022-11-21 15:21:43,561 [base.py] => Reducing exemplars...(50 per classes)
2022-11-21 15:21:46,921 [base.py] => Constructing exemplars...(50 per classes)
2022-11-21 15:21:51,011 [unlabel.py] => Exemplar size: 2000
2022-11-21 15:21:51,011 [trainer.py] => CNN: {'total': 65.55, '00-09': 70.5, '10-19': 50.5, '20-29': 69.7, '30-39': 71.5, 'old': 63.57, 'new': 71.5}
2022-11-21 15:21:51,011 [trainer.py] => NME: {'total': 66.45, '00-09': 70.2, '10-19': 58.5, '20-29': 71.5, '30-39': 65.6, 'old': 66.73, 'new': 65.6}
2022-11-21 15:21:51,011 [trainer.py] => CNN top1 curve: [90.2, 74.4, 71.87, 65.55]
2022-11-21 15:21:51,011 [trainer.py] => CNN top5 curve: [100.0, 94.25, 92.13, 88.5]
2022-11-21 15:21:51,011 [trainer.py] => NME top1 curve: [91.1, 76.9, 74.17, 66.45]
2022-11-21 15:21:51,011 [trainer.py] => NME top5 curve: [99.8, 95.65, 94.13, 90.65]

2022-11-21 15:21:51,011 [trainer.py] => All params: 1471480
2022-11-21 15:21:51,012 [trainer.py] => Trainable params: 1471480
2022-11-21 15:21:51,012 [unlabel.py] => Learning on 40-50
2022-11-21 16:53:27,760 [base.py] => Reducing exemplars...(40 per classes)
2022-11-21 16:53:32,245 [base.py] => Constructing exemplars...(40 per classes)
2022-11-21 16:53:35,140 [base.py] => Reducing exemplars...(40 per classes)
2022-11-21 16:53:39,587 [base.py] => Constructing exemplars...(40 per classes)
2022-11-21 16:53:43,870 [unlabel.py] => Exemplar size: 2000
2022-11-21 16:53:43,870 [trainer.py] => CNN: {'total': 62.54, '00-09': 70.3, '10-19': 49.9, '20-29': 63.0, '30-39': 55.7, '40-49': 73.8, 'old': 59.72, 'new': 73.8}
2022-11-21 16:53:43,870 [trainer.py] => NME: {'total': 63.68, '00-09': 66.9, '10-19': 52.4, '20-29': 68.7, '30-39': 60.2, '40-49': 70.2, 'old': 62.05, 'new': 70.2}
2022-11-21 16:53:43,870 [trainer.py] => CNN top1 curve: [90.2, 74.4, 71.87, 65.55, 62.54]
2022-11-21 16:53:43,870 [trainer.py] => CNN top5 curve: [100.0, 94.25, 92.13, 88.5, 87.48]
2022-11-21 16:53:43,870 [trainer.py] => NME top1 curve: [91.1, 76.9, 74.17, 66.45, 63.68]
2022-11-21 16:53:43,870 [trainer.py] => NME top5 curve: [99.8, 95.65, 94.13, 90.65, 89.06]

2022-11-21 16:53:43,870 [trainer.py] => All params: 1472770
2022-11-21 16:53:43,871 [trainer.py] => Trainable params: 1472770
2022-11-21 16:53:43,871 [unlabel.py] => Learning on 50-60
2022-11-21 18:24:58,551 [base.py] => Reducing exemplars...(33 per classes)
2022-11-21 18:25:04,033 [base.py] => Constructing exemplars...(33 per classes)
2022-11-21 18:25:06,863 [base.py] => Reducing exemplars...(33 per classes)
2022-11-21 18:25:12,359 [base.py] => Constructing exemplars...(33 per classes)
2022-11-21 18:25:16,766 [unlabel.py] => Exemplar size: 1980
2022-11-21 18:25:16,766 [trainer.py] => CNN: {'total': 57.1, '00-09': 67.0, '10-19': 46.1, '20-29': 57.2, '30-39': 47.0, '40-49': 62.2, '50-59': 63.1, 'old': 55.9, 'new': 63.1}
2022-11-21 18:25:16,766 [trainer.py] => NME: {'total': 59.07, '00-09': 63.4, '10-19': 49.7, '20-29': 63.7, '30-39': 52.6, '40-49': 64.8, '50-59': 60.2, 'old': 58.84, 'new': 60.2}
2022-11-21 18:25:16,766 [trainer.py] => CNN top1 curve: [90.2, 74.4, 71.87, 65.55, 62.54, 57.1]
2022-11-21 18:25:16,766 [trainer.py] => CNN top5 curve: [100.0, 94.25, 92.13, 88.5, 87.48, 83.67]
2022-11-21 18:25:16,766 [trainer.py] => NME top1 curve: [91.1, 76.9, 74.17, 66.45, 63.68, 59.07]
2022-11-21 18:25:16,766 [trainer.py] => NME top5 curve: [99.8, 95.65, 94.13, 90.65, 89.06, 86.17]

2022-11-21 18:25:16,766 [trainer.py] => All params: 1474060
2022-11-21 18:25:16,766 [trainer.py] => Trainable params: 1474060
2022-11-21 18:25:16,767 [unlabel.py] => Learning on 60-70
2022-11-21 19:56:40,723 [base.py] => Reducing exemplars...(28 per classes)
2022-11-21 19:56:47,233 [base.py] => Constructing exemplars...(28 per classes)
2022-11-21 19:56:50,041 [base.py] => Reducing exemplars...(28 per classes)
2022-11-21 19:56:56,476 [base.py] => Constructing exemplars...(28 per classes)
2022-11-21 19:57:01,015 [unlabel.py] => Exemplar size: 1960
2022-11-21 19:57:01,015 [trainer.py] => CNN: {'total': 53.46, '00-09': 59.4, '10-19': 39.7, '20-29': 52.1, '30-39': 44.4, '40-49': 59.0, '50-59': 50.4, '60-69': 69.2, 'old': 50.83, 'new': 69.2}
2022-11-21 19:57:01,015 [trainer.py] => NME: {'total': 56.94, '00-09': 60.1, '10-19': 47.9, '20-29': 61.7, '30-39': 50.1, '40-49': 63.3, '50-59': 53.5, '60-69': 62.0, 'old': 56.1, 'new': 62.0}
2022-11-21 19:57:01,015 [trainer.py] => CNN top1 curve: [90.2, 74.4, 71.87, 65.55, 62.54, 57.1, 53.46]
2022-11-21 19:57:01,015 [trainer.py] => CNN top5 curve: [100.0, 94.25, 92.13, 88.5, 87.48, 83.67, 80.6]
2022-11-21 19:57:01,015 [trainer.py] => NME top1 curve: [91.1, 76.9, 74.17, 66.45, 63.68, 59.07, 56.94]
2022-11-21 19:57:01,015 [trainer.py] => NME top5 curve: [99.8, 95.65, 94.13, 90.65, 89.06, 86.17, 84.33]

2022-11-21 19:57:01,015 [trainer.py] => All params: 1475350
2022-11-21 19:57:01,016 [trainer.py] => Trainable params: 1475350
2022-11-21 19:57:01,016 [unlabel.py] => Learning on 70-80
2022-11-21 21:28:17,139 [base.py] => Reducing exemplars...(25 per classes)
2022-11-21 21:28:24,632 [base.py] => Constructing exemplars...(25 per classes)
2022-11-21 21:28:27,423 [base.py] => Reducing exemplars...(25 per classes)
2022-11-21 21:28:34,981 [base.py] => Constructing exemplars...(25 per classes)
2022-11-21 21:28:39,746 [unlabel.py] => Exemplar size: 2000
2022-11-21 21:28:39,746 [trainer.py] => CNN: {'total': 50.58, '00-09': 56.6, '10-19': 36.2, '20-29': 51.7, '30-39': 43.0, '40-49': 56.3, '50-59': 43.4, '60-69': 54.9, '70-79': 62.5, 'old': 48.87, 'new': 62.5}
2022-11-21 21:28:39,746 [trainer.py] => NME: {'total': 54.0, '00-09': 59.2, '10-19': 45.4, '20-29': 58.1, '30-39': 46.7, '40-49': 59.5, '50-59': 46.5, '60-69': 58.9, '70-79': 57.7, 'old': 53.47, 'new': 57.7}
2022-11-21 21:28:39,746 [trainer.py] => CNN top1 curve: [90.2, 74.4, 71.87, 65.55, 62.54, 57.1, 53.46, 50.58]
2022-11-21 21:28:39,746 [trainer.py] => CNN top5 curve: [100.0, 94.25, 92.13, 88.5, 87.48, 83.67, 80.6, 78.71]
2022-11-21 21:28:39,746 [trainer.py] => NME top1 curve: [91.1, 76.9, 74.17, 66.45, 63.68, 59.07, 56.94, 54.0]
2022-11-21 21:28:39,746 [trainer.py] => NME top5 curve: [99.8, 95.65, 94.13, 90.65, 89.06, 86.17, 84.33, 82.39]

2022-11-21 21:28:39,747 [trainer.py] => All params: 1476640
2022-11-21 21:28:39,747 [trainer.py] => Trainable params: 1476640
2022-11-21 21:28:39,747 [unlabel.py] => Learning on 80-90
2022-11-21 22:59:50,144 [base.py] => Reducing exemplars...(22 per classes)
2022-11-21 22:59:58,799 [base.py] => Constructing exemplars...(22 per classes)
2022-11-21 23:00:01,611 [base.py] => Reducing exemplars...(22 per classes)
2022-11-21 23:00:10,358 [base.py] => Constructing exemplars...(22 per classes)
2022-11-21 23:00:15,370 [unlabel.py] => Exemplar size: 1980
2022-11-21 23:00:15,370 [trainer.py] => CNN: {'total': 48.46, '00-09': 55.5, '10-19': 35.0, '20-29': 48.8, '30-39': 41.2, '40-49': 53.3, '50-59': 40.6, '60-69': 46.6, '70-79': 48.8, '80-89': 66.3, 'old': 46.22, 'new': 66.3}
2022-11-21 23:00:15,370 [trainer.py] => NME: {'total': 50.61, '00-09': 53.5, '10-19': 40.1, '20-29': 53.5, '30-39': 46.6, '40-49': 57.5, '50-59': 45.5, '60-69': 53.0, '70-79': 52.9, '80-89': 52.9, 'old': 50.32, 'new': 52.9}
2022-11-21 23:00:15,370 [trainer.py] => CNN top1 curve: [90.2, 74.4, 71.87, 65.55, 62.54, 57.1, 53.46, 50.58, 48.46]
2022-11-21 23:00:15,370 [trainer.py] => CNN top5 curve: [100.0, 94.25, 92.13, 88.5, 87.48, 83.67, 80.6, 78.71, 75.69]
2022-11-21 23:00:15,370 [trainer.py] => NME top1 curve: [91.1, 76.9, 74.17, 66.45, 63.68, 59.07, 56.94, 54.0, 50.61]
2022-11-21 23:00:15,370 [trainer.py] => NME top5 curve: [99.8, 95.65, 94.13, 90.65, 89.06, 86.17, 84.33, 82.39, 79.5]

2022-11-21 23:00:15,370 [trainer.py] => All params: 1477930
2022-11-21 23:00:15,371 [trainer.py] => Trainable params: 1477930
2022-11-21 23:00:15,371 [unlabel.py] => Learning on 90-100
2022-11-22 00:31:49,406 [base.py] => Reducing exemplars...(20 per classes)
2022-11-22 00:31:59,937 [base.py] => Constructing exemplars...(20 per classes)
2022-11-22 00:32:02,888 [base.py] => Reducing exemplars...(20 per classes)
2022-11-22 00:32:13,469 [base.py] => Constructing exemplars...(20 per classes)
2022-11-22 00:32:18,820 [unlabel.py] => Exemplar size: 2000
2022-11-22 00:32:18,820 [trainer.py] => CNN: {'total': 46.46, '00-09': 44.0, '10-19': 30.6, '20-29': 48.2, '30-39': 43.4, '40-49': 53.1, '50-59': 39.9, '60-69': 48.3, '70-79': 45.1, '80-89': 54.8, '90-99': 57.2, 'old': 45.27, 'new': 57.2}
2022-11-22 00:32:18,820 [trainer.py] => NME: {'total': 48.37, '00-09': 49.1, '10-19': 37.4, '20-29': 52.2, '30-39': 45.5, '40-49': 56.3, '50-59': 43.6, '60-69': 51.8, '70-79': 50.2, '80-89': 50.8, '90-99': 46.8, 'old': 48.54, 'new': 46.8}
2022-11-22 00:32:18,821 [trainer.py] => CNN top1 curve: [90.2, 74.4, 71.87, 65.55, 62.54, 57.1, 53.46, 50.58, 48.46, 46.46]
2022-11-22 00:32:18,821 [trainer.py] => CNN top5 curve: [100.0, 94.25, 92.13, 88.5, 87.48, 83.67, 80.6, 78.71, 75.69, 74.64]
2022-11-22 00:32:18,821 [trainer.py] => NME top1 curve: [91.1, 76.9, 74.17, 66.45, 63.68, 59.07, 56.94, 54.0, 50.61, 48.37]
2022-11-22 00:32:18,821 [trainer.py] => NME top5 curve: [99.8, 95.65, 94.13, 90.65, 89.06, 86.17, 84.33, 82.39, 79.5, 77.93]

2022-11-22 00:47:48,267 [trainer.py] => config: ./exps/unlabel.json
2022-11-22 00:47:48,267 [trainer.py] => lr: 0.03
2022-11-22 00:47:48,267 [trainer.py] => warmup: 0
2022-11-22 00:47:48,267 [trainer.py] => wdecay: 0.0005
2022-11-22 00:47:48,267 [trainer.py] => nesterov: True
2022-11-22 00:47:48,267 [trainer.py] => ema_decay: 0.999
2022-11-22 00:47:48,267 [trainer.py] => gpu_id: 0
2022-11-22 00:47:48,267 [trainer.py] => prefix: reproduce
2022-11-22 00:47:48,267 [trainer.py] => dataset: cifar100
2022-11-22 00:47:48,267 [trainer.py] => memory_size: 2000
2022-11-22 00:47:48,267 [trainer.py] => memory_per_class: 20
2022-11-22 00:47:48,267 [trainer.py] => fixed_memory: False
2022-11-22 00:47:48,267 [trainer.py] => shuffle: True
2022-11-22 00:47:48,267 [trainer.py] => init_cls: 10
2022-11-22 00:47:48,267 [trainer.py] => increment: 10
2022-11-22 00:47:48,267 [trainer.py] => model_name: unlabel
2022-11-22 00:47:48,267 [trainer.py] => convnet_type: resnet32
2022-11-22 00:47:48,267 [trainer.py] => device: [device(type='cuda', index=0)]
2022-11-22 00:47:48,267 [trainer.py] => seed: 1993
2022-11-22 00:47:49,302 [data_manager.py] => [68, 56, 78, 8, 23, 84, 90, 65, 74, 76, 40, 89, 3, 92, 55, 9, 26, 80, 43, 38, 58, 70, 77, 1, 85, 19, 17, 50, 28, 53, 13, 81, 45, 82, 6, 59, 83, 16, 15, 44, 91, 41, 72, 60, 79, 52, 20, 10, 31, 54, 37, 95, 14, 71, 96, 98, 97, 2, 64, 66, 42, 22, 35, 86, 24, 34, 87, 21, 99, 0, 88, 27, 18, 94, 11, 12, 47, 25, 30, 46, 62, 69, 36, 61, 7, 63, 75, 5, 32, 4, 51, 48, 73, 93, 39, 67, 29, 49, 57, 33]
2022-11-22 00:47:49,357 [wideresnet.py] => Model: WideResNet 28x2
2022-11-22 00:47:50,307 [trainer.py] => All params: 1466320
2022-11-22 00:47:50,307 [trainer.py] => Trainable params: 1466320
2022-11-22 00:47:50,307 [unlabel.py] => Learning on 0-10
2022-11-22 02:10:30,178 [base.py] => Reducing exemplars...(200 per classes)
2022-11-22 02:10:30,178 [base.py] => Constructing exemplars...(200 per classes)
2022-11-22 02:10:33,614 [base.py] => Reducing exemplars...(200 per classes)
2022-11-22 02:10:33,615 [base.py] => Constructing exemplars...(200 per classes)
2022-11-22 02:10:37,788 [unlabel.py] => Exemplar size: 2000
2022-11-22 02:10:37,788 [trainer.py] => CNN: {'total': 87.3, '00-09': 87.3, 'old': 0, 'new': 87.3}
2022-11-22 02:10:37,788 [trainer.py] => NME: {'total': 88.5, '00-09': 88.5, 'old': 0, 'new': 88.5}
2022-11-22 02:10:37,788 [trainer.py] => CNN top1 curve: [87.3]
2022-11-22 02:10:37,788 [trainer.py] => CNN top5 curve: [99.2]
2022-11-22 02:10:37,788 [trainer.py] => NME top1 curve: [88.5]
2022-11-22 02:10:37,788 [trainer.py] => NME top5 curve: [99.4]

2022-11-22 02:10:37,788 [trainer.py] => All params: 1467610
2022-11-22 02:10:37,788 [trainer.py] => Trainable params: 1467610
2022-11-22 02:10:37,789 [unlabel.py] => Learning on 10-20
2022-11-22 03:42:15,042 [base.py] => Reducing exemplars...(100 per classes)
2022-11-22 03:42:16,371 [base.py] => Constructing exemplars...(100 per classes)
2022-11-22 03:42:19,628 [base.py] => Reducing exemplars...(100 per classes)
2022-11-22 03:42:20,923 [base.py] => Constructing exemplars...(100 per classes)
2022-11-22 03:42:25,003 [unlabel.py] => Exemplar size: 2000
2022-11-22 03:42:25,003 [trainer.py] => CNN: {'total': 62.95, '00-09': 82.1, '10-19': 43.8, 'old': 82.1, 'new': 43.8}
2022-11-22 03:42:25,003 [trainer.py] => NME: {'total': 68.75, '00-09': 76.6, '10-19': 60.9, 'old': 76.6, 'new': 60.9}
2022-11-22 03:42:25,003 [trainer.py] => CNN top1 curve: [87.3, 62.95]
2022-11-22 03:42:25,003 [trainer.py] => CNN top5 curve: [99.2, 88.95]
2022-11-22 03:42:25,003 [trainer.py] => NME top1 curve: [88.5, 68.75]
2022-11-22 03:42:25,003 [trainer.py] => NME top5 curve: [99.4, 94.35]

2022-11-22 03:42:25,004 [trainer.py] => All params: 1468900
2022-11-22 03:42:25,004 [trainer.py] => Trainable params: 1468900
2022-11-22 03:42:25,004 [unlabel.py] => Learning on 20-30
2022-11-22 05:14:02,802 [base.py] => Reducing exemplars...(66 per classes)
2022-11-22 05:14:05,449 [base.py] => Constructing exemplars...(66 per classes)
2022-11-22 05:14:08,651 [base.py] => Reducing exemplars...(66 per classes)
2022-11-22 05:14:11,281 [base.py] => Constructing exemplars...(66 per classes)
2022-11-22 05:14:15,469 [unlabel.py] => Exemplar size: 1980
2022-11-22 05:14:15,469 [trainer.py] => CNN: {'total': 61.8, '00-09': 82.0, '10-19': 45.2, '20-29': 58.2, 'old': 63.6, 'new': 58.2}
2022-11-22 05:14:15,469 [trainer.py] => NME: {'total': 66.7, '00-09': 73.8, '10-19': 57.5, '20-29': 68.8, 'old': 65.65, 'new': 68.8}
2022-11-22 05:14:15,469 [trainer.py] => CNN top1 curve: [87.3, 62.95, 61.8]
2022-11-22 05:14:15,469 [trainer.py] => CNN top5 curve: [99.2, 88.95, 86.7]
2022-11-22 05:14:15,469 [trainer.py] => NME top1 curve: [88.5, 68.75, 66.7]
2022-11-22 05:14:15,469 [trainer.py] => NME top5 curve: [99.4, 94.35, 91.1]

2022-11-22 05:14:15,469 [trainer.py] => All params: 1470190
2022-11-22 05:14:15,470 [trainer.py] => Trainable params: 1470190
2022-11-22 05:14:15,470 [unlabel.py] => Learning on 30-40
2022-11-22 06:45:40,260 [base.py] => Reducing exemplars...(50 per classes)
2022-11-22 06:45:44,088 [base.py] => Constructing exemplars...(50 per classes)
2022-11-22 06:45:47,259 [base.py] => Reducing exemplars...(50 per classes)
2022-11-22 06:45:51,035 [base.py] => Constructing exemplars...(50 per classes)
2022-11-22 06:45:55,459 [unlabel.py] => Exemplar size: 2000
2022-11-22 06:45:55,459 [trainer.py] => CNN: {'total': 55.8, '00-09': 81.1, '10-19': 47.9, '20-29': 54.5, '30-39': 39.7, 'old': 61.17, 'new': 39.7}
2022-11-22 06:45:55,459 [trainer.py] => NME: {'total': 60.9, '00-09': 69.3, '10-19': 53.6, '20-29': 64.3, '30-39': 56.4, 'old': 62.4, 'new': 56.4}
2022-11-22 06:45:55,459 [trainer.py] => CNN top1 curve: [87.3, 62.95, 61.8, 55.8]
2022-11-22 06:45:55,459 [trainer.py] => CNN top5 curve: [99.2, 88.95, 86.7, 84.8]
2022-11-22 06:45:55,459 [trainer.py] => NME top1 curve: [88.5, 68.75, 66.7, 60.9]
2022-11-22 06:45:55,459 [trainer.py] => NME top5 curve: [99.4, 94.35, 91.1, 88.6]

2022-11-22 06:45:55,459 [trainer.py] => All params: 1471480
2022-11-22 06:45:55,459 [trainer.py] => Trainable params: 1471480
2022-11-22 06:45:55,460 [unlabel.py] => Learning on 40-50
2022-11-22 08:17:25,050 [base.py] => Reducing exemplars...(40 per classes)
2022-11-22 08:17:30,071 [base.py] => Constructing exemplars...(40 per classes)
2022-11-22 08:17:33,166 [base.py] => Reducing exemplars...(40 per classes)
2022-11-22 08:17:38,209 [base.py] => Constructing exemplars...(40 per classes)
2022-11-22 08:17:42,741 [unlabel.py] => Exemplar size: 2000
2022-11-22 08:17:42,741 [trainer.py] => CNN: {'total': 52.0, '00-09': 79.0, '10-19': 46.8, '20-29': 55.4, '30-39': 39.3, '40-49': 39.5, 'old': 55.12, 'new': 39.5}
2022-11-22 08:17:42,741 [trainer.py] => NME: {'total': 58.66, '00-09': 67.8, '10-19': 50.7, '20-29': 63.4, '30-39': 50.6, '40-49': 60.8, 'old': 58.12, 'new': 60.8}
2022-11-22 08:17:42,741 [trainer.py] => CNN top1 curve: [87.3, 62.95, 61.8, 55.8, 52.0]
2022-11-22 08:17:42,741 [trainer.py] => CNN top5 curve: [99.2, 88.95, 86.7, 84.8, 82.96]
2022-11-22 08:17:42,741 [trainer.py] => NME top1 curve: [88.5, 68.75, 66.7, 60.9, 58.66]
2022-11-22 08:17:42,741 [trainer.py] => NME top5 curve: [99.4, 94.35, 91.1, 88.6, 86.68]

2022-11-22 08:17:42,742 [trainer.py] => All params: 1472770
2022-11-22 08:17:42,742 [trainer.py] => Trainable params: 1472770
2022-11-22 08:17:42,742 [unlabel.py] => Learning on 50-60
2022-11-22 09:49:07,846 [base.py] => Reducing exemplars...(33 per classes)
2022-11-22 09:49:14,158 [base.py] => Constructing exemplars...(33 per classes)
2022-11-22 09:49:17,276 [base.py] => Reducing exemplars...(33 per classes)
2022-11-22 09:49:23,540 [base.py] => Constructing exemplars...(33 per classes)
2022-11-22 09:49:28,303 [unlabel.py] => Exemplar size: 1980
2022-11-22 09:49:28,303 [trainer.py] => CNN: {'total': 48.82, '00-09': 75.3, '10-19': 46.7, '20-29': 57.4, '30-39': 37.1, '40-49': 37.9, '50-59': 38.5, 'old': 50.88, 'new': 38.5}
2022-11-22 09:49:28,303 [trainer.py] => NME: {'total': 54.27, '00-09': 62.9, '10-19': 46.1, '20-29': 59.2, '30-39': 44.5, '40-49': 57.1, '50-59': 55.8, 'old': 53.96, 'new': 55.8}
2022-11-22 09:49:28,303 [trainer.py] => CNN top1 curve: [87.3, 62.95, 61.8, 55.8, 52.0, 48.82]
2022-11-22 09:49:28,303 [trainer.py] => CNN top5 curve: [99.2, 88.95, 86.7, 84.8, 82.96, 79.85]
2022-11-22 09:49:28,303 [trainer.py] => NME top1 curve: [88.5, 68.75, 66.7, 60.9, 58.66, 54.27]
2022-11-22 09:49:28,303 [trainer.py] => NME top5 curve: [99.4, 94.35, 91.1, 88.6, 86.68, 83.78]

2022-11-22 09:49:28,304 [trainer.py] => All params: 1474060
2022-11-22 09:49:28,304 [trainer.py] => Trainable params: 1474060
2022-11-22 09:49:28,304 [unlabel.py] => Learning on 60-70
2022-11-22 11:21:39,592 [base.py] => Reducing exemplars...(28 per classes)
2022-11-22 11:21:47,072 [base.py] => Constructing exemplars...(28 per classes)
2022-11-22 11:21:50,144 [base.py] => Reducing exemplars...(28 per classes)
2022-11-22 11:21:57,615 [base.py] => Constructing exemplars...(28 per classes)
2022-11-22 11:22:02,578 [unlabel.py] => Exemplar size: 1960
2022-11-22 11:22:02,578 [trainer.py] => CNN: {'total': 45.84, '00-09': 73.6, '10-19': 46.0, '20-29': 53.5, '30-39': 35.7, '40-49': 36.1, '50-59': 34.2, '60-69': 41.8, 'old': 46.52, 'new': 41.8}
2022-11-22 11:22:02,578 [trainer.py] => NME: {'total': 52.2, '00-09': 62.6, '10-19': 42.3, '20-29': 58.7, '30-39': 43.4, '40-49': 53.6, '50-59': 48.6, '60-69': 56.2, 'old': 51.53, 'new': 56.2}
2022-11-22 11:22:02,578 [trainer.py] => CNN top1 curve: [87.3, 62.95, 61.8, 55.8, 52.0, 48.82, 45.84]
2022-11-22 11:22:02,578 [trainer.py] => CNN top5 curve: [99.2, 88.95, 86.7, 84.8, 82.96, 79.85, 76.49]
2022-11-22 11:22:02,578 [trainer.py] => NME top1 curve: [88.5, 68.75, 66.7, 60.9, 58.66, 54.27, 52.2]
2022-11-22 11:22:02,578 [trainer.py] => NME top5 curve: [99.4, 94.35, 91.1, 88.6, 86.68, 83.78, 81.51]

2022-11-22 11:22:02,578 [trainer.py] => All params: 1475350
2022-11-22 11:22:02,578 [trainer.py] => Trainable params: 1475350
2022-11-22 11:22:02,579 [unlabel.py] => Learning on 70-80
2022-11-22 12:20:32,369 [trainer.py] => config: ./exps/unlabel.json
2022-11-22 12:20:32,369 [trainer.py] => lr: 0.03
2022-11-22 12:20:32,369 [trainer.py] => warmup: 0
2022-11-22 12:20:32,369 [trainer.py] => wdecay: 0.0005
2022-11-22 12:20:32,369 [trainer.py] => nesterov: True
2022-11-22 12:20:32,369 [trainer.py] => ema_decay: 0.999
2022-11-22 12:20:32,369 [trainer.py] => gpu_id: 0
2022-11-22 12:20:32,369 [trainer.py] => prefix: reproduce
2022-11-22 12:20:32,369 [trainer.py] => dataset: cifar100
2022-11-22 12:20:32,369 [trainer.py] => memory_size: 2000
2022-11-22 12:20:32,369 [trainer.py] => memory_per_class: 20
2022-11-22 12:20:32,369 [trainer.py] => fixed_memory: False
2022-11-22 12:20:32,369 [trainer.py] => shuffle: True
2022-11-22 12:20:32,369 [trainer.py] => init_cls: 10
2022-11-22 12:20:32,369 [trainer.py] => increment: 10
2022-11-22 12:20:32,369 [trainer.py] => model_name: unlabel
2022-11-22 12:20:32,369 [trainer.py] => convnet_type: resnet32
2022-11-22 12:20:32,369 [trainer.py] => device: [device(type='cuda', index=0)]
2022-11-22 12:20:32,369 [trainer.py] => seed: 1993
2022-11-22 12:20:33,378 [data_manager.py] => [68, 56, 78, 8, 23, 84, 90, 65, 74, 76, 40, 89, 3, 92, 55, 9, 26, 80, 43, 38, 58, 70, 77, 1, 85, 19, 17, 50, 28, 53, 13, 81, 45, 82, 6, 59, 83, 16, 15, 44, 91, 41, 72, 60, 79, 52, 20, 10, 31, 54, 37, 95, 14, 71, 96, 98, 97, 2, 64, 66, 42, 22, 35, 86, 24, 34, 87, 21, 99, 0, 88, 27, 18, 94, 11, 12, 47, 25, 30, 46, 62, 69, 36, 61, 7, 63, 75, 5, 32, 4, 51, 48, 73, 93, 39, 67, 29, 49, 57, 33]
2022-11-22 12:20:33,432 [wideresnet.py] => Model: WideResNet 28x2
2022-11-22 12:20:34,344 [trainer.py] => All params: 1466320
2022-11-22 12:20:34,344 [trainer.py] => Trainable params: 1466320
2022-11-22 12:20:34,344 [unlabel.py] => Learning on 0-10
2022-11-22 13:48:58,541 [base.py] => Reducing exemplars...(200 per classes)
2022-11-22 13:48:58,542 [base.py] => Constructing exemplars...(200 per classes)
2022-11-22 13:49:02,165 [base.py] => Reducing exemplars...(200 per classes)
2022-11-22 13:49:02,166 [base.py] => Constructing exemplars...(200 per classes)
2022-11-22 13:49:06,497 [unlabel.py] => Exemplar size: 2000
2022-11-22 13:49:06,497 [trainer.py] => CNN: {'total': 87.3, '00-09': 87.3, 'old': 0, 'new': 87.3}
2022-11-22 13:49:06,497 [trainer.py] => NME: {'total': 88.5, '00-09': 88.5, 'old': 0, 'new': 88.5}
2022-11-22 13:49:06,497 [trainer.py] => CNN top1 curve: [87.3]
2022-11-22 13:49:06,497 [trainer.py] => CNN top5 curve: [99.2]
2022-11-22 13:49:06,497 [trainer.py] => NME top1 curve: [88.5]
2022-11-22 13:49:06,497 [trainer.py] => NME top5 curve: [99.4]

2022-11-22 13:49:06,497 [trainer.py] => All params: 1467610
2022-11-22 13:49:06,497 [trainer.py] => Trainable params: 1467610
2022-11-22 13:49:06,497 [unlabel.py] => Learning on 10-20
2022-11-22 15:21:29,923 [base.py] => Reducing exemplars...(100 per classes)
2022-11-22 15:21:31,364 [base.py] => Constructing exemplars...(100 per classes)
2022-11-22 15:21:34,858 [base.py] => Reducing exemplars...(100 per classes)
2022-11-22 15:21:36,297 [base.py] => Constructing exemplars...(100 per classes)
2022-11-22 15:21:40,693 [unlabel.py] => Exemplar size: 2000
2022-11-22 15:21:40,693 [trainer.py] => CNN: {'total': 67.05, '00-09': 83.0, '10-19': 51.1, 'old': 83.0, 'new': 51.1}
2022-11-22 15:21:40,693 [trainer.py] => NME: {'total': 69.9, '00-09': 77.5, '10-19': 62.3, 'old': 77.5, 'new': 62.3}
2022-11-22 15:21:40,693 [trainer.py] => CNN top1 curve: [87.3, 67.05]
2022-11-22 15:21:40,693 [trainer.py] => CNN top5 curve: [99.2, 91.05]
2022-11-22 15:21:40,693 [trainer.py] => NME top1 curve: [88.5, 69.9]
2022-11-22 15:21:40,693 [trainer.py] => NME top5 curve: [99.4, 94.8]

2022-11-22 15:21:40,693 [trainer.py] => All params: 1468900
2022-11-22 15:21:40,693 [trainer.py] => Trainable params: 1468900
2022-11-22 15:21:40,694 [unlabel.py] => Learning on 20-30
2022-11-22 16:55:40,127 [base.py] => Reducing exemplars...(66 per classes)
2022-11-22 16:55:42,922 [base.py] => Constructing exemplars...(66 per classes)
2022-11-22 16:55:46,307 [base.py] => Reducing exemplars...(66 per classes)
2022-11-22 16:55:49,139 [base.py] => Constructing exemplars...(66 per classes)
2022-11-22 16:55:53,624 [unlabel.py] => Exemplar size: 1980
2022-11-22 16:55:53,625 [trainer.py] => CNN: {'total': 63.63, '00-09': 80.6, '10-19': 46.4, '20-29': 63.9, 'old': 63.5, 'new': 63.9}
2022-11-22 16:55:53,625 [trainer.py] => NME: {'total': 68.37, '00-09': 75.4, '10-19': 58.5, '20-29': 71.2, 'old': 66.95, 'new': 71.2}
2022-11-22 16:55:53,625 [trainer.py] => CNN top1 curve: [87.3, 67.05, 63.63]
2022-11-22 16:55:53,625 [trainer.py] => CNN top5 curve: [99.2, 91.05, 88.97]
2022-11-22 16:55:53,625 [trainer.py] => NME top1 curve: [88.5, 69.9, 68.37]
2022-11-22 16:55:53,625 [trainer.py] => NME top5 curve: [99.4, 94.8, 92.17]

2022-11-22 16:55:53,625 [trainer.py] => All params: 1470190
2022-11-22 16:55:53,625 [trainer.py] => Trainable params: 1470190
2022-11-22 16:55:53,625 [unlabel.py] => Learning on 30-40
2022-11-22 18:28:59,057 [base.py] => Reducing exemplars...(50 per classes)
2022-11-22 18:29:03,127 [base.py] => Constructing exemplars...(50 per classes)
2022-11-22 18:29:06,386 [base.py] => Reducing exemplars...(50 per classes)
2022-11-22 18:29:10,412 [base.py] => Constructing exemplars...(50 per classes)
2022-11-22 18:29:14,974 [unlabel.py] => Exemplar size: 2000
2022-11-22 18:29:14,974 [trainer.py] => CNN: {'total': 58.62, '00-09': 78.7, '10-19': 44.6, '20-29': 57.7, '30-39': 53.5, 'old': 60.33, 'new': 53.5}
2022-11-22 18:29:14,974 [trainer.py] => NME: {'total': 63.32, '00-09': 70.2, '10-19': 53.5, '20-29': 66.5, '30-39': 63.1, 'old': 63.4, 'new': 63.1}
2022-11-22 18:29:14,974 [trainer.py] => CNN top1 curve: [87.3, 67.05, 63.63, 58.62]
2022-11-22 18:29:14,974 [trainer.py] => CNN top5 curve: [99.2, 91.05, 88.97, 85.8]
2022-11-22 18:29:14,974 [trainer.py] => NME top1 curve: [88.5, 69.9, 68.37, 63.32]
2022-11-22 18:29:14,974 [trainer.py] => NME top5 curve: [99.4, 94.8, 92.17, 89.8]

2022-11-22 18:29:14,974 [trainer.py] => All params: 1471480
2022-11-22 18:29:14,975 [trainer.py] => Trainable params: 1471480
2022-11-22 18:29:14,975 [unlabel.py] => Learning on 40-50
2022-11-22 20:01:50,323 [base.py] => Reducing exemplars...(40 per classes)
2022-11-22 20:01:55,661 [base.py] => Constructing exemplars...(40 per classes)
2022-11-22 20:01:58,890 [base.py] => Reducing exemplars...(40 per classes)
2022-11-22 20:02:04,309 [base.py] => Constructing exemplars...(40 per classes)
2022-11-22 20:02:09,128 [unlabel.py] => Exemplar size: 2000
2022-11-22 20:02:09,129 [trainer.py] => CNN: {'total': 56.02, '00-09': 73.7, '10-19': 49.2, '20-29': 56.2, '30-39': 45.9, '40-49': 55.1, 'old': 56.25, 'new': 55.1}
2022-11-22 20:02:09,129 [trainer.py] => NME: {'total': 59.98, '00-09': 66.0, '10-19': 47.8, '20-29': 66.0, '30-39': 55.5, '40-49': 64.6, 'old': 58.82, 'new': 64.6}
2022-11-22 20:02:09,129 [trainer.py] => CNN top1 curve: [87.3, 67.05, 63.63, 58.62, 56.02]
2022-11-22 20:02:09,129 [trainer.py] => CNN top5 curve: [99.2, 91.05, 88.97, 85.8, 83.02]
2022-11-22 20:02:09,129 [trainer.py] => NME top1 curve: [88.5, 69.9, 68.37, 63.32, 59.98]
2022-11-22 20:02:09,129 [trainer.py] => NME top5 curve: [99.4, 94.8, 92.17, 89.8, 87.48]

2022-11-22 20:02:09,129 [trainer.py] => All params: 1472770
2022-11-22 20:02:09,129 [trainer.py] => Trainable params: 1472770
2022-11-22 20:02:09,129 [unlabel.py] => Learning on 50-60
2022-11-22 21:34:27,439 [base.py] => Reducing exemplars...(33 per classes)
2022-11-22 21:34:34,210 [base.py] => Constructing exemplars...(33 per classes)
2022-11-22 21:34:37,501 [base.py] => Reducing exemplars...(33 per classes)
2022-11-22 21:34:44,245 [base.py] => Constructing exemplars...(33 per classes)
2022-11-22 21:34:49,169 [unlabel.py] => Exemplar size: 1980
2022-11-22 21:34:49,169 [trainer.py] => CNN: {'total': 51.72, '00-09': 69.5, '10-19': 41.2, '20-29': 54.2, '30-39': 38.3, '40-49': 45.8, '50-59': 61.3, 'old': 49.8, 'new': 61.3}
2022-11-22 21:34:49,170 [trainer.py] => NME: {'total': 56.53, '00-09': 63.6, '10-19': 45.5, '20-29': 58.9, '30-39': 49.4, '40-49': 60.2, '50-59': 61.6, 'old': 55.52, 'new': 61.6}
2022-11-22 21:34:49,170 [trainer.py] => CNN top1 curve: [87.3, 67.05, 63.63, 58.62, 56.02, 51.72]
2022-11-22 21:34:49,170 [trainer.py] => CNN top5 curve: [99.2, 91.05, 88.97, 85.8, 83.02, 78.42]
2022-11-22 21:34:49,170 [trainer.py] => NME top1 curve: [88.5, 69.9, 68.37, 63.32, 59.98, 56.53]
2022-11-22 21:34:49,170 [trainer.py] => NME top5 curve: [99.4, 94.8, 92.17, 89.8, 87.48, 84.27]

2022-11-22 21:34:49,170 [trainer.py] => All params: 1474060
2022-11-22 21:34:49,170 [trainer.py] => Trainable params: 1474060
2022-11-22 21:34:49,170 [unlabel.py] => Learning on 60-70
2022-11-22 23:08:06,118 [base.py] => Reducing exemplars...(28 per classes)
2022-11-22 23:08:14,347 [base.py] => Constructing exemplars...(28 per classes)
2022-11-22 23:08:17,638 [base.py] => Reducing exemplars...(28 per classes)
2022-11-22 23:08:25,769 [base.py] => Constructing exemplars...(28 per classes)
2022-11-22 23:08:30,980 [unlabel.py] => Exemplar size: 1960
2022-11-22 23:08:30,980 [trainer.py] => CNN: {'total': 50.19, '00-09': 65.7, '10-19': 44.1, '20-29': 54.5, '30-39': 36.1, '40-49': 44.8, '50-59': 52.1, '60-69': 54.0, 'old': 49.55, 'new': 54.0}
2022-11-22 23:08:30,980 [trainer.py] => NME: {'total': 53.97, '00-09': 58.6, '10-19': 42.8, '20-29': 58.9, '30-39': 45.1, '40-49': 58.0, '50-59': 55.0, '60-69': 59.4, 'old': 53.07, 'new': 59.4}
2022-11-22 23:08:30,980 [trainer.py] => CNN top1 curve: [87.3, 67.05, 63.63, 58.62, 56.02, 51.72, 50.19]
2022-11-22 23:08:30,981 [trainer.py] => CNN top5 curve: [99.2, 91.05, 88.97, 85.8, 83.02, 78.42, 76.43]
2022-11-22 23:08:30,981 [trainer.py] => NME top1 curve: [88.5, 69.9, 68.37, 63.32, 59.98, 56.53, 53.97]
2022-11-22 23:08:30,981 [trainer.py] => NME top5 curve: [99.4, 94.8, 92.17, 89.8, 87.48, 84.27, 81.96]

2022-11-22 23:08:30,981 [trainer.py] => All params: 1475350
2022-11-22 23:08:30,981 [trainer.py] => Trainable params: 1475350
2022-11-22 23:08:30,981 [unlabel.py] => Learning on 70-80
2022-11-23 00:41:56,472 [base.py] => Reducing exemplars...(25 per classes)
2022-11-23 00:42:05,737 [base.py] => Constructing exemplars...(25 per classes)
2022-11-23 00:42:09,013 [base.py] => Reducing exemplars...(25 per classes)
2022-11-23 00:42:18,304 [base.py] => Constructing exemplars...(25 per classes)
2022-11-23 00:42:23,622 [unlabel.py] => Exemplar size: 2000
2022-11-23 00:42:23,622 [trainer.py] => CNN: {'total': 46.55, '00-09': 61.8, '10-19': 42.8, '20-29': 49.8, '30-39': 34.9, '40-49': 43.9, '50-59': 49.7, '60-69': 41.9, '70-79': 47.6, 'old': 46.4, 'new': 47.6}
2022-11-23 00:42:23,622 [trainer.py] => NME: {'total': 51.05, '00-09': 58.2, '10-19': 41.2, '20-29': 56.0, '30-39': 40.8, '40-49': 54.7, '50-59': 47.5, '60-69': 54.6, '70-79': 55.4, 'old': 50.43, 'new': 55.4}
2022-11-23 00:42:23,622 [trainer.py] => CNN top1 curve: [87.3, 67.05, 63.63, 58.62, 56.02, 51.72, 50.19, 46.55]
2022-11-23 00:42:23,622 [trainer.py] => CNN top5 curve: [99.2, 91.05, 88.97, 85.8, 83.02, 78.42, 76.43, 75.22]
2022-11-23 00:42:23,622 [trainer.py] => NME top1 curve: [88.5, 69.9, 68.37, 63.32, 59.98, 56.53, 53.97, 51.05]
2022-11-23 00:42:23,622 [trainer.py] => NME top5 curve: [99.4, 94.8, 92.17, 89.8, 87.48, 84.27, 81.96, 79.84]

2022-11-23 00:42:23,622 [trainer.py] => All params: 1476640
2022-11-23 00:42:23,622 [trainer.py] => Trainable params: 1476640
2022-11-23 00:42:23,623 [unlabel.py] => Learning on 80-90
2022-11-23 02:15:03,528 [base.py] => Reducing exemplars...(22 per classes)
2022-11-23 02:15:14,176 [base.py] => Constructing exemplars...(22 per classes)
2022-11-23 02:15:17,407 [base.py] => Reducing exemplars...(22 per classes)
2022-11-23 02:15:27,910 [base.py] => Constructing exemplars...(22 per classes)
2022-11-23 02:15:33,414 [unlabel.py] => Exemplar size: 1980
2022-11-23 02:15:33,414 [trainer.py] => CNN: {'total': 43.69, '00-09': 53.9, '10-19': 32.2, '20-29': 46.5, '30-39': 32.7, '40-49': 44.9, '50-59': 41.9, '60-69': 39.8, '70-79': 39.5, '80-89': 61.8, 'old': 41.42, 'new': 61.8}
2022-11-23 02:15:33,414 [trainer.py] => NME: {'total': 47.64, '00-09': 53.4, '10-19': 35.0, '20-29': 52.2, '30-39': 39.6, '40-49': 51.6, '50-59': 43.8, '60-69': 48.7, '70-79': 46.0, '80-89': 58.5, 'old': 46.29, 'new': 58.5}
2022-11-23 02:15:33,414 [trainer.py] => CNN top1 curve: [87.3, 67.05, 63.63, 58.62, 56.02, 51.72, 50.19, 46.55, 43.69]
2022-11-23 02:15:33,414 [trainer.py] => CNN top5 curve: [99.2, 91.05, 88.97, 85.8, 83.02, 78.42, 76.43, 75.22, 73.57]
2022-11-23 02:15:33,414 [trainer.py] => NME top1 curve: [88.5, 69.9, 68.37, 63.32, 59.98, 56.53, 53.97, 51.05, 47.64]
2022-11-23 02:15:33,414 [trainer.py] => NME top5 curve: [99.4, 94.8, 92.17, 89.8, 87.48, 84.27, 81.96, 79.84, 77.81]

2022-11-23 02:15:33,414 [trainer.py] => All params: 1477930
2022-11-23 02:15:33,414 [trainer.py] => Trainable params: 1477930
2022-11-23 02:15:33,415 [unlabel.py] => Learning on 90-100
2022-11-23 03:48:02,012 [base.py] => Reducing exemplars...(20 per classes)
2022-11-23 03:48:14,091 [base.py] => Constructing exemplars...(20 per classes)
2022-11-23 03:48:17,281 [base.py] => Reducing exemplars...(20 per classes)
2022-11-23 03:48:29,377 [base.py] => Constructing exemplars...(20 per classes)
2022-11-23 03:48:35,109 [unlabel.py] => Exemplar size: 2000
2022-11-23 03:48:35,109 [trainer.py] => CNN: {'total': 42.73, '00-09': 46.0, '10-19': 32.1, '20-29': 45.1, '30-39': 33.0, '40-49': 46.8, '50-59': 35.5, '60-69': 39.8, '70-79': 39.0, '80-89': 48.0, '90-99': 62.0, 'old': 40.59, 'new': 62.0}
2022-11-23 03:48:35,109 [trainer.py] => NME: {'total': 47.03, '00-09': 46.2, '10-19': 34.2, '20-29': 50.5, '30-39': 40.2, '40-49': 52.0, '50-59': 41.3, '60-69': 49.9, '70-79': 43.8, '80-89': 53.6, '90-99': 58.6, 'old': 45.74, 'new': 58.6}
2022-11-23 03:48:35,109 [trainer.py] => CNN top1 curve: [87.3, 67.05, 63.63, 58.62, 56.02, 51.72, 50.19, 46.55, 43.69, 42.73]
2022-11-23 03:48:35,109 [trainer.py] => CNN top5 curve: [99.2, 91.05, 88.97, 85.8, 83.02, 78.42, 76.43, 75.22, 73.57, 71.67]
2022-11-23 03:48:35,109 [trainer.py] => NME top1 curve: [88.5, 69.9, 68.37, 63.32, 59.98, 56.53, 53.97, 51.05, 47.64, 47.03]
2022-11-23 03:48:35,109 [trainer.py] => NME top5 curve: [99.4, 94.8, 92.17, 89.8, 87.48, 84.27, 81.96, 79.84, 77.81, 76.15]

2022-11-23 12:44:17,919 [trainer.py] => config: ./exps/unlabel.json
2022-11-23 12:44:17,919 [trainer.py] => lr: 0.03
2022-11-23 12:44:17,919 [trainer.py] => warmup: 0
2022-11-23 12:44:17,919 [trainer.py] => wdecay: 0.0005
2022-11-23 12:44:17,919 [trainer.py] => nesterov: True
2022-11-23 12:44:17,919 [trainer.py] => ema_decay: 0.999
2022-11-23 12:44:17,919 [trainer.py] => gpu_id: 0
2022-11-23 12:44:17,919 [trainer.py] => prefix: reproduce
2022-11-23 12:44:17,919 [trainer.py] => dataset: cifar100
2022-11-23 12:44:17,919 [trainer.py] => memory_size: 2000
2022-11-23 12:44:17,919 [trainer.py] => memory_per_class: 20
2022-11-23 12:44:17,919 [trainer.py] => fixed_memory: False
2022-11-23 12:44:17,919 [trainer.py] => shuffle: True
2022-11-23 12:44:17,919 [trainer.py] => init_cls: 10
2022-11-23 12:44:17,919 [trainer.py] => increment: 10
2022-11-23 12:44:17,919 [trainer.py] => model_name: unlabel
2022-11-23 12:44:17,919 [trainer.py] => convnet_type: resnet32
2022-11-23 12:44:17,919 [trainer.py] => device: [device(type='cuda', index=0)]
2022-11-23 12:44:17,919 [trainer.py] => seed: 1993
2022-11-23 12:44:18,928 [data_manager.py] => [68, 56, 78, 8, 23, 84, 90, 65, 74, 76, 40, 89, 3, 92, 55, 9, 26, 80, 43, 38, 58, 70, 77, 1, 85, 19, 17, 50, 28, 53, 13, 81, 45, 82, 6, 59, 83, 16, 15, 44, 91, 41, 72, 60, 79, 52, 20, 10, 31, 54, 37, 95, 14, 71, 96, 98, 97, 2, 64, 66, 42, 22, 35, 86, 24, 34, 87, 21, 99, 0, 88, 27, 18, 94, 11, 12, 47, 25, 30, 46, 62, 69, 36, 61, 7, 63, 75, 5, 32, 4, 51, 48, 73, 93, 39, 67, 29, 49, 57, 33]
2022-11-23 12:44:18,982 [wideresnet.py] => Model: WideResNet 28x2
2022-11-23 12:44:19,900 [trainer.py] => All params: 1466320
2022-11-23 12:44:19,901 [trainer.py] => Trainable params: 1466320
2022-11-23 12:44:19,901 [unlabel.py] => Learning on 0-10
2022-11-23 14:07:35,200 [base.py] => Reducing exemplars...(200 per classes)
2022-11-23 14:07:35,200 [base.py] => Constructing exemplars...(200 per classes)
2022-11-23 14:07:38,883 [base.py] => Reducing exemplars...(200 per classes)
2022-11-23 14:07:38,885 [base.py] => Constructing exemplars...(200 per classes)
2022-11-23 14:07:43,386 [unlabel.py] => Exemplar size: 2000
2022-11-23 14:07:43,386 [trainer.py] => CNN: {'total': 64.7, '00-09': 64.7, 'old': 0, 'new': 64.7}
2022-11-23 14:07:43,386 [trainer.py] => NME: {'total': 75.7, '00-09': 75.7, 'old': 0, 'new': 75.7}
2022-11-23 14:07:43,386 [trainer.py] => CNN top1 curve: [64.7]
2022-11-23 14:07:43,386 [trainer.py] => CNN top5 curve: [93.8]
2022-11-23 14:07:43,386 [trainer.py] => NME top1 curve: [75.7]
2022-11-23 14:07:43,386 [trainer.py] => NME top5 curve: [98.8]

2022-11-23 14:07:43,386 [trainer.py] => All params: 1467610
2022-11-23 14:07:43,386 [trainer.py] => Trainable params: 1467610
2022-11-23 14:07:43,387 [unlabel.py] => Learning on 10-20
2022-11-23 15:40:18,140 [base.py] => Reducing exemplars...(100 per classes)
2022-11-23 15:40:19,584 [base.py] => Constructing exemplars...(100 per classes)
2022-11-23 15:40:23,061 [base.py] => Reducing exemplars...(100 per classes)
2022-11-23 15:40:24,485 [base.py] => Constructing exemplars...(100 per classes)
2022-11-23 15:40:28,847 [unlabel.py] => Exemplar size: 2000
2022-11-23 15:40:28,847 [trainer.py] => CNN: {'total': 41.2, '00-09': 71.5, '10-19': 10.9, 'old': 71.5, 'new': 10.9}
2022-11-23 15:40:28,847 [trainer.py] => NME: {'total': 54.2, '00-09': 67.8, '10-19': 40.6, 'old': 67.8, 'new': 40.6}
2022-11-23 15:40:28,847 [trainer.py] => CNN top1 curve: [64.7, 41.2]
2022-11-23 15:40:28,847 [trainer.py] => CNN top5 curve: [93.8, 65.8]
2022-11-23 15:40:28,847 [trainer.py] => NME top1 curve: [75.7, 54.2]
2022-11-23 15:40:28,847 [trainer.py] => NME top5 curve: [98.8, 88.4]

2022-11-23 15:40:28,848 [trainer.py] => All params: 1468900
2022-11-23 15:40:28,848 [trainer.py] => Trainable params: 1468900
2022-11-23 15:40:28,848 [unlabel.py] => Learning on 20-30
2022-11-23 17:12:52,328 [base.py] => Reducing exemplars...(66 per classes)
2022-11-23 17:12:55,266 [base.py] => Constructing exemplars...(66 per classes)
2022-11-23 17:12:58,730 [base.py] => Reducing exemplars...(66 per classes)
2022-11-23 17:13:01,597 [base.py] => Constructing exemplars...(66 per classes)
2022-11-23 17:13:06,129 [unlabel.py] => Exemplar size: 1980
2022-11-23 17:13:06,130 [trainer.py] => CNN: {'total': 39.2, '00-09': 74.6, '10-19': 23.8, '20-29': 19.2, 'old': 49.2, 'new': 19.2}
2022-11-23 17:13:06,130 [trainer.py] => NME: {'total': 57.2, '00-09': 68.1, '10-19': 47.0, '20-29': 56.5, 'old': 57.55, 'new': 56.5}
2022-11-23 17:13:06,130 [trainer.py] => CNN top1 curve: [64.7, 41.2, 39.2]
2022-11-23 17:13:06,130 [trainer.py] => CNN top5 curve: [93.8, 65.8, 76.07]
2022-11-23 17:13:06,130 [trainer.py] => NME top1 curve: [75.7, 54.2, 57.2]
2022-11-23 17:13:06,130 [trainer.py] => NME top5 curve: [98.8, 88.4, 88.03]

2022-11-23 17:13:06,130 [trainer.py] => All params: 1470190
2022-11-23 17:13:06,130 [trainer.py] => Trainable params: 1470190
2022-11-23 17:13:06,130 [unlabel.py] => Learning on 30-40
2022-11-23 17:24:14,194 [trainer.py] => config: ./exps/unlabel.json
2022-11-23 17:24:14,194 [trainer.py] => lr: 0.03
2022-11-23 17:24:14,194 [trainer.py] => warmup: 0
2022-11-23 17:24:14,194 [trainer.py] => wdecay: 0.0005
2022-11-23 17:24:14,194 [trainer.py] => nesterov: True
2022-11-23 17:24:14,194 [trainer.py] => ema_decay: 0.999
2022-11-23 17:24:14,194 [trainer.py] => gpu_id: 0
2022-11-23 17:24:14,194 [trainer.py] => prefix: reproduce
2022-11-23 17:24:14,194 [trainer.py] => dataset: cifar100
2022-11-23 17:24:14,194 [trainer.py] => memory_size: 2000
2022-11-23 17:24:14,194 [trainer.py] => memory_per_class: 20
2022-11-23 17:24:14,194 [trainer.py] => fixed_memory: False
2022-11-23 17:24:14,194 [trainer.py] => shuffle: True
2022-11-23 17:24:14,194 [trainer.py] => init_cls: 10
2022-11-23 17:24:14,194 [trainer.py] => increment: 10
2022-11-23 17:24:14,194 [trainer.py] => model_name: unlabel
2022-11-23 17:24:14,194 [trainer.py] => convnet_type: resnet32
2022-11-23 17:24:14,194 [trainer.py] => device: [device(type='cuda', index=0)]
2022-11-23 17:24:14,194 [trainer.py] => seed: 1993
2022-11-23 17:24:15,193 [data_manager.py] => [68, 56, 78, 8, 23, 84, 90, 65, 74, 76, 40, 89, 3, 92, 55, 9, 26, 80, 43, 38, 58, 70, 77, 1, 85, 19, 17, 50, 28, 53, 13, 81, 45, 82, 6, 59, 83, 16, 15, 44, 91, 41, 72, 60, 79, 52, 20, 10, 31, 54, 37, 95, 14, 71, 96, 98, 97, 2, 64, 66, 42, 22, 35, 86, 24, 34, 87, 21, 99, 0, 88, 27, 18, 94, 11, 12, 47, 25, 30, 46, 62, 69, 36, 61, 7, 63, 75, 5, 32, 4, 51, 48, 73, 93, 39, 67, 29, 49, 57, 33]
2022-11-23 17:24:15,248 [wideresnet.py] => Model: WideResNet 28x2
2022-11-23 17:24:16,162 [trainer.py] => All params: 1466320
2022-11-23 17:24:16,162 [trainer.py] => Trainable params: 1466320
2022-11-23 17:24:16,162 [unlabel.py] => Learning on 0-10
2022-11-23 18:47:58,072 [base.py] => Reducing exemplars...(200 per classes)
2022-11-23 18:47:58,072 [base.py] => Constructing exemplars...(200 per classes)
2022-11-23 18:48:01,865 [base.py] => Reducing exemplars...(200 per classes)
2022-11-23 18:48:01,867 [base.py] => Constructing exemplars...(200 per classes)
2022-11-23 18:48:06,437 [unlabel.py] => Exemplar size: 2000
2022-11-23 18:48:06,437 [trainer.py] => CNN: {'total': 64.7, '00-09': 64.7, 'old': 0, 'new': 64.7}
2022-11-23 18:48:06,437 [trainer.py] => NME: {'total': 75.7, '00-09': 75.7, 'old': 0, 'new': 75.7}
2022-11-23 18:48:06,437 [trainer.py] => CNN top1 curve: [64.7]
2022-11-23 18:48:06,437 [trainer.py] => CNN top5 curve: [93.8]
2022-11-23 18:48:06,437 [trainer.py] => NME top1 curve: [75.7]
2022-11-23 18:48:06,437 [trainer.py] => NME top5 curve: [98.8]

2022-11-23 18:48:06,437 [trainer.py] => All params: 1467610
2022-11-23 18:48:06,437 [trainer.py] => Trainable params: 1467610
2022-11-23 18:48:06,438 [unlabel.py] => Learning on 10-20
2022-11-23 20:20:25,869 [base.py] => Reducing exemplars...(100 per classes)
2022-11-23 20:20:27,398 [base.py] => Constructing exemplars...(100 per classes)
2022-11-23 20:20:30,983 [base.py] => Reducing exemplars...(100 per classes)
2022-11-23 20:20:32,478 [base.py] => Constructing exemplars...(100 per classes)
2022-11-23 20:20:37,033 [unlabel.py] => Exemplar size: 2000
2022-11-23 20:20:37,033 [trainer.py] => CNN: {'total': 43.45, '00-09': 76.6, '10-19': 10.3, 'old': 76.6, 'new': 10.3}
2022-11-23 20:20:37,033 [trainer.py] => NME: {'total': 53.75, '00-09': 69.1, '10-19': 38.4, 'old': 69.1, 'new': 38.4}
2022-11-23 20:20:37,033 [trainer.py] => CNN top1 curve: [64.7, 43.45]
2022-11-23 20:20:37,033 [trainer.py] => CNN top5 curve: [93.8, 62.05]
2022-11-23 20:20:37,033 [trainer.py] => NME top1 curve: [75.7, 53.75]
2022-11-23 20:20:37,033 [trainer.py] => NME top5 curve: [98.8, 87.7]

2022-11-23 20:20:37,033 [trainer.py] => All params: 1468900
2022-11-23 20:20:37,033 [trainer.py] => Trainable params: 1468900
2022-11-23 20:20:37,034 [unlabel.py] => Learning on 20-30
2022-11-23 21:53:26,194 [base.py] => Reducing exemplars...(66 per classes)
2022-11-23 21:53:29,223 [base.py] => Constructing exemplars...(66 per classes)
2022-11-23 21:53:32,778 [base.py] => Reducing exemplars...(66 per classes)
2022-11-23 21:53:35,806 [base.py] => Constructing exemplars...(66 per classes)
2022-11-23 21:53:40,475 [unlabel.py] => Exemplar size: 1980
2022-11-23 21:53:40,475 [trainer.py] => CNN: {'total': 34.63, '00-09': 76.4, '10-19': 12.1, '20-29': 15.4, 'old': 44.25, 'new': 15.4}
2022-11-23 21:53:40,475 [trainer.py] => NME: {'total': 53.07, '00-09': 64.8, '10-19': 40.4, '20-29': 54.0, 'old': 52.6, 'new': 54.0}
2022-11-23 21:53:40,475 [trainer.py] => CNN top1 curve: [64.7, 43.45, 34.63]
2022-11-23 21:53:40,475 [trainer.py] => CNN top5 curve: [93.8, 62.05, 71.77]
2022-11-23 21:53:40,475 [trainer.py] => NME top1 curve: [75.7, 53.75, 53.07]
2022-11-23 21:53:40,475 [trainer.py] => NME top5 curve: [98.8, 87.7, 85.43]

2022-11-23 21:53:40,475 [trainer.py] => All params: 1470190
2022-11-23 21:53:40,476 [trainer.py] => Trainable params: 1470190
2022-11-23 21:53:40,476 [unlabel.py] => Learning on 30-40
2022-11-23 23:26:26,038 [base.py] => Reducing exemplars...(50 per classes)
2022-11-23 23:26:30,415 [base.py] => Constructing exemplars...(50 per classes)
2022-11-23 23:26:33,967 [base.py] => Reducing exemplars...(50 per classes)
2022-11-23 23:26:38,331 [base.py] => Constructing exemplars...(50 per classes)
2022-11-23 23:26:43,214 [unlabel.py] => Exemplar size: 2000
2022-11-23 23:26:43,214 [trainer.py] => CNN: {'total': 31.25, '00-09': 73.9, '10-19': 15.4, '20-29': 21.8, '30-39': 13.9, 'old': 37.03, 'new': 13.9}
2022-11-23 23:26:43,214 [trainer.py] => NME: {'total': 49.02, '00-09': 63.1, '10-19': 39.9, '20-29': 50.8, '30-39': 42.3, 'old': 51.27, 'new': 42.3}
2022-11-23 23:26:43,214 [trainer.py] => CNN top1 curve: [64.7, 43.45, 34.63, 31.25]
2022-11-23 23:26:43,214 [trainer.py] => CNN top5 curve: [93.8, 62.05, 71.77, 69.9]
2022-11-23 23:26:43,214 [trainer.py] => NME top1 curve: [75.7, 53.75, 53.07, 49.02]
2022-11-23 23:26:43,214 [trainer.py] => NME top5 curve: [98.8, 87.7, 85.43, 82.35]

2022-11-23 23:26:43,214 [trainer.py] => All params: 1471480
2022-11-23 23:26:43,214 [trainer.py] => Trainable params: 1471480
2022-11-23 23:26:43,215 [unlabel.py] => Learning on 40-50
2022-11-29 21:16:11,481 [trainer.py] => config: ./exps/unlabel.json
2022-11-29 21:16:11,481 [trainer.py] => lr: 0.03
2022-11-29 21:16:11,482 [trainer.py] => warmup: 0
2022-11-29 21:16:11,482 [trainer.py] => wdecay: 0.0005
2022-11-29 21:16:11,482 [trainer.py] => nesterov: True
2022-11-29 21:16:11,482 [trainer.py] => ema_decay: 0.999
2022-11-29 21:16:11,482 [trainer.py] => gpu_id: 0
2022-11-29 21:16:11,482 [trainer.py] => prefix: reproduce
2022-11-29 21:16:11,482 [trainer.py] => dataset: cifar100
2022-11-29 21:16:11,482 [trainer.py] => memory_size: 2000
2022-11-29 21:16:11,482 [trainer.py] => memory_per_class: 20
2022-11-29 21:16:11,482 [trainer.py] => fixed_memory: False
2022-11-29 21:16:11,482 [trainer.py] => shuffle: True
2022-11-29 21:16:11,482 [trainer.py] => init_cls: 10
2022-11-29 21:16:11,482 [trainer.py] => increment: 10
2022-11-29 21:16:11,482 [trainer.py] => model_name: unlabel
2022-11-29 21:16:11,482 [trainer.py] => convnet_type: resnet32
2022-11-29 21:16:11,482 [trainer.py] => device: [device(type='cuda', index=0)]
2022-11-29 21:16:11,482 [trainer.py] => seed: 1993
2022-11-29 21:16:12,536 [data_manager.py] => [68, 56, 78, 8, 23, 84, 90, 65, 74, 76, 40, 89, 3, 92, 55, 9, 26, 80, 43, 38, 58, 70, 77, 1, 85, 19, 17, 50, 28, 53, 13, 81, 45, 82, 6, 59, 83, 16, 15, 44, 91, 41, 72, 60, 79, 52, 20, 10, 31, 54, 37, 95, 14, 71, 96, 98, 97, 2, 64, 66, 42, 22, 35, 86, 24, 34, 87, 21, 99, 0, 88, 27, 18, 94, 11, 12, 47, 25, 30, 46, 62, 69, 36, 61, 7, 63, 75, 5, 32, 4, 51, 48, 73, 93, 39, 67, 29, 49, 57, 33]
2022-11-29 21:16:12,593 [wideresnet.py] => Model: WideResNet 28x2
2022-11-29 21:16:13,542 [trainer.py] => All params: 1466320
2022-11-29 21:16:13,543 [trainer.py] => Trainable params: 1466320
2022-11-29 21:16:13,543 [unlabel.py] => Learning on 0-10
2022-11-29 22:39:06,580 [base.py] => Reducing exemplars...(200 per classes)
2022-11-29 22:39:06,580 [base.py] => Constructing exemplars...(200 per classes)
2022-11-29 22:39:10,307 [base.py] => Reducing exemplars...(200 per classes)
2022-11-29 22:39:10,309 [base.py] => Constructing exemplars...(200 per classes)
2022-11-29 22:39:14,748 [unlabel.py] => Exemplar size: 2000
2022-11-29 22:39:14,748 [trainer.py] => CNN: {'total': 64.7, '00-09': 64.7, 'old': 0, 'new': 64.7}
2022-11-29 22:39:14,748 [trainer.py] => NME: {'total': 75.7, '00-09': 75.7, 'old': 0, 'new': 75.7}
2022-11-29 22:39:14,748 [trainer.py] => CNN top1 curve: [64.7]
2022-11-29 22:39:14,748 [trainer.py] => CNN top5 curve: [93.8]
2022-11-29 22:39:14,748 [trainer.py] => NME top1 curve: [75.7]
2022-11-29 22:39:14,748 [trainer.py] => NME top5 curve: [98.8]

2022-11-29 22:39:14,748 [trainer.py] => All params: 1467610
2022-11-29 22:39:14,748 [trainer.py] => Trainable params: 1467610
2022-11-29 22:39:14,749 [unlabel.py] => Learning on 10-20
2022-11-30 00:10:56,907 [base.py] => Reducing exemplars...(100 per classes)
2022-11-30 00:10:58,451 [base.py] => Constructing exemplars...(100 per classes)
2022-11-30 00:11:02,100 [base.py] => Reducing exemplars...(100 per classes)
2022-11-30 00:11:03,682 [base.py] => Constructing exemplars...(100 per classes)
2022-11-30 00:11:08,143 [unlabel.py] => Exemplar size: 2000
2022-11-30 00:11:08,143 [trainer.py] => CNN: {'total': 41.2, '00-09': 71.5, '10-19': 10.9, 'old': 71.5, 'new': 10.9}
2022-11-30 00:11:08,143 [trainer.py] => NME: {'total': 54.2, '00-09': 67.8, '10-19': 40.6, 'old': 67.8, 'new': 40.6}
2022-11-30 00:11:08,143 [trainer.py] => CNN top1 curve: [64.7, 41.2]
2022-11-30 00:11:08,143 [trainer.py] => CNN top5 curve: [93.8, 65.8]
2022-11-30 00:11:08,143 [trainer.py] => NME top1 curve: [75.7, 54.2]
2022-11-30 00:11:08,143 [trainer.py] => NME top5 curve: [98.8, 88.4]

2022-11-30 00:11:08,144 [trainer.py] => All params: 1468900
2022-11-30 00:11:08,144 [trainer.py] => Trainable params: 1468900
2022-11-30 00:11:08,144 [unlabel.py] => Learning on 20-30
2022-11-30 01:42:30,410 [base.py] => Reducing exemplars...(66 per classes)
2022-11-30 01:42:33,464 [base.py] => Constructing exemplars...(66 per classes)
2022-11-30 01:42:37,050 [base.py] => Reducing exemplars...(66 per classes)
2022-11-30 01:42:40,124 [base.py] => Constructing exemplars...(66 per classes)
2022-11-30 01:42:44,794 [unlabel.py] => Exemplar size: 1980
2022-11-30 01:42:44,795 [trainer.py] => CNN: {'total': 39.2, '00-09': 74.6, '10-19': 23.8, '20-29': 19.2, 'old': 49.2, 'new': 19.2}
2022-11-30 01:42:44,795 [trainer.py] => NME: {'total': 57.2, '00-09': 68.1, '10-19': 47.0, '20-29': 56.5, 'old': 57.55, 'new': 56.5}
2022-11-30 01:42:44,795 [trainer.py] => CNN top1 curve: [64.7, 41.2, 39.2]
2022-11-30 01:42:44,795 [trainer.py] => CNN top5 curve: [93.8, 65.8, 76.07]
2022-11-30 01:42:44,795 [trainer.py] => NME top1 curve: [75.7, 54.2, 57.2]
2022-11-30 01:42:44,795 [trainer.py] => NME top5 curve: [98.8, 88.4, 88.03]

2022-11-30 01:42:44,795 [trainer.py] => All params: 1470190
2022-11-30 01:42:44,795 [trainer.py] => Trainable params: 1470190
2022-11-30 01:42:44,795 [unlabel.py] => Learning on 30-40
2022-11-30 03:14:21,079 [base.py] => Reducing exemplars...(50 per classes)
2022-11-30 03:14:25,593 [base.py] => Constructing exemplars...(50 per classes)
2022-11-30 03:14:29,153 [base.py] => Reducing exemplars...(50 per classes)
2022-11-30 03:14:33,577 [base.py] => Constructing exemplars...(50 per classes)
2022-11-30 03:14:38,335 [unlabel.py] => Exemplar size: 2000
2022-11-30 03:14:38,335 [trainer.py] => CNN: {'total': 34.42, '00-09': 77.5, '10-19': 29.8, '20-29': 19.4, '30-39': 11.0, 'old': 42.23, 'new': 11.0}
2022-11-30 03:14:38,335 [trainer.py] => NME: {'total': 52.78, '00-09': 66.4, '10-19': 46.4, '20-29': 53.2, '30-39': 45.1, 'old': 55.33, 'new': 45.1}
2022-11-30 03:14:38,335 [trainer.py] => CNN top1 curve: [64.7, 41.2, 39.2, 34.42]
2022-11-30 03:14:38,335 [trainer.py] => CNN top5 curve: [93.8, 65.8, 76.07, 69.85]
2022-11-30 03:14:38,335 [trainer.py] => NME top1 curve: [75.7, 54.2, 57.2, 52.78]
2022-11-30 03:14:38,335 [trainer.py] => NME top5 curve: [98.8, 88.4, 88.03, 84.88]

2022-11-30 03:14:38,336 [trainer.py] => All params: 1471480
2022-11-30 03:14:38,336 [trainer.py] => Trainable params: 1471480
2022-11-30 03:14:38,336 [unlabel.py] => Learning on 40-50
2022-11-30 04:46:04,431 [base.py] => Reducing exemplars...(40 per classes)
2022-11-30 04:46:10,310 [base.py] => Constructing exemplars...(40 per classes)
2022-11-30 04:46:13,866 [base.py] => Reducing exemplars...(40 per classes)
2022-11-30 04:46:19,731 [base.py] => Constructing exemplars...(40 per classes)
2022-11-30 04:46:24,704 [unlabel.py] => Exemplar size: 2000
2022-11-30 04:46:24,704 [trainer.py] => CNN: {'total': 33.42, '00-09': 76.1, '10-19': 33.8, '20-29': 22.6, '30-39': 14.5, '40-49': 20.1, 'old': 36.75, 'new': 20.1}
2022-11-30 04:46:24,704 [trainer.py] => NME: {'total': 52.0, '00-09': 62.0, '10-19': 44.1, '20-29': 54.6, '30-39': 43.6, '40-49': 55.7, 'old': 51.08, 'new': 55.7}
2022-11-30 04:46:24,704 [trainer.py] => CNN top1 curve: [64.7, 41.2, 39.2, 34.42, 33.42]
2022-11-30 04:46:24,704 [trainer.py] => CNN top5 curve: [93.8, 65.8, 76.07, 69.85, 70.62]
2022-11-30 04:46:24,704 [trainer.py] => NME top1 curve: [75.7, 54.2, 57.2, 52.78, 52.0]
2022-11-30 04:46:24,704 [trainer.py] => NME top5 curve: [98.8, 88.4, 88.03, 84.88, 82.84]

2022-11-30 04:46:24,704 [trainer.py] => All params: 1472770
2022-11-30 04:46:24,704 [trainer.py] => Trainable params: 1472770
2022-11-30 04:46:24,705 [unlabel.py] => Learning on 50-60
2022-11-30 06:17:44,581 [base.py] => Reducing exemplars...(33 per classes)
2022-11-30 06:17:51,930 [base.py] => Constructing exemplars...(33 per classes)
2022-11-30 06:17:55,351 [base.py] => Reducing exemplars...(33 per classes)
2022-11-30 06:18:02,781 [base.py] => Constructing exemplars...(33 per classes)
2022-11-30 06:18:07,862 [unlabel.py] => Exemplar size: 1980
2022-11-30 06:18:07,862 [trainer.py] => CNN: {'total': 32.78, '00-09': 74.3, '10-19': 36.9, '20-29': 28.9, '30-39': 22.1, '40-49': 24.0, '50-59': 10.5, 'old': 37.24, 'new': 10.5}
2022-11-30 06:18:07,863 [trainer.py] => NME: {'total': 48.57, '00-09': 61.4, '10-19': 40.3, '20-29': 53.3, '30-39': 39.4, '40-49': 51.3, '50-59': 45.7, 'old': 49.14, 'new': 45.7}
2022-11-30 06:18:07,863 [trainer.py] => CNN top1 curve: [64.7, 41.2, 39.2, 34.42, 33.42, 32.78]
2022-11-30 06:18:07,863 [trainer.py] => CNN top5 curve: [93.8, 65.8, 76.07, 69.85, 70.62, 67.9]
2022-11-30 06:18:07,864 [trainer.py] => NME top1 curve: [75.7, 54.2, 57.2, 52.78, 52.0, 48.57]
2022-11-30 06:18:07,864 [trainer.py] => NME top5 curve: [98.8, 88.4, 88.03, 84.88, 82.84, 79.17]

2022-11-30 06:18:07,864 [trainer.py] => All params: 1474060
2022-11-30 06:18:07,864 [trainer.py] => Trainable params: 1474060
2022-11-30 06:18:07,864 [unlabel.py] => Learning on 60-70
2022-11-30 07:49:33,394 [base.py] => Reducing exemplars...(28 per classes)
2022-11-30 07:49:42,266 [base.py] => Constructing exemplars...(28 per classes)
2022-11-30 07:49:45,787 [base.py] => Reducing exemplars...(28 per classes)
2022-11-30 07:49:54,766 [base.py] => Constructing exemplars...(28 per classes)
2022-11-30 07:50:00,069 [unlabel.py] => Exemplar size: 1960
2022-11-30 07:50:00,070 [trainer.py] => CNN: {'total': 32.56, '00-09': 72.1, '10-19': 40.0, '20-29': 33.5, '30-39': 25.0, '40-49': 29.7, '50-59': 14.0, '60-69': 13.6, 'old': 35.72, 'new': 13.6}
2022-11-30 07:50:00,071 [trainer.py] => NME: {'total': 46.41, '00-09': 60.9, '10-19': 40.1, '20-29': 51.8, '30-39': 37.5, '40-49': 49.8, '50-59': 39.1, '60-69': 45.7, 'old': 46.53, 'new': 45.7}
2022-11-30 07:50:00,071 [trainer.py] => CNN top1 curve: [64.7, 41.2, 39.2, 34.42, 33.42, 32.78, 32.56]
2022-11-30 07:50:00,071 [trainer.py] => CNN top5 curve: [93.8, 65.8, 76.07, 69.85, 70.62, 67.9, 64.57]
2022-11-30 07:50:00,071 [trainer.py] => NME top1 curve: [75.7, 54.2, 57.2, 52.78, 52.0, 48.57, 46.41]
2022-11-30 07:50:00,071 [trainer.py] => NME top5 curve: [98.8, 88.4, 88.03, 84.88, 82.84, 79.17, 76.94]

2022-11-30 07:50:00,071 [trainer.py] => All params: 1475350
2022-11-30 07:50:00,071 [trainer.py] => Trainable params: 1475350
2022-11-30 07:50:00,072 [unlabel.py] => Learning on 70-80
2022-11-30 09:21:32,036 [base.py] => Reducing exemplars...(25 per classes)
2022-11-30 09:21:42,288 [base.py] => Constructing exemplars...(25 per classes)
2022-11-30 09:21:45,763 [base.py] => Reducing exemplars...(25 per classes)
2022-11-30 09:21:55,830 [base.py] => Constructing exemplars...(25 per classes)
2022-11-30 09:22:01,272 [unlabel.py] => Exemplar size: 2000
2022-11-30 09:22:01,272 [trainer.py] => CNN: {'total': 32.42, '00-09': 69.4, '10-19': 38.7, '20-29': 38.0, '30-39': 27.2, '40-49': 36.2, '50-59': 17.5, '60-69': 18.1, '70-79': 14.3, 'old': 35.01, 'new': 14.3}
2022-11-30 09:22:01,272 [trainer.py] => NME: {'total': 44.75, '00-09': 57.2, '10-19': 38.4, '20-29': 51.1, '30-39': 37.2, '40-49': 50.9, '50-59': 34.3, '60-69': 45.2, '70-79': 43.7, 'old': 44.9, 'new': 43.7}
2022-11-30 09:22:01,272 [trainer.py] => CNN top1 curve: [64.7, 41.2, 39.2, 34.42, 33.42, 32.78, 32.56, 32.42]
2022-11-30 09:22:01,272 [trainer.py] => CNN top5 curve: [93.8, 65.8, 76.07, 69.85, 70.62, 67.9, 64.57, 63.79]
2022-11-30 09:22:01,272 [trainer.py] => NME top1 curve: [75.7, 54.2, 57.2, 52.78, 52.0, 48.57, 46.41, 44.75]
2022-11-30 09:22:01,272 [trainer.py] => NME top5 curve: [98.8, 88.4, 88.03, 84.88, 82.84, 79.17, 76.94, 75.91]

2022-11-30 09:22:01,273 [trainer.py] => All params: 1476640
2022-11-30 09:22:01,273 [trainer.py] => Trainable params: 1476640
2022-11-30 09:22:01,273 [unlabel.py] => Learning on 80-90
2022-11-30 10:53:33,548 [base.py] => Reducing exemplars...(22 per classes)
2022-11-30 10:53:45,198 [base.py] => Constructing exemplars...(22 per classes)
2022-11-30 10:53:48,629 [base.py] => Reducing exemplars...(22 per classes)
2022-11-30 10:54:00,497 [base.py] => Constructing exemplars...(22 per classes)
2022-11-30 10:54:06,143 [unlabel.py] => Exemplar size: 1980
2022-11-30 10:54:06,143 [trainer.py] => CNN: {'total': 30.2, '00-09': 64.0, '10-19': 40.1, '20-29': 36.7, '30-39': 28.8, '40-49': 37.4, '50-59': 19.8, '60-69': 20.5, '70-79': 13.1, '80-89': 11.4, 'old': 32.55, 'new': 11.4}
2022-11-30 10:54:06,144 [trainer.py] => NME: {'total': 42.07, '00-09': 54.0, '10-19': 35.3, '20-29': 48.6, '30-39': 35.7, '40-49': 48.9, '50-59': 35.1, '60-69': 41.0, '70-79': 39.9, '80-89': 40.1, 'old': 42.31, 'new': 40.1}
2022-11-30 10:54:06,144 [trainer.py] => CNN top1 curve: [64.7, 41.2, 39.2, 34.42, 33.42, 32.78, 32.56, 32.42, 30.2]
2022-11-30 10:54:06,144 [trainer.py] => CNN top5 curve: [93.8, 65.8, 76.07, 69.85, 70.62, 67.9, 64.57, 63.79, 60.21]
2022-11-30 10:54:06,144 [trainer.py] => NME top1 curve: [75.7, 54.2, 57.2, 52.78, 52.0, 48.57, 46.41, 44.75, 42.07]
2022-11-30 10:54:06,144 [trainer.py] => NME top5 curve: [98.8, 88.4, 88.03, 84.88, 82.84, 79.17, 76.94, 75.91, 73.79]

2022-11-30 10:54:06,144 [trainer.py] => All params: 1477930
2022-11-30 10:54:06,144 [trainer.py] => Trainable params: 1477930
2022-11-30 10:54:06,145 [unlabel.py] => Learning on 90-100
2022-11-30 12:26:09,581 [base.py] => Reducing exemplars...(20 per classes)
2022-11-30 12:26:22,963 [base.py] => Constructing exemplars...(20 per classes)
2022-11-30 12:26:26,443 [base.py] => Reducing exemplars...(20 per classes)
2022-11-30 12:26:39,673 [base.py] => Constructing exemplars...(20 per classes)
2022-11-30 12:26:45,465 [unlabel.py] => Exemplar size: 2000
2022-11-30 12:26:45,465 [trainer.py] => CNN: {'total': 27.76, '00-09': 60.0, '10-19': 38.9, '20-29': 36.6, '30-39': 29.6, '40-49': 36.9, '50-59': 22.6, '60-69': 19.7, '70-79': 12.1, '80-89': 9.7, '90-99': 11.5, 'old': 29.57, 'new': 11.5}
2022-11-30 12:26:45,465 [trainer.py] => NME: {'total': 40.89, '00-09': 51.1, '10-19': 34.2, '20-29': 45.8, '30-39': 35.5, '40-49': 48.3, '50-59': 35.3, '60-69': 41.4, '70-79': 38.0, '80-89': 39.0, '90-99': 40.3, 'old': 40.96, 'new': 40.3}
2022-11-30 12:26:45,465 [trainer.py] => CNN top1 curve: [64.7, 41.2, 39.2, 34.42, 33.42, 32.78, 32.56, 32.42, 30.2, 27.76]
2022-11-30 12:26:45,465 [trainer.py] => CNN top5 curve: [93.8, 65.8, 76.07, 69.85, 70.62, 67.9, 64.57, 63.79, 60.21, 57.63]
2022-11-30 12:26:45,465 [trainer.py] => NME top1 curve: [75.7, 54.2, 57.2, 52.78, 52.0, 48.57, 46.41, 44.75, 42.07, 40.89]
2022-11-30 12:26:45,465 [trainer.py] => NME top5 curve: [98.8, 88.4, 88.03, 84.88, 82.84, 79.17, 76.94, 75.91, 73.79, 72.08]

