2022-07-22 11:59:18,088 [trainer.py] => config: ./exps/ssl.json
2022-07-22 11:59:18,088 [trainer.py] => prefix: reproduce
2022-07-22 11:59:18,088 [trainer.py] => dataset: cifar10
2022-07-22 11:59:18,088 [trainer.py] => memory_size: 2000
2022-07-22 11:59:18,088 [trainer.py] => memory_per_class: 20
2022-07-22 11:59:18,088 [trainer.py] => fixed_memory: False
2022-07-22 11:59:18,088 [trainer.py] => shuffle: True
2022-07-22 11:59:18,088 [trainer.py] => init_cls: 2
2022-07-22 11:59:18,088 [trainer.py] => increment: 2
2022-07-22 11:59:18,088 [trainer.py] => model_name: ssl
2022-07-22 11:59:18,088 [trainer.py] => convnet_type: resnet32
2022-07-22 11:59:18,088 [trainer.py] => device: [device(type='cuda', index=0)]
2022-07-22 11:59:18,088 [trainer.py] => seed: 1993
2022-07-22 11:59:19,061 [data_manager.py] => [4, 2, 7, 6, 0, 3, 5, 8, 9, 1]
2022-07-22 11:59:19,095 [trainer.py] => All params: 464154
2022-07-22 11:59:19,095 [trainer.py] => Trainable params: 464154
2022-07-22 11:59:19,095 [ssl.py] => Learning on 0-2
2022-07-22 12:03:55,852 [trainer.py] => config: ./exps/ssl.json
2022-07-22 12:03:55,852 [trainer.py] => prefix: reproduce
2022-07-22 12:03:55,852 [trainer.py] => dataset: cifar10
2022-07-22 12:03:55,852 [trainer.py] => memory_size: 2000
2022-07-22 12:03:55,852 [trainer.py] => memory_per_class: 20
2022-07-22 12:03:55,852 [trainer.py] => fixed_memory: False
2022-07-22 12:03:55,852 [trainer.py] => shuffle: True
2022-07-22 12:03:55,852 [trainer.py] => init_cls: 2
2022-07-22 12:03:55,852 [trainer.py] => increment: 2
2022-07-22 12:03:55,852 [trainer.py] => model_name: ssl
2022-07-22 12:03:55,852 [trainer.py] => convnet_type: resnet32
2022-07-22 12:03:55,852 [trainer.py] => device: [device(type='cuda', index=0)]
2022-07-22 12:03:55,852 [trainer.py] => seed: 1993
2022-07-22 12:03:56,806 [data_manager.py] => [4, 2, 7, 6, 0, 3, 5, 8, 9, 1]
2022-07-22 12:03:56,840 [trainer.py] => All params: 464154
2022-07-22 12:03:56,840 [trainer.py] => Trainable params: 464154
2022-07-22 12:03:56,840 [ssl.py] => Learning on 0-2
2022-07-22 12:06:02,386 [trainer.py] => config: ./exps/ssl.json
2022-07-22 12:06:02,386 [trainer.py] => prefix: reproduce
2022-07-22 12:06:02,386 [trainer.py] => dataset: cifar10
2022-07-22 12:06:02,386 [trainer.py] => memory_size: 2000
2022-07-22 12:06:02,386 [trainer.py] => memory_per_class: 20
2022-07-22 12:06:02,386 [trainer.py] => fixed_memory: False
2022-07-22 12:06:02,386 [trainer.py] => shuffle: True
2022-07-22 12:06:02,386 [trainer.py] => init_cls: 2
2022-07-22 12:06:02,386 [trainer.py] => increment: 2
2022-07-22 12:06:02,386 [trainer.py] => model_name: ssl
2022-07-22 12:06:02,386 [trainer.py] => convnet_type: resnet32
2022-07-22 12:06:02,386 [trainer.py] => device: [device(type='cuda', index=0)]
2022-07-22 12:06:02,386 [trainer.py] => seed: 1993
2022-07-22 12:06:03,383 [data_manager.py] => [4, 2, 7, 6, 0, 3, 5, 8, 9, 1]
2022-07-22 12:06:03,417 [trainer.py] => All params: 464154
2022-07-22 12:06:03,417 [trainer.py] => Trainable params: 464154
2022-07-22 12:06:03,417 [ssl.py] => Learning on 0-2
2022-07-22 12:11:30,124 [trainer.py] => config: ./exps/ssl.json
2022-07-22 12:11:30,124 [trainer.py] => prefix: reproduce
2022-07-22 12:11:30,125 [trainer.py] => dataset: cifar10
2022-07-22 12:11:30,125 [trainer.py] => memory_size: 2000
2022-07-22 12:11:30,125 [trainer.py] => memory_per_class: 20
2022-07-22 12:11:30,125 [trainer.py] => fixed_memory: False
2022-07-22 12:11:30,125 [trainer.py] => shuffle: True
2022-07-22 12:11:30,125 [trainer.py] => init_cls: 2
2022-07-22 12:11:30,125 [trainer.py] => increment: 2
2022-07-22 12:11:30,125 [trainer.py] => model_name: ssl
2022-07-22 12:11:30,125 [trainer.py] => convnet_type: resnet32
2022-07-22 12:11:30,125 [trainer.py] => device: [device(type='cuda', index=0)]
2022-07-22 12:11:30,125 [trainer.py] => seed: 1993
2022-07-22 12:11:31,109 [data_manager.py] => [4, 2, 7, 6, 0, 3, 5, 8, 9, 1]
2022-07-22 12:11:31,143 [trainer.py] => All params: 464154
2022-07-22 12:11:31,143 [trainer.py] => Trainable params: 464154
2022-07-22 12:11:31,143 [ssl.py] => Learning on 0-2
2022-07-26 20:30:31,804 [trainer.py] => config: ./exps/ssl.json
2022-07-26 20:30:31,804 [trainer.py] => prefix: reproduce
2022-07-26 20:30:31,804 [trainer.py] => dataset: cifar10
2022-07-26 20:30:31,804 [trainer.py] => memory_size: 2000
2022-07-26 20:30:31,804 [trainer.py] => memory_per_class: 20
2022-07-26 20:30:31,804 [trainer.py] => fixed_memory: False
2022-07-26 20:30:31,804 [trainer.py] => shuffle: True
2022-07-26 20:30:31,805 [trainer.py] => init_cls: 2
2022-07-26 20:30:31,805 [trainer.py] => increment: 2
2022-07-26 20:30:31,805 [trainer.py] => model_name: ssl
2022-07-26 20:30:31,805 [trainer.py] => convnet_type: resnet32
2022-07-26 20:30:31,805 [trainer.py] => device: [device(type='cuda', index=0)]
2022-07-26 20:30:31,805 [trainer.py] => seed: 1993
2022-07-26 20:30:32,872 [data_manager.py] => [4, 2, 7, 6, 0, 3, 5, 8, 9, 1]
2022-07-26 20:30:32,907 [trainer.py] => All params: 464154
2022-07-26 20:30:32,907 [trainer.py] => Trainable params: 464154
2022-07-26 20:30:32,907 [ssl.py] => Learning on 0-2
