2022-07-22 11:41:30,082 [trainer.py] => config: ./exps/ssl.json
2022-07-22 11:41:30,082 [trainer.py] => prefix: reproduce
2022-07-22 11:41:30,082 [trainer.py] => dataset: cifar10
2022-07-22 11:41:30,082 [trainer.py] => memory_size: 2000
2022-07-22 11:41:30,082 [trainer.py] => memory_per_class: 20
2022-07-22 11:41:30,082 [trainer.py] => fixed_memory: False
2022-07-22 11:41:30,082 [trainer.py] => shuffle: True
2022-07-22 11:41:30,082 [trainer.py] => init_cls: 10
2022-07-22 11:41:30,082 [trainer.py] => increment: 10
2022-07-22 11:41:30,083 [trainer.py] => model_name: ssl
2022-07-22 11:41:30,083 [trainer.py] => convnet_type: resnet32
2022-07-22 11:41:30,083 [trainer.py] => device: [device(type='cuda', index=0)]
2022-07-22 11:41:30,083 [trainer.py] => seed: 1993
2022-07-22 11:42:50,986 [data_manager.py] => [4, 2, 7, 6, 0, 3, 5, 8, 9, 1]
2022-07-22 11:42:51,020 [trainer.py] => All params: 464154
2022-07-22 11:42:51,020 [trainer.py] => Trainable params: 464154
2022-07-22 11:42:51,020 [ssl.py] => Learning on 0-10
2022-07-22 11:49:07,677 [trainer.py] => config: ./exps/ssl.json
2022-07-22 11:49:07,677 [trainer.py] => prefix: reproduce
2022-07-22 11:49:07,677 [trainer.py] => dataset: cifar10
2022-07-22 11:49:07,677 [trainer.py] => memory_size: 2000
2022-07-22 11:49:07,677 [trainer.py] => memory_per_class: 20
2022-07-22 11:49:07,677 [trainer.py] => fixed_memory: False
2022-07-22 11:49:07,677 [trainer.py] => shuffle: True
2022-07-22 11:49:07,677 [trainer.py] => init_cls: 10
2022-07-22 11:49:07,677 [trainer.py] => increment: 10
2022-07-22 11:49:07,677 [trainer.py] => model_name: ssl
2022-07-22 11:49:07,677 [trainer.py] => convnet_type: resnet32
2022-07-22 11:49:07,677 [trainer.py] => device: [device(type='cuda', index=0)]
2022-07-22 11:49:07,677 [trainer.py] => seed: 1993
2022-07-22 11:49:08,635 [data_manager.py] => [4, 2, 7, 6, 0, 3, 5, 8, 9, 1]
2022-07-22 11:49:08,669 [trainer.py] => All params: 464154
2022-07-22 11:49:08,670 [trainer.py] => Trainable params: 464154
2022-07-22 11:49:08,670 [ssl.py] => Learning on 0-10
2022-07-22 11:50:33,649 [trainer.py] => config: ./exps/ssl.json
2022-07-22 11:50:33,649 [trainer.py] => prefix: reproduce
2022-07-22 11:50:33,649 [trainer.py] => dataset: cifar10
2022-07-22 11:50:33,649 [trainer.py] => memory_size: 2000
2022-07-22 11:50:33,649 [trainer.py] => memory_per_class: 20
2022-07-22 11:50:33,649 [trainer.py] => fixed_memory: False
2022-07-22 11:50:33,649 [trainer.py] => shuffle: True
2022-07-22 11:50:33,649 [trainer.py] => init_cls: 10
2022-07-22 11:50:33,649 [trainer.py] => increment: 10
2022-07-22 11:50:33,649 [trainer.py] => model_name: ssl
2022-07-22 11:50:33,649 [trainer.py] => convnet_type: resnet32
2022-07-22 11:50:33,649 [trainer.py] => device: [device(type='cuda', index=0)]
2022-07-22 11:50:33,649 [trainer.py] => seed: 1993
2022-07-22 11:50:34,602 [data_manager.py] => [4, 2, 7, 6, 0, 3, 5, 8, 9, 1]
2022-07-22 11:50:34,641 [trainer.py] => All params: 464154
2022-07-22 11:50:34,641 [trainer.py] => Trainable params: 464154
2022-07-22 11:50:34,641 [ssl.py] => Learning on 0-10
2022-07-22 11:50:47,394 [trainer.py] => config: ./exps/ssl.json
2022-07-22 11:50:47,394 [trainer.py] => prefix: reproduce
2022-07-22 11:50:47,394 [trainer.py] => dataset: cifar10
2022-07-22 11:50:47,394 [trainer.py] => memory_size: 2000
2022-07-22 11:50:47,394 [trainer.py] => memory_per_class: 20
2022-07-22 11:50:47,394 [trainer.py] => fixed_memory: False
2022-07-22 11:50:47,394 [trainer.py] => shuffle: True
2022-07-22 11:50:47,394 [trainer.py] => init_cls: 10
2022-07-22 11:50:47,394 [trainer.py] => increment: 10
2022-07-22 11:50:47,394 [trainer.py] => model_name: ssl
2022-07-22 11:50:47,394 [trainer.py] => convnet_type: resnet32
2022-07-22 11:50:47,394 [trainer.py] => device: [device(type='cuda', index=0)]
2022-07-22 11:50:47,394 [trainer.py] => seed: 1993
2022-07-22 11:50:48,349 [data_manager.py] => [4, 2, 7, 6, 0, 3, 5, 8, 9, 1]
2022-07-22 11:50:48,383 [trainer.py] => All params: 464154
2022-07-22 11:50:48,383 [trainer.py] => Trainable params: 464154
2022-07-22 11:50:48,383 [ssl.py] => Learning on 0-10
