2022-07-04 16:24:41,746 [trainer.py] => config: ./exps/replay.json
2022-07-04 16:24:41,746 [trainer.py] => prefix: reproduce
2022-07-04 16:24:41,746 [trainer.py] => dataset: cifar100
2022-07-04 16:24:41,746 [trainer.py] => memory_size: 2000
2022-07-04 16:24:41,746 [trainer.py] => memory_per_class: 20
2022-07-04 16:24:41,746 [trainer.py] => fixed_memory: False
2022-07-04 16:24:41,746 [trainer.py] => shuffle: True
2022-07-04 16:24:41,746 [trainer.py] => init_cls: 10
2022-07-04 16:24:41,746 [trainer.py] => increment: 10
2022-07-04 16:24:41,746 [trainer.py] => model_name: replay
2022-07-04 16:24:41,746 [trainer.py] => convnet_type: resnet32
2022-07-04 16:24:41,746 [trainer.py] => device: [device(type='cuda', index=0)]
2022-07-04 16:24:41,746 [trainer.py] => seed: 1993
2022-07-04 16:24:42,748 [data_manager.py] => [68, 56, 78, 8, 23, 84, 90, 65, 74, 76, 40, 89, 3, 92, 55, 9, 26, 80, 43, 38, 58, 70, 77, 1, 85, 19, 17, 50, 28, 53, 13, 81, 45, 82, 6, 59, 83, 16, 15, 44, 91, 41, 72, 60, 79, 52, 20, 10, 31, 54, 37, 95, 14, 71, 96, 98, 97, 2, 64, 66, 42, 22, 35, 86, 24, 34, 87, 21, 99, 0, 88, 27, 18, 94, 11, 12, 47, 25, 30, 46, 62, 69, 36, 61, 7, 63, 75, 5, 32, 4, 51, 48, 73, 93, 39, 67, 29, 49, 57, 33]
2022-07-04 16:24:42,982 [trainer.py] => All params: 464154
2022-07-04 16:24:42,982 [trainer.py] => Trainable params: 464154
2022-07-04 16:24:42,982 [replay.py] => Learning on 0-10
2022-07-04 16:29:31,665 [replay.py] => Task 0, Epoch 200/200 => Loss 0.023, Train_accy 99.70, Test_accy 89.50
2022-07-04 16:29:31,665 [base.py] => Reducing exemplars...(200 per classes)
2022-07-04 16:29:31,665 [base.py] => Constructing exemplars...(200 per classes)
2022-07-04 16:29:34,660 [replay.py] => Exemplar size: 2000
2022-07-04 16:29:34,661 [trainer.py] => CNN: {'total': 89.5, '00-09': 89.5, 'old': 0, 'new': 89.5}
2022-07-04 16:29:34,661 [trainer.py] => NME: {'total': 90.3, '00-09': 90.3, 'old': 0, 'new': 90.3}
2022-07-04 16:29:34,661 [trainer.py] => CNN top1 curve: [89.5]
2022-07-04 16:29:34,661 [trainer.py] => CNN top5 curve: [99.5]
2022-07-04 16:29:34,661 [trainer.py] => NME top1 curve: [90.3]
2022-07-04 16:29:34,661 [trainer.py] => NME top5 curve: [99.6]

2022-07-04 16:29:34,661 [trainer.py] => All params: 464804
2022-07-04 16:29:34,661 [trainer.py] => Trainable params: 464804
2022-07-04 16:29:34,662 [replay.py] => Learning on 10-20
2022-07-04 16:31:41,183 [replay.py] => Task 1, Epoch 70/70 => Loss 0.058, Train_accy 98.73
2022-07-04 16:31:41,183 [base.py] => Reducing exemplars...(100 per classes)
2022-07-04 16:31:42,156 [base.py] => Constructing exemplars...(100 per classes)
2022-07-04 16:31:45,066 [replay.py] => Exemplar size: 2000
2022-07-04 16:31:45,067 [trainer.py] => CNN: {'total': 76.0, '00-09': 73.0, '10-19': 79.0, 'old': 73.0, 'new': 79.0}
2022-07-04 16:31:45,067 [trainer.py] => NME: {'total': 75.65, '00-09': 76.8, '10-19': 74.5, 'old': 76.8, 'new': 74.5}
2022-07-04 16:31:45,067 [trainer.py] => CNN top1 curve: [89.5, 76.0]
2022-07-04 16:31:45,067 [trainer.py] => CNN top5 curve: [99.5, 95.7]
2022-07-04 16:31:45,067 [trainer.py] => NME top1 curve: [90.3, 75.65]
2022-07-04 16:31:45,067 [trainer.py] => NME top5 curve: [99.6, 96.0]

2022-07-04 16:31:45,067 [trainer.py] => All params: 465454
2022-07-04 16:31:45,067 [trainer.py] => Trainable params: 465454
2022-07-04 16:31:45,068 [replay.py] => Learning on 20-30
2022-07-04 16:33:51,086 [replay.py] => Task 2, Epoch 70/70 => Loss 0.028, Train_accy 99.53
2022-07-04 16:33:51,086 [base.py] => Reducing exemplars...(66 per classes)
2022-07-04 16:33:53,075 [base.py] => Constructing exemplars...(66 per classes)
2022-07-04 16:33:55,976 [replay.py] => Exemplar size: 1980
2022-07-04 16:33:55,976 [trainer.py] => CNN: {'total': 70.3, '00-09': 66.4, '10-19': 57.1, '20-29': 87.4, 'old': 61.75, 'new': 87.4}
2022-07-04 16:33:55,976 [trainer.py] => NME: {'total': 72.3, '00-09': 70.4, '10-19': 64.3, '20-29': 82.2, 'old': 67.35, 'new': 82.2}
2022-07-04 16:33:55,976 [trainer.py] => CNN top1 curve: [89.5, 76.0, 70.3]
2022-07-04 16:33:55,976 [trainer.py] => CNN top5 curve: [99.5, 95.7, 92.97]
2022-07-04 16:33:55,976 [trainer.py] => NME top1 curve: [90.3, 75.65, 72.3]
2022-07-04 16:33:55,976 [trainer.py] => NME top5 curve: [99.6, 96.0, 93.83]

2022-07-04 16:33:55,976 [trainer.py] => All params: 466104
2022-07-04 16:33:55,977 [trainer.py] => Trainable params: 466104
2022-07-04 16:33:55,977 [replay.py] => Learning on 30-40
2022-07-04 16:36:00,949 [replay.py] => Task 3, Epoch 70/70 => Loss 0.029, Train_accy 99.67
2022-07-04 16:36:00,949 [base.py] => Reducing exemplars...(50 per classes)
2022-07-04 16:36:03,816 [base.py] => Constructing exemplars...(50 per classes)
2022-07-04 16:36:06,818 [replay.py] => Exemplar size: 2000
2022-07-04 16:36:06,818 [trainer.py] => CNN: {'total': 61.98, '00-09': 56.8, '10-19': 48.7, '20-29': 58.8, '30-39': 83.6, 'old': 54.77, 'new': 83.6}
2022-07-04 16:36:06,818 [trainer.py] => NME: {'total': 65.42, '00-09': 61.9, '10-19': 55.7, '20-29': 69.1, '30-39': 75.0, 'old': 62.23, 'new': 75.0}
2022-07-04 16:36:06,818 [trainer.py] => CNN top1 curve: [89.5, 76.0, 70.3, 61.98]
2022-07-04 16:36:06,818 [trainer.py] => CNN top5 curve: [99.5, 95.7, 92.97, 89.05]
2022-07-04 16:36:06,818 [trainer.py] => NME top1 curve: [90.3, 75.65, 72.3, 65.42]
2022-07-04 16:36:06,818 [trainer.py] => NME top5 curve: [99.6, 96.0, 93.83, 90.38]

2022-07-04 16:36:06,819 [trainer.py] => All params: 466754
2022-07-04 16:36:06,819 [trainer.py] => Trainable params: 466754
2022-07-04 16:36:06,819 [replay.py] => Learning on 40-50
2022-07-04 16:38:13,794 [replay.py] => Task 4, Epoch 70/70 => Loss 0.021, Train_accy 99.74
2022-07-04 16:38:13,794 [base.py] => Reducing exemplars...(40 per classes)
2022-07-04 16:38:17,661 [base.py] => Constructing exemplars...(40 per classes)
2022-07-04 16:38:20,754 [replay.py] => Exemplar size: 2000
2022-07-04 16:38:20,754 [trainer.py] => CNN: {'total': 56.46, '00-09': 52.2, '10-19': 40.5, '20-29': 52.4, '30-39': 48.2, '40-49': 89.0, 'old': 48.32, 'new': 89.0}
2022-07-04 16:38:20,754 [trainer.py] => NME: {'total': 61.44, '00-09': 59.9, '10-19': 47.1, '20-29': 62.3, '30-39': 57.7, '40-49': 80.2, 'old': 56.75, 'new': 80.2}
2022-07-04 16:38:20,754 [trainer.py] => CNN top1 curve: [89.5, 76.0, 70.3, 61.98, 56.46]
2022-07-04 16:38:20,754 [trainer.py] => CNN top5 curve: [99.5, 95.7, 92.97, 89.05, 85.04]
2022-07-04 16:38:20,754 [trainer.py] => NME top1 curve: [90.3, 75.65, 72.3, 65.42, 61.44]
2022-07-04 16:38:20,754 [trainer.py] => NME top5 curve: [99.6, 96.0, 93.83, 90.38, 87.4]

2022-07-04 16:38:20,755 [trainer.py] => All params: 467404
2022-07-04 16:38:20,755 [trainer.py] => Trainable params: 467404
2022-07-04 16:38:20,755 [replay.py] => Learning on 50-60
2022-07-04 16:40:27,537 [replay.py] => Task 5, Epoch 70/70 => Loss 0.026, Train_accy 99.67
2022-07-04 16:40:27,537 [base.py] => Reducing exemplars...(33 per classes)
2022-07-04 16:40:32,174 [base.py] => Constructing exemplars...(33 per classes)
2022-07-04 16:40:35,305 [replay.py] => Exemplar size: 1980
2022-07-04 16:40:35,305 [trainer.py] => CNN: {'total': 52.23, '00-09': 46.9, '10-19': 36.8, '20-29': 47.1, '30-39': 42.9, '40-49': 54.2, '50-59': 85.5, 'old': 45.58, 'new': 85.5}
2022-07-04 16:40:35,305 [trainer.py] => NME: {'total': 57.0, '00-09': 54.1, '10-19': 45.0, '20-29': 55.6, '30-39': 49.9, '40-49': 63.4, '50-59': 74.0, 'old': 53.6, 'new': 74.0}
2022-07-04 16:40:35,305 [trainer.py] => CNN top1 curve: [89.5, 76.0, 70.3, 61.98, 56.46, 52.23]
2022-07-04 16:40:35,305 [trainer.py] => CNN top5 curve: [99.5, 95.7, 92.97, 89.05, 85.04, 81.5]
2022-07-04 16:40:35,305 [trainer.py] => NME top1 curve: [90.3, 75.65, 72.3, 65.42, 61.44, 57.0]
2022-07-04 16:40:35,305 [trainer.py] => NME top5 curve: [99.6, 96.0, 93.83, 90.38, 87.4, 84.5]

2022-07-04 16:40:35,306 [trainer.py] => All params: 468054
2022-07-04 16:40:35,306 [trainer.py] => Trainable params: 468054
2022-07-04 16:40:35,306 [replay.py] => Learning on 60-70
2022-07-04 16:42:44,298 [replay.py] => Task 6, Epoch 70/70 => Loss 0.020, Train_accy 99.84
2022-07-04 16:42:44,298 [base.py] => Reducing exemplars...(28 per classes)
2022-07-04 16:42:49,829 [base.py] => Constructing exemplars...(28 per classes)
2022-07-04 16:42:53,167 [replay.py] => Exemplar size: 1960
2022-07-04 16:42:53,167 [trainer.py] => CNN: {'total': 49.04, '00-09': 49.7, '10-19': 31.5, '20-29': 48.0, '30-39': 34.9, '40-49': 49.6, '50-59': 41.9, '60-69': 87.7, 'old': 42.6, 'new': 87.7}
2022-07-04 16:42:53,167 [trainer.py] => NME: {'total': 53.94, '00-09': 54.2, '10-19': 40.2, '20-29': 54.7, '30-39': 43.8, '40-49': 57.4, '50-59': 50.3, '60-69': 77.0, 'old': 50.1, 'new': 77.0}
2022-07-04 16:42:53,167 [trainer.py] => CNN top1 curve: [89.5, 76.0, 70.3, 61.98, 56.46, 52.23, 49.04]
2022-07-04 16:42:53,167 [trainer.py] => CNN top5 curve: [99.5, 95.7, 92.97, 89.05, 85.04, 81.5, 79.07]
2022-07-04 16:42:53,167 [trainer.py] => NME top1 curve: [90.3, 75.65, 72.3, 65.42, 61.44, 57.0, 53.94]
2022-07-04 16:42:53,167 [trainer.py] => NME top5 curve: [99.6, 96.0, 93.83, 90.38, 87.4, 84.5, 81.67]

2022-07-04 16:42:53,167 [trainer.py] => All params: 468704
2022-07-04 16:42:53,167 [trainer.py] => Trainable params: 468704
2022-07-04 16:42:53,168 [replay.py] => Learning on 70-80
2022-07-04 16:45:03,762 [replay.py] => Task 7, Epoch 70/70 => Loss 0.028, Train_accy 99.71
2022-07-04 16:45:03,762 [base.py] => Reducing exemplars...(25 per classes)
2022-07-04 16:45:10,309 [base.py] => Constructing exemplars...(25 per classes)
2022-07-04 16:45:13,699 [replay.py] => Exemplar size: 2000
2022-07-04 16:45:13,699 [trainer.py] => CNN: {'total': 43.46, '00-09': 42.5, '10-19': 31.3, '20-29': 47.1, '30-39': 30.0, '40-49': 42.4, '50-59': 27.0, '60-69': 43.8, '70-79': 83.6, 'old': 37.73, 'new': 83.6}
2022-07-04 16:45:13,699 [trainer.py] => NME: {'total': 49.86, '00-09': 48.4, '10-19': 37.2, '20-29': 54.9, '30-39': 41.3, '40-49': 50.9, '50-59': 39.8, '60-69': 54.3, '70-79': 72.1, 'old': 46.69, 'new': 72.1}
2022-07-04 16:45:13,699 [trainer.py] => CNN top1 curve: [89.5, 76.0, 70.3, 61.98, 56.46, 52.23, 49.04, 43.46]
2022-07-04 16:45:13,699 [trainer.py] => CNN top5 curve: [99.5, 95.7, 92.97, 89.05, 85.04, 81.5, 79.07, 76.72]
2022-07-04 16:45:13,699 [trainer.py] => NME top1 curve: [90.3, 75.65, 72.3, 65.42, 61.44, 57.0, 53.94, 49.86]
2022-07-04 16:45:13,699 [trainer.py] => NME top5 curve: [99.6, 96.0, 93.83, 90.38, 87.4, 84.5, 81.67, 79.76]

2022-07-04 16:45:13,700 [trainer.py] => All params: 469354
2022-07-04 16:45:13,700 [trainer.py] => Trainable params: 469354
2022-07-04 16:45:13,701 [replay.py] => Learning on 80-90
2022-07-04 16:47:26,869 [replay.py] => Task 8, Epoch 70/70 => Loss 0.021, Train_accy 99.79
2022-07-04 16:47:26,869 [base.py] => Reducing exemplars...(22 per classes)
2022-07-04 16:47:34,483 [base.py] => Constructing exemplars...(22 per classes)
2022-07-04 16:47:38,051 [replay.py] => Exemplar size: 1980
2022-07-04 16:47:38,051 [trainer.py] => CNN: {'total': 41.56, '00-09': 41.8, '10-19': 24.9, '20-29': 39.8, '30-39': 29.4, '40-49': 40.6, '50-59': 33.1, '60-69': 37.0, '70-79': 40.5, '80-89': 86.9, 'old': 35.89, 'new': 86.9}
2022-07-04 16:47:38,051 [trainer.py] => NME: {'total': 47.37, '00-09': 46.5, '10-19': 31.3, '20-29': 50.2, '30-39': 38.3, '40-49': 49.1, '50-59': 40.1, '60-69': 48.9, '70-79': 49.7, '80-89': 72.2, 'old': 44.26, 'new': 72.2}
2022-07-04 16:47:38,051 [trainer.py] => CNN top1 curve: [89.5, 76.0, 70.3, 61.98, 56.46, 52.23, 49.04, 43.46, 41.56]
2022-07-04 16:47:38,051 [trainer.py] => CNN top5 curve: [99.5, 95.7, 92.97, 89.05, 85.04, 81.5, 79.07, 76.72, 74.01]
2022-07-04 16:47:38,051 [trainer.py] => NME top1 curve: [90.3, 75.65, 72.3, 65.42, 61.44, 57.0, 53.94, 49.86, 47.37]
2022-07-04 16:47:38,051 [trainer.py] => NME top5 curve: [99.6, 96.0, 93.83, 90.38, 87.4, 84.5, 81.67, 79.76, 77.83]

2022-07-04 16:47:38,051 [trainer.py] => All params: 470004
2022-07-04 16:47:38,051 [trainer.py] => Trainable params: 470004
2022-07-04 16:47:38,052 [replay.py] => Learning on 90-100
2022-07-04 16:49:51,455 [replay.py] => Task 9, Epoch 70/70 => Loss 0.027, Train_accy 99.64
2022-07-04 16:49:51,455 [base.py] => Reducing exemplars...(20 per classes)
2022-07-04 16:49:59,818 [base.py] => Constructing exemplars...(20 per classes)
2022-07-04 16:50:03,390 [replay.py] => Exemplar size: 2000
2022-07-04 16:50:03,390 [trainer.py] => CNN: {'total': 39.79, '00-09': 35.9, '10-19': 25.3, '20-29': 37.4, '30-39': 29.8, '40-49': 40.2, '50-59': 28.5, '60-69': 40.7, '70-79': 37.4, '80-89': 40.1, '90-99': 82.6, 'old': 35.03, 'new': 82.6}
2022-07-04 16:50:03,390 [trainer.py] => NME: {'total': 45.66, '00-09': 44.4, '10-19': 31.8, '20-29': 48.4, '30-39': 38.3, '40-49': 48.9, '50-59': 34.2, '60-69': 47.7, '70-79': 45.5, '80-89': 48.4, '90-99': 69.0, 'old': 43.07, 'new': 69.0}
2022-07-04 16:50:03,390 [trainer.py] => CNN top1 curve: [89.5, 76.0, 70.3, 61.98, 56.46, 52.23, 49.04, 43.46, 41.56, 39.79]
2022-07-04 16:50:03,390 [trainer.py] => CNN top5 curve: [99.5, 95.7, 92.97, 89.05, 85.04, 81.5, 79.07, 76.72, 74.01, 71.86]
2022-07-04 16:50:03,390 [trainer.py] => NME top1 curve: [90.3, 75.65, 72.3, 65.42, 61.44, 57.0, 53.94, 49.86, 47.37, 45.66]
2022-07-04 16:50:03,390 [trainer.py] => NME top5 curve: [99.6, 96.0, 93.83, 90.38, 87.4, 84.5, 81.67, 79.76, 77.83, 76.08]


2022-08-11 21:50:35,604 [trainer.py] => All params: 1467610
2022-08-11 21:50:35,604 [trainer.py] => Trainable params: 1467610
2022-08-11 21:50:35,605 [replay.py] => Learning on 10-20
2022-08-11 21:52:07,331 [trainer.py] => config: ./exps/replay.json
2022-08-11 21:52:07,331 [trainer.py] => lr: 0.03
2022-08-11 21:52:07,331 [trainer.py] => warmup: 0
2022-08-11 21:52:07,332 [trainer.py] => wdecay: 0.0005
2022-08-11 21:52:07,332 [trainer.py] => nesterov: True
2022-08-11 21:52:07,332 [trainer.py] => ema_decay: 0.999
2022-08-11 21:52:07,332 [trainer.py] => gpu_id: 0
2022-08-11 21:52:07,332 [trainer.py] => prefix: reproduce
2022-08-11 21:52:07,332 [trainer.py] => dataset: cifar100
2022-08-11 21:52:07,332 [trainer.py] => memory_size: 2000
2022-08-11 21:52:07,332 [trainer.py] => memory_per_class: 20
2022-08-11 21:52:07,332 [trainer.py] => fixed_memory: False
2022-08-11 21:52:07,332 [trainer.py] => shuffle: True
2022-08-11 21:52:07,332 [trainer.py] => init_cls: 10
2022-08-11 21:52:07,332 [trainer.py] => increment: 10
2022-08-11 21:52:07,332 [trainer.py] => model_name: replay
2022-08-11 21:52:07,332 [trainer.py] => convnet_type: resnet32
2022-08-11 21:52:07,332 [trainer.py] => device: [device(type='cuda', index=0)]
2022-08-11 21:52:07,332 [trainer.py] => seed: 1993
2022-08-11 21:52:08,379 [data_manager.py] => [68, 56, 78, 8, 23, 84, 90, 65, 74, 76, 40, 89, 3, 92, 55, 9, 26, 80, 43, 38, 58, 70, 77, 1, 85, 19, 17, 50, 28, 53, 13, 81, 45, 82, 6, 59, 83, 16, 15, 44, 91, 41, 72, 60, 79, 52, 20, 10, 31, 54, 37, 95, 14, 71, 96, 98, 97, 2, 64, 66, 42, 22, 35, 86, 24, 34, 87, 21, 99, 0, 88, 27, 18, 94, 11, 12, 47, 25, 30, 46, 62, 69, 36, 61, 7, 63, 75, 5, 32, 4, 51, 48, 73, 93, 39, 67, 29, 49, 57, 33]
2022-08-11 21:52:08,549 [wideresnet.py] => Model: WideResNet 28x2
2022-08-11 21:52:09,241 [trainer.py] => All params: 1466320
2022-08-11 21:52:09,241 [trainer.py] => Trainable params: 1466320
2022-08-11 21:52:09,241 [replay.py] => Learning on 0-10
2022-08-11 21:54:09,204 [trainer.py] => config: ./exps/replay.json
2022-08-11 21:54:09,204 [trainer.py] => lr: 0.03
2022-08-11 21:54:09,204 [trainer.py] => warmup: 0
2022-08-11 21:54:09,204 [trainer.py] => wdecay: 0.0005
2022-08-11 21:54:09,204 [trainer.py] => nesterov: True
2022-08-11 21:54:09,204 [trainer.py] => ema_decay: 0.999
2022-08-11 21:54:09,204 [trainer.py] => gpu_id: 0
2022-08-11 21:54:09,204 [trainer.py] => prefix: reproduce
2022-08-11 21:54:09,204 [trainer.py] => dataset: cifar100
2022-08-11 21:54:09,204 [trainer.py] => memory_size: 2000
2022-08-11 21:54:09,204 [trainer.py] => memory_per_class: 20
2022-08-11 21:54:09,204 [trainer.py] => fixed_memory: False
2022-08-11 21:54:09,204 [trainer.py] => shuffle: True
2022-08-11 21:54:09,204 [trainer.py] => init_cls: 10
2022-08-11 21:54:09,204 [trainer.py] => increment: 10
2022-08-11 21:54:09,204 [trainer.py] => model_name: replay
2022-08-11 21:54:09,204 [trainer.py] => convnet_type: resnet32
2022-08-11 21:54:09,204 [trainer.py] => device: [device(type='cuda', index=0)]
2022-08-11 21:54:09,204 [trainer.py] => seed: 1993
2022-08-11 21:54:10,261 [data_manager.py] => [68, 56, 78, 8, 23, 84, 90, 65, 74, 76, 40, 89, 3, 92, 55, 9, 26, 80, 43, 38, 58, 70, 77, 1, 85, 19, 17, 50, 28, 53, 13, 81, 45, 82, 6, 59, 83, 16, 15, 44, 91, 41, 72, 60, 79, 52, 20, 10, 31, 54, 37, 95, 14, 71, 96, 98, 97, 2, 64, 66, 42, 22, 35, 86, 24, 34, 87, 21, 99, 0, 88, 27, 18, 94, 11, 12, 47, 25, 30, 46, 62, 69, 36, 61, 7, 63, 75, 5, 32, 4, 51, 48, 73, 93, 39, 67, 29, 49, 57, 33]
2022-08-11 21:54:10,431 [wideresnet.py] => Model: WideResNet 28x2
2022-08-11 21:54:11,116 [trainer.py] => All params: 1466320
2022-08-11 21:54:11,116 [trainer.py] => Trainable params: 1466320
2022-08-11 21:54:11,116 [replay.py] => Learning on 0-10
2022-08-11 23:13:47,781 [base.py] => Reducing exemplars...(200 per classes)
2022-08-11 23:13:47,781 [base.py] => Constructing exemplars...(200 per classes)
2022-08-11 23:13:51,751 [replay.py] => Exemplar size: 2000
2022-08-11 23:13:51,751 [trainer.py] => CNN: {'total': 89.3, '00-09': 89.3, 'old': 0, 'new': 89.3}
2022-08-11 23:13:51,751 [trainer.py] => NME: {'total': 90.2, '00-09': 90.2, 'old': 0, 'new': 90.2}
2022-08-11 23:13:51,751 [trainer.py] => CNN top1 curve: [89.3]
2022-08-11 23:13:51,751 [trainer.py] => CNN top5 curve: [99.6]
2022-08-11 23:13:51,751 [trainer.py] => NME top1 curve: [90.2]
2022-08-11 23:13:51,751 [trainer.py] => NME top5 curve: [99.5]

2022-08-11 23:13:51,751 [trainer.py] => All params: 1467610
2022-08-11 23:13:51,752 [trainer.py] => Trainable params: 1467610
2022-08-11 23:13:51,752 [replay.py] => Learning on 10-20
2022-08-11 23:57:10,961 [base.py] => Reducing exemplars...(100 per classes)
2022-08-11 23:57:12,259 [base.py] => Constructing exemplars...(100 per classes)
2022-08-11 23:57:16,305 [replay.py] => Exemplar size: 2000
2022-08-11 23:57:16,305 [trainer.py] => CNN: {'total': 56.1, '00-09': 57.1, '10-19': 55.1, 'old': 57.1, 'new': 55.1}
2022-08-11 23:57:16,305 [trainer.py] => NME: {'total': 63.45, '00-09': 61.4, '10-19': 65.5, 'old': 61.4, 'new': 65.5}
2022-08-11 23:57:16,305 [trainer.py] => CNN top1 curve: [89.3, 56.1]
2022-08-11 23:57:16,305 [trainer.py] => CNN top5 curve: [99.6, 85.3]
2022-08-11 23:57:16,305 [trainer.py] => NME top1 curve: [90.2, 63.45]
2022-08-11 23:57:16,305 [trainer.py] => NME top5 curve: [99.5, 90.0]

2022-08-11 23:57:16,305 [trainer.py] => All params: 1468900
2022-08-11 23:57:16,306 [trainer.py] => Trainable params: 1468900
2022-08-11 23:57:16,306 [replay.py] => Learning on 20-30
2022-08-12 00:39:22,232 [base.py] => Reducing exemplars...(66 per classes)
2022-08-12 00:39:24,864 [base.py] => Constructing exemplars...(66 per classes)
2022-08-12 00:39:29,180 [replay.py] => Exemplar size: 1980
2022-08-12 00:39:29,180 [trainer.py] => CNN: {'total': 62.23, '00-09': 66.0, '10-19': 42.8, '20-29': 77.9, 'old': 54.4, 'new': 77.9}
2022-08-12 00:39:29,180 [trainer.py] => NME: {'total': 63.33, '00-09': 65.2, '10-19': 49.4, '20-29': 75.4, 'old': 57.3, 'new': 75.4}
2022-08-12 00:39:29,180 [trainer.py] => CNN top1 curve: [89.3, 56.1, 62.23]
2022-08-12 00:39:29,180 [trainer.py] => CNN top5 curve: [99.6, 85.3, 88.8]
2022-08-12 00:39:29,180 [trainer.py] => NME top1 curve: [90.2, 63.45, 63.33]
2022-08-12 00:39:29,180 [trainer.py] => NME top5 curve: [99.5, 90.0, 90.2]


2022-08-12 20:03:43,072 [trainer.py] => All params: 1467610
2022-08-12 20:03:43,072 [trainer.py] => Trainable params: 1467610
2022-08-12 20:03:43,072 [replay.py] => Learning on 10-20
2022-08-12 20:05:15,490 [trainer.py] => config: ./exps/replay.json
2022-08-12 20:05:15,490 [trainer.py] => lr: 0.03
2022-08-12 20:05:15,490 [trainer.py] => warmup: 0
2022-08-12 20:05:15,490 [trainer.py] => wdecay: 0.0005
2022-08-12 20:05:15,490 [trainer.py] => nesterov: True
2022-08-12 20:05:15,490 [trainer.py] => ema_decay: 0.999
2022-08-12 20:05:15,490 [trainer.py] => gpu_id: 0
2022-08-12 20:05:15,490 [trainer.py] => prefix: reproduce
2022-08-12 20:05:15,490 [trainer.py] => dataset: cifar100
2022-08-12 20:05:15,490 [trainer.py] => memory_size: 2000
2022-08-12 20:05:15,490 [trainer.py] => memory_per_class: 20
2022-08-12 20:05:15,490 [trainer.py] => fixed_memory: False
2022-08-12 20:05:15,490 [trainer.py] => shuffle: True
2022-08-12 20:05:15,490 [trainer.py] => init_cls: 10
2022-08-12 20:05:15,490 [trainer.py] => increment: 10
2022-08-12 20:05:15,490 [trainer.py] => model_name: replay
2022-08-12 20:05:15,490 [trainer.py] => convnet_type: resnet32
2022-08-12 20:05:15,490 [trainer.py] => device: [device(type='cuda', index=0)]
2022-08-12 20:05:15,490 [trainer.py] => seed: 1993
2022-08-12 20:05:16,553 [data_manager.py] => [68, 56, 78, 8, 23, 84, 90, 65, 74, 76, 40, 89, 3, 92, 55, 9, 26, 80, 43, 38, 58, 70, 77, 1, 85, 19, 17, 50, 28, 53, 13, 81, 45, 82, 6, 59, 83, 16, 15, 44, 91, 41, 72, 60, 79, 52, 20, 10, 31, 54, 37, 95, 14, 71, 96, 98, 97, 2, 64, 66, 42, 22, 35, 86, 24, 34, 87, 21, 99, 0, 88, 27, 18, 94, 11, 12, 47, 25, 30, 46, 62, 69, 36, 61, 7, 63, 75, 5, 32, 4, 51, 48, 73, 93, 39, 67, 29, 49, 57, 33]
2022-08-12 20:05:16,723 [wideresnet.py] => Model: WideResNet 28x2
2022-08-12 20:05:17,410 [trainer.py] => All params: 1466320
2022-08-12 20:05:17,411 [trainer.py] => Trainable params: 1466320
2022-08-12 20:05:17,411 [replay.py] => Learning on 0-10
2022-08-12 21:26:29,245 [base.py] => Reducing exemplars...(200 per classes)
2022-08-12 21:26:29,245 [base.py] => Constructing exemplars...(200 per classes)
2022-08-12 21:26:33,590 [replay.py] => Exemplar size: 2000
2022-08-12 21:26:33,591 [trainer.py] => CNN: {'total': 90.2, '00-09': 90.2, 'old': 0, 'new': 90.2}
2022-08-12 21:26:33,591 [trainer.py] => NME: {'total': 91.1, '00-09': 91.1, 'old': 0, 'new': 91.1}
2022-08-12 21:26:33,591 [trainer.py] => CNN top1 curve: [90.2]
2022-08-12 21:26:33,591 [trainer.py] => CNN top5 curve: [100.0]
2022-08-12 21:26:33,591 [trainer.py] => NME top1 curve: [91.1]
2022-08-12 21:26:33,591 [trainer.py] => NME top5 curve: [99.8]

2022-08-12 21:26:33,591 [trainer.py] => All params: 1467610
2022-08-12 21:26:33,591 [trainer.py] => Trainable params: 1467610
2022-08-12 21:26:33,592 [replay.py] => Learning on 10-20
2022-08-12 22:09:42,412 [base.py] => Reducing exemplars...(100 per classes)
2022-08-12 22:09:43,821 [base.py] => Constructing exemplars...(100 per classes)
2022-08-12 22:09:48,167 [replay.py] => Exemplar size: 2000
2022-08-12 22:09:48,167 [trainer.py] => CNN: {'total': 72.65, '00-09': 79.1, '10-19': 66.2, 'old': 79.1, 'new': 66.2}
2022-08-12 22:09:48,167 [trainer.py] => NME: {'total': 74.3, '00-09': 77.4, '10-19': 71.2, 'old': 77.4, 'new': 71.2}
2022-08-12 22:09:48,167 [trainer.py] => CNN top1 curve: [90.2, 72.65]
2022-08-12 22:09:48,167 [trainer.py] => CNN top5 curve: [100.0, 93.1]
2022-08-12 22:09:48,167 [trainer.py] => NME top1 curve: [91.1, 74.3]
2022-08-12 22:09:48,167 [trainer.py] => NME top5 curve: [99.8, 94.25]

2022-08-12 22:09:48,168 [trainer.py] => All params: 1468900
2022-08-12 22:09:48,168 [trainer.py] => Trainable params: 1468900
2022-08-12 22:09:48,168 [replay.py] => Learning on 20-30
2022-08-12 22:53:31,510 [base.py] => Reducing exemplars...(66 per classes)
2022-08-12 22:53:34,346 [base.py] => Constructing exemplars...(66 per classes)
2022-08-12 22:53:38,898 [replay.py] => Exemplar size: 1980
2022-08-12 22:53:38,898 [trainer.py] => CNN: {'total': 70.87, '00-09': 68.9, '10-19': 58.3, '20-29': 85.4, 'old': 63.6, 'new': 85.4}
2022-08-12 22:53:38,898 [trainer.py] => NME: {'total': 72.93, '00-09': 72.7, '10-19': 61.9, '20-29': 84.2, 'old': 67.3, 'new': 84.2}
2022-08-12 22:53:38,899 [trainer.py] => CNN top1 curve: [90.2, 72.65, 70.87]
2022-08-12 22:53:38,899 [trainer.py] => CNN top5 curve: [100.0, 93.1, 91.6]
2022-08-12 22:53:38,899 [trainer.py] => NME top1 curve: [91.1, 74.3, 72.93]
2022-08-12 22:53:38,899 [trainer.py] => NME top5 curve: [99.8, 94.25, 93.27]

2022-08-12 22:53:38,899 [trainer.py] => All params: 1470190
2022-08-12 22:53:38,899 [trainer.py] => Trainable params: 1470190
2022-08-12 22:53:38,899 [replay.py] => Learning on 30-40
2022-08-12 23:37:49,026 [base.py] => Reducing exemplars...(50 per classes)
2022-08-12 23:37:53,046 [base.py] => Constructing exemplars...(50 per classes)
2022-08-12 23:37:57,681 [replay.py] => Exemplar size: 2000
2022-08-12 23:37:57,681 [trainer.py] => CNN: {'total': 64.08, '00-09': 62.8, '10-19': 50.3, '20-29': 63.5, '30-39': 79.7, 'old': 58.87, 'new': 79.7}
2022-08-12 23:37:57,681 [trainer.py] => NME: {'total': 67.28, '00-09': 67.1, '10-19': 56.2, '20-29': 69.1, '30-39': 76.7, 'old': 64.13, 'new': 76.7}
2022-08-12 23:37:57,681 [trainer.py] => CNN top1 curve: [90.2, 72.65, 70.87, 64.08]
2022-08-12 23:37:57,681 [trainer.py] => CNN top5 curve: [100.0, 93.1, 91.6, 89.02]
2022-08-12 23:37:57,681 [trainer.py] => NME top1 curve: [91.1, 74.3, 72.93, 67.28]
2022-08-12 23:37:57,681 [trainer.py] => NME top5 curve: [99.8, 94.25, 93.27, 89.88]

2022-08-12 23:37:57,681 [trainer.py] => All params: 1471480
2022-08-12 23:37:57,682 [trainer.py] => Trainable params: 1471480
2022-08-12 23:37:57,682 [replay.py] => Learning on 40-50
2022-08-13 00:21:18,469 [base.py] => Reducing exemplars...(40 per classes)
2022-08-13 00:21:23,705 [base.py] => Constructing exemplars...(40 per classes)
2022-08-13 00:21:28,442 [replay.py] => Exemplar size: 2000
2022-08-13 00:21:28,442 [trainer.py] => CNN: {'total': 61.38, '00-09': 61.6, '10-19': 42.7, '20-29': 63.8, '30-39': 51.9, '40-49': 86.9, 'old': 55.0, 'new': 86.9}
2022-08-13 00:21:28,442 [trainer.py] => NME: {'total': 64.72, '00-09': 66.0, '10-19': 49.9, '20-29': 66.5, '30-39': 59.2, '40-49': 82.0, 'old': 60.4, 'new': 82.0}
2022-08-13 00:21:28,442 [trainer.py] => CNN top1 curve: [90.2, 72.65, 70.87, 64.08, 61.38]
2022-08-13 00:21:28,442 [trainer.py] => CNN top5 curve: [100.0, 93.1, 91.6, 89.02, 86.88]
2022-08-13 00:21:28,442 [trainer.py] => NME top1 curve: [91.1, 74.3, 72.93, 67.28, 64.72]
2022-08-13 00:21:28,442 [trainer.py] => NME top5 curve: [99.8, 94.25, 93.27, 89.88, 88.06]

2022-08-13 00:21:28,442 [trainer.py] => All params: 1472770
2022-08-13 00:21:28,443 [trainer.py] => Trainable params: 1472770
2022-08-13 00:21:28,443 [replay.py] => Learning on 50-60
2022-08-13 01:04:26,247 [base.py] => Reducing exemplars...(33 per classes)
2022-08-13 01:04:32,685 [base.py] => Constructing exemplars...(33 per classes)
2022-08-13 01:04:37,648 [replay.py] => Exemplar size: 1980
2022-08-13 01:04:37,649 [trainer.py] => CNN: {'total': 55.97, '00-09': 57.1, '10-19': 37.4, '20-29': 57.5, '30-39': 46.2, '40-49': 55.9, '50-59': 81.7, 'old': 50.82, 'new': 81.7}
2022-08-13 01:04:37,649 [trainer.py] => NME: {'total': 59.87, '00-09': 59.8, '10-19': 44.2, '20-29': 62.3, '30-39': 52.3, '40-49': 62.0, '50-59': 78.6, 'old': 56.12, 'new': 78.6}
2022-08-13 01:04:37,649 [trainer.py] => CNN top1 curve: [90.2, 72.65, 70.87, 64.08, 61.38, 55.97]
2022-08-13 01:04:37,649 [trainer.py] => CNN top5 curve: [100.0, 93.1, 91.6, 89.02, 86.88, 83.65]
2022-08-13 01:04:37,649 [trainer.py] => NME top1 curve: [91.1, 74.3, 72.93, 67.28, 64.72, 59.87]
2022-08-13 01:04:37,649 [trainer.py] => NME top5 curve: [99.8, 94.25, 93.27, 89.88, 88.06, 85.3]

2022-08-13 01:04:37,649 [trainer.py] => All params: 1474060
2022-08-13 01:04:37,649 [trainer.py] => Trainable params: 1474060
2022-08-13 01:04:37,650 [replay.py] => Learning on 60-70
2022-08-13 01:47:40,460 [base.py] => Reducing exemplars...(28 per classes)
2022-08-13 01:47:48,294 [base.py] => Constructing exemplars...(28 per classes)
2022-08-13 01:47:53,423 [replay.py] => Exemplar size: 1960
2022-08-13 01:47:53,423 [trainer.py] => CNN: {'total': 39.53, '00-09': 39.7, '10-19': 20.0, '20-29': 31.9, '30-39': 31.9, '40-49': 43.7, '50-59': 32.0, '60-69': 77.5, 'old': 33.2, 'new': 77.5}
2022-08-13 01:47:53,423 [trainer.py] => NME: {'total': 43.71, '00-09': 40.5, '10-19': 29.6, '20-29': 46.1, '30-39': 36.9, '40-49': 47.9, '50-59': 36.7, '60-69': 68.3, 'old': 39.62, 'new': 68.3}
2022-08-13 01:47:53,423 [trainer.py] => CNN top1 curve: [90.2, 72.65, 70.87, 64.08, 61.38, 55.97, 39.53]
2022-08-13 01:47:53,423 [trainer.py] => CNN top5 curve: [100.0, 93.1, 91.6, 89.02, 86.88, 83.65, 69.23]
2022-08-13 01:47:53,423 [trainer.py] => NME top1 curve: [91.1, 74.3, 72.93, 67.28, 64.72, 59.87, 43.71]
2022-08-13 01:47:53,423 [trainer.py] => NME top5 curve: [99.8, 94.25, 93.27, 89.88, 88.06, 85.3, 74.16]

2022-08-13 01:47:53,424 [trainer.py] => All params: 1475350
2022-08-13 01:47:53,424 [trainer.py] => Trainable params: 1475350
2022-08-13 01:47:53,424 [replay.py] => Learning on 70-80
2022-08-13 02:31:44,875 [base.py] => Reducing exemplars...(25 per classes)
2022-08-13 02:31:54,003 [base.py] => Constructing exemplars...(25 per classes)
2022-08-13 02:31:59,303 [replay.py] => Exemplar size: 2000
2022-08-13 02:31:59,303 [trainer.py] => CNN: {'total': 37.99, '00-09': 36.1, '10-19': 21.0, '20-29': 39.5, '30-39': 29.1, '40-49': 37.7, '50-59': 19.8, '60-69': 44.7, '70-79': 76.0, 'old': 32.56, 'new': 76.0}
2022-08-13 02:31:59,303 [trainer.py] => NME: {'total': 43.65, '00-09': 41.6, '10-19': 31.3, '20-29': 45.7, '30-39': 35.9, '40-49': 45.3, '50-59': 33.0, '60-69': 50.3, '70-79': 66.1, 'old': 40.44, 'new': 66.1}
2022-08-13 02:31:59,303 [trainer.py] => CNN top1 curve: [90.2, 72.65, 70.87, 64.08, 61.38, 55.97, 39.53, 37.99]
2022-08-13 02:31:59,303 [trainer.py] => CNN top5 curve: [100.0, 93.1, 91.6, 89.02, 86.88, 83.65, 69.23, 70.25]
2022-08-13 02:31:59,303 [trainer.py] => NME top1 curve: [91.1, 74.3, 72.93, 67.28, 64.72, 59.87, 43.71, 43.65]
2022-08-13 02:31:59,303 [trainer.py] => NME top5 curve: [99.8, 94.25, 93.27, 89.88, 88.06, 85.3, 74.16, 73.97]

2022-08-13 02:31:59,304 [trainer.py] => All params: 1476640
2022-08-13 02:31:59,304 [trainer.py] => Trainable params: 1476640
2022-08-13 02:31:59,304 [replay.py] => Learning on 80-90
2022-08-13 03:16:15,386 [base.py] => Reducing exemplars...(22 per classes)
2022-08-13 03:16:25,676 [base.py] => Constructing exemplars...(22 per classes)
2022-08-13 03:16:31,139 [replay.py] => Exemplar size: 1980
2022-08-13 03:16:31,140 [trainer.py] => CNN: {'total': 37.41, '00-09': 37.8, '10-19': 19.3, '20-29': 31.6, '30-39': 28.8, '40-49': 35.6, '50-59': 27.8, '60-69': 34.0, '70-79': 37.0, '80-89': 84.8, 'old': 31.49, 'new': 84.8}
2022-08-13 03:16:31,140 [trainer.py] => NME: {'total': 44.42, '00-09': 41.4, '10-19': 28.0, '20-29': 42.3, '30-39': 38.3, '40-49': 45.5, '50-59': 38.2, '60-69': 46.5, '70-79': 45.4, '80-89': 74.2, 'old': 40.7, 'new': 74.2}
2022-08-13 03:16:31,140 [trainer.py] => CNN top1 curve: [90.2, 72.65, 70.87, 64.08, 61.38, 55.97, 39.53, 37.99, 37.41]
2022-08-13 03:16:31,140 [trainer.py] => CNN top5 curve: [100.0, 93.1, 91.6, 89.02, 86.88, 83.65, 69.23, 70.25, 67.82]
2022-08-13 03:16:31,140 [trainer.py] => NME top1 curve: [91.1, 74.3, 72.93, 67.28, 64.72, 59.87, 43.71, 43.65, 44.42]
2022-08-13 03:16:31,140 [trainer.py] => NME top5 curve: [99.8, 94.25, 93.27, 89.88, 88.06, 85.3, 74.16, 73.97, 73.51]

2022-08-13 03:16:31,140 [trainer.py] => All params: 1477930
2022-08-13 03:16:31,140 [trainer.py] => Trainable params: 1477930
2022-08-13 03:16:31,141 [replay.py] => Learning on 90-100
2022-08-13 04:01:03,793 [base.py] => Reducing exemplars...(20 per classes)
2022-08-13 04:01:15,356 [base.py] => Constructing exemplars...(20 per classes)
2022-08-13 04:01:21,048 [replay.py] => Exemplar size: 2000
2022-08-13 04:01:21,049 [trainer.py] => CNN: {'total': 36.12, '00-09': 34.8, '10-19': 18.8, '20-29': 33.1, '30-39': 29.4, '40-49': 36.7, '50-59': 22.8, '60-69': 35.1, '70-79': 32.7, '80-89': 39.0, '90-99': 78.8, 'old': 31.38, 'new': 78.8}
2022-08-13 04:01:21,049 [trainer.py] => NME: {'total': 44.01, '00-09': 42.2, '10-19': 28.0, '20-29': 47.2, '30-39': 33.9, '40-49': 46.9, '50-59': 33.3, '60-69': 45.2, '70-79': 42.3, '80-89': 50.6, '90-99': 70.5, 'old': 41.07, 'new': 70.5}
2022-08-13 04:01:21,049 [trainer.py] => CNN top1 curve: [90.2, 72.65, 70.87, 64.08, 61.38, 55.97, 39.53, 37.99, 37.41, 36.12]
2022-08-13 04:01:21,049 [trainer.py] => CNN top5 curve: [100.0, 93.1, 91.6, 89.02, 86.88, 83.65, 69.23, 70.25, 67.82, 67.3]
2022-08-13 04:01:21,049 [trainer.py] => NME top1 curve: [91.1, 74.3, 72.93, 67.28, 64.72, 59.87, 43.71, 43.65, 44.42, 44.01]
2022-08-13 04:01:21,049 [trainer.py] => NME top5 curve: [99.8, 94.25, 93.27, 89.88, 88.06, 85.3, 74.16, 73.97, 73.51, 74.35]
2022-08-17 15:09:53,485 [trainer.py] => config: ./exps/replay.json
2022-08-17 15:09:53,485 [trainer.py] => lr: 0.03
2022-08-17 15:09:53,485 [trainer.py] => warmup: 0
2022-08-17 15:09:53,485 [trainer.py] => wdecay: 0.0005
2022-08-17 15:09:53,485 [trainer.py] => nesterov: True
2022-08-17 15:09:53,485 [trainer.py] => ema_decay: 0.999
2022-08-17 15:09:53,485 [trainer.py] => gpu_id: 0
2022-08-17 15:09:53,486 [trainer.py] => prefix: reproduce
2022-08-17 15:09:53,486 [trainer.py] => dataset: cifar100
2022-08-17 15:09:53,486 [trainer.py] => memory_size: 2000
2022-08-17 15:09:53,486 [trainer.py] => memory_per_class: 20
2022-08-17 15:09:53,486 [trainer.py] => fixed_memory: False
2022-08-17 15:09:53,486 [trainer.py] => shuffle: True
2022-08-17 15:09:53,486 [trainer.py] => init_cls: 10
2022-08-17 15:09:53,486 [trainer.py] => increment: 10
2022-08-17 15:09:53,486 [trainer.py] => model_name: replay
2022-08-17 15:09:53,486 [trainer.py] => convnet_type: resnet32
2022-08-17 15:09:53,486 [trainer.py] => device: [device(type='cuda', index=0)]
2022-08-17 15:09:53,486 [trainer.py] => seed: 1993
2022-08-17 15:09:54,536 [data_manager.py] => [68, 56, 78, 8, 23, 84, 90, 65, 74, 76, 40, 89, 3, 92, 55, 9, 26, 80, 43, 38, 58, 70, 77, 1, 85, 19, 17, 50, 28, 53, 13, 81, 45, 82, 6, 59, 83, 16, 15, 44, 91, 41, 72, 60, 79, 52, 20, 10, 31, 54, 37, 95, 14, 71, 96, 98, 97, 2, 64, 66, 42, 22, 35, 86, 24, 34, 87, 21, 99, 0, 88, 27, 18, 94, 11, 12, 47, 25, 30, 46, 62, 69, 36, 61, 7, 63, 75, 5, 32, 4, 51, 48, 73, 93, 39, 67, 29, 49, 57, 33]
2022-08-17 15:09:54,709 [wideresnet.py] => Model: WideResNet 28x2
2022-08-17 15:09:55,456 [trainer.py] => All params: 1466320
2022-08-17 15:09:55,456 [trainer.py] => Trainable params: 1466320
2022-08-17 15:09:55,456 [replay.py] => Learning on 0-10
2022-08-17 16:31:26,357 [base.py] => Reducing exemplars...(200 per classes)
2022-08-17 16:31:26,358 [base.py] => Constructing exemplars...(200 per classes)
2022-08-17 16:31:30,923 [replay.py] => Exemplar size: 2000
2022-08-17 16:31:30,923 [trainer.py] => CNN: {'total': 90.2, '00-09': 90.2, 'old': 0, 'new': 90.2}
2022-08-17 16:31:30,923 [trainer.py] => NME: {'total': 91.1, '00-09': 91.1, 'old': 0, 'new': 91.1}
2022-08-17 16:31:30,923 [trainer.py] => CNN top1 curve: [90.2]
2022-08-17 16:31:30,923 [trainer.py] => CNN top5 curve: [100.0]
2022-08-17 16:31:30,923 [trainer.py] => NME top1 curve: [91.1]
2022-08-17 16:31:30,923 [trainer.py] => NME top5 curve: [99.8]

2022-08-17 16:31:30,923 [trainer.py] => All params: 1467610
2022-08-17 16:31:30,923 [trainer.py] => Trainable params: 1467610
2022-08-17 16:31:30,924 [replay.py] => Learning on 10-20
2022-08-17 17:17:09,854 [base.py] => Reducing exemplars...(100 per classes)
2022-08-17 17:17:11,359 [base.py] => Constructing exemplars...(100 per classes)
2022-08-17 17:17:15,968 [replay.py] => Exemplar size: 2000
2022-08-17 17:17:15,968 [trainer.py] => CNN: {'total': 62.0, '00-09': 71.8, '10-19': 52.2, 'old': 71.8, 'new': 52.2}
2022-08-17 17:17:15,968 [trainer.py] => NME: {'total': 67.15, '00-09': 70.7, '10-19': 63.6, 'old': 70.7, 'new': 63.6}
2022-08-17 17:17:15,968 [trainer.py] => CNN top1 curve: [90.2, 62.0]
2022-08-17 17:17:15,968 [trainer.py] => CNN top5 curve: [100.0, 88.7]
2022-08-17 17:17:15,968 [trainer.py] => NME top1 curve: [91.1, 67.15]
2022-08-17 17:17:15,968 [trainer.py] => NME top5 curve: [99.8, 92.95]

2022-08-17 17:17:15,968 [trainer.py] => All params: 1468900
2022-08-17 17:17:15,968 [trainer.py] => Trainable params: 1468900
2022-08-17 17:17:15,969 [replay.py] => Learning on 20-30
2022-08-17 18:03:03,062 [base.py] => Reducing exemplars...(66 per classes)
2022-08-17 18:03:06,100 [base.py] => Constructing exemplars...(66 per classes)
2022-08-17 18:03:10,881 [replay.py] => Exemplar size: 1980
2022-08-17 18:03:10,881 [trainer.py] => CNN: {'total': 61.9, '00-09': 68.6, '10-19': 48.8, '20-29': 68.3, 'old': 58.7, 'new': 68.3}
2022-08-17 18:03:10,881 [trainer.py] => NME: {'total': 65.73, '00-09': 68.8, '10-19': 56.4, '20-29': 72.0, 'old': 62.6, 'new': 72.0}
2022-08-17 18:03:10,881 [trainer.py] => CNN top1 curve: [90.2, 62.0, 61.9]
2022-08-17 18:03:10,881 [trainer.py] => CNN top5 curve: [100.0, 88.7, 88.8]
2022-08-17 18:03:10,881 [trainer.py] => NME top1 curve: [91.1, 67.15, 65.73]
2022-08-17 18:03:10,881 [trainer.py] => NME top5 curve: [99.8, 92.95, 91.13]

2022-08-17 18:03:10,881 [trainer.py] => All params: 1470190
2022-08-17 18:03:10,882 [trainer.py] => Trainable params: 1470190
2022-08-17 18:03:10,882 [replay.py] => Learning on 30-40
2022-08-17 18:49:07,769 [base.py] => Reducing exemplars...(50 per classes)
2022-08-17 18:49:12,164 [base.py] => Constructing exemplars...(50 per classes)
2022-08-17 18:49:17,068 [replay.py] => Exemplar size: 2000
2022-08-17 18:49:17,068 [trainer.py] => CNN: {'total': 56.4, '00-09': 59.8, '10-19': 44.6, '20-29': 54.4, '30-39': 66.8, 'old': 52.93, 'new': 66.8}
2022-08-17 18:49:17,068 [trainer.py] => NME: {'total': 60.3, '00-09': 64.4, '10-19': 49.5, '20-29': 63.6, '30-39': 63.7, 'old': 59.17, 'new': 63.7}
2022-08-17 18:49:17,068 [trainer.py] => CNN top1 curve: [90.2, 62.0, 61.9, 56.4]
2022-08-17 18:49:17,068 [trainer.py] => CNN top5 curve: [100.0, 88.7, 88.8, 85.45]
2022-08-17 18:49:17,068 [trainer.py] => NME top1 curve: [91.1, 67.15, 65.73, 60.3]
2022-08-17 18:49:17,068 [trainer.py] => NME top5 curve: [99.8, 92.95, 91.13, 87.98]

2022-08-17 18:49:17,069 [trainer.py] => All params: 1471480
2022-08-17 18:49:17,069 [trainer.py] => Trainable params: 1471480
2022-08-17 18:49:17,069 [replay.py] => Learning on 40-50
2022-08-17 19:35:04,579 [base.py] => Reducing exemplars...(40 per classes)
2022-08-17 19:35:10,403 [base.py] => Constructing exemplars...(40 per classes)
2022-08-17 19:35:15,456 [replay.py] => Exemplar size: 2000
2022-08-17 19:35:15,456 [trainer.py] => CNN: {'total': 51.12, '00-09': 50.9, '10-19': 36.6, '20-29': 49.5, '30-39': 42.9, '40-49': 75.7, 'old': 44.98, 'new': 75.7}
2022-08-17 19:35:15,456 [trainer.py] => NME: {'total': 56.68, '00-09': 58.5, '10-19': 43.5, '20-29': 59.2, '30-39': 51.2, '40-49': 71.0, 'old': 53.1, 'new': 71.0}
2022-08-17 19:35:15,456 [trainer.py] => CNN top1 curve: [90.2, 62.0, 61.9, 56.4, 51.12]
2022-08-17 19:35:15,456 [trainer.py] => CNN top5 curve: [100.0, 88.7, 88.8, 85.45, 81.66]
2022-08-17 19:35:15,456 [trainer.py] => NME top1 curve: [91.1, 67.15, 65.73, 60.3, 56.68]
2022-08-17 19:35:15,456 [trainer.py] => NME top5 curve: [99.8, 92.95, 91.13, 87.98, 85.78]

2022-08-17 19:35:15,456 [trainer.py] => All params: 1472770
2022-08-17 19:35:15,457 [trainer.py] => Trainable params: 1472770
2022-08-17 19:35:15,457 [replay.py] => Learning on 50-60
2022-08-17 20:21:05,618 [base.py] => Reducing exemplars...(33 per classes)
2022-08-17 20:21:12,754 [base.py] => Constructing exemplars...(33 per classes)
2022-08-17 20:21:17,967 [replay.py] => Exemplar size: 1980
2022-08-17 20:21:17,967 [trainer.py] => CNN: {'total': 40.78, '00-09': 39.4, '10-19': 27.4, '20-29': 37.4, '30-39': 35.7, '40-49': 41.9, '50-59': 62.9, 'old': 36.36, 'new': 62.9}
2022-08-17 20:21:17,967 [trainer.py] => NME: {'total': 45.0, '00-09': 42.9, '10-19': 33.4, '20-29': 48.4, '30-39': 39.6, '40-49': 48.0, '50-59': 57.7, 'old': 42.46, 'new': 57.7}
2022-08-17 20:21:17,967 [trainer.py] => CNN top1 curve: [90.2, 62.0, 61.9, 56.4, 51.12, 40.78]
2022-08-17 20:21:17,967 [trainer.py] => CNN top5 curve: [100.0, 88.7, 88.8, 85.45, 81.66, 71.85]
2022-08-17 20:21:17,968 [trainer.py] => NME top1 curve: [91.1, 67.15, 65.73, 60.3, 56.68, 45.0]
2022-08-17 20:21:17,968 [trainer.py] => NME top5 curve: [99.8, 92.95, 91.13, 87.98, 85.78, 76.03]

2022-08-17 20:21:17,968 [trainer.py] => All params: 1474060
2022-08-17 20:21:17,968 [trainer.py] => Trainable params: 1474060
2022-08-17 20:21:17,968 [replay.py] => Learning on 60-70
2022-08-17 21:07:05,863 [base.py] => Reducing exemplars...(28 per classes)
2022-08-17 21:07:14,488 [base.py] => Constructing exemplars...(28 per classes)
2022-08-17 21:07:19,919 [replay.py] => Exemplar size: 1960
2022-08-17 21:07:19,919 [trainer.py] => CNN: {'total': 42.56, '00-09': 41.1, '10-19': 30.2, '20-29': 39.5, '30-39': 30.3, '40-49': 46.7, '50-59': 34.6, '60-69': 75.5, 'old': 37.07, 'new': 75.5}
2022-08-17 21:07:19,919 [trainer.py] => NME: {'total': 48.14, '00-09': 47.3, '10-19': 37.2, '20-29': 52.3, '30-39': 38.2, '40-49': 51.9, '50-59': 42.5, '60-69': 67.6, 'old': 44.9, 'new': 67.6}
2022-08-17 21:07:19,919 [trainer.py] => CNN top1 curve: [90.2, 62.0, 61.9, 56.4, 51.12, 40.78, 42.56]
2022-08-17 21:07:19,919 [trainer.py] => CNN top5 curve: [100.0, 88.7, 88.8, 85.45, 81.66, 71.85, 72.29]
2022-08-17 21:07:19,919 [trainer.py] => NME top1 curve: [91.1, 67.15, 65.73, 60.3, 56.68, 45.0, 48.14]
2022-08-17 21:07:19,919 [trainer.py] => NME top5 curve: [99.8, 92.95, 91.13, 87.98, 85.78, 76.03, 77.33]

2022-08-17 21:07:19,920 [trainer.py] => All params: 1475350
2022-08-17 21:07:19,920 [trainer.py] => Trainable params: 1475350
2022-08-17 21:07:19,920 [replay.py] => Learning on 70-80
2022-08-17 21:52:28,868 [base.py] => Reducing exemplars...(25 per classes)
2022-08-17 21:52:38,638 [base.py] => Constructing exemplars...(25 per classes)
2022-08-17 21:52:44,229 [replay.py] => Exemplar size: 2000
2022-08-17 21:52:44,230 [trainer.py] => CNN: {'total': 27.34, '00-09': 24.0, '10-19': 17.8, '20-29': 27.0, '30-39': 18.9, '40-49': 30.7, '50-59': 18.0, '60-69': 26.2, '70-79': 56.1, 'old': 23.23, 'new': 56.1}
2022-08-17 21:52:44,230 [trainer.py] => NME: {'total': 32.46, '00-09': 28.6, '10-19': 20.8, '20-29': 33.8, '30-39': 28.8, '40-49': 37.2, '50-59': 27.6, '60-69': 35.6, '70-79': 47.3, 'old': 30.34, 'new': 47.3}
2022-08-17 21:52:44,230 [trainer.py] => CNN top1 curve: [90.2, 62.0, 61.9, 56.4, 51.12, 40.78, 42.56, 27.34]
2022-08-17 21:52:44,230 [trainer.py] => CNN top5 curve: [100.0, 88.7, 88.8, 85.45, 81.66, 71.85, 72.29, 56.18]
2022-08-17 21:52:44,230 [trainer.py] => NME top1 curve: [91.1, 67.15, 65.73, 60.3, 56.68, 45.0, 48.14, 32.46]
2022-08-17 21:52:44,230 [trainer.py] => NME top5 curve: [99.8, 92.95, 91.13, 87.98, 85.78, 76.03, 77.33, 62.48]

2022-08-17 21:52:44,230 [trainer.py] => All params: 1476640
2022-08-17 21:52:44,230 [trainer.py] => Trainable params: 1476640
2022-08-17 21:52:44,231 [replay.py] => Learning on 80-90
2022-08-17 22:36:09,098 [base.py] => Reducing exemplars...(22 per classes)
2022-08-17 22:36:20,244 [base.py] => Constructing exemplars...(22 per classes)
2022-08-17 22:36:26,030 [replay.py] => Exemplar size: 1980
2022-08-17 22:36:26,030 [trainer.py] => CNN: {'total': 31.68, '00-09': 26.0, '10-19': 23.2, '20-29': 29.2, '30-39': 24.9, '40-49': 32.5, '50-59': 22.0, '60-69': 29.9, '70-79': 31.7, '80-89': 65.7, 'old': 27.42, 'new': 65.7}
2022-08-17 22:36:26,030 [trainer.py] => NME: {'total': 35.92, '00-09': 31.7, '10-19': 25.4, '20-29': 38.8, '30-39': 29.7, '40-49': 38.7, '50-59': 31.1, '60-69': 36.3, '70-79': 38.2, '80-89': 53.4, 'old': 33.74, 'new': 53.4}
2022-08-17 22:36:26,030 [trainer.py] => CNN top1 curve: [90.2, 62.0, 61.9, 56.4, 51.12, 40.78, 42.56, 27.34, 31.68]
2022-08-17 22:36:26,030 [trainer.py] => CNN top5 curve: [100.0, 88.7, 88.8, 85.45, 81.66, 71.85, 72.29, 56.18, 61.16]
2022-08-17 22:36:26,030 [trainer.py] => NME top1 curve: [91.1, 67.15, 65.73, 60.3, 56.68, 45.0, 48.14, 32.46, 35.92]
2022-08-17 22:36:26,030 [trainer.py] => NME top5 curve: [99.8, 92.95, 91.13, 87.98, 85.78, 76.03, 77.33, 62.48, 66.9]

2022-08-17 22:36:26,030 [trainer.py] => All params: 1477930
2022-08-17 22:36:26,030 [trainer.py] => Trainable params: 1477930
2022-08-17 22:36:26,031 [replay.py] => Learning on 90-100
2022-08-18 12:29:38,592 [trainer.py] => config: ./exps/replay.json
2022-08-18 12:29:38,592 [trainer.py] => lr: 0.03
2022-08-18 12:29:38,592 [trainer.py] => warmup: 0
2022-08-18 12:29:38,592 [trainer.py] => wdecay: 0.0005
2022-08-18 12:29:38,592 [trainer.py] => nesterov: True
2022-08-18 12:29:38,592 [trainer.py] => ema_decay: 0.999
2022-08-18 12:29:38,592 [trainer.py] => gpu_id: 0
2022-08-18 12:29:38,592 [trainer.py] => prefix: reproduce
2022-08-18 12:29:38,592 [trainer.py] => dataset: cifar100
2022-08-18 12:29:38,592 [trainer.py] => memory_size: 2000
2022-08-18 12:29:38,592 [trainer.py] => memory_per_class: 20
2022-08-18 12:29:38,592 [trainer.py] => fixed_memory: False
2022-08-18 12:29:38,592 [trainer.py] => shuffle: True
2022-08-18 12:29:38,592 [trainer.py] => init_cls: 10
2022-08-18 12:29:38,592 [trainer.py] => increment: 10
2022-08-18 12:29:38,592 [trainer.py] => model_name: replay
2022-08-18 12:29:38,592 [trainer.py] => convnet_type: resnet32
2022-08-18 12:29:38,592 [trainer.py] => device: [device(type='cuda', index=0)]
2022-08-18 12:29:38,592 [trainer.py] => seed: 1993
2022-08-18 12:29:39,671 [data_manager.py] => [68, 56, 78, 8, 23, 84, 90, 65, 74, 76, 40, 89, 3, 92, 55, 9, 26, 80, 43, 38, 58, 70, 77, 1, 85, 19, 17, 50, 28, 53, 13, 81, 45, 82, 6, 59, 83, 16, 15, 44, 91, 41, 72, 60, 79, 52, 20, 10, 31, 54, 37, 95, 14, 71, 96, 98, 97, 2, 64, 66, 42, 22, 35, 86, 24, 34, 87, 21, 99, 0, 88, 27, 18, 94, 11, 12, 47, 25, 30, 46, 62, 69, 36, 61, 7, 63, 75, 5, 32, 4, 51, 48, 73, 93, 39, 67, 29, 49, 57, 33]
2022-08-18 12:29:39,841 [wideresnet.py] => Model: WideResNet 28x2
2022-08-18 12:29:40,835 [trainer.py] => All params: 1466320
2022-08-18 12:29:40,835 [trainer.py] => Trainable params: 1466320
2022-08-18 12:29:40,835 [replay.py] => Learning on 0-10
2022-08-18 13:47:20,555 [base.py] => Reducing exemplars...(200 per classes)
2022-08-18 13:47:20,555 [base.py] => Constructing exemplars...(200 per classes)
2022-08-18 13:47:23,884 [replay.py] => Exemplar size: 2000
2022-08-18 13:47:23,884 [trainer.py] => CNN: {'total': 90.2, '00-09': 90.2, 'old': 0, 'new': 90.2}
2022-08-18 13:47:23,884 [trainer.py] => NME: {'total': 91.1, '00-09': 91.1, 'old': 0, 'new': 91.1}
2022-08-18 13:47:23,884 [trainer.py] => CNN top1 curve: [90.2]
2022-08-18 13:47:23,885 [trainer.py] => CNN top5 curve: [100.0]
2022-08-18 13:47:23,885 [trainer.py] => NME top1 curve: [91.1]
2022-08-18 13:47:23,885 [trainer.py] => NME top5 curve: [99.8]

2022-08-18 13:47:23,885 [trainer.py] => All params: 1467610
2022-08-18 13:47:23,885 [trainer.py] => Trainable params: 1467610
2022-08-18 13:47:23,886 [replay.py] => Learning on 10-20
2022-08-18 14:28:10,632 [base.py] => Reducing exemplars...(100 per classes)
2022-08-18 14:28:11,607 [base.py] => Constructing exemplars...(100 per classes)
2022-08-18 14:28:14,850 [replay.py] => Exemplar size: 2000
2022-08-18 14:28:14,851 [trainer.py] => CNN: {'total': 62.0, '00-09': 71.8, '10-19': 52.2, 'old': 71.8, 'new': 52.2}
2022-08-18 14:28:14,851 [trainer.py] => NME: {'total': 67.15, '00-09': 70.7, '10-19': 63.6, 'old': 70.7, 'new': 63.6}
2022-08-18 14:28:14,851 [trainer.py] => CNN top1 curve: [90.2, 62.0]
2022-08-18 14:28:14,851 [trainer.py] => CNN top5 curve: [100.0, 88.7]
2022-08-18 14:28:14,851 [trainer.py] => NME top1 curve: [91.1, 67.15]
2022-08-18 14:28:14,851 [trainer.py] => NME top5 curve: [99.8, 92.95]

2022-08-18 14:28:14,851 [trainer.py] => All params: 1468900
2022-08-18 14:28:14,851 [trainer.py] => Trainable params: 1468900
2022-08-18 14:28:14,852 [replay.py] => Learning on 20-30
2022-08-18 15:09:00,090 [base.py] => Reducing exemplars...(66 per classes)
2022-08-18 15:09:01,988 [base.py] => Constructing exemplars...(66 per classes)
2022-08-18 15:09:05,449 [replay.py] => Exemplar size: 1980
2022-08-18 15:09:05,449 [trainer.py] => CNN: {'total': 61.9, '00-09': 68.6, '10-19': 48.8, '20-29': 68.3, 'old': 58.7, 'new': 68.3}
2022-08-18 15:09:05,449 [trainer.py] => NME: {'total': 65.73, '00-09': 68.8, '10-19': 56.4, '20-29': 72.0, 'old': 62.6, 'new': 72.0}
2022-08-18 15:09:05,449 [trainer.py] => CNN top1 curve: [90.2, 62.0, 61.9]
2022-08-18 15:09:05,449 [trainer.py] => CNN top5 curve: [100.0, 88.7, 88.8]
2022-08-18 15:09:05,449 [trainer.py] => NME top1 curve: [91.1, 67.15, 65.73]
2022-08-18 15:09:05,449 [trainer.py] => NME top5 curve: [99.8, 92.95, 91.13]

2022-08-18 15:09:05,450 [trainer.py] => All params: 1470190
2022-08-18 15:09:05,450 [trainer.py] => Trainable params: 1470190
2022-08-18 15:09:05,450 [replay.py] => Learning on 30-40
2022-08-18 15:49:46,190 [base.py] => Reducing exemplars...(50 per classes)
2022-08-18 15:49:48,862 [base.py] => Constructing exemplars...(50 per classes)
2022-08-18 15:49:52,419 [replay.py] => Exemplar size: 2000
2022-08-18 15:49:52,419 [trainer.py] => CNN: {'total': 56.4, '00-09': 59.8, '10-19': 44.6, '20-29': 54.4, '30-39': 66.8, 'old': 52.93, 'new': 66.8}
2022-08-18 15:49:52,419 [trainer.py] => NME: {'total': 60.3, '00-09': 64.4, '10-19': 49.5, '20-29': 63.6, '30-39': 63.7, 'old': 59.17, 'new': 63.7}
2022-08-18 15:49:52,419 [trainer.py] => CNN top1 curve: [90.2, 62.0, 61.9, 56.4]
2022-08-18 15:49:52,419 [trainer.py] => CNN top5 curve: [100.0, 88.7, 88.8, 85.45]
2022-08-18 15:49:52,419 [trainer.py] => NME top1 curve: [91.1, 67.15, 65.73, 60.3]
2022-08-18 15:49:52,419 [trainer.py] => NME top5 curve: [99.8, 92.95, 91.13, 87.98]

2022-08-18 15:49:52,420 [trainer.py] => All params: 1471480
2022-08-18 15:49:52,420 [trainer.py] => Trainable params: 1471480
2022-08-18 15:49:52,420 [replay.py] => Learning on 40-50
2022-08-18 16:30:32,378 [base.py] => Reducing exemplars...(40 per classes)
2022-08-18 16:30:35,972 [base.py] => Constructing exemplars...(40 per classes)
2022-08-18 16:30:39,744 [replay.py] => Exemplar size: 2000
2022-08-18 16:30:39,744 [trainer.py] => CNN: {'total': 51.12, '00-09': 50.9, '10-19': 36.6, '20-29': 49.5, '30-39': 42.9, '40-49': 75.7, 'old': 44.98, 'new': 75.7}
2022-08-18 16:30:39,744 [trainer.py] => NME: {'total': 56.68, '00-09': 58.5, '10-19': 43.5, '20-29': 59.2, '30-39': 51.2, '40-49': 71.0, 'old': 53.1, 'new': 71.0}
2022-08-18 16:30:39,745 [trainer.py] => CNN top1 curve: [90.2, 62.0, 61.9, 56.4, 51.12]
2022-08-18 16:30:39,745 [trainer.py] => CNN top5 curve: [100.0, 88.7, 88.8, 85.45, 81.66]
2022-08-18 16:30:39,745 [trainer.py] => NME top1 curve: [91.1, 67.15, 65.73, 60.3, 56.68]
2022-08-18 16:30:39,745 [trainer.py] => NME top5 curve: [99.8, 92.95, 91.13, 87.98, 85.78]

2022-08-18 16:30:39,745 [trainer.py] => All params: 1472770
2022-08-18 16:30:39,745 [trainer.py] => Trainable params: 1472770
2022-08-18 16:30:39,746 [replay.py] => Learning on 50-60
2022-08-18 17:11:20,852 [base.py] => Reducing exemplars...(33 per classes)
2022-08-18 17:11:25,282 [base.py] => Constructing exemplars...(33 per classes)
2022-08-18 17:11:29,203 [replay.py] => Exemplar size: 1980
2022-08-18 17:11:29,203 [trainer.py] => CNN: {'total': 40.78, '00-09': 39.4, '10-19': 27.4, '20-29': 37.4, '30-39': 35.7, '40-49': 41.9, '50-59': 62.9, 'old': 36.36, 'new': 62.9}
2022-08-18 17:11:29,203 [trainer.py] => NME: {'total': 45.0, '00-09': 42.9, '10-19': 33.4, '20-29': 48.4, '30-39': 39.6, '40-49': 48.0, '50-59': 57.7, 'old': 42.46, 'new': 57.7}
2022-08-18 17:11:29,203 [trainer.py] => CNN top1 curve: [90.2, 62.0, 61.9, 56.4, 51.12, 40.78]
2022-08-18 17:11:29,204 [trainer.py] => CNN top5 curve: [100.0, 88.7, 88.8, 85.45, 81.66, 71.85]
2022-08-18 17:11:29,204 [trainer.py] => NME top1 curve: [91.1, 67.15, 65.73, 60.3, 56.68, 45.0]
2022-08-18 17:11:29,204 [trainer.py] => NME top5 curve: [99.8, 92.95, 91.13, 87.98, 85.78, 76.03]

2022-08-18 17:11:29,204 [trainer.py] => All params: 1474060
2022-08-18 17:11:29,204 [trainer.py] => Trainable params: 1474060
2022-08-18 17:11:29,205 [replay.py] => Learning on 60-70
2022-08-18 17:52:20,224 [base.py] => Reducing exemplars...(28 per classes)
2022-08-18 17:52:25,415 [base.py] => Constructing exemplars...(28 per classes)
2022-08-18 17:52:29,522 [replay.py] => Exemplar size: 1960
2022-08-18 17:52:29,522 [trainer.py] => CNN: {'total': 42.56, '00-09': 41.1, '10-19': 30.2, '20-29': 39.5, '30-39': 30.3, '40-49': 46.7, '50-59': 34.6, '60-69': 75.5, 'old': 37.07, 'new': 75.5}
2022-08-18 17:52:29,522 [trainer.py] => NME: {'total': 48.14, '00-09': 47.3, '10-19': 37.2, '20-29': 52.3, '30-39': 38.2, '40-49': 51.9, '50-59': 42.5, '60-69': 67.6, 'old': 44.9, 'new': 67.6}
2022-08-18 17:52:29,522 [trainer.py] => CNN top1 curve: [90.2, 62.0, 61.9, 56.4, 51.12, 40.78, 42.56]
2022-08-18 17:52:29,522 [trainer.py] => CNN top5 curve: [100.0, 88.7, 88.8, 85.45, 81.66, 71.85, 72.29]
2022-08-18 17:52:29,522 [trainer.py] => NME top1 curve: [91.1, 67.15, 65.73, 60.3, 56.68, 45.0, 48.14]
2022-08-18 17:52:29,522 [trainer.py] => NME top5 curve: [99.8, 92.95, 91.13, 87.98, 85.78, 76.03, 77.33]

2022-08-18 17:52:29,522 [trainer.py] => All params: 1475350
2022-08-18 17:52:29,522 [trainer.py] => Trainable params: 1475350
2022-08-18 17:52:29,523 [replay.py] => Learning on 70-80
2022-08-18 18:33:21,184 [base.py] => Reducing exemplars...(25 per classes)
2022-08-18 18:33:27,512 [base.py] => Constructing exemplars...(25 per classes)
2022-08-18 18:33:31,768 [replay.py] => Exemplar size: 2000
2022-08-18 18:33:31,769 [trainer.py] => CNN: {'total': 27.34, '00-09': 24.0, '10-19': 17.8, '20-29': 27.0, '30-39': 18.9, '40-49': 30.7, '50-59': 18.0, '60-69': 26.2, '70-79': 56.1, 'old': 23.23, 'new': 56.1}
2022-08-18 18:33:31,769 [trainer.py] => NME: {'total': 32.46, '00-09': 28.6, '10-19': 20.8, '20-29': 33.8, '30-39': 28.8, '40-49': 37.2, '50-59': 27.6, '60-69': 35.6, '70-79': 47.3, 'old': 30.34, 'new': 47.3}
2022-08-18 18:33:31,769 [trainer.py] => CNN top1 curve: [90.2, 62.0, 61.9, 56.4, 51.12, 40.78, 42.56, 27.34]
2022-08-18 18:33:31,769 [trainer.py] => CNN top5 curve: [100.0, 88.7, 88.8, 85.45, 81.66, 71.85, 72.29, 56.18]
2022-08-18 18:33:31,769 [trainer.py] => NME top1 curve: [91.1, 67.15, 65.73, 60.3, 56.68, 45.0, 48.14, 32.46]
2022-08-18 18:33:31,769 [trainer.py] => NME top5 curve: [99.8, 92.95, 91.13, 87.98, 85.78, 76.03, 77.33, 62.48]

2022-08-18 18:33:31,769 [trainer.py] => All params: 1476640
2022-08-18 18:33:31,769 [trainer.py] => Trainable params: 1476640
2022-08-18 18:33:31,770 [replay.py] => Learning on 80-90
2022-08-18 19:14:47,384 [base.py] => Reducing exemplars...(22 per classes)
2022-08-18 19:14:54,561 [base.py] => Constructing exemplars...(22 per classes)
2022-08-18 19:14:59,118 [replay.py] => Exemplar size: 1980
2022-08-18 19:14:59,118 [trainer.py] => CNN: {'total': 31.68, '00-09': 26.0, '10-19': 23.2, '20-29': 29.2, '30-39': 24.9, '40-49': 32.5, '50-59': 22.0, '60-69': 29.9, '70-79': 31.7, '80-89': 65.7, 'old': 27.42, 'new': 65.7}
2022-08-18 19:14:59,118 [trainer.py] => NME: {'total': 35.92, '00-09': 31.7, '10-19': 25.4, '20-29': 38.8, '30-39': 29.7, '40-49': 38.7, '50-59': 31.1, '60-69': 36.3, '70-79': 38.2, '80-89': 53.4, 'old': 33.74, 'new': 53.4}
2022-08-18 19:14:59,118 [trainer.py] => CNN top1 curve: [90.2, 62.0, 61.9, 56.4, 51.12, 40.78, 42.56, 27.34, 31.68]
2022-08-18 19:14:59,118 [trainer.py] => CNN top5 curve: [100.0, 88.7, 88.8, 85.45, 81.66, 71.85, 72.29, 56.18, 61.16]
2022-08-18 19:14:59,118 [trainer.py] => NME top1 curve: [91.1, 67.15, 65.73, 60.3, 56.68, 45.0, 48.14, 32.46, 35.92]
2022-08-18 19:14:59,118 [trainer.py] => NME top5 curve: [99.8, 92.95, 91.13, 87.98, 85.78, 76.03, 77.33, 62.48, 66.9]

2022-08-18 19:14:59,118 [trainer.py] => All params: 1477930
2022-08-18 19:14:59,118 [trainer.py] => Trainable params: 1477930
2022-08-18 19:14:59,119 [replay.py] => Learning on 90-100
2022-08-18 19:56:18,047 [base.py] => Reducing exemplars...(20 per classes)
2022-08-18 19:56:25,875 [base.py] => Constructing exemplars...(20 per classes)
2022-08-18 19:56:30,615 [replay.py] => Exemplar size: 2000
2022-08-18 19:56:30,615 [trainer.py] => CNN: {'total': 27.35, '00-09': 23.6, '10-19': 16.2, '20-29': 26.0, '30-39': 17.2, '40-49': 31.4, '50-59': 15.5, '60-69': 28.0, '70-79': 25.7, '80-89': 26.6, '90-99': 63.3, 'old': 23.36, 'new': 63.3}
2022-08-18 19:56:30,615 [trainer.py] => NME: {'total': 33.7, '00-09': 31.3, '10-19': 21.2, '20-29': 36.4, '30-39': 27.1, '40-49': 40.0, '50-59': 25.8, '60-69': 39.0, '70-79': 34.0, '80-89': 33.1, '90-99': 49.1, 'old': 31.99, 'new': 49.1}
2022-08-18 19:56:30,615 [trainer.py] => CNN top1 curve: [90.2, 62.0, 61.9, 56.4, 51.12, 40.78, 42.56, 27.34, 31.68, 27.35]
2022-08-18 19:56:30,615 [trainer.py] => CNN top5 curve: [100.0, 88.7, 88.8, 85.45, 81.66, 71.85, 72.29, 56.18, 61.16, 56.55]
2022-08-18 19:56:30,615 [trainer.py] => NME top1 curve: [91.1, 67.15, 65.73, 60.3, 56.68, 45.0, 48.14, 32.46, 35.92, 33.7]
2022-08-18 19:56:30,615 [trainer.py] => NME top5 curve: [99.8, 92.95, 91.13, 87.98, 85.78, 76.03, 77.33, 62.48, 66.9, 63.78]

2022-08-19 17:18:51,430 [trainer.py] => config: ./exps/replay.json
2022-08-19 17:18:51,430 [trainer.py] => lr: 0.03
2022-08-19 17:18:51,430 [trainer.py] => warmup: 0
2022-08-19 17:18:51,430 [trainer.py] => wdecay: 0.0005
2022-08-19 17:18:51,430 [trainer.py] => nesterov: True
2022-08-19 17:18:51,430 [trainer.py] => ema_decay: 0.999
2022-08-19 17:18:51,430 [trainer.py] => gpu_id: 0
2022-08-19 17:18:51,430 [trainer.py] => prefix: reproduce
2022-08-19 17:18:51,430 [trainer.py] => dataset: cifar100
2022-08-19 17:18:51,430 [trainer.py] => memory_size: 2000
2022-08-19 17:18:51,430 [trainer.py] => memory_per_class: 20
2022-08-19 17:18:51,430 [trainer.py] => fixed_memory: False
2022-08-19 17:18:51,430 [trainer.py] => shuffle: True
2022-08-19 17:18:51,430 [trainer.py] => init_cls: 10
2022-08-19 17:18:51,430 [trainer.py] => increment: 10
2022-08-19 17:18:51,430 [trainer.py] => model_name: replay
2022-08-19 17:18:51,430 [trainer.py] => convnet_type: resnet32
2022-08-19 17:18:51,430 [trainer.py] => device: [device(type='cuda', index=0)]
2022-08-19 17:18:51,430 [trainer.py] => seed: 1993
2022-08-19 17:18:52,534 [data_manager.py] => [68, 56, 78, 8, 23, 84, 90, 65, 74, 76, 40, 89, 3, 92, 55, 9, 26, 80, 43, 38, 58, 70, 77, 1, 85, 19, 17, 50, 28, 53, 13, 81, 45, 82, 6, 59, 83, 16, 15, 44, 91, 41, 72, 60, 79, 52, 20, 10, 31, 54, 37, 95, 14, 71, 96, 98, 97, 2, 64, 66, 42, 22, 35, 86, 24, 34, 87, 21, 99, 0, 88, 27, 18, 94, 11, 12, 47, 25, 30, 46, 62, 69, 36, 61, 7, 63, 75, 5, 32, 4, 51, 48, 73, 93, 39, 67, 29, 49, 57, 33]
2022-08-19 17:18:52,718 [wideresnet.py] => Model: WideResNet 28x2
2022-08-19 17:18:53,763 [trainer.py] => All params: 1466320
2022-08-19 17:18:53,763 [trainer.py] => Trainable params: 1466320
2022-08-19 17:18:53,763 [replay.py] => Learning on 0-10
2022-08-19 18:36:57,915 [base.py] => Reducing exemplars...(200 per classes)
2022-08-19 18:36:57,916 [base.py] => Constructing exemplars...(200 per classes)
2022-08-19 18:37:01,270 [replay.py] => Exemplar size: 2000
2022-08-19 18:37:01,270 [trainer.py] => CNN: {'total': 90.2, '00-09': 90.2, 'old': 0, 'new': 90.2}
2022-08-19 18:37:01,270 [trainer.py] => NME: {'total': 91.1, '00-09': 91.1, 'old': 0, 'new': 91.1}
2022-08-19 18:37:01,270 [trainer.py] => CNN top1 curve: [90.2]
2022-08-19 18:37:01,270 [trainer.py] => CNN top5 curve: [100.0]
2022-08-19 18:37:01,270 [trainer.py] => NME top1 curve: [91.1]
2022-08-19 18:37:01,270 [trainer.py] => NME top5 curve: [99.8]

2022-08-19 18:37:01,270 [trainer.py] => All params: 1467610
2022-08-19 18:37:01,270 [trainer.py] => Trainable params: 1467610
2022-08-19 18:37:01,272 [replay.py] => Learning on 10-20
2022-08-19 20:16:57,313 [base.py] => Reducing exemplars...(100 per classes)
2022-08-19 20:16:58,302 [base.py] => Constructing exemplars...(100 per classes)
2022-08-19 20:17:01,565 [replay.py] => Exemplar size: 2000
2022-08-19 20:17:01,565 [trainer.py] => CNN: {'total': 68.2, '00-09': 77.4, '10-19': 59.0, 'old': 77.4, 'new': 59.0}
2022-08-19 20:17:01,565 [trainer.py] => NME: {'total': 70.75, '00-09': 76.8, '10-19': 64.7, 'old': 76.8, 'new': 64.7}
2022-08-19 20:17:01,565 [trainer.py] => CNN top1 curve: [90.2, 68.2]
2022-08-19 20:17:01,565 [trainer.py] => CNN top5 curve: [100.0, 91.55]
2022-08-19 20:17:01,565 [trainer.py] => NME top1 curve: [91.1, 70.75]
2022-08-19 20:17:01,565 [trainer.py] => NME top5 curve: [99.8, 93.8]

2022-08-19 20:17:01,565 [trainer.py] => All params: 1468900
2022-08-19 20:17:01,565 [trainer.py] => Trainable params: 1468900
2022-08-19 20:17:01,566 [replay.py] => Learning on 20-30
2022-08-19 21:56:37,927 [base.py] => Reducing exemplars...(66 per classes)
2022-08-19 21:56:39,827 [base.py] => Constructing exemplars...(66 per classes)
2022-08-19 21:56:43,302 [replay.py] => Exemplar size: 1980
2022-08-19 21:56:43,302 [trainer.py] => CNN: {'total': 64.53, '00-09': 69.7, '10-19': 52.4, '20-29': 71.5, 'old': 61.05, 'new': 71.5}
2022-08-19 21:56:43,302 [trainer.py] => NME: {'total': 66.73, '00-09': 69.9, '10-19': 56.6, '20-29': 73.7, 'old': 63.25, 'new': 73.7}
2022-08-19 21:56:43,303 [trainer.py] => CNN top1 curve: [90.2, 68.2, 64.53]
2022-08-19 21:56:43,303 [trainer.py] => CNN top5 curve: [100.0, 91.55, 89.07]
2022-08-19 21:56:43,303 [trainer.py] => NME top1 curve: [91.1, 70.75, 66.73]
2022-08-19 21:56:43,303 [trainer.py] => NME top5 curve: [99.8, 93.8, 90.57]

2022-08-19 21:56:43,303 [trainer.py] => All params: 1470190
2022-08-19 21:56:43,303 [trainer.py] => Trainable params: 1470190
2022-08-19 21:56:43,304 [replay.py] => Learning on 30-40
2022-08-29 11:49:46,616 [trainer.py] => config: ./exps/replay.json
2022-08-29 11:49:46,617 [trainer.py] => lr: 0.03
2022-08-29 11:49:46,617 [trainer.py] => warmup: 0
2022-08-29 11:49:46,617 [trainer.py] => wdecay: 0.0005
2022-08-29 11:49:46,617 [trainer.py] => nesterov: True
2022-08-29 11:49:46,617 [trainer.py] => ema_decay: 0.999
2022-08-29 11:49:46,617 [trainer.py] => gpu_id: 0
2022-08-29 11:49:46,617 [trainer.py] => prefix: reproduce
2022-08-29 11:49:46,617 [trainer.py] => dataset: cifar100
2022-08-29 11:49:46,617 [trainer.py] => memory_size: 2000
2022-08-29 11:49:46,617 [trainer.py] => memory_per_class: 20
2022-08-29 11:49:46,617 [trainer.py] => fixed_memory: False
2022-08-29 11:49:46,617 [trainer.py] => shuffle: True
2022-08-29 11:49:46,617 [trainer.py] => init_cls: 10
2022-08-29 11:49:46,617 [trainer.py] => increment: 10
2022-08-29 11:49:46,617 [trainer.py] => model_name: replay
2022-08-29 11:49:46,617 [trainer.py] => convnet_type: resnet32
2022-08-29 11:49:46,617 [trainer.py] => device: [device(type='cuda', index=0)]
2022-08-29 11:49:46,617 [trainer.py] => seed: 1993
2022-08-29 11:49:47,748 [data_manager.py] => [68, 56, 78, 8, 23, 84, 90, 65, 74, 76, 40, 89, 3, 92, 55, 9, 26, 80, 43, 38, 58, 70, 77, 1, 85, 19, 17, 50, 28, 53, 13, 81, 45, 82, 6, 59, 83, 16, 15, 44, 91, 41, 72, 60, 79, 52, 20, 10, 31, 54, 37, 95, 14, 71, 96, 98, 97, 2, 64, 66, 42, 22, 35, 86, 24, 34, 87, 21, 99, 0, 88, 27, 18, 94, 11, 12, 47, 25, 30, 46, 62, 69, 36, 61, 7, 63, 75, 5, 32, 4, 51, 48, 73, 93, 39, 67, 29, 49, 57, 33]
2022-08-29 11:49:47,918 [wideresnet.py] => Model: WideResNet 28x2
2022-08-29 11:49:48,571 [trainer.py] => All params: 1466320
2022-08-29 11:49:48,572 [trainer.py] => Trainable params: 1466320
2022-08-29 11:49:48,572 [replay.py] => Learning on 0-10
2022-08-29 13:08:00,725 [base.py] => Reducing exemplars...(200 per classes)
2022-08-29 13:08:00,726 [base.py] => Constructing exemplars...(200 per classes)
2022-08-29 13:08:04,180 [replay.py] => Exemplar size: 2000
2022-08-29 13:08:04,180 [trainer.py] => CNN: {'total': 87.3, '00-09': 87.3, 'old': 0, 'new': 87.3}
2022-08-29 13:08:04,181 [trainer.py] => NME: {'total': 88.5, '00-09': 88.5, 'old': 0, 'new': 88.5}
2022-08-29 13:08:04,181 [trainer.py] => CNN top1 curve: [87.3]
2022-08-29 13:08:04,181 [trainer.py] => CNN top5 curve: [99.2]
2022-08-29 13:08:04,181 [trainer.py] => NME top1 curve: [88.5]
2022-08-29 13:08:04,181 [trainer.py] => NME top5 curve: [99.4]

2022-08-29 13:08:04,181 [trainer.py] => All params: 1467610
2022-08-29 13:08:04,181 [trainer.py] => Trainable params: 1467610
2022-08-29 13:08:04,181 [replay.py] => Learning on 10-20
2022-08-29 14:55:23,729 [base.py] => Reducing exemplars...(100 per classes)
2022-08-29 14:55:24,754 [base.py] => Constructing exemplars...(100 per classes)
2022-08-29 14:55:28,143 [replay.py] => Exemplar size: 2000
2022-08-29 14:55:28,143 [trainer.py] => CNN: {'total': 49.6, '00-09': 75.9, '10-19': 23.3, 'old': 75.9, 'new': 23.3}
2022-08-29 14:55:28,144 [trainer.py] => NME: {'total': 59.05, '00-09': 68.7, '10-19': 49.4, 'old': 68.7, 'new': 49.4}
2022-08-29 14:55:28,144 [trainer.py] => CNN top1 curve: [87.3, 49.6]
2022-08-29 14:55:28,144 [trainer.py] => CNN top5 curve: [99.2, 79.75]
2022-08-29 14:55:28,144 [trainer.py] => NME top1 curve: [88.5, 59.05]
2022-08-29 14:55:28,144 [trainer.py] => NME top5 curve: [99.4, 89.65]

2022-08-29 14:55:28,144 [trainer.py] => All params: 1468900
2022-08-29 14:55:28,144 [trainer.py] => Trainable params: 1468900
2022-08-29 14:55:28,145 [replay.py] => Learning on 20-30
2022-08-29 16:38:11,887 [base.py] => Reducing exemplars...(66 per classes)
2022-08-29 16:38:14,023 [base.py] => Constructing exemplars...(66 per classes)
2022-08-29 16:38:17,770 [replay.py] => Exemplar size: 1980
2022-08-29 16:38:17,771 [trainer.py] => CNN: {'total': 51.4, '00-09': 63.7, '10-19': 52.1, '20-29': 38.4, 'old': 57.9, 'new': 38.4}
2022-08-29 16:38:17,771 [trainer.py] => NME: {'total': 55.93, '00-09': 62.0, '10-19': 49.2, '20-29': 56.6, 'old': 55.6, 'new': 56.6}
2022-08-29 16:38:17,771 [trainer.py] => CNN top1 curve: [87.3, 49.6, 51.4]
2022-08-29 16:38:17,771 [trainer.py] => CNN top5 curve: [99.2, 79.75, 82.47]
2022-08-29 16:38:17,771 [trainer.py] => NME top1 curve: [88.5, 59.05, 55.93]
2022-08-29 16:38:17,771 [trainer.py] => NME top5 curve: [99.4, 89.65, 86.93]

2022-08-29 16:38:17,771 [trainer.py] => All params: 1470190
2022-08-29 16:38:17,771 [trainer.py] => Trainable params: 1470190
2022-08-29 16:38:17,772 [replay.py] => Learning on 30-40
2022-08-29 18:24:19,972 [base.py] => Reducing exemplars...(50 per classes)
2022-08-29 18:24:22,954 [base.py] => Constructing exemplars...(50 per classes)
2022-08-29 18:24:26,716 [replay.py] => Exemplar size: 2000
2022-08-29 18:24:26,716 [trainer.py] => CNN: {'total': 48.65, '00-09': 56.6, '10-19': 41.5, '20-29': 58.7, '30-39': 37.8, 'old': 52.27, 'new': 37.8}
2022-08-29 18:24:26,716 [trainer.py] => NME: {'total': 51.08, '00-09': 55.5, '10-19': 40.2, '20-29': 56.2, '30-39': 52.4, 'old': 50.63, 'new': 52.4}
2022-08-29 18:24:26,716 [trainer.py] => CNN top1 curve: [87.3, 49.6, 51.4, 48.65]
2022-08-29 18:24:26,716 [trainer.py] => CNN top5 curve: [99.2, 79.75, 82.47, 81.12]
2022-08-29 18:24:26,716 [trainer.py] => NME top1 curve: [88.5, 59.05, 55.93, 51.08]
2022-08-29 18:24:26,716 [trainer.py] => NME top5 curve: [99.4, 89.65, 86.93, 84.8]

2022-08-29 18:24:26,716 [trainer.py] => All params: 1471480
2022-08-29 18:24:26,716 [trainer.py] => Trainable params: 1471480
2022-08-29 18:24:26,717 [replay.py] => Learning on 40-50
2022-08-29 20:09:20,313 [base.py] => Reducing exemplars...(40 per classes)
2022-08-29 20:09:24,265 [base.py] => Constructing exemplars...(40 per classes)
2022-08-29 20:09:28,205 [replay.py] => Exemplar size: 2000
2022-08-29 20:09:28,205 [trainer.py] => CNN: {'total': 43.76, '00-09': 48.0, '10-19': 33.0, '20-29': 49.2, '30-39': 46.9, '40-49': 41.7, 'old': 44.28, 'new': 41.7}
2022-08-29 20:09:28,205 [trainer.py] => NME: {'total': 48.92, '00-09': 51.3, '10-19': 37.3, '20-29': 50.0, '30-39': 47.0, '40-49': 59.0, 'old': 46.4, 'new': 59.0}
2022-08-29 20:09:28,205 [trainer.py] => CNN top1 curve: [87.3, 49.6, 51.4, 48.65, 43.76]
2022-08-29 20:09:28,205 [trainer.py] => CNN top5 curve: [99.2, 79.75, 82.47, 81.12, 76.74]
2022-08-29 20:09:28,205 [trainer.py] => NME top1 curve: [88.5, 59.05, 55.93, 51.08, 48.92]
2022-08-29 20:09:28,205 [trainer.py] => NME top5 curve: [99.4, 89.65, 86.93, 84.8, 81.06]

2022-08-29 20:09:28,206 [trainer.py] => All params: 1472770
2022-08-29 20:09:28,206 [trainer.py] => Trainable params: 1472770
2022-08-29 20:09:28,206 [replay.py] => Learning on 50-60
2022-08-29 21:53:29,515 [base.py] => Reducing exemplars...(33 per classes)
2022-08-29 21:53:34,328 [base.py] => Constructing exemplars...(33 per classes)
2022-08-29 21:53:38,449 [replay.py] => Exemplar size: 1980
2022-08-29 21:53:38,449 [trainer.py] => CNN: {'total': 33.02, '00-09': 31.6, '10-19': 25.2, '20-29': 36.4, '30-39': 31.9, '40-49': 44.6, '50-59': 28.4, 'old': 33.94, 'new': 28.4}
2022-08-29 21:53:38,449 [trainer.py] => NME: {'total': 36.9, '00-09': 33.3, '10-19': 28.5, '20-29': 36.1, '30-39': 33.7, '40-49': 43.7, '50-59': 46.1, 'old': 35.06, 'new': 46.1}
2022-08-29 21:53:38,449 [trainer.py] => CNN top1 curve: [87.3, 49.6, 51.4, 48.65, 43.76, 33.02]
2022-08-29 21:53:38,449 [trainer.py] => CNN top5 curve: [99.2, 79.75, 82.47, 81.12, 76.74, 63.7]
2022-08-29 21:53:38,449 [trainer.py] => NME top1 curve: [88.5, 59.05, 55.93, 51.08, 48.92, 36.9]
2022-08-29 21:53:38,449 [trainer.py] => NME top5 curve: [99.4, 89.65, 86.93, 84.8, 81.06, 68.45]

2022-08-29 21:53:38,449 [trainer.py] => All params: 1474060
2022-08-29 21:53:38,449 [trainer.py] => Trainable params: 1474060
2022-08-29 21:53:38,450 [replay.py] => Learning on 60-70
2022-08-29 23:35:26,577 [base.py] => Reducing exemplars...(28 per classes)
2022-08-29 23:35:32,286 [base.py] => Constructing exemplars...(28 per classes)
2022-08-29 23:35:36,585 [replay.py] => Exemplar size: 1960
2022-08-29 23:35:36,585 [trainer.py] => CNN: {'total': 37.69, '00-09': 38.1, '10-19': 28.2, '20-29': 39.1, '30-39': 36.9, '40-49': 42.3, '50-59': 37.7, '60-69': 41.5, 'old': 37.05, 'new': 41.5}
2022-08-29 23:35:36,585 [trainer.py] => NME: {'total': 41.81, '00-09': 41.6, '10-19': 29.4, '20-29': 45.8, '30-39': 35.1, '40-49': 44.9, '50-59': 40.9, '60-69': 55.0, 'old': 39.62, 'new': 55.0}
2022-08-29 23:35:36,586 [trainer.py] => CNN top1 curve: [87.3, 49.6, 51.4, 48.65, 43.76, 33.02, 37.69]
2022-08-29 23:35:36,586 [trainer.py] => CNN top5 curve: [99.2, 79.75, 82.47, 81.12, 76.74, 63.7, 67.63]
2022-08-29 23:35:36,586 [trainer.py] => NME top1 curve: [88.5, 59.05, 55.93, 51.08, 48.92, 36.9, 41.81]
2022-08-29 23:35:36,586 [trainer.py] => NME top5 curve: [99.4, 89.65, 86.93, 84.8, 81.06, 68.45, 72.9]

2022-08-29 23:35:36,586 [trainer.py] => All params: 1475350
2022-08-29 23:35:36,586 [trainer.py] => Trainable params: 1475350
2022-08-29 23:35:36,587 [replay.py] => Learning on 70-80
2022-08-30 01:15:28,906 [base.py] => Reducing exemplars...(25 per classes)
2022-08-30 01:15:35,627 [base.py] => Constructing exemplars...(25 per classes)
2022-08-30 01:15:40,111 [replay.py] => Exemplar size: 2000
2022-08-30 01:15:40,111 [trainer.py] => CNN: {'total': 29.11, '00-09': 27.6, '10-19': 17.4, '20-29': 30.7, '30-39': 30.3, '40-49': 35.0, '50-59': 25.1, '60-69': 32.8, '70-79': 34.0, 'old': 28.41, 'new': 34.0}
2022-08-30 01:15:40,111 [trainer.py] => NME: {'total': 34.55, '00-09': 30.9, '10-19': 23.9, '20-29': 34.3, '30-39': 31.4, '40-49': 39.8, '50-59': 27.1, '60-69': 40.5, '70-79': 48.5, 'old': 32.56, 'new': 48.5}
2022-08-30 01:15:40,111 [trainer.py] => CNN top1 curve: [87.3, 49.6, 51.4, 48.65, 43.76, 33.02, 37.69, 29.11]
2022-08-30 01:15:40,111 [trainer.py] => CNN top5 curve: [99.2, 79.75, 82.47, 81.12, 76.74, 63.7, 67.63, 58.52]
2022-08-30 01:15:40,111 [trainer.py] => NME top1 curve: [88.5, 59.05, 55.93, 51.08, 48.92, 36.9, 41.81, 34.55]
2022-08-30 01:15:40,111 [trainer.py] => NME top5 curve: [99.4, 89.65, 86.93, 84.8, 81.06, 68.45, 72.9, 65.32]

2022-08-30 01:15:40,112 [trainer.py] => All params: 1476640
2022-08-30 01:15:40,112 [trainer.py] => Trainable params: 1476640
2022-08-30 01:15:40,112 [replay.py] => Learning on 80-90
2022-08-30 02:57:02,378 [base.py] => Reducing exemplars...(22 per classes)
2022-08-30 02:57:10,143 [base.py] => Constructing exemplars...(22 per classes)
2022-08-30 02:57:14,849 [replay.py] => Exemplar size: 1980
2022-08-30 02:57:14,849 [trainer.py] => CNN: {'total': 28.7, '00-09': 27.5, '10-19': 15.9, '20-29': 24.8, '30-39': 26.3, '40-49': 35.9, '50-59': 26.4, '60-69': 33.9, '70-79': 32.1, '80-89': 35.5, 'old': 27.85, 'new': 35.5}
2022-08-30 02:57:14,849 [trainer.py] => NME: {'total': 32.72, '00-09': 30.9, '10-19': 21.3, '20-29': 33.3, '30-39': 27.1, '40-49': 39.0, '50-59': 30.1, '60-69': 35.3, '70-79': 32.9, '80-89': 44.6, 'old': 31.24, 'new': 44.6}
2022-08-30 02:57:14,849 [trainer.py] => CNN top1 curve: [87.3, 49.6, 51.4, 48.65, 43.76, 33.02, 37.69, 29.11, 28.7]
2022-08-30 02:57:14,849 [trainer.py] => CNN top5 curve: [99.2, 79.75, 82.47, 81.12, 76.74, 63.7, 67.63, 58.52, 56.49]
2022-08-30 02:57:14,849 [trainer.py] => NME top1 curve: [88.5, 59.05, 55.93, 51.08, 48.92, 36.9, 41.81, 34.55, 32.72]
2022-08-30 02:57:14,849 [trainer.py] => NME top5 curve: [99.4, 89.65, 86.93, 84.8, 81.06, 68.45, 72.9, 65.32, 62.94]

2022-08-30 02:57:14,849 [trainer.py] => All params: 1477930
2022-08-30 02:57:14,849 [trainer.py] => Trainable params: 1477930
2022-08-30 02:57:14,850 [replay.py] => Learning on 90-100
2022-08-30 04:39:42,865 [base.py] => Reducing exemplars...(20 per classes)
2022-08-30 04:39:51,645 [base.py] => Constructing exemplars...(20 per classes)
2022-08-30 04:39:56,581 [replay.py] => Exemplar size: 2000
2022-08-30 04:39:56,581 [trainer.py] => CNN: {'total': 26.6, '00-09': 22.5, '10-19': 16.2, '20-29': 30.9, '30-39': 26.3, '40-49': 31.5, '50-59': 23.6, '60-69': 31.3, '70-79': 25.9, '80-89': 22.3, '90-99': 35.5, 'old': 25.61, 'new': 35.5}
2022-08-30 04:39:56,581 [trainer.py] => NME: {'total': 32.56, '00-09': 29.1, '10-19': 23.2, '20-29': 36.7, '30-39': 30.3, '40-49': 39.5, '50-59': 26.0, '60-69': 35.4, '70-79': 33.3, '80-89': 30.0, '90-99': 42.1, 'old': 31.5, 'new': 42.1}
2022-08-30 04:39:56,581 [trainer.py] => CNN top1 curve: [87.3, 49.6, 51.4, 48.65, 43.76, 33.02, 37.69, 29.11, 28.7, 26.6]
2022-08-30 04:39:56,581 [trainer.py] => CNN top5 curve: [99.2, 79.75, 82.47, 81.12, 76.74, 63.7, 67.63, 58.52, 56.49, 54.34]
2022-08-30 04:39:56,581 [trainer.py] => NME top1 curve: [88.5, 59.05, 55.93, 51.08, 48.92, 36.9, 41.81, 34.55, 32.72, 32.56]
2022-08-30 04:39:56,581 [trainer.py] => NME top5 curve: [99.4, 89.65, 86.93, 84.8, 81.06, 68.45, 72.9, 65.32, 62.94, 62.36]

2022-09-02 11:16:28,628 [trainer.py] => config: ./exps/replay.json
2022-09-02 11:16:28,628 [trainer.py] => lr: 0.03
2022-09-02 11:16:28,628 [trainer.py] => warmup: 0
2022-09-02 11:16:28,628 [trainer.py] => wdecay: 0.0005
2022-09-02 11:16:28,628 [trainer.py] => nesterov: True
2022-09-02 11:16:28,628 [trainer.py] => ema_decay: 0.999
2022-09-02 11:16:28,628 [trainer.py] => gpu_id: 0
2022-09-02 11:16:28,628 [trainer.py] => prefix: reproduce
2022-09-02 11:16:28,628 [trainer.py] => dataset: cifar100
2022-09-02 11:16:28,628 [trainer.py] => memory_size: 2000
2022-09-02 11:16:28,628 [trainer.py] => memory_per_class: 20
2022-09-02 11:16:28,628 [trainer.py] => fixed_memory: False
2022-09-02 11:16:28,628 [trainer.py] => shuffle: True
2022-09-02 11:16:28,628 [trainer.py] => init_cls: 10
2022-09-02 11:16:28,628 [trainer.py] => increment: 10
2022-09-02 11:16:28,628 [trainer.py] => model_name: replay
2022-09-02 11:16:28,628 [trainer.py] => convnet_type: resnet32
2022-09-02 11:16:28,628 [trainer.py] => device: [device(type='cuda', index=0)]
2022-09-02 11:16:28,628 [trainer.py] => seed: 1993
2022-09-02 11:16:29,700 [data_manager.py] => [68, 56, 78, 8, 23, 84, 90, 65, 74, 76, 40, 89, 3, 92, 55, 9, 26, 80, 43, 38, 58, 70, 77, 1, 85, 19, 17, 50, 28, 53, 13, 81, 45, 82, 6, 59, 83, 16, 15, 44, 91, 41, 72, 60, 79, 52, 20, 10, 31, 54, 37, 95, 14, 71, 96, 98, 97, 2, 64, 66, 42, 22, 35, 86, 24, 34, 87, 21, 99, 0, 88, 27, 18, 94, 11, 12, 47, 25, 30, 46, 62, 69, 36, 61, 7, 63, 75, 5, 32, 4, 51, 48, 73, 93, 39, 67, 29, 49, 57, 33]
2022-09-02 11:16:29,755 [wideresnet.py] => Model: WideResNet 28x2
2022-09-02 11:16:30,949 [trainer.py] => All params: 1466320
2022-09-02 11:16:30,950 [trainer.py] => Trainable params: 1466320
2022-09-02 11:16:30,950 [replay.py] => Learning on 0-10
2022-09-02 12:34:20,639 [base.py] => Reducing exemplars...(200 per classes)
2022-09-02 12:34:20,639 [base.py] => Constructing exemplars...(200 per classes)
2022-09-02 12:34:24,030 [replay.py] => Exemplar size: 2000
2022-09-02 12:34:24,030 [trainer.py] => CNN: {'total': 64.7, '00-09': 64.7, 'old': 0, 'new': 64.7}
2022-09-02 12:34:24,030 [trainer.py] => NME: {'total': 75.7, '00-09': 75.7, 'old': 0, 'new': 75.7}
2022-09-02 12:34:24,030 [trainer.py] => CNN top1 curve: [64.7]
2022-09-02 12:34:24,030 [trainer.py] => CNN top5 curve: [93.8]
2022-09-02 12:34:24,030 [trainer.py] => NME top1 curve: [75.7]
2022-09-02 12:34:24,030 [trainer.py] => NME top5 curve: [98.8]

2022-09-02 12:34:24,030 [trainer.py] => All params: 1467610
2022-09-02 12:34:24,031 [trainer.py] => Trainable params: 1467610
2022-09-02 12:34:24,032 [replay.py] => Learning on 10-20
2022-09-02 14:14:36,342 [base.py] => Reducing exemplars...(100 per classes)
2022-09-02 14:14:37,322 [base.py] => Constructing exemplars...(100 per classes)
2022-09-02 14:14:40,620 [replay.py] => Exemplar size: 2000
2022-09-02 14:14:40,620 [trainer.py] => CNN: {'total': 40.6, '00-09': 74.9, '10-19': 6.3, 'old': 74.9, 'new': 6.3}
2022-09-02 14:14:40,620 [trainer.py] => NME: {'total': 54.55, '00-09': 67.9, '10-19': 41.2, 'old': 67.9, 'new': 41.2}
2022-09-02 14:14:40,620 [trainer.py] => CNN top1 curve: [64.7, 40.6]
2022-09-02 14:14:40,620 [trainer.py] => CNN top5 curve: [93.8, 62.55]
2022-09-02 14:14:40,620 [trainer.py] => NME top1 curve: [75.7, 54.55]
2022-09-02 14:14:40,620 [trainer.py] => NME top5 curve: [98.8, 87.2]

2022-09-02 14:14:40,621 [trainer.py] => All params: 1468900
2022-09-02 14:14:40,621 [trainer.py] => Trainable params: 1468900
2022-09-02 14:14:40,621 [replay.py] => Learning on 20-30
2022-09-02 15:54:25,299 [base.py] => Reducing exemplars...(66 per classes)
2022-09-02 15:54:27,286 [base.py] => Constructing exemplars...(66 per classes)
2022-09-02 15:54:30,790 [replay.py] => Exemplar size: 1980
2022-09-02 15:54:30,790 [trainer.py] => CNN: {'total': 44.1, '00-09': 66.0, '10-19': 56.1, '20-29': 10.2, 'old': 61.05, 'new': 10.2}
2022-09-02 15:54:30,790 [trainer.py] => NME: {'total': 53.83, '00-09': 62.7, '10-19': 48.5, '20-29': 50.3, 'old': 55.6, 'new': 50.3}
2022-09-02 15:54:30,790 [trainer.py] => CNN top1 curve: [64.7, 40.6, 44.1]
2022-09-02 15:54:30,790 [trainer.py] => CNN top5 curve: [93.8, 62.55, 73.13]
2022-09-02 15:54:30,790 [trainer.py] => NME top1 curve: [75.7, 54.55, 53.83]
2022-09-02 15:54:30,790 [trainer.py] => NME top5 curve: [98.8, 87.2, 85.87]

2022-09-02 15:54:30,790 [trainer.py] => All params: 1470190
2022-09-02 15:54:30,791 [trainer.py] => Trainable params: 1470190
2022-09-02 15:54:30,791 [replay.py] => Learning on 30-40
2022-09-02 17:34:18,382 [base.py] => Reducing exemplars...(50 per classes)
2022-09-02 17:34:21,077 [base.py] => Constructing exemplars...(50 per classes)
2022-09-02 17:34:24,686 [replay.py] => Exemplar size: 2000
2022-09-02 17:34:24,686 [trainer.py] => CNN: {'total': 42.7, '00-09': 60.7, '10-19': 44.0, '20-29': 59.6, '30-39': 6.5, 'old': 54.77, 'new': 6.5}
2022-09-02 17:34:24,686 [trainer.py] => NME: {'total': 49.05, '00-09': 59.0, '10-19': 44.7, '20-29': 54.6, '30-39': 37.9, 'old': 52.77, 'new': 37.9}
2022-09-02 17:34:24,686 [trainer.py] => CNN top1 curve: [64.7, 40.6, 44.1, 42.7]
2022-09-02 17:34:24,686 [trainer.py] => CNN top5 curve: [93.8, 62.55, 73.13, 70.4]
2022-09-02 17:34:24,686 [trainer.py] => NME top1 curve: [75.7, 54.55, 53.83, 49.05]
2022-09-02 17:34:24,686 [trainer.py] => NME top5 curve: [98.8, 87.2, 85.87, 81.82]

2022-09-02 17:34:24,686 [trainer.py] => All params: 1471480
2022-09-02 17:34:24,686 [trainer.py] => Trainable params: 1471480
2022-09-02 17:34:24,687 [replay.py] => Learning on 40-50
2022-09-02 19:13:53,760 [base.py] => Reducing exemplars...(40 per classes)
2022-09-02 19:13:57,459 [base.py] => Constructing exemplars...(40 per classes)
2022-09-02 19:14:01,252 [replay.py] => Exemplar size: 2000
2022-09-02 19:14:01,252 [trainer.py] => CNN: {'total': 35.16, '00-09': 47.3, '10-19': 33.8, '20-29': 43.5, '30-39': 45.0, '40-49': 6.2, 'old': 42.4, 'new': 6.2}
2022-09-02 19:14:01,252 [trainer.py] => NME: {'total': 42.96, '00-09': 48.1, '10-19': 33.4, '20-29': 43.6, '30-39': 42.3, '40-49': 47.4, 'old': 41.85, 'new': 47.4}
2022-09-02 19:14:01,252 [trainer.py] => CNN top1 curve: [64.7, 40.6, 44.1, 42.7, 35.16]
2022-09-02 19:14:01,252 [trainer.py] => CNN top5 curve: [93.8, 62.55, 73.13, 70.4, 67.4]
2022-09-02 19:14:01,252 [trainer.py] => NME top1 curve: [75.7, 54.55, 53.83, 49.05, 42.96]
2022-09-02 19:14:01,252 [trainer.py] => NME top5 curve: [98.8, 87.2, 85.87, 81.82, 77.08]

2022-09-02 19:14:01,252 [trainer.py] => All params: 1472770
2022-09-02 19:14:01,252 [trainer.py] => Trainable params: 1472770
2022-09-02 19:14:01,253 [replay.py] => Learning on 50-60
2022-09-02 20:54:57,467 [base.py] => Reducing exemplars...(33 per classes)
2022-09-02 20:55:01,996 [base.py] => Constructing exemplars...(33 per classes)
2022-09-02 20:55:06,056 [replay.py] => Exemplar size: 1980
2022-09-02 20:55:06,057 [trainer.py] => CNN: {'total': 26.55, '00-09': 34.6, '10-19': 21.2, '20-29': 30.7, '30-39': 28.6, '40-49': 40.0, '50-59': 4.2, 'old': 31.02, 'new': 4.2}
2022-09-02 20:55:06,057 [trainer.py] => NME: {'total': 31.27, '00-09': 33.0, '10-19': 22.1, '20-29': 31.9, '30-39': 26.2, '40-49': 41.2, '50-59': 33.2, 'old': 30.88, 'new': 33.2}
2022-09-02 20:55:06,057 [trainer.py] => CNN top1 curve: [64.7, 40.6, 44.1, 42.7, 35.16, 26.55]
2022-09-02 20:55:06,057 [trainer.py] => CNN top5 curve: [93.8, 62.55, 73.13, 70.4, 67.4, 55.27]
2022-09-02 20:55:06,057 [trainer.py] => NME top1 curve: [75.7, 54.55, 53.83, 49.05, 42.96, 31.27]
2022-09-02 20:55:06,057 [trainer.py] => NME top5 curve: [98.8, 87.2, 85.87, 81.82, 77.08, 62.3]

2022-09-02 20:55:06,057 [trainer.py] => All params: 1474060
2022-09-02 20:55:06,057 [trainer.py] => Trainable params: 1474060
2022-09-02 20:55:06,058 [replay.py] => Learning on 60-70
2022-09-02 22:35:32,478 [base.py] => Reducing exemplars...(28 per classes)
2022-09-02 22:35:38,004 [base.py] => Constructing exemplars...(28 per classes)
2022-09-02 22:35:42,195 [replay.py] => Exemplar size: 1960
2022-09-02 22:35:42,195 [trainer.py] => CNN: {'total': 29.64, '00-09': 39.7, '10-19': 26.8, '20-29': 33.0, '30-39': 29.7, '40-49': 39.4, '50-59': 33.7, '60-69': 5.2, 'old': 33.72, 'new': 5.2}
2022-09-02 22:35:42,195 [trainer.py] => NME: {'total': 36.06, '00-09': 38.8, '10-19': 26.4, '20-29': 33.7, '30-39': 29.3, '40-49': 43.9, '50-59': 37.8, '60-69': 42.5, 'old': 34.98, 'new': 42.5}
2022-09-02 22:35:42,195 [trainer.py] => CNN top1 curve: [64.7, 40.6, 44.1, 42.7, 35.16, 26.55, 29.64]
2022-09-02 22:35:42,196 [trainer.py] => CNN top5 curve: [93.8, 62.55, 73.13, 70.4, 67.4, 55.27, 56.91]
2022-09-02 22:35:42,196 [trainer.py] => NME top1 curve: [75.7, 54.55, 53.83, 49.05, 42.96, 31.27, 36.06]
2022-09-02 22:35:42,196 [trainer.py] => NME top5 curve: [98.8, 87.2, 85.87, 81.82, 77.08, 62.3, 66.49]

2022-09-02 22:35:42,196 [trainer.py] => All params: 1475350
2022-09-02 22:35:42,196 [trainer.py] => Trainable params: 1475350
2022-09-02 22:35:42,196 [replay.py] => Learning on 70-80
2022-09-03 00:16:41,020 [base.py] => Reducing exemplars...(25 per classes)
2022-09-03 00:16:47,284 [base.py] => Constructing exemplars...(25 per classes)
2022-09-03 00:16:51,687 [replay.py] => Exemplar size: 2000
2022-09-03 00:16:51,687 [trainer.py] => CNN: {'total': 28.81, '00-09': 31.1, '10-19': 21.2, '20-29': 31.5, '30-39': 26.6, '40-49': 39.8, '50-59': 37.1, '60-69': 38.5, '70-79': 4.7, 'old': 32.26, 'new': 4.7}
2022-09-03 00:16:51,687 [trainer.py] => NME: {'total': 34.36, '00-09': 34.9, '10-19': 23.8, '20-29': 34.1, '30-39': 27.9, '40-49': 42.8, '50-59': 32.0, '60-69': 40.7, '70-79': 38.7, 'old': 33.74, 'new': 38.7}
2022-09-03 00:16:51,687 [trainer.py] => CNN top1 curve: [64.7, 40.6, 44.1, 42.7, 35.16, 26.55, 29.64, 28.81]
2022-09-03 00:16:51,687 [trainer.py] => CNN top5 curve: [93.8, 62.55, 73.13, 70.4, 67.4, 55.27, 56.91, 56.14]
2022-09-03 00:16:51,687 [trainer.py] => NME top1 curve: [75.7, 54.55, 53.83, 49.05, 42.96, 31.27, 36.06, 34.36]
2022-09-03 00:16:51,687 [trainer.py] => NME top5 curve: [98.8, 87.2, 85.87, 81.82, 77.08, 62.3, 66.49, 65.74]

2022-09-03 00:16:51,687 [trainer.py] => All params: 1476640
2022-09-03 00:16:51,688 [trainer.py] => Trainable params: 1476640
2022-09-03 00:16:51,688 [replay.py] => Learning on 80-90
2022-09-03 01:58:00,063 [base.py] => Reducing exemplars...(22 per classes)
2022-09-03 01:58:07,056 [base.py] => Constructing exemplars...(22 per classes)
2022-09-03 01:58:11,594 [replay.py] => Exemplar size: 1980
2022-09-03 01:58:11,594 [trainer.py] => CNN: {'total': 22.13, '00-09': 25.2, '10-19': 14.8, '20-29': 25.0, '30-39': 18.1, '40-49': 32.3, '50-59': 21.9, '60-69': 29.8, '70-79': 28.9, '80-89': 3.2, 'old': 24.5, 'new': 3.2}
2022-09-03 01:58:11,594 [trainer.py] => NME: {'total': 27.11, '00-09': 26.1, '10-19': 16.2, '20-29': 28.3, '30-39': 20.3, '40-49': 34.5, '50-59': 24.1, '60-69': 33.8, '70-79': 32.9, '80-89': 27.8, 'old': 27.02, 'new': 27.8}
2022-09-03 01:58:11,594 [trainer.py] => CNN top1 curve: [64.7, 40.6, 44.1, 42.7, 35.16, 26.55, 29.64, 28.81, 22.13]
2022-09-03 01:58:11,595 [trainer.py] => CNN top5 curve: [93.8, 62.55, 73.13, 70.4, 67.4, 55.27, 56.91, 56.14, 48.12]
2022-09-03 01:58:11,595 [trainer.py] => NME top1 curve: [75.7, 54.55, 53.83, 49.05, 42.96, 31.27, 36.06, 34.36, 27.11]
2022-09-03 01:58:11,595 [trainer.py] => NME top5 curve: [98.8, 87.2, 85.87, 81.82, 77.08, 62.3, 66.49, 65.74, 56.88]

2022-09-03 01:58:11,595 [trainer.py] => All params: 1477930
2022-09-03 01:58:11,595 [trainer.py] => Trainable params: 1477930
2022-09-03 01:58:11,596 [replay.py] => Learning on 90-100
2022-09-03 03:39:41,484 [base.py] => Reducing exemplars...(20 per classes)
2022-09-03 03:39:49,539 [base.py] => Constructing exemplars...(20 per classes)
2022-09-03 03:39:54,276 [replay.py] => Exemplar size: 2000
2022-09-03 03:39:54,276 [trainer.py] => CNN: {'total': 22.45, '00-09': 25.3, '10-19': 12.6, '20-29': 27.1, '30-39': 18.0, '40-49': 29.1, '50-59': 23.1, '60-69': 31.6, '70-79': 28.6, '80-89': 25.5, '90-99': 3.6, 'old': 24.54, 'new': 3.6}
2022-09-03 03:39:54,276 [trainer.py] => NME: {'total': 27.2, '00-09': 27.5, '10-19': 16.8, '20-29': 29.8, '30-39': 21.6, '40-49': 34.5, '50-59': 22.6, '60-69': 36.8, '70-79': 28.0, '80-89': 27.0, '90-99': 27.4, 'old': 27.18, 'new': 27.4}
2022-09-03 03:39:54,276 [trainer.py] => CNN top1 curve: [64.7, 40.6, 44.1, 42.7, 35.16, 26.55, 29.64, 28.81, 22.13, 22.45]
2022-09-03 03:39:54,276 [trainer.py] => CNN top5 curve: [93.8, 62.55, 73.13, 70.4, 67.4, 55.27, 56.91, 56.14, 48.12, 47.65]
2022-09-03 03:39:54,276 [trainer.py] => NME top1 curve: [75.7, 54.55, 53.83, 49.05, 42.96, 31.27, 36.06, 34.36, 27.11, 27.2]
2022-09-03 03:39:54,276 [trainer.py] => NME top5 curve: [98.8, 87.2, 85.87, 81.82, 77.08, 62.3, 66.49, 65.74, 56.88, 56.91]

