2022-08-16 20:07:09,363 [trainer.py] => config: ./exps/replay_unlabel.json
2022-08-16 20:07:09,363 [trainer.py] => lr: 0.03
2022-08-16 20:07:09,363 [trainer.py] => warmup: 0
2022-08-16 20:07:09,363 [trainer.py] => wdecay: 0.0005
2022-08-16 20:07:09,363 [trainer.py] => nesterov: True
2022-08-16 20:07:09,363 [trainer.py] => ema_decay: 0.999
2022-08-16 20:07:09,363 [trainer.py] => gpu_id: 0
2022-08-16 20:07:09,363 [trainer.py] => prefix: reproduce
2022-08-16 20:07:09,363 [trainer.py] => dataset: cifar100
2022-08-16 20:07:09,363 [trainer.py] => memory_size: 2000
2022-08-16 20:07:09,363 [trainer.py] => memory_per_class: 20
2022-08-16 20:07:09,363 [trainer.py] => fixed_memory: False
2022-08-16 20:07:09,363 [trainer.py] => shuffle: True
2022-08-16 20:07:09,363 [trainer.py] => init_cls: 5
2022-08-16 20:07:09,363 [trainer.py] => increment: 2
2022-08-16 20:07:09,363 [trainer.py] => model_name: replay_unlabel
2022-08-16 20:07:09,363 [trainer.py] => convnet_type: resnet32
2022-08-16 20:07:09,363 [trainer.py] => device: [device(type='cuda', index=0)]
2022-08-16 20:07:09,363 [trainer.py] => seed: 1993
2022-08-16 20:07:10,415 [data_manager.py] => [68, 56, 78, 8, 23, 84, 90, 65, 74, 76, 40, 89, 3, 92, 55, 9, 26, 80, 43, 38, 58, 70, 77, 1, 85, 19, 17, 50, 28, 53, 13, 81, 45, 82, 6, 59, 83, 16, 15, 44, 91, 41, 72, 60, 79, 52, 20, 10, 31, 54, 37, 95, 14, 71, 96, 98, 97, 2, 64, 66, 42, 22, 35, 86, 24, 34, 87, 21, 99, 0, 88, 27, 18, 94, 11, 12, 47, 25, 30, 46, 62, 69, 36, 61, 7, 63, 75, 5, 32, 4, 51, 48, 73, 93, 39, 67, 29, 49, 57, 33]
2022-08-16 20:07:10,585 [wideresnet.py] => Model: WideResNet 28x2
2022-08-16 20:07:11,303 [trainer.py] => All params: 1466320
2022-08-16 20:07:11,303 [trainer.py] => Trainable params: 1466320
2022-08-16 20:07:11,303 [replay_unlabel.py] => Learning on 0-5
