2022-08-03 15:08:48,750 [trainer.py] => config: ./exps/ssl-finetune.json
2022-08-03 15:08:48,750 [trainer.py] => lr: 0.03
2022-08-03 15:08:48,750 [trainer.py] => warmup: 0
2022-08-03 15:08:48,750 [trainer.py] => wdecay: 0.0005
2022-08-03 15:08:48,750 [trainer.py] => nesterov: True
2022-08-03 15:08:48,750 [trainer.py] => ema_decay: 0.999
2022-08-03 15:08:48,750 [trainer.py] => prefix: reproduce
2022-08-03 15:08:48,750 [trainer.py] => dataset: cifar10
2022-08-03 15:08:48,750 [trainer.py] => memory_size: 2000
2022-08-03 15:08:48,751 [trainer.py] => memory_per_class: 20
2022-08-03 15:08:48,751 [trainer.py] => fixed_memory: False
2022-08-03 15:08:48,751 [trainer.py] => shuffle: True
2022-08-03 15:08:48,751 [trainer.py] => init_cls: 10
2022-08-03 15:08:48,751 [trainer.py] => increment: 10
2022-08-03 15:08:48,751 [trainer.py] => model_name: ssl_finetune
2022-08-03 15:08:48,751 [trainer.py] => convnet_type: resnet32
2022-08-03 15:08:48,751 [trainer.py] => device: [device(type='cuda', index=0)]
2022-08-03 15:08:48,751 [trainer.py] => seed: 1993
2022-08-03 15:08:49,755 [data_manager.py] => [4, 2, 7, 6, 0, 3, 5, 8, 9, 1]
2022-08-03 15:08:49,788 [trainer.py] => All params: 464154
2022-08-03 15:08:49,789 [trainer.py] => Trainable params: 464154
2022-08-03 15:08:49,789 [ssl_finetune.py] => Learning on 0-10
2022-08-03 15:09:24,294 [trainer.py] => config: ./exps/ssl-finetune.json
2022-08-03 15:09:24,294 [trainer.py] => lr: 0.03
2022-08-03 15:09:24,294 [trainer.py] => warmup: 0
2022-08-03 15:09:24,294 [trainer.py] => wdecay: 0.0005
2022-08-03 15:09:24,294 [trainer.py] => nesterov: True
2022-08-03 15:09:24,294 [trainer.py] => ema_decay: 0.999
2022-08-03 15:09:24,294 [trainer.py] => prefix: reproduce
2022-08-03 15:09:24,294 [trainer.py] => dataset: cifar10
2022-08-03 15:09:24,294 [trainer.py] => memory_size: 2000
2022-08-03 15:09:24,294 [trainer.py] => memory_per_class: 20
2022-08-03 15:09:24,294 [trainer.py] => fixed_memory: False
2022-08-03 15:09:24,294 [trainer.py] => shuffle: True
2022-08-03 15:09:24,294 [trainer.py] => init_cls: 10
2022-08-03 15:09:24,294 [trainer.py] => increment: 10
2022-08-03 15:09:24,294 [trainer.py] => model_name: ssl_finetune
2022-08-03 15:09:24,294 [trainer.py] => convnet_type: resnet32
2022-08-03 15:09:24,294 [trainer.py] => device: [device(type='cuda', index=0)]
2022-08-03 15:09:24,294 [trainer.py] => seed: 1993
2022-08-03 15:09:25,280 [data_manager.py] => [4, 2, 7, 6, 0, 3, 5, 8, 9, 1]
2022-08-03 15:09:25,319 [trainer.py] => All params: 464154
2022-08-03 15:09:25,319 [trainer.py] => Trainable params: 464154
2022-08-03 15:09:25,319 [ssl_finetune.py] => Learning on 0-10
2022-08-03 15:09:51,469 [trainer.py] => config: ./exps/ssl-finetune.json
2022-08-03 15:09:51,469 [trainer.py] => lr: 0.03
2022-08-03 15:09:51,469 [trainer.py] => warmup: 0
2022-08-03 15:09:51,469 [trainer.py] => wdecay: 0.0005
2022-08-03 15:09:51,469 [trainer.py] => nesterov: True
2022-08-03 15:09:51,469 [trainer.py] => ema_decay: 0.999
2022-08-03 15:09:51,469 [trainer.py] => prefix: reproduce
2022-08-03 15:09:51,469 [trainer.py] => dataset: cifar10
2022-08-03 15:09:51,469 [trainer.py] => memory_size: 2000
2022-08-03 15:09:51,469 [trainer.py] => memory_per_class: 20
2022-08-03 15:09:51,469 [trainer.py] => fixed_memory: False
2022-08-03 15:09:51,469 [trainer.py] => shuffle: True
2022-08-03 15:09:51,469 [trainer.py] => init_cls: 10
2022-08-03 15:09:51,469 [trainer.py] => increment: 10
2022-08-03 15:09:51,469 [trainer.py] => model_name: ssl_finetune
2022-08-03 15:09:51,469 [trainer.py] => convnet_type: resnet32
2022-08-03 15:09:51,469 [trainer.py] => device: [device(type='cuda', index=0)]
2022-08-03 15:09:51,469 [trainer.py] => seed: 1993
2022-08-03 15:09:52,451 [data_manager.py] => [4, 2, 7, 6, 0, 3, 5, 8, 9, 1]
2022-08-03 15:09:52,490 [trainer.py] => All params: 464154
2022-08-03 15:09:52,490 [trainer.py] => Trainable params: 464154
2022-08-03 15:09:52,490 [ssl_finetune.py] => Learning on 0-10
