2022-08-02 17:32:27,134 [trainer.py] => config: ./exps/ssl-finetune.json
2022-08-02 17:32:27,134 [trainer.py] => lr: 0.03
2022-08-02 17:32:27,134 [trainer.py] => warmup: 0
2022-08-02 17:32:27,134 [trainer.py] => wdecay: 0.0005
2022-08-02 17:32:27,134 [trainer.py] => nesterov: True
2022-08-02 17:32:27,134 [trainer.py] => ema_decay: 0.999
2022-08-02 17:32:27,134 [trainer.py] => prefix: reproduce
2022-08-02 17:32:27,134 [trainer.py] => dataset: cifar10
2022-08-02 17:32:27,134 [trainer.py] => memory_size: 2000
2022-08-02 17:32:27,134 [trainer.py] => memory_per_class: 20
2022-08-02 17:32:27,134 [trainer.py] => fixed_memory: False
2022-08-02 17:32:27,134 [trainer.py] => shuffle: True
2022-08-02 17:32:27,134 [trainer.py] => init_cls: 2
2022-08-02 17:32:27,134 [trainer.py] => increment: 2
2022-08-02 17:32:27,134 [trainer.py] => model_name: ssl_finetune
2022-08-02 17:32:27,134 [trainer.py] => convnet_type: resnet32
2022-08-02 17:32:27,134 [trainer.py] => device: [device(type='cuda', index=0)]
2022-08-02 17:32:27,134 [trainer.py] => seed: 1993
2022-08-02 17:32:28,237 [data_manager.py] => [4, 2, 7, 6, 0, 3, 5, 8, 9, 1]
2022-08-02 17:32:28,273 [trainer.py] => All params: 464154
2022-08-02 17:32:28,273 [trainer.py] => Trainable params: 464154
2022-08-02 17:32:28,273 [ssl_finetune.py] => Learning on 0-2
2022-08-02 17:34:27,825 [trainer.py] => config: ./exps/ssl-finetune.json
2022-08-02 17:34:27,825 [trainer.py] => lr: 0.03
2022-08-02 17:34:27,825 [trainer.py] => warmup: 0
2022-08-02 17:34:27,825 [trainer.py] => wdecay: 0.0005
2022-08-02 17:34:27,825 [trainer.py] => nesterov: True
2022-08-02 17:34:27,825 [trainer.py] => ema_decay: 0.999
2022-08-02 17:34:27,825 [trainer.py] => prefix: reproduce
2022-08-02 17:34:27,825 [trainer.py] => dataset: cifar10
2022-08-02 17:34:27,825 [trainer.py] => memory_size: 2000
2022-08-02 17:34:27,825 [trainer.py] => memory_per_class: 20
2022-08-02 17:34:27,825 [trainer.py] => fixed_memory: False
2022-08-02 17:34:27,825 [trainer.py] => shuffle: True
2022-08-02 17:34:27,825 [trainer.py] => init_cls: 2
2022-08-02 17:34:27,825 [trainer.py] => increment: 2
2022-08-02 17:34:27,825 [trainer.py] => model_name: ssl_finetune
2022-08-02 17:34:27,825 [trainer.py] => convnet_type: resnet32
2022-08-02 17:34:27,825 [trainer.py] => device: [device(type='cuda', index=0)]
2022-08-02 17:34:27,825 [trainer.py] => seed: 1993
2022-08-02 17:34:28,832 [data_manager.py] => [4, 2, 7, 6, 0, 3, 5, 8, 9, 1]
2022-08-02 17:34:28,871 [trainer.py] => All params: 464154
2022-08-02 17:34:28,871 [trainer.py] => Trainable params: 464154
2022-08-02 17:34:28,871 [ssl_finetune.py] => Learning on 0-2
2022-08-02 17:36:11,400 [trainer.py] => config: ./exps/ssl-finetune.json
2022-08-02 17:36:11,400 [trainer.py] => lr: 0.03
2022-08-02 17:36:11,400 [trainer.py] => warmup: 0
2022-08-02 17:36:11,401 [trainer.py] => wdecay: 0.0005
2022-08-02 17:36:11,401 [trainer.py] => nesterov: True
2022-08-02 17:36:11,401 [trainer.py] => ema_decay: 0.999
2022-08-02 17:36:11,401 [trainer.py] => prefix: reproduce
2022-08-02 17:36:11,401 [trainer.py] => dataset: cifar10
2022-08-02 17:36:11,401 [trainer.py] => memory_size: 2000
2022-08-02 17:36:11,401 [trainer.py] => memory_per_class: 20
2022-08-02 17:36:11,401 [trainer.py] => fixed_memory: False
2022-08-02 17:36:11,401 [trainer.py] => shuffle: True
2022-08-02 17:36:11,401 [trainer.py] => init_cls: 2
2022-08-02 17:36:11,401 [trainer.py] => increment: 2
2022-08-02 17:36:11,401 [trainer.py] => model_name: ssl_finetune
2022-08-02 17:36:11,401 [trainer.py] => convnet_type: resnet32
2022-08-02 17:36:11,401 [trainer.py] => device: [device(type='cuda', index=0)]
2022-08-02 17:36:11,401 [trainer.py] => seed: 1993
2022-08-02 17:36:12,394 [data_manager.py] => [4, 2, 7, 6, 0, 3, 5, 8, 9, 1]
2022-08-02 17:36:12,428 [trainer.py] => All params: 464154
2022-08-02 17:36:12,428 [trainer.py] => Trainable params: 464154
2022-08-02 17:36:12,428 [ssl_finetune.py] => Learning on 0-2
2022-08-02 17:38:36,867 [trainer.py] => config: ./exps/ssl-finetune.json
2022-08-02 17:38:36,867 [trainer.py] => lr: 0.03
2022-08-02 17:38:36,867 [trainer.py] => warmup: 0
2022-08-02 17:38:36,867 [trainer.py] => wdecay: 0.0005
2022-08-02 17:38:36,867 [trainer.py] => nesterov: True
2022-08-02 17:38:36,867 [trainer.py] => ema_decay: 0.999
2022-08-02 17:38:36,867 [trainer.py] => prefix: reproduce
2022-08-02 17:38:36,867 [trainer.py] => dataset: cifar10
2022-08-02 17:38:36,867 [trainer.py] => memory_size: 2000
2022-08-02 17:38:36,867 [trainer.py] => memory_per_class: 20
2022-08-02 17:38:36,867 [trainer.py] => fixed_memory: False
2022-08-02 17:38:36,867 [trainer.py] => shuffle: True
2022-08-02 17:38:36,867 [trainer.py] => init_cls: 2
2022-08-02 17:38:36,867 [trainer.py] => increment: 2
2022-08-02 17:38:36,867 [trainer.py] => model_name: ssl_finetune
2022-08-02 17:38:36,867 [trainer.py] => convnet_type: resnet32
2022-08-02 17:38:36,867 [trainer.py] => device: [device(type='cuda', index=0)]
2022-08-02 17:38:36,867 [trainer.py] => seed: 1993
2022-08-02 17:38:37,862 [data_manager.py] => [4, 2, 7, 6, 0, 3, 5, 8, 9, 1]
2022-08-02 17:38:37,901 [trainer.py] => All params: 464154
2022-08-02 17:38:37,901 [trainer.py] => Trainable params: 464154
2022-08-02 17:38:37,902 [ssl_finetune.py] => Learning on 0-2
2022-08-02 17:39:20,602 [ssl_finetune.py] => top-1 acc: 58.10
2022-08-02 17:39:20,603 [ssl_finetune.py] => top-5 acc: 100.00
2022-08-02 17:40:00,877 [ssl_finetune.py] => top-1 acc: 50.00
2022-08-02 17:40:00,877 [ssl_finetune.py] => top-5 acc: 100.00
2022-08-02 17:40:41,192 [ssl_finetune.py] => top-1 acc: 50.00
2022-08-02 17:40:41,192 [ssl_finetune.py] => top-5 acc: 100.00
2022-08-03 14:48:02,687 [trainer.py] => config: ./exps/ssl-finetune.json
2022-08-03 14:48:02,687 [trainer.py] => lr: 0.03
2022-08-03 14:48:02,687 [trainer.py] => warmup: 0
2022-08-03 14:48:02,687 [trainer.py] => wdecay: 0.0005
2022-08-03 14:48:02,687 [trainer.py] => nesterov: True
2022-08-03 14:48:02,687 [trainer.py] => ema_decay: 0.999
2022-08-03 14:48:02,687 [trainer.py] => prefix: reproduce
2022-08-03 14:48:02,687 [trainer.py] => dataset: cifar10
2022-08-03 14:48:02,687 [trainer.py] => memory_size: 2000
2022-08-03 14:48:02,687 [trainer.py] => memory_per_class: 20
2022-08-03 14:48:02,687 [trainer.py] => fixed_memory: False
2022-08-03 14:48:02,687 [trainer.py] => shuffle: True
2022-08-03 14:48:02,687 [trainer.py] => init_cls: 2
2022-08-03 14:48:02,687 [trainer.py] => increment: 2
2022-08-03 14:48:02,687 [trainer.py] => model_name: ssl_finetune
2022-08-03 14:48:02,687 [trainer.py] => convnet_type: resnet32
2022-08-03 14:48:02,687 [trainer.py] => device: [device(type='cuda', index=0)]
2022-08-03 14:48:02,687 [trainer.py] => seed: 1993
2022-08-03 14:48:03,673 [data_manager.py] => [4, 2, 7, 6, 0, 3, 5, 8, 9, 1]
2022-08-03 14:48:03,701 [wideresnet.py] => Model: WideResNet 28x2
2022-08-03 14:48:03,713 [trainer.py] => All params: 1467610
2022-08-03 14:48:03,713 [trainer.py] => Trainable params: 1467610
2022-08-03 15:02:50,007 [trainer.py] => config: ./exps/ssl-finetune.json
2022-08-03 15:02:50,008 [trainer.py] => lr: 0.03
2022-08-03 15:02:50,008 [trainer.py] => warmup: 0
2022-08-03 15:02:50,008 [trainer.py] => wdecay: 0.0005
2022-08-03 15:02:50,008 [trainer.py] => nesterov: True
2022-08-03 15:02:50,008 [trainer.py] => ema_decay: 0.999
2022-08-03 15:02:50,008 [trainer.py] => prefix: reproduce
2022-08-03 15:02:50,008 [trainer.py] => dataset: cifar10
2022-08-03 15:02:50,008 [trainer.py] => memory_size: 2000
2022-08-03 15:02:50,008 [trainer.py] => memory_per_class: 20
2022-08-03 15:02:50,008 [trainer.py] => fixed_memory: False
2022-08-03 15:02:50,008 [trainer.py] => shuffle: True
2022-08-03 15:02:50,008 [trainer.py] => init_cls: 2
2022-08-03 15:02:50,008 [trainer.py] => increment: 2
2022-08-03 15:02:50,008 [trainer.py] => model_name: ssl_finetune
2022-08-03 15:02:50,008 [trainer.py] => convnet_type: resnet32
2022-08-03 15:02:50,008 [trainer.py] => device: [device(type='cuda', index=0)]
2022-08-03 15:02:50,008 [trainer.py] => seed: 1993
2022-08-03 15:02:50,993 [data_manager.py] => [4, 2, 7, 6, 0, 3, 5, 8, 9, 1]
2022-08-03 15:02:51,021 [wideresnet.py] => Model: WideResNet 28x2
2022-08-03 15:02:51,033 [trainer.py] => All params: 1467610
2022-08-03 15:02:51,034 [trainer.py] => Trainable params: 1467610
2022-08-03 15:02:51,034 [ssl_finetune.py] => Learning on 0-2
2022-08-03 15:03:22,331 [trainer.py] => config: ./exps/ssl-finetune.json
2022-08-03 15:03:22,331 [trainer.py] => lr: 0.03
2022-08-03 15:03:22,331 [trainer.py] => warmup: 0
2022-08-03 15:03:22,331 [trainer.py] => wdecay: 0.0005
2022-08-03 15:03:22,331 [trainer.py] => nesterov: True
2022-08-03 15:03:22,331 [trainer.py] => ema_decay: 0.999
2022-08-03 15:03:22,331 [trainer.py] => prefix: reproduce
2022-08-03 15:03:22,331 [trainer.py] => dataset: cifar10
2022-08-03 15:03:22,332 [trainer.py] => memory_size: 2000
2022-08-03 15:03:22,332 [trainer.py] => memory_per_class: 20
2022-08-03 15:03:22,332 [trainer.py] => fixed_memory: False
2022-08-03 15:03:22,332 [trainer.py] => shuffle: True
2022-08-03 15:03:22,332 [trainer.py] => init_cls: 2
2022-08-03 15:03:22,332 [trainer.py] => increment: 2
2022-08-03 15:03:22,332 [trainer.py] => model_name: ssl_finetune
2022-08-03 15:03:22,332 [trainer.py] => convnet_type: resnet32
2022-08-03 15:03:22,332 [trainer.py] => device: [device(type='cuda', index=0)]
2022-08-03 15:03:22,332 [trainer.py] => seed: 1993
2022-08-03 15:03:23,316 [data_manager.py] => [4, 2, 7, 6, 0, 3, 5, 8, 9, 1]
2022-08-03 15:03:23,348 [wideresnet.py] => Model: WideResNet 28x2
2022-08-03 15:03:23,361 [trainer.py] => All params: 1467610
2022-08-03 15:03:23,361 [trainer.py] => Trainable params: 1467610
2022-08-03 15:03:23,361 [ssl_finetune.py] => Learning on 0-2
2022-08-03 15:04:08,491 [trainer.py] => config: ./exps/ssl-finetune.json
2022-08-03 15:04:08,491 [trainer.py] => lr: 0.03
2022-08-03 15:04:08,491 [trainer.py] => warmup: 0
2022-08-03 15:04:08,491 [trainer.py] => wdecay: 0.0005
2022-08-03 15:04:08,491 [trainer.py] => nesterov: True
2022-08-03 15:04:08,491 [trainer.py] => ema_decay: 0.999
2022-08-03 15:04:08,491 [trainer.py] => prefix: reproduce
2022-08-03 15:04:08,491 [trainer.py] => dataset: cifar10
2022-08-03 15:04:08,491 [trainer.py] => memory_size: 2000
2022-08-03 15:04:08,491 [trainer.py] => memory_per_class: 20
2022-08-03 15:04:08,491 [trainer.py] => fixed_memory: False
2022-08-03 15:04:08,491 [trainer.py] => shuffle: True
2022-08-03 15:04:08,491 [trainer.py] => init_cls: 2
2022-08-03 15:04:08,491 [trainer.py] => increment: 2
2022-08-03 15:04:08,491 [trainer.py] => model_name: ssl_finetune
2022-08-03 15:04:08,491 [trainer.py] => convnet_type: resnet32
2022-08-03 15:04:08,491 [trainer.py] => device: [device(type='cuda', index=0)]
2022-08-03 15:04:08,491 [trainer.py] => seed: 1993
2022-08-03 15:04:09,475 [data_manager.py] => [4, 2, 7, 6, 0, 3, 5, 8, 9, 1]
2022-08-03 15:04:09,502 [wideresnet.py] => Model: WideResNet 28x2
2022-08-03 15:04:09,515 [trainer.py] => All params: 1467610
2022-08-03 15:04:09,515 [trainer.py] => Trainable params: 1467610
2022-08-03 15:04:09,515 [ssl_finetune.py] => Learning on 0-2
2022-08-03 15:04:52,024 [trainer.py] => config: ./exps/ssl-finetune.json
2022-08-03 15:04:52,024 [trainer.py] => lr: 0.03
2022-08-03 15:04:52,024 [trainer.py] => warmup: 0
2022-08-03 15:04:52,024 [trainer.py] => wdecay: 0.0005
2022-08-03 15:04:52,024 [trainer.py] => nesterov: True
2022-08-03 15:04:52,024 [trainer.py] => ema_decay: 0.999
2022-08-03 15:04:52,024 [trainer.py] => prefix: reproduce
2022-08-03 15:04:52,024 [trainer.py] => dataset: cifar10
2022-08-03 15:04:52,024 [trainer.py] => memory_size: 2000
2022-08-03 15:04:52,024 [trainer.py] => memory_per_class: 20
2022-08-03 15:04:52,024 [trainer.py] => fixed_memory: False
2022-08-03 15:04:52,024 [trainer.py] => shuffle: True
2022-08-03 15:04:52,024 [trainer.py] => init_cls: 2
2022-08-03 15:04:52,024 [trainer.py] => increment: 2
2022-08-03 15:04:52,024 [trainer.py] => model_name: ssl_finetune
2022-08-03 15:04:52,024 [trainer.py] => convnet_type: resnet32
2022-08-03 15:04:52,024 [trainer.py] => device: [device(type='cuda', index=0)]
2022-08-03 15:04:52,024 [trainer.py] => seed: 1993
2022-08-03 15:04:53,029 [data_manager.py] => [4, 2, 7, 6, 0, 3, 5, 8, 9, 1]
2022-08-03 15:04:53,056 [wideresnet.py] => Model: WideResNet 28x2
2022-08-03 15:04:53,069 [trainer.py] => All params: 1467610
2022-08-03 15:04:53,069 [trainer.py] => Trainable params: 1467610
2022-08-03 15:04:53,069 [ssl_finetune.py] => Learning on 0-2
2022-08-03 15:05:56,996 [trainer.py] => config: ./exps/ssl-finetune.json
2022-08-03 15:05:56,996 [trainer.py] => lr: 0.03
2022-08-03 15:05:56,996 [trainer.py] => warmup: 0
2022-08-03 15:05:56,996 [trainer.py] => wdecay: 0.0005
2022-08-03 15:05:56,996 [trainer.py] => nesterov: True
2022-08-03 15:05:56,996 [trainer.py] => ema_decay: 0.999
2022-08-03 15:05:56,996 [trainer.py] => prefix: reproduce
2022-08-03 15:05:56,996 [trainer.py] => dataset: cifar10
2022-08-03 15:05:56,996 [trainer.py] => memory_size: 2000
2022-08-03 15:05:56,996 [trainer.py] => memory_per_class: 20
2022-08-03 15:05:56,996 [trainer.py] => fixed_memory: False
2022-08-03 15:05:56,996 [trainer.py] => shuffle: True
2022-08-03 15:05:56,996 [trainer.py] => init_cls: 2
2022-08-03 15:05:56,996 [trainer.py] => increment: 2
2022-08-03 15:05:56,996 [trainer.py] => model_name: ssl_finetune
2022-08-03 15:05:56,996 [trainer.py] => convnet_type: resnet32
2022-08-03 15:05:56,996 [trainer.py] => device: [device(type='cuda', index=0)]
2022-08-03 15:05:56,996 [trainer.py] => seed: 1993
2022-08-03 15:05:58,020 [data_manager.py] => [4, 2, 7, 6, 0, 3, 5, 8, 9, 1]
2022-08-03 15:05:58,054 [trainer.py] => All params: 464154
2022-08-03 15:05:58,054 [trainer.py] => Trainable params: 464154
2022-08-03 15:05:58,054 [ssl_finetune.py] => Learning on 0-2
2022-08-03 15:07:18,031 [trainer.py] => config: ./exps/ssl-finetune.json
2022-08-03 15:07:18,031 [trainer.py] => lr: 0.03
2022-08-03 15:07:18,031 [trainer.py] => warmup: 0
2022-08-03 15:07:18,031 [trainer.py] => wdecay: 0.0005
2022-08-03 15:07:18,031 [trainer.py] => nesterov: True
2022-08-03 15:07:18,031 [trainer.py] => ema_decay: 0.999
2022-08-03 15:07:18,032 [trainer.py] => prefix: reproduce
2022-08-03 15:07:18,032 [trainer.py] => dataset: cifar10
2022-08-03 15:07:18,032 [trainer.py] => memory_size: 2000
2022-08-03 15:07:18,032 [trainer.py] => memory_per_class: 20
2022-08-03 15:07:18,032 [trainer.py] => fixed_memory: False
2022-08-03 15:07:18,032 [trainer.py] => shuffle: True
2022-08-03 15:07:18,032 [trainer.py] => init_cls: 2
2022-08-03 15:07:18,032 [trainer.py] => increment: 2
2022-08-03 15:07:18,032 [trainer.py] => model_name: ssl_finetune
2022-08-03 15:07:18,032 [trainer.py] => convnet_type: resnet32
2022-08-03 15:07:18,032 [trainer.py] => device: [device(type='cuda', index=0)]
2022-08-03 15:07:18,032 [trainer.py] => seed: 1993
2022-08-03 15:07:19,016 [data_manager.py] => [4, 2, 7, 6, 0, 3, 5, 8, 9, 1]
2022-08-03 15:07:19,050 [trainer.py] => All params: 464154
2022-08-03 15:07:19,050 [trainer.py] => Trainable params: 464154
2022-08-03 15:07:19,050 [ssl_finetune.py] => Learning on 0-2
