2022-07-04 09:46:06,687 [trainer.py] => config: ./exps/lwf.json
2022-07-04 09:46:06,687 [trainer.py] => prefix: reproduce
2022-07-04 09:46:06,687 [trainer.py] => dataset: cifar100
2022-07-04 09:46:06,687 [trainer.py] => memory_size: 2000
2022-07-04 09:46:06,687 [trainer.py] => memory_per_class: 20
2022-07-04 09:46:06,687 [trainer.py] => fixed_memory: False
2022-07-04 09:46:06,687 [trainer.py] => shuffle: True
2022-07-04 09:46:06,687 [trainer.py] => init_cls: 10
2022-07-04 09:46:06,687 [trainer.py] => increment: 10
2022-07-04 09:46:06,687 [trainer.py] => model_name: lwf
2022-07-04 09:46:06,687 [trainer.py] => convnet_type: resnet32
2022-07-04 09:46:06,687 [trainer.py] => device: [device(type='cuda', index=0), device(type='cuda', index=1), device(type='cuda', index=2), device(type='cuda', index=3)]
2022-07-04 09:46:06,687 [trainer.py] => seed: 1993
2022-07-04 09:46:07,687 [data_manager.py] => [68, 56, 78, 8, 23, 84, 90, 65, 74, 76, 40, 89, 3, 92, 55, 9, 26, 80, 43, 38, 58, 70, 77, 1, 85, 19, 17, 50, 28, 53, 13, 81, 45, 82, 6, 59, 83, 16, 15, 44, 91, 41, 72, 60, 79, 52, 20, 10, 31, 54, 37, 95, 14, 71, 96, 98, 97, 2, 64, 66, 42, 22, 35, 86, 24, 34, 87, 21, 99, 0, 88, 27, 18, 94, 11, 12, 47, 25, 30, 46, 62, 69, 36, 61, 7, 63, 75, 5, 32, 4, 51, 48, 73, 93, 39, 67, 29, 49, 57, 33]
2022-07-04 09:46:07,874 [trainer.py] => All params: 464154
2022-07-04 09:46:07,874 [trainer.py] => Trainable params: 464154
2022-07-04 09:46:07,874 [lwf.py] => Learning on 0-10
2022-07-04 09:46:30,965 [trainer.py] => config: ./exps/lwf.json
2022-07-04 09:46:30,966 [trainer.py] => prefix: reproduce
2022-07-04 09:46:30,966 [trainer.py] => dataset: cifar100
2022-07-04 09:46:30,966 [trainer.py] => memory_size: 2000
2022-07-04 09:46:30,966 [trainer.py] => memory_per_class: 20
2022-07-04 09:46:30,966 [trainer.py] => fixed_memory: False
2022-07-04 09:46:30,966 [trainer.py] => shuffle: True
2022-07-04 09:46:30,966 [trainer.py] => init_cls: 10
2022-07-04 09:46:30,966 [trainer.py] => increment: 10
2022-07-04 09:46:30,966 [trainer.py] => model_name: lwf
2022-07-04 09:46:30,966 [trainer.py] => convnet_type: resnet32
2022-07-04 09:46:30,966 [trainer.py] => device: [device(type='cuda', index=0)]
2022-07-04 09:46:30,966 [trainer.py] => seed: 1993
2022-07-04 09:46:31,965 [data_manager.py] => [68, 56, 78, 8, 23, 84, 90, 65, 74, 76, 40, 89, 3, 92, 55, 9, 26, 80, 43, 38, 58, 70, 77, 1, 85, 19, 17, 50, 28, 53, 13, 81, 45, 82, 6, 59, 83, 16, 15, 44, 91, 41, 72, 60, 79, 52, 20, 10, 31, 54, 37, 95, 14, 71, 96, 98, 97, 2, 64, 66, 42, 22, 35, 86, 24, 34, 87, 21, 99, 0, 88, 27, 18, 94, 11, 12, 47, 25, 30, 46, 62, 69, 36, 61, 7, 63, 75, 5, 32, 4, 51, 48, 73, 93, 39, 67, 29, 49, 57, 33]
2022-07-04 09:46:32,152 [trainer.py] => All params: 464154
2022-07-04 09:46:32,152 [trainer.py] => Trainable params: 464154
2022-07-04 09:46:32,152 [lwf.py] => Learning on 0-10
2022-07-04 09:51:42,124 [lwf.py] => Task 0, Epoch 200/200 => Loss 0.027, Train_accy 99.72, Test_accy 89.00
2022-07-04 09:51:42,355 [trainer.py] => No NME accuracy.
2022-07-04 09:51:42,356 [trainer.py] => CNN: {'total': 89.0, '00-09': 89.0, 'old': 0, 'new': 89.0}
2022-07-04 09:51:42,356 [trainer.py] => CNN top1 curve: [89.0]
2022-07-04 09:51:42,356 [trainer.py] => CNN top5 curve: [99.5]

2022-07-04 09:51:42,356 [trainer.py] => All params: 464804
2022-07-04 09:51:42,356 [trainer.py] => Trainable params: 464804
2022-07-04 09:51:42,356 [lwf.py] => Learning on 10-20
2022-07-04 09:58:25,912 [lwf.py] => Task 1, Epoch 250/250 => Loss 3.650, Train_accy 94.38
2022-07-04 09:58:26,199 [trainer.py] => No NME accuracy.
2022-07-04 09:58:26,199 [trainer.py] => CNN: {'total': 67.95, '00-09': 64.8, '10-19': 71.1, 'old': 64.8, 'new': 71.1}
2022-07-04 09:58:26,200 [trainer.py] => CNN top1 curve: [89.0, 67.95]
2022-07-04 09:58:26,200 [trainer.py] => CNN top5 curve: [99.5, 94.5]

2022-07-04 09:58:26,200 [trainer.py] => All params: 465454
2022-07-04 09:58:26,200 [trainer.py] => Trainable params: 465454
2022-07-04 09:58:26,200 [lwf.py] => Learning on 20-30
2022-07-04 10:05:11,288 [lwf.py] => Task 2, Epoch 250/250 => Loss 4.498, Train_accy 88.90
2022-07-04 10:05:11,628 [trainer.py] => No NME accuracy.
2022-07-04 10:05:11,628 [trainer.py] => CNN: {'total': 56.0, '00-09': 43.6, '10-19': 48.5, '20-29': 75.9, 'old': 46.05, 'new': 75.9}
2022-07-04 10:05:11,628 [trainer.py] => CNN top1 curve: [89.0, 67.95, 56.0]
2022-07-04 10:05:11,628 [trainer.py] => CNN top5 curve: [99.5, 94.5, 91.23]

2022-07-04 10:05:11,628 [trainer.py] => All params: 466104
2022-07-04 10:05:11,629 [trainer.py] => Trainable params: 466104
2022-07-04 10:05:11,629 [lwf.py] => Learning on 30-40
2022-07-04 10:11:53,849 [lwf.py] => Task 3, Epoch 250/250 => Loss 5.845, Train_accy 91.76
2022-07-04 10:11:54,225 [trainer.py] => No NME accuracy.
2022-07-04 10:11:54,225 [trainer.py] => CNN: {'total': 42.75, '00-09': 19.3, '10-19': 27.3, '20-29': 51.0, '30-39': 73.4, 'old': 32.53, 'new': 73.4}
2022-07-04 10:11:54,225 [trainer.py] => CNN top1 curve: [89.0, 67.95, 56.0, 42.75]
2022-07-04 10:11:54,225 [trainer.py] => CNN top5 curve: [99.5, 94.5, 91.23, 85.52]

2022-07-04 10:11:54,225 [trainer.py] => All params: 466754
2022-07-04 10:11:54,225 [trainer.py] => Trainable params: 466754
2022-07-04 10:11:54,226 [lwf.py] => Learning on 40-50
2022-07-04 10:18:38,532 [lwf.py] => Task 4, Epoch 250/250 => Loss 6.226, Train_accy 85.08
2022-07-04 10:18:38,979 [trainer.py] => No NME accuracy.
2022-07-04 10:18:38,979 [trainer.py] => CNN: {'total': 39.62, '00-09': 11.7, '10-19': 16.3, '20-29': 35.3, '30-39': 59.6, '40-49': 75.2, 'old': 30.72, 'new': 75.2}
2022-07-04 10:18:38,979 [trainer.py] => CNN top1 curve: [89.0, 67.95, 56.0, 42.75, 39.62]
2022-07-04 10:18:38,979 [trainer.py] => CNN top5 curve: [99.5, 94.5, 91.23, 85.52, 80.72]

2022-07-04 10:18:38,979 [trainer.py] => All params: 467404
2022-07-04 10:18:38,980 [trainer.py] => Trainable params: 467404
2022-07-04 10:18:38,980 [lwf.py] => Learning on 50-60
2022-07-04 10:25:25,534 [lwf.py] => Task 5, Epoch 250/250 => Loss 7.296, Train_accy 91.54
2022-07-04 10:25:26,035 [trainer.py] => No NME accuracy.
2022-07-04 10:25:26,035 [trainer.py] => CNN: {'total': 30.32, '00-09': 2.7, '10-19': 8.2, '20-29': 18.3, '30-39': 27.0, '40-49': 51.9, '50-59': 73.8, 'old': 21.62, 'new': 73.8}
2022-07-04 10:25:26,035 [trainer.py] => CNN top1 curve: [89.0, 67.95, 56.0, 42.75, 39.62, 30.32]
2022-07-04 10:25:26,035 [trainer.py] => CNN top5 curve: [99.5, 94.5, 91.23, 85.52, 80.72, 73.38]

2022-07-04 10:25:26,035 [trainer.py] => All params: 468054
2022-07-04 10:25:26,035 [trainer.py] => Trainable params: 468054
2022-07-04 10:25:26,036 [lwf.py] => Learning on 60-70
2022-07-04 10:32:19,596 [lwf.py] => Task 6, Epoch 250/250 => Loss 7.311, Train_accy 83.36
2022-07-04 10:32:20,153 [trainer.py] => No NME accuracy.
2022-07-04 10:32:20,153 [trainer.py] => CNN: {'total': 30.84, '00-09': 1.2, '10-19': 4.6, '20-29': 14.6, '30-39': 19.1, '40-49': 42.0, '50-59': 61.5, '60-69': 72.9, 'old': 23.83, 'new': 72.9}
2022-07-04 10:32:20,153 [trainer.py] => CNN top1 curve: [89.0, 67.95, 56.0, 42.75, 39.62, 30.32, 30.84]
2022-07-04 10:32:20,153 [trainer.py] => CNN top5 curve: [99.5, 94.5, 91.23, 85.52, 80.72, 73.38, 67.7]

2022-07-04 10:32:20,153 [trainer.py] => All params: 468704
2022-07-04 10:32:20,153 [trainer.py] => Trainable params: 468704
2022-07-04 10:32:20,154 [lwf.py] => Learning on 70-80
2022-07-04 10:39:16,259 [lwf.py] => Task 7, Epoch 250/250 => Loss 7.343, Train_accy 89.54
2022-07-04 10:39:16,845 [trainer.py] => No NME accuracy.
2022-07-04 10:39:16,845 [trainer.py] => CNN: {'total': 26.86, '00-09': 0.2, '10-19': 3.1, '20-29': 8.6, '30-39': 10.2, '40-49': 29.1, '50-59': 37.0, '60-69': 52.9, '70-79': 73.8, 'old': 20.16, 'new': 73.8}
2022-07-04 10:39:16,845 [trainer.py] => CNN top1 curve: [89.0, 67.95, 56.0, 42.75, 39.62, 30.32, 30.84, 26.86]
2022-07-04 10:39:16,845 [trainer.py] => CNN top5 curve: [99.5, 94.5, 91.23, 85.52, 80.72, 73.38, 67.7, 61.52]

2022-07-04 10:39:16,845 [trainer.py] => All params: 469354
2022-07-04 10:39:16,845 [trainer.py] => Trainable params: 469354
2022-07-04 10:39:16,846 [lwf.py] => Learning on 80-90
2022-07-04 10:46:17,924 [lwf.py] => Task 8, Epoch 250/250 => Loss 8.008, Train_accy 83.52
2022-07-04 10:46:18,570 [trainer.py] => No NME accuracy.
2022-07-04 10:46:18,570 [trainer.py] => CNN: {'total': 25.5, '00-09': 0.0, '10-19': 0.7, '20-29': 5.4, '30-39': 7.2, '40-49': 17.1, '50-59': 33.5, '60-69': 32.8, '70-79': 61.7, '80-89': 71.1, 'old': 19.8, 'new': 71.1}
2022-07-04 10:46:18,570 [trainer.py] => CNN top1 curve: [89.0, 67.95, 56.0, 42.75, 39.62, 30.32, 30.84, 26.86, 25.5]
2022-07-04 10:46:18,570 [trainer.py] => CNN top5 curve: [99.5, 94.5, 91.23, 85.52, 80.72, 73.38, 67.7, 61.52, 57.11]

2022-07-04 10:46:18,570 [trainer.py] => All params: 470004
2022-07-04 10:46:18,571 [trainer.py] => Trainable params: 470004
2022-07-04 10:46:18,571 [lwf.py] => Learning on 90-100
2022-07-04 10:53:25,385 [lwf.py] => Task 9, Epoch 250/250 => Loss 8.693, Train_accy 84.42
2022-07-04 10:53:26,100 [trainer.py] => No NME accuracy.
2022-07-04 10:53:26,100 [trainer.py] => CNN: {'total': 23.38, '00-09': 0.0, '10-19': 0.3, '20-29': 2.4, '30-39': 3.5, '40-49': 8.5, '50-59': 23.7, '60-69': 22.0, '70-79': 50.6, '80-89': 56.1, '90-99': 66.7, 'old': 18.57, 'new': 66.7}
2022-07-04 10:53:26,100 [trainer.py] => CNN top1 curve: [89.0, 67.95, 56.0, 42.75, 39.62, 30.32, 30.84, 26.86, 25.5, 23.38]
2022-07-04 10:53:26,100 [trainer.py] => CNN top5 curve: [99.5, 94.5, 91.23, 85.52, 80.72, 73.38, 67.7, 61.52, 57.11, 52.18]

2022-07-20 09:56:22,045 [trainer.py] => config: ./exps/lwf.json
2022-07-20 09:56:22,045 [trainer.py] => prefix: reproduce
2022-07-20 09:56:22,045 [trainer.py] => dataset: cifar100
2022-07-20 09:56:22,045 [trainer.py] => memory_size: 2000
2022-07-20 09:56:22,045 [trainer.py] => memory_per_class: 20
2022-07-20 09:56:22,045 [trainer.py] => fixed_memory: False
2022-07-20 09:56:22,045 [trainer.py] => shuffle: True
2022-07-20 09:56:22,045 [trainer.py] => init_cls: 10
2022-07-20 09:56:22,045 [trainer.py] => increment: 10
2022-07-20 09:56:22,045 [trainer.py] => model_name: lwf
2022-07-20 09:56:22,045 [trainer.py] => convnet_type: resnet32
2022-07-20 09:56:22,045 [trainer.py] => device: [device(type='cuda', index=0)]
2022-07-20 09:56:22,045 [trainer.py] => seed: 1993
2022-07-20 09:56:23,038 [data_manager.py] => [68, 56, 78, 8, 23, 84, 90, 65, 74, 76, 40, 89, 3, 92, 55, 9, 26, 80, 43, 38, 58, 70, 77, 1, 85, 19, 17, 50, 28, 53, 13, 81, 45, 82, 6, 59, 83, 16, 15, 44, 91, 41, 72, 60, 79, 52, 20, 10, 31, 54, 37, 95, 14, 71, 96, 98, 97, 2, 64, 66, 42, 22, 35, 86, 24, 34, 87, 21, 99, 0, 88, 27, 18, 94, 11, 12, 47, 25, 30, 46, 62, 69, 36, 61, 7, 63, 75, 5, 32, 4, 51, 48, 73, 93, 39, 67, 29, 49, 57, 33]
2022-07-20 09:56:23,226 [trainer.py] => All params: 464154
2022-07-20 09:56:23,226 [trainer.py] => Trainable params: 464154
2022-07-20 09:56:23,226 [lwf.py] => Learning on 0-10
2022-07-20 10:01:33,380 [lwf.py] => Task 0, Epoch 200/200 => Loss 0.027, Train_accy 99.72, Test_accy 89.00
2022-07-20 10:01:33,599 [trainer.py] => No NME accuracy.
2022-07-20 10:01:33,599 [trainer.py] => CNN: {'total': 89.0, '00-09': 89.0, 'old': 0, 'new': 89.0}
2022-07-20 10:01:33,599 [trainer.py] => CNN top1 curve: [89.0]
2022-07-20 10:01:33,599 [trainer.py] => CNN top5 curve: [99.5]

2022-07-20 10:01:33,599 [trainer.py] => All params: 464804
2022-07-20 10:01:33,599 [trainer.py] => Trainable params: 464804
2022-07-20 10:01:33,600 [lwf.py] => Learning on 10-20
